[roslaunch][INFO] 2020-08-31 18:31:09,851: Checking log directory for disk usage. This may take a while.
Press Ctrl-C to interrupt
[roslaunch][INFO] 2020-08-31 18:31:09,866: Done checking log file disk usage. Usage is <1GB.
[roslaunch][INFO] 2020-08-31 18:31:09,868: roslaunch starting with args ['/opt/ros/melodic/bin/roslaunch', 'slam_planner', 'slam_planner_online.launch']
[roslaunch][INFO] 2020-08-31 18:31:09,868: roslaunch env is {'LC_NUMERIC': 'zh_CN.UTF-8', 'ROS_DISTRO': 'melodic', 'QT4_IM_MODULE': 'xim', 'WINDOWPATH': '1', 'XDG_CURRENT_DESKTOP': 'Unity:Unity7:ubuntu', 'XDG_SESSION_TYPE': 'x11', 'ROSLISP_PACKAGE_DIRECTORIES': '/home/unitree/catkin_ws/devel/share/common-lisp', 'QT_IM_MODULE': 'ibus', 'LOGNAME': 'unitree', 'USER': 'unitree', 'PATH': '/opt/ros/melodic/bin:/usr/local/sbin:/usr/local/bin:/usr/sbin:/usr/bin:/sbin:/bin:/usr/games:/usr/local/games:/snap/bin', 'LC_PAPER': 'zh_CN.UTF-8', 'HOME': '/home/unitree', 'CMAKE_PREFIX_PATH': '/home/unitree/catkin_ws/devel:/opt/ros/melodic', 'DISPLAY': ':0', 'XDG_RUNTIME_DIR': '/run/user/1000', 'LANG': 'en_US.UTF-8', 'MANAGERPID': '6949', 'SHELL': '/bin/bash', 'ROS_LOG_FILENAME': '/home/unitree/.ros/log/15bc92b2-eb75-11ea-bc8f-48b02d078a8f/roslaunch-nx-8225.log', 'XAUTHORITY': '/run/user/1000/gdm/Xauthority', 'JOURNAL_STREAM': '8:41455', 'SESSION_MANAGER': 'local/nx:@/tmp/.ICE-unix/7247,unix/nx:/tmp/.ICE-unix/7247', 'LC_MEASUREMENT': 'zh_CN.UTF-8', 'QT_ACCESSIBILITY': '1', 'LD_LIBRARY_PATH': '/home/unitree/catkin_ws/devel/lib:/opt/ros/melodic/lib', 'GTK_CSD': '0', 'GNOME_DESKTOP_SESSION_ID': 'this-is-deprecated', 'CLUTTER_IM_MODULE': 'xim', 'TEXTDOMAIN': 'im-config', 'DESKTOP_AUTOSTART_ID': '10d7f7adb5f0963ac51598869819775900000072470002', 'XMODIFIERS': '@im=ibus', 'ROS_MASTER_URI': 'http://localhost:11311', 'GPG_AGENT_INFO': '/run/user/1000/gnupg/S.gpg-agent:0:1', 'ROS_PYTHON_VERSION': '2', 'INVOCATION_ID': '8a05def364de4c5a9594cd8d51d06043', 'USERNAME': 'unitree', 'XDG_SESSION_DESKTOP': 'unity', 'SHLVL': '2', 'ROS_VERSION': '1', 'SUDO_ASKPASS': '/home/unitree/RobotSLAMSystem/slam_planner/PASSWD', 'GTK_IM_MODULE': 'ibus', 'LC_ADDRESS': 'zh_CN.UTF-8', 'PYTHONPATH': '/home/unitree/catkin_ws/devel/lib/python2.7/dist-packages:/opt/ros/melodic/lib/python2.7/dist-packages', 'SSH_AUTH_SOCK': '/run/user/1000/keyring/ssh', 'TERM': 'xterm-256color', 'ROS_ROOT': '/opt/ros/melodic/share/ros', 'GDMSESSION': 'unity', 'IM_CONFIG_PHASE': '2', 'LC_TIME': 'zh_CN.UTF-8', 'TEXTDOMAINDIR': '/usr/share/locale/', 'XDG_DATA_DIRS': '/usr/share/unity:/usr/local/share/:/usr/share/:/var/lib/snapd/desktop', 'PKG_CONFIG_PATH': '/home/unitree/catkin_ws/devel/lib/pkgconfig:/opt/ros/melodic/lib/pkgconfig', 'ROS_PACKAGE_PATH': '/home/unitree/catkin_ws/src:/opt/ros/melodic/share', 'DBUS_SESSION_BUS_ADDRESS': 'unix:path=/run/user/1000/bus', '_': '/opt/ros/melodic/bin/roslaunch', 'GNOME_TERMINAL_SERVICE': ':1.82', 'LD_PRELOAD': 'libgtk3-nocsd.so.0', 'LC_IDENTIFICATION': 'zh_CN.UTF-8', 'DESKTOP_SESSION': 'unity', 'XDG_CONFIG_DIRS': '/etc/xdg/xdg-unity:/etc/xdg', 'GTK_MODULES': 'gail:atk-bridge:unity-gtk-module', 'VTE_VERSION': '5202', 'LC_TELEPHONE': 'zh_CN.UTF-8', 'LC_MONETARY': 'zh_CN.UTF-8', 'PWD': '/home/unitree', 'ROS_ETC_DIR': '/opt/ros/melodic/etc/ros', 'SSH_AGENT_LAUNCHER': 'gnome-keyring', 'COLORTERM': 'truecolor', 'LC_NAME': 'zh_CN.UTF-8', 'XDG_MENU_PREFIX': 'gnome-', 'GNOME_SESSION_XDG_SESSION_PATH': '', 'GNOME_TERMINAL_SCREEN': '/org/gnome/Terminal/screen/051fe319_4d66_4de9_84ac_1a66e3691017'}
[roslaunch][INFO] 2020-08-31 18:31:09,869: starting in server mode
[roslaunch.parent][INFO] 2020-08-31 18:31:09,870: starting roslaunch parent run
[roslaunch][INFO] 2020-08-31 18:31:09,871: loading roscore config file /opt/ros/melodic/etc/ros/roscore.xml
[roslaunch][INFO] 2020-08-31 18:31:11,837: Added core node of type [rosout/rosout] in namespace [/]
[roslaunch.config][INFO] 2020-08-31 18:31:11,838: loading config file /home/unitree/catkin_ws/src/slamrplidar/slam_planner/launch/slam_planner_online.launch
[roslaunch][INFO] 2020-08-31 18:31:11,973: Added node of type [slamware_ros_sdk/slamware_ros_sdk_server_node] in namespace [/]
[roslaunch][INFO] 2020-08-31 18:31:11,974: Added node of type [tf/static_transform_publisher] in namespace [/]
[roslaunch][INFO] 2020-08-31 18:31:11,975: Added node of type [tf/static_transform_publisher] in namespace [/]
[roslaunch][INFO] 2020-08-31 18:31:11,976: Added node of type [tf/static_transform_publisher] in namespace [/]
[roslaunch][INFO] 2020-08-31 18:31:12,058: Added node of type [slam_planner/slam_planner_node] in namespace [/]
[roslaunch][INFO] 2020-08-31 18:31:12,059: Added node of type [slam_planner/base_controller_node] in namespace [/]
[roslaunch][INFO] 2020-08-31 18:31:12,059: ... selected machine [] for node of type [slamware_ros_sdk/slamware_ros_sdk_server_node]
[roslaunch][INFO] 2020-08-31 18:31:12,060: ... selected machine [] for node of type [tf/static_transform_publisher]
[roslaunch][INFO] 2020-08-31 18:31:12,060: ... selected machine [] for node of type [tf/static_transform_publisher]
[roslaunch][INFO] 2020-08-31 18:31:12,060: ... selected machine [] for node of type [tf/static_transform_publisher]
[roslaunch][INFO] 2020-08-31 18:31:12,061: ... selected machine [] for node of type [slam_planner/slam_planner_node]
[roslaunch][INFO] 2020-08-31 18:31:12,061: ... selected machine [] for node of type [slam_planner/base_controller_node]
[roslaunch.pmon][INFO] 2020-08-31 18:31:12,067: start_process_monitor: creating ProcessMonitor
[roslaunch.pmon][INFO] 2020-08-31 18:31:12,068: created process monitor <ProcessMonitor(ProcessMonitor-1, initial daemon)>
[roslaunch.pmon][INFO] 2020-08-31 18:31:12,069: start_process_monitor: ProcessMonitor started
[roslaunch.parent][INFO] 2020-08-31 18:31:12,069: starting parent XML-RPC server
[roslaunch.server][INFO] 2020-08-31 18:31:12,070: starting roslaunch XML-RPC server
[roslaunch.server][INFO] 2020-08-31 18:31:12,070: waiting for roslaunch XML-RPC server to initialize
[xmlrpc][INFO] 2020-08-31 18:31:12,071: XML-RPC server binding to 0.0.0.0:0
[xmlrpc][INFO] 2020-08-31 18:31:12,072: Started XML-RPC server [http://nx:33497/]
[xmlrpc][INFO] 2020-08-31 18:31:12,073: xml rpc node: starting XML-RPC server
[roslaunch][INFO] 2020-08-31 18:31:12,089: started roslaunch server http://nx:33497/
[roslaunch.parent][INFO] 2020-08-31 18:31:12,090: ... parent XML-RPC server started
[roslaunch][INFO] 2020-08-31 18:31:12,093: master.is_running[http://localhost:11311]
[roslaunch][INFO] 2020-08-31 18:31:12,095: auto-starting new master
[roslaunch][INFO] 2020-08-31 18:31:12,095: create_master_process: rosmaster, /opt/ros/melodic/share/ros, 11311, 3, None, False
[roslaunch][INFO] 2020-08-31 18:31:12,096: process[master]: launching with args [['rosmaster', '--core', '-p', '11311', '-w', '3']]
[roslaunch.pmon][INFO] 2020-08-31 18:31:12,096: ProcessMonitor.register[master]
[roslaunch.pmon][INFO] 2020-08-31 18:31:12,096: ProcessMonitor.register[master] complete
[roslaunch][INFO] 2020-08-31 18:31:12,096: process[master]: starting os process
[roslaunch][INFO] 2020-08-31 18:31:12,097: process[master]: start w/ args [['rosmaster', '--core', '-p', '11311', '-w', '3', '__log:=/home/unitree/.ros/log/15bc92b2-eb75-11ea-bc8f-48b02d078a8f/master.log']]
[roslaunch][INFO] 2020-08-31 18:31:12,097: process[master]: cwd will be [/home/unitree/.ros]
[roslaunch][INFO] 2020-08-31 18:31:12,111: process[master]: started with pid [8261]
[roslaunch][INFO] 2020-08-31 18:31:12,112: master.is_running[http://localhost:11311]
[roslaunch][INFO] 2020-08-31 18:31:12,214: master.is_running[http://localhost:11311]
[roslaunch][INFO] 2020-08-31 18:31:12,316: master.is_running[http://localhost:11311]
[roslaunch][INFO] 2020-08-31 18:31:12,418: master.is_running[http://localhost:11311]
[roslaunch][INFO] 2020-08-31 18:31:12,520: master.is_running[http://localhost:11311]
[roslaunch][INFO] 2020-08-31 18:31:12,622: master.is_running[http://localhost:11311]
[roslaunch][INFO] 2020-08-31 18:31:12,724: master.is_running[http://localhost:11311]
[roslaunch][INFO] 2020-08-31 18:31:12,826: master.is_running[http://localhost:11311]
[roslaunch][INFO] 2020-08-31 18:31:12,832: master.is_running[http://localhost:11311]
[roslaunch][INFO] 2020-08-31 18:31:12,837: ROS_MASTER_URI=http://localhost:11311
[roslaunch][INFO] 2020-08-31 18:31:12,841: setting /run_id to 15bc92b2-eb75-11ea-bc8f-48b02d078a8f
[roslaunch][INFO] 2020-08-31 18:31:12,845: setting /roslaunch/uris/host_nx__33497' to http://nx:33497/
[roslaunch][INFO] 2020-08-31 18:31:12,853: ... preparing to launch node of type [rosout/rosout]
[roslaunch][INFO] 2020-08-31 18:31:12,854: create_node_process: package[rosout] type[rosout] machine[Machine(name[] env_loader[None] address[localhost] ssh_port[22] user[None] assignable[True] timeout[10.0])] master_uri[http://localhost:11311]
[roslaunch][INFO] 2020-08-31 18:31:12,855: process[rosout-1]: env[{'LC_NUMERIC': 'zh_CN.UTF-8', 'ROS_DISTRO': 'melodic', 'GNOME_SESSION_XDG_SESSION_PATH': '', 'QT4_IM_MODULE': 'xim', 'COLORTERM': 'truecolor', 'XDG_CURRENT_DESKTOP': 'Unity:Unity7:ubuntu', 'XDG_SESSION_TYPE': 'x11', 'ROSLISP_PACKAGE_DIRECTORIES': '/home/unitree/catkin_ws/devel/share/common-lisp', 'QT_IM_MODULE': 'ibus', 'LOGNAME': 'unitree', 'USER': 'unitree', 'PATH': '/opt/ros/melodic/bin:/usr/local/sbin:/usr/local/bin:/usr/sbin:/usr/bin:/sbin:/bin:/usr/games:/usr/local/games:/snap/bin', 'LC_PAPER': 'zh_CN.UTF-8', 'HOME': '/home/unitree', 'CMAKE_PREFIX_PATH': '/home/unitree/catkin_ws/devel:/opt/ros/melodic', 'ROS_LOG_FILENAME': '/home/unitree/.ros/log/15bc92b2-eb75-11ea-bc8f-48b02d078a8f/roslaunch-nx-8225.log', 'LANG': 'en_US.UTF-8', 'MANAGERPID': '6949', 'SHELL': '/bin/bash', 'XAUTHORITY': '/run/user/1000/gdm/Xauthority', 'JOURNAL_STREAM': '8:41455', 'SESSION_MANAGER': 'local/nx:@/tmp/.ICE-unix/7247,unix/nx:/tmp/.ICE-unix/7247', 'LC_MEASUREMENT': 'zh_CN.UTF-8', 'CLUTTER_IM_MODULE': 'xim', 'DISPLAY': ':0', 'GTK_CSD': '0', 'GNOME_DESKTOP_SESSION_ID': 'this-is-deprecated', 'QT_ACCESSIBILITY': '1', 'WINDOWPATH': '1', 'DESKTOP_AUTOSTART_ID': '10d7f7adb5f0963ac51598869819775900000072470002', 'XMODIFIERS': '@im=ibus', 'ROS_ETC_DIR': '/opt/ros/melodic/etc/ros', 'GPG_AGENT_INFO': '/run/user/1000/gnupg/S.gpg-agent:0:1', 'ROS_PYTHON_VERSION': '2', 'INVOCATION_ID': '8a05def364de4c5a9594cd8d51d06043', 'USERNAME': 'unitree', 'XDG_SESSION_DESKTOP': 'unity', 'XDG_RUNTIME_DIR': '/run/user/1000', 'SUDO_ASKPASS': '/home/unitree/RobotSLAMSystem/slam_planner/PASSWD', 'LC_IDENTIFICATION': 'zh_CN.UTF-8', 'LC_ADDRESS': 'zh_CN.UTF-8', 'PYTHONPATH': '/home/unitree/catkin_ws/devel/lib/python2.7/dist-packages:/opt/ros/melodic/lib/python2.7/dist-packages', 'SSH_AUTH_SOCK': '/run/user/1000/keyring/ssh', 'TERM': 'xterm-256color', 'ROS_ROOT': '/opt/ros/melodic/share/ros', 'GDMSESSION': 'unity', 'IM_CONFIG_PHASE': '2', 'TEXTDOMAINDIR': '/usr/share/locale/', 'DESKTOP_SESSION': 'unity', 'XDG_DATA_DIRS': '/usr/share/unity:/usr/local/share/:/usr/share/:/var/lib/snapd/desktop', 'PKG_CONFIG_PATH': '/home/unitree/catkin_ws/devel/lib/pkgconfig:/opt/ros/melodic/lib/pkgconfig', 'ROS_PACKAGE_PATH': '/home/unitree/catkin_ws/src:/opt/ros/melodic/share', 'DBUS_SESSION_BUS_ADDRESS': 'unix:path=/run/user/1000/bus', '_': '/opt/ros/melodic/bin/roslaunch', 'GTK_MODULES': 'gail:atk-bridge:unity-gtk-module', 'LD_PRELOAD': 'libgtk3-nocsd.so.0', 'GTK_IM_MODULE': 'ibus', 'LD_LIBRARY_PATH': '/home/unitree/catkin_ws/devel/lib:/opt/ros/melodic/lib', 'XDG_CONFIG_DIRS': '/etc/xdg/xdg-unity:/etc/xdg', 'GNOME_TERMINAL_SERVICE': ':1.82', 'VTE_VERSION': '5202', 'LC_TELEPHONE': 'zh_CN.UTF-8', 'LC_MONETARY': 'zh_CN.UTF-8', 'SHLVL': '2', 'PWD': '/home/unitree', 'ROS_MASTER_URI': 'http://localhost:11311', 'SSH_AGENT_LAUNCHER': 'gnome-keyring', 'ROS_VERSION': '1', 'TEXTDOMAIN': 'im-config', 'LC_NAME': 'zh_CN.UTF-8', 'XDG_MENU_PREFIX': 'gnome-', 'LC_TIME': 'zh_CN.UTF-8', 'GNOME_TERMINAL_SCREEN': '/org/gnome/Terminal/screen/051fe319_4d66_4de9_84ac_1a66e3691017'}]
[roslaunch][INFO] 2020-08-31 18:31:12,970: process[rosout-1]: args[[u'/opt/ros/melodic/lib/rosout/rosout', u'__name:=rosout']]
[roslaunch][INFO] 2020-08-31 18:31:12,971: ... created process [rosout-1]
[roslaunch.pmon][INFO] 2020-08-31 18:31:12,971: ProcessMonitor.register[rosout-1]
[roslaunch.pmon][INFO] 2020-08-31 18:31:12,972: ProcessMonitor.register[rosout-1] complete
[roslaunch][INFO] 2020-08-31 18:31:12,972: ... registered process [rosout-1]
[roslaunch][INFO] 2020-08-31 18:31:12,972: process[rosout-1]: starting os process
[roslaunch][INFO] 2020-08-31 18:31:12,973: process[rosout-1]: start w/ args [[u'/opt/ros/melodic/lib/rosout/rosout', u'__name:=rosout', u'__log:=/home/unitree/.ros/log/15bc92b2-eb75-11ea-bc8f-48b02d078a8f/rosout-1.log']]
[roslaunch][INFO] 2020-08-31 18:31:12,974: process[rosout-1]: cwd will be [/home/unitree/.ros]
[roslaunch][INFO] 2020-08-31 18:31:12,987: process[rosout-1]: started with pid [8273]
[roslaunch][INFO] 2020-08-31 18:31:12,988: ... successfully launched [rosout-1]
[roslaunch][INFO] 2020-08-31 18:31:12,989: load_parameters starting ...
[roslaunch][INFO] 2020-08-31 18:31:13,096: ... load_parameters complete
[roslaunch][INFO] 2020-08-31 18:31:13,097: launch_nodes: launching local nodes ...
[roslaunch][INFO] 2020-08-31 18:31:13,098: ... preparing to launch node of type [slamware_ros_sdk/slamware_ros_sdk_server_node]
[roslaunch][INFO] 2020-08-31 18:31:13,098: create_node_process: package[slamware_ros_sdk] type[slamware_ros_sdk_server_node] machine[Machine(name[] env_loader[None] address[localhost] ssh_port[22] user[None] assignable[True] timeout[10.0])] master_uri[http://localhost:11311]
[roslaunch][INFO] 2020-08-31 18:31:13,099: process[slamware_ros_sdk_server_node-2]: env[{'LC_NUMERIC': 'zh_CN.UTF-8', 'ROS_DISTRO': 'melodic', 'GNOME_SESSION_XDG_SESSION_PATH': '', 'QT4_IM_MODULE': 'xim', 'COLORTERM': 'truecolor', 'XDG_CURRENT_DESKTOP': 'Unity:Unity7:ubuntu', 'XDG_SESSION_TYPE': 'x11', 'ROSLISP_PACKAGE_DIRECTORIES': '/home/unitree/catkin_ws/devel/share/common-lisp', 'QT_IM_MODULE': 'ibus', 'LOGNAME': 'unitree', 'USER': 'unitree', 'PATH': '/opt/ros/melodic/bin:/usr/local/sbin:/usr/local/bin:/usr/sbin:/usr/bin:/sbin:/bin:/usr/games:/usr/local/games:/snap/bin', 'LC_PAPER': 'zh_CN.UTF-8', 'HOME': '/home/unitree', 'CMAKE_PREFIX_PATH': '/home/unitree/catkin_ws/devel:/opt/ros/melodic', 'ROS_LOG_FILENAME': '/home/unitree/.ros/log/15bc92b2-eb75-11ea-bc8f-48b02d078a8f/roslaunch-nx-8225.log', 'LANG': 'en_US.UTF-8', 'MANAGERPID': '6949', 'SHELL': '/bin/bash', 'XAUTHORITY': '/run/user/1000/gdm/Xauthority', 'JOURNAL_STREAM': '8:41455', 'SESSION_MANAGER': 'local/nx:@/tmp/.ICE-unix/7247,unix/nx:/tmp/.ICE-unix/7247', 'LC_MEASUREMENT': 'zh_CN.UTF-8', 'CLUTTER_IM_MODULE': 'xim', 'DISPLAY': ':0', 'GTK_CSD': '0', 'GNOME_DESKTOP_SESSION_ID': 'this-is-deprecated', 'QT_ACCESSIBILITY': '1', 'WINDOWPATH': '1', 'DESKTOP_AUTOSTART_ID': '10d7f7adb5f0963ac51598869819775900000072470002', 'XMODIFIERS': '@im=ibus', 'ROS_ETC_DIR': '/opt/ros/melodic/etc/ros', 'GPG_AGENT_INFO': '/run/user/1000/gnupg/S.gpg-agent:0:1', 'ROS_PYTHON_VERSION': '2', 'INVOCATION_ID': '8a05def364de4c5a9594cd8d51d06043', 'USERNAME': 'unitree', 'XDG_SESSION_DESKTOP': 'unity', 'XDG_RUNTIME_DIR': '/run/user/1000', 'SUDO_ASKPASS': '/home/unitree/RobotSLAMSystem/slam_planner/PASSWD', 'LC_IDENTIFICATION': 'zh_CN.UTF-8', 'LC_ADDRESS': 'zh_CN.UTF-8', 'PYTHONPATH': '/home/unitree/catkin_ws/devel/lib/python2.7/dist-packages:/opt/ros/melodic/lib/python2.7/dist-packages', 'SSH_AUTH_SOCK': '/run/user/1000/keyring/ssh', 'TERM': 'xterm-256color', 'ROS_ROOT': '/opt/ros/melodic/share/ros', 'GDMSESSION': 'unity', 'IM_CONFIG_PHASE': '2', 'TEXTDOMAINDIR': '/usr/share/locale/', 'DESKTOP_SESSION': 'unity', 'XDG_DATA_DIRS': '/usr/share/unity:/usr/local/share/:/usr/share/:/var/lib/snapd/desktop', 'PKG_CONFIG_PATH': '/home/unitree/catkin_ws/devel/lib/pkgconfig:/opt/ros/melodic/lib/pkgconfig', 'ROS_PACKAGE_PATH': '/home/unitree/catkin_ws/src:/opt/ros/melodic/share', 'DBUS_SESSION_BUS_ADDRESS': 'unix:path=/run/user/1000/bus', '_': '/opt/ros/melodic/bin/roslaunch', 'GTK_MODULES': 'gail:atk-bridge:unity-gtk-module', 'LD_PRELOAD': 'libgtk3-nocsd.so.0', 'GTK_IM_MODULE': 'ibus', 'LD_LIBRARY_PATH': '/home/unitree/catkin_ws/devel/lib:/opt/ros/melodic/lib', 'XDG_CONFIG_DIRS': '/etc/xdg/xdg-unity:/etc/xdg', 'GNOME_TERMINAL_SERVICE': ':1.82', 'VTE_VERSION': '5202', 'LC_TELEPHONE': 'zh_CN.UTF-8', 'LC_MONETARY': 'zh_CN.UTF-8', 'SHLVL': '2', 'PWD': '/home/unitree', 'ROS_MASTER_URI': 'http://localhost:11311', 'SSH_AGENT_LAUNCHER': 'gnome-keyring', 'ROS_VERSION': '1', 'TEXTDOMAIN': 'im-config', 'LC_NAME': 'zh_CN.UTF-8', 'XDG_MENU_PREFIX': 'gnome-', 'LC_TIME': 'zh_CN.UTF-8', 'GNOME_TERMINAL_SCREEN': '/org/gnome/Terminal/screen/051fe319_4d66_4de9_84ac_1a66e3691017'}]
[roslaunch][INFO] 2020-08-31 18:31:13,117: process[slamware_ros_sdk_server_node-2]: args[[u'/home/unitree/catkin_ws/devel/lib/slamware_ros_sdk/slamware_ros_sdk_server_node', u'/cmd_vel:=/cmd_vel', u'/move_base_simple/goal:=/move_base_simple/goal', u'/slamware_ros_sdk_server_node/scan:=scan', u'/slamware_ros_sdk_server_node/odom:=odom', u'/slamware_ros_sdk_server_node/map:=map', u'map_metadata:=map_metadata', u'global_plan_path:=global_plan_path', u'__name:=slamware_ros_sdk_server_node']]
[roslaunch][INFO] 2020-08-31 18:31:13,117: ... created process [slamware_ros_sdk_server_node-2]
[roslaunch.pmon][INFO] 2020-08-31 18:31:13,118: ProcessMonitor.register[slamware_ros_sdk_server_node-2]
[roslaunch.pmon][INFO] 2020-08-31 18:31:13,118: ProcessMonitor.register[slamware_ros_sdk_server_node-2] complete
[roslaunch][INFO] 2020-08-31 18:31:13,118: ... registered process [slamware_ros_sdk_server_node-2]
[roslaunch][INFO] 2020-08-31 18:31:13,119: process[slamware_ros_sdk_server_node-2]: starting os process
[roslaunch][INFO] 2020-08-31 18:31:13,119: process[slamware_ros_sdk_server_node-2]: start w/ args [[u'/home/unitree/catkin_ws/devel/lib/slamware_ros_sdk/slamware_ros_sdk_server_node', u'/cmd_vel:=/cmd_vel', u'/move_base_simple/goal:=/move_base_simple/goal', u'/slamware_ros_sdk_server_node/scan:=scan', u'/slamware_ros_sdk_server_node/odom:=odom', u'/slamware_ros_sdk_server_node/map:=map', u'map_metadata:=map_metadata', u'global_plan_path:=global_plan_path', u'__name:=slamware_ros_sdk_server_node', u'__log:=/home/unitree/.ros/log/15bc92b2-eb75-11ea-bc8f-48b02d078a8f/slamware_ros_sdk_server_node-2.log']]
[roslaunch][INFO] 2020-08-31 18:31:13,119: process[slamware_ros_sdk_server_node-2]: cwd will be [/home/unitree/.ros]
[roslaunch][INFO] 2020-08-31 18:31:13,158: process[slamware_ros_sdk_server_node-2]: started with pid [8286]
[roslaunch][INFO] 2020-08-31 18:31:13,159: ... successfully launched [slamware_ros_sdk_server_node-2]
[roslaunch][INFO] 2020-08-31 18:31:13,160: ... preparing to launch node of type [tf/static_transform_publisher]
[roslaunch][INFO] 2020-08-31 18:31:13,160: create_node_process: package[tf] type[static_transform_publisher] machine[Machine(name[] env_loader[None] address[localhost] ssh_port[22] user[None] assignable[True] timeout[10.0])] master_uri[http://localhost:11311]
[roslaunch][INFO] 2020-08-31 18:31:13,161: process[map2odom-3]: env[{'LC_NUMERIC': 'zh_CN.UTF-8', 'ROS_DISTRO': 'melodic', 'GNOME_SESSION_XDG_SESSION_PATH': '', 'QT4_IM_MODULE': 'xim', 'COLORTERM': 'truecolor', 'XDG_CURRENT_DESKTOP': 'Unity:Unity7:ubuntu', 'XDG_SESSION_TYPE': 'x11', 'ROSLISP_PACKAGE_DIRECTORIES': '/home/unitree/catkin_ws/devel/share/common-lisp', 'QT_IM_MODULE': 'ibus', 'LOGNAME': 'unitree', 'USER': 'unitree', 'PATH': '/opt/ros/melodic/bin:/usr/local/sbin:/usr/local/bin:/usr/sbin:/usr/bin:/sbin:/bin:/usr/games:/usr/local/games:/snap/bin', 'LC_PAPER': 'zh_CN.UTF-8', 'HOME': '/home/unitree', 'CMAKE_PREFIX_PATH': '/home/unitree/catkin_ws/devel:/opt/ros/melodic', 'ROS_LOG_FILENAME': '/home/unitree/.ros/log/15bc92b2-eb75-11ea-bc8f-48b02d078a8f/roslaunch-nx-8225.log', 'LANG': 'en_US.UTF-8', 'MANAGERPID': '6949', 'SHELL': '/bin/bash', 'XAUTHORITY': '/run/user/1000/gdm/Xauthority', 'JOURNAL_STREAM': '8:41455', 'SESSION_MANAGER': 'local/nx:@/tmp/.ICE-unix/7247,unix/nx:/tmp/.ICE-unix/7247', 'LC_MEASUREMENT': 'zh_CN.UTF-8', 'CLUTTER_IM_MODULE': 'xim', 'DISPLAY': ':0', 'GTK_CSD': '0', 'GNOME_DESKTOP_SESSION_ID': 'this-is-deprecated', 'QT_ACCESSIBILITY': '1', 'WINDOWPATH': '1', 'DESKTOP_AUTOSTART_ID': '10d7f7adb5f0963ac51598869819775900000072470002', 'XMODIFIERS': '@im=ibus', 'ROS_ETC_DIR': '/opt/ros/melodic/etc/ros', 'GPG_AGENT_INFO': '/run/user/1000/gnupg/S.gpg-agent:0:1', 'ROS_PYTHON_VERSION': '2', 'INVOCATION_ID': '8a05def364de4c5a9594cd8d51d06043', 'USERNAME': 'unitree', 'XDG_SESSION_DESKTOP': 'unity', 'XDG_RUNTIME_DIR': '/run/user/1000', 'SUDO_ASKPASS': '/home/unitree/RobotSLAMSystem/slam_planner/PASSWD', 'LC_IDENTIFICATION': 'zh_CN.UTF-8', 'LC_ADDRESS': 'zh_CN.UTF-8', 'PYTHONPATH': '/home/unitree/catkin_ws/devel/lib/python2.7/dist-packages:/opt/ros/melodic/lib/python2.7/dist-packages', 'SSH_AUTH_SOCK': '/run/user/1000/keyring/ssh', 'TERM': 'xterm-256color', 'ROS_ROOT': '/opt/ros/melodic/share/ros', 'GDMSESSION': 'unity', 'IM_CONFIG_PHASE': '2', 'TEXTDOMAINDIR': '/usr/share/locale/', 'DESKTOP_SESSION': 'unity', 'XDG_DATA_DIRS': '/usr/share/unity:/usr/local/share/:/usr/share/:/var/lib/snapd/desktop', 'PKG_CONFIG_PATH': '/home/unitree/catkin_ws/devel/lib/pkgconfig:/opt/ros/melodic/lib/pkgconfig', 'ROS_PACKAGE_PATH': '/home/unitree/catkin_ws/src:/opt/ros/melodic/share', 'DBUS_SESSION_BUS_ADDRESS': 'unix:path=/run/user/1000/bus', '_': '/opt/ros/melodic/bin/roslaunch', 'GTK_MODULES': 'gail:atk-bridge:unity-gtk-module', 'LD_PRELOAD': 'libgtk3-nocsd.so.0', 'GTK_IM_MODULE': 'ibus', 'LD_LIBRARY_PATH': '/home/unitree/catkin_ws/devel/lib:/opt/ros/melodic/lib', 'XDG_CONFIG_DIRS': '/etc/xdg/xdg-unity:/etc/xdg', 'GNOME_TERMINAL_SERVICE': ':1.82', 'VTE_VERSION': '5202', 'LC_TELEPHONE': 'zh_CN.UTF-8', 'LC_MONETARY': 'zh_CN.UTF-8', 'SHLVL': '2', 'PWD': '/home/unitree', 'ROS_MASTER_URI': 'http://localhost:11311', 'SSH_AGENT_LAUNCHER': 'gnome-keyring', 'ROS_VERSION': '1', 'TEXTDOMAIN': 'im-config', 'LC_NAME': 'zh_CN.UTF-8', 'XDG_MENU_PREFIX': 'gnome-', 'LC_TIME': 'zh_CN.UTF-8', 'GNOME_TERMINAL_SCREEN': '/org/gnome/Terminal/screen/051fe319_4d66_4de9_84ac_1a66e3691017'}]
[roslaunch][INFO] 2020-08-31 18:31:13,208: process[map2odom-3]: args[[u'/opt/ros/melodic/lib/tf/static_transform_publisher', '0', '0', '0', '0', '0', '0', '1', '/map', '/odom', '100', u'__name:=map2odom']]
[roslaunch][INFO] 2020-08-31 18:31:13,208: ... created process [map2odom-3]
[roslaunch.pmon][INFO] 2020-08-31 18:31:13,209: ProcessMonitor.register[map2odom-3]
[roslaunch.pmon][INFO] 2020-08-31 18:31:13,209: ProcessMonitor.register[map2odom-3] complete
[roslaunch][INFO] 2020-08-31 18:31:13,209: ... registered process [map2odom-3]
[roslaunch][INFO] 2020-08-31 18:31:13,210: process[map2odom-3]: starting os process
[roslaunch][INFO] 2020-08-31 18:31:13,210: process[map2odom-3]: start w/ args [[u'/opt/ros/melodic/lib/tf/static_transform_publisher', '0', '0', '0', '0', '0', '0', '1', '/map', '/odom', '100', u'__name:=map2odom', u'__log:=/home/unitree/.ros/log/15bc92b2-eb75-11ea-bc8f-48b02d078a8f/map2odom-3.log']]
[roslaunch][INFO] 2020-08-31 18:31:13,211: process[map2odom-3]: cwd will be [/home/unitree/.ros]
[roslaunch][INFO] 2020-08-31 18:31:13,225: process[map2odom-3]: started with pid [8287]
[roslaunch][INFO] 2020-08-31 18:31:13,227: ... successfully launched [map2odom-3]
[roslaunch][INFO] 2020-08-31 18:31:13,227: ... preparing to launch node of type [tf/static_transform_publisher]
[roslaunch][INFO] 2020-08-31 18:31:13,228: create_node_process: package[tf] type[static_transform_publisher] machine[Machine(name[] env_loader[None] address[localhost] ssh_port[22] user[None] assignable[True] timeout[10.0])] master_uri[http://localhost:11311]
[roslaunch][INFO] 2020-08-31 18:31:13,229: process[base2laser-4]: env[{'LC_NUMERIC': 'zh_CN.UTF-8', 'ROS_DISTRO': 'melodic', 'GNOME_SESSION_XDG_SESSION_PATH': '', 'QT4_IM_MODULE': 'xim', 'COLORTERM': 'truecolor', 'XDG_CURRENT_DESKTOP': 'Unity:Unity7:ubuntu', 'XDG_SESSION_TYPE': 'x11', 'ROSLISP_PACKAGE_DIRECTORIES': '/home/unitree/catkin_ws/devel/share/common-lisp', 'QT_IM_MODULE': 'ibus', 'LOGNAME': 'unitree', 'USER': 'unitree', 'PATH': '/opt/ros/melodic/bin:/usr/local/sbin:/usr/local/bin:/usr/sbin:/usr/bin:/sbin:/bin:/usr/games:/usr/local/games:/snap/bin', 'LC_PAPER': 'zh_CN.UTF-8', 'HOME': '/home/unitree', 'CMAKE_PREFIX_PATH': '/home/unitree/catkin_ws/devel:/opt/ros/melodic', 'ROS_LOG_FILENAME': '/home/unitree/.ros/log/15bc92b2-eb75-11ea-bc8f-48b02d078a8f/roslaunch-nx-8225.log', 'LANG': 'en_US.UTF-8', 'MANAGERPID': '6949', 'SHELL': '/bin/bash', 'XAUTHORITY': '/run/user/1000/gdm/Xauthority', 'JOURNAL_STREAM': '8:41455', 'SESSION_MANAGER': 'local/nx:@/tmp/.ICE-unix/7247,unix/nx:/tmp/.ICE-unix/7247', 'LC_MEASUREMENT': 'zh_CN.UTF-8', 'CLUTTER_IM_MODULE': 'xim', 'DISPLAY': ':0', 'GTK_CSD': '0', 'GNOME_DESKTOP_SESSION_ID': 'this-is-deprecated', 'QT_ACCESSIBILITY': '1', 'WINDOWPATH': '1', 'DESKTOP_AUTOSTART_ID': '10d7f7adb5f0963ac51598869819775900000072470002', 'XMODIFIERS': '@im=ibus', 'ROS_ETC_DIR': '/opt/ros/melodic/etc/ros', 'GPG_AGENT_INFO': '/run/user/1000/gnupg/S.gpg-agent:0:1', 'ROS_PYTHON_VERSION': '2', 'INVOCATION_ID': '8a05def364de4c5a9594cd8d51d06043', 'USERNAME': 'unitree', 'XDG_SESSION_DESKTOP': 'unity', 'XDG_RUNTIME_DIR': '/run/user/1000', 'SUDO_ASKPASS': '/home/unitree/RobotSLAMSystem/slam_planner/PASSWD', 'LC_IDENTIFICATION': 'zh_CN.UTF-8', 'LC_ADDRESS': 'zh_CN.UTF-8', 'PYTHONPATH': '/home/unitree/catkin_ws/devel/lib/python2.7/dist-packages:/opt/ros/melodic/lib/python2.7/dist-packages', 'SSH_AUTH_SOCK': '/run/user/1000/keyring/ssh', 'TERM': 'xterm-256color', 'ROS_ROOT': '/opt/ros/melodic/share/ros', 'GDMSESSION': 'unity', 'IM_CONFIG_PHASE': '2', 'TEXTDOMAINDIR': '/usr/share/locale/', 'DESKTOP_SESSION': 'unity', 'XDG_DATA_DIRS': '/usr/share/unity:/usr/local/share/:/usr/share/:/var/lib/snapd/desktop', 'PKG_CONFIG_PATH': '/home/unitree/catkin_ws/devel/lib/pkgconfig:/opt/ros/melodic/lib/pkgconfig', 'ROS_PACKAGE_PATH': '/home/unitree/catkin_ws/src:/opt/ros/melodic/share', 'DBUS_SESSION_BUS_ADDRESS': 'unix:path=/run/user/1000/bus', '_': '/opt/ros/melodic/bin/roslaunch', 'GTK_MODULES': 'gail:atk-bridge:unity-gtk-module', 'LD_PRELOAD': 'libgtk3-nocsd.so.0', 'GTK_IM_MODULE': 'ibus', 'LD_LIBRARY_PATH': '/home/unitree/catkin_ws/devel/lib:/opt/ros/melodic/lib', 'XDG_CONFIG_DIRS': '/etc/xdg/xdg-unity:/etc/xdg', 'GNOME_TERMINAL_SERVICE': ':1.82', 'VTE_VERSION': '5202', 'LC_TELEPHONE': 'zh_CN.UTF-8', 'LC_MONETARY': 'zh_CN.UTF-8', 'SHLVL': '2', 'PWD': '/home/unitree', 'ROS_MASTER_URI': 'http://localhost:11311', 'SSH_AGENT_LAUNCHER': 'gnome-keyring', 'ROS_VERSION': '1', 'TEXTDOMAIN': 'im-config', 'LC_NAME': 'zh_CN.UTF-8', 'XDG_MENU_PREFIX': 'gnome-', 'LC_TIME': 'zh_CN.UTF-8', 'GNOME_TERMINAL_SCREEN': '/org/gnome/Terminal/screen/051fe319_4d66_4de9_84ac_1a66e3691017'}]
[roslaunch][INFO] 2020-08-31 18:31:13,233: process[base2laser-4]: args[[u'/opt/ros/melodic/lib/tf/static_transform_publisher', '0', '0', '0', '0', '0', '0', '1', '/base_link', '/laser', '100', u'__name:=base2laser']]
[roslaunch][INFO] 2020-08-31 18:31:13,234: ... created process [base2laser-4]
[roslaunch.pmon][INFO] 2020-08-31 18:31:13,234: ProcessMonitor.register[base2laser-4]
[roslaunch.pmon][INFO] 2020-08-31 18:31:13,235: ProcessMonitor.register[base2laser-4] complete
[roslaunch][INFO] 2020-08-31 18:31:13,235: ... registered process [base2laser-4]
[roslaunch][INFO] 2020-08-31 18:31:13,235: process[base2laser-4]: starting os process
[roslaunch][INFO] 2020-08-31 18:31:13,236: process[base2laser-4]: start w/ args [[u'/opt/ros/melodic/lib/tf/static_transform_publisher', '0', '0', '0', '0', '0', '0', '1', '/base_link', '/laser', '100', u'__name:=base2laser', u'__log:=/home/unitree/.ros/log/15bc92b2-eb75-11ea-bc8f-48b02d078a8f/base2laser-4.log']]
[roslaunch][INFO] 2020-08-31 18:31:13,236: process[base2laser-4]: cwd will be [/home/unitree/.ros]
[roslaunch][INFO] 2020-08-31 18:31:13,249: process[base2laser-4]: started with pid [8288]
[roslaunch][INFO] 2020-08-31 18:31:13,253: ... successfully launched [base2laser-4]
[roslaunch][INFO] 2020-08-31 18:31:13,254: ... preparing to launch node of type [tf/static_transform_publisher]
[roslaunch][INFO] 2020-08-31 18:31:13,254: create_node_process: package[tf] type[static_transform_publisher] machine[Machine(name[] env_loader[None] address[localhost] ssh_port[22] user[None] assignable[True] timeout[10.0])] master_uri[http://localhost:11311]
[roslaunch][INFO] 2020-08-31 18:31:13,258: process[laser2foot-5]: env[{'LC_NUMERIC': 'zh_CN.UTF-8', 'ROS_DISTRO': 'melodic', 'GNOME_SESSION_XDG_SESSION_PATH': '', 'QT4_IM_MODULE': 'xim', 'COLORTERM': 'truecolor', 'XDG_CURRENT_DESKTOP': 'Unity:Unity7:ubuntu', 'XDG_SESSION_TYPE': 'x11', 'ROSLISP_PACKAGE_DIRECTORIES': '/home/unitree/catkin_ws/devel/share/common-lisp', 'QT_IM_MODULE': 'ibus', 'LOGNAME': 'unitree', 'USER': 'unitree', 'PATH': '/opt/ros/melodic/bin:/usr/local/sbin:/usr/local/bin:/usr/sbin:/usr/bin:/sbin:/bin:/usr/games:/usr/local/games:/snap/bin', 'LC_PAPER': 'zh_CN.UTF-8', 'HOME': '/home/unitree', 'CMAKE_PREFIX_PATH': '/home/unitree/catkin_ws/devel:/opt/ros/melodic', 'ROS_LOG_FILENAME': '/home/unitree/.ros/log/15bc92b2-eb75-11ea-bc8f-48b02d078a8f/roslaunch-nx-8225.log', 'LANG': 'en_US.UTF-8', 'MANAGERPID': '6949', 'SHELL': '/bin/bash', 'XAUTHORITY': '/run/user/1000/gdm/Xauthority', 'JOURNAL_STREAM': '8:41455', 'SESSION_MANAGER': 'local/nx:@/tmp/.ICE-unix/7247,unix/nx:/tmp/.ICE-unix/7247', 'LC_MEASUREMENT': 'zh_CN.UTF-8', 'CLUTTER_IM_MODULE': 'xim', 'DISPLAY': ':0', 'GTK_CSD': '0', 'GNOME_DESKTOP_SESSION_ID': 'this-is-deprecated', 'QT_ACCESSIBILITY': '1', 'WINDOWPATH': '1', 'DESKTOP_AUTOSTART_ID': '10d7f7adb5f0963ac51598869819775900000072470002', 'XMODIFIERS': '@im=ibus', 'ROS_ETC_DIR': '/opt/ros/melodic/etc/ros', 'GPG_AGENT_INFO': '/run/user/1000/gnupg/S.gpg-agent:0:1', 'ROS_PYTHON_VERSION': '2', 'INVOCATION_ID': '8a05def364de4c5a9594cd8d51d06043', 'USERNAME': 'unitree', 'XDG_SESSION_DESKTOP': 'unity', 'XDG_RUNTIME_DIR': '/run/user/1000', 'SUDO_ASKPASS': '/home/unitree/RobotSLAMSystem/slam_planner/PASSWD', 'LC_IDENTIFICATION': 'zh_CN.UTF-8', 'LC_ADDRESS': 'zh_CN.UTF-8', 'PYTHONPATH': '/home/unitree/catkin_ws/devel/lib/python2.7/dist-packages:/opt/ros/melodic/lib/python2.7/dist-packages', 'SSH_AUTH_SOCK': '/run/user/1000/keyring/ssh', 'TERM': 'xterm-256color', 'ROS_ROOT': '/opt/ros/melodic/share/ros', 'GDMSESSION': 'unity', 'IM_CONFIG_PHASE': '2', 'TEXTDOMAINDIR': '/usr/share/locale/', 'DESKTOP_SESSION': 'unity', 'XDG_DATA_DIRS': '/usr/share/unity:/usr/local/share/:/usr/share/:/var/lib/snapd/desktop', 'PKG_CONFIG_PATH': '/home/unitree/catkin_ws/devel/lib/pkgconfig:/opt/ros/melodic/lib/pkgconfig', 'ROS_PACKAGE_PATH': '/home/unitree/catkin_ws/src:/opt/ros/melodic/share', 'DBUS_SESSION_BUS_ADDRESS': 'unix:path=/run/user/1000/bus', '_': '/opt/ros/melodic/bin/roslaunch', 'GTK_MODULES': 'gail:atk-bridge:unity-gtk-module', 'LD_PRELOAD': 'libgtk3-nocsd.so.0', 'GTK_IM_MODULE': 'ibus', 'LD_LIBRARY_PATH': '/home/unitree/catkin_ws/devel/lib:/opt/ros/melodic/lib', 'XDG_CONFIG_DIRS': '/etc/xdg/xdg-unity:/etc/xdg', 'GNOME_TERMINAL_SERVICE': ':1.82', 'VTE_VERSION': '5202', 'LC_TELEPHONE': 'zh_CN.UTF-8', 'LC_MONETARY': 'zh_CN.UTF-8', 'SHLVL': '2', 'PWD': '/home/unitree', 'ROS_MASTER_URI': 'http://localhost:11311', 'SSH_AGENT_LAUNCHER': 'gnome-keyring', 'ROS_VERSION': '1', 'TEXTDOMAIN': 'im-config', 'LC_NAME': 'zh_CN.UTF-8', 'XDG_MENU_PREFIX': 'gnome-', 'LC_TIME': 'zh_CN.UTF-8', 'GNOME_TERMINAL_SCREEN': '/org/gnome/Terminal/screen/051fe319_4d66_4de9_84ac_1a66e3691017'}]
[roslaunch][INFO] 2020-08-31 18:31:13,264: process[laser2foot-5]: args[[u'/opt/ros/melodic/lib/tf/static_transform_publisher', '0', '0', '0', '0', '0', '0', '1', '/laser', '/base_footprint', '100', u'__name:=laser2foot']]
[roslaunch][INFO] 2020-08-31 18:31:13,265: ... created process [laser2foot-5]
[roslaunch.pmon][INFO] 2020-08-31 18:31:13,265: ProcessMonitor.register[laser2foot-5]
[roslaunch.pmon][INFO] 2020-08-31 18:31:13,266: ProcessMonitor.register[laser2foot-5] complete
[roslaunch][INFO] 2020-08-31 18:31:13,266: ... registered process [laser2foot-5]
[roslaunch][INFO] 2020-08-31 18:31:13,266: process[laser2foot-5]: starting os process
[roslaunch][INFO] 2020-08-31 18:31:13,267: process[laser2foot-5]: start w/ args [[u'/opt/ros/melodic/lib/tf/static_transform_publisher', '0', '0', '0', '0', '0', '0', '1', '/laser', '/base_footprint', '100', u'__name:=laser2foot', u'__log:=/home/unitree/.ros/log/15bc92b2-eb75-11ea-bc8f-48b02d078a8f/laser2foot-5.log']]
[roslaunch][INFO] 2020-08-31 18:31:13,267: process[laser2foot-5]: cwd will be [/home/unitree/.ros]
[roslaunch][INFO] 2020-08-31 18:31:13,279: process[laser2foot-5]: started with pid [8294]
[roslaunch][INFO] 2020-08-31 18:31:13,281: ... successfully launched [laser2foot-5]
[roslaunch][INFO] 2020-08-31 18:31:13,281: ... preparing to launch node of type [slam_planner/slam_planner_node]
[roslaunch][INFO] 2020-08-31 18:31:13,282: create_node_process: package[slam_planner] type[slam_planner_node] machine[Machine(name[] env_loader[None] address[localhost] ssh_port[22] user[None] assignable[True] timeout[10.0])] master_uri[http://localhost:11311]
[roslaunch][INFO] 2020-08-31 18:31:13,283: process[slam_planner_node-6]: env[{'LC_NUMERIC': 'zh_CN.UTF-8', 'ROS_DISTRO': 'melodic', 'GNOME_SESSION_XDG_SESSION_PATH': '', 'QT4_IM_MODULE': 'xim', 'COLORTERM': 'truecolor', 'XDG_CURRENT_DESKTOP': 'Unity:Unity7:ubuntu', 'XDG_SESSION_TYPE': 'x11', 'ROSLISP_PACKAGE_DIRECTORIES': '/home/unitree/catkin_ws/devel/share/common-lisp', 'QT_IM_MODULE': 'ibus', 'LOGNAME': 'unitree', 'USER': 'unitree', 'PATH': '/opt/ros/melodic/bin:/usr/local/sbin:/usr/local/bin:/usr/sbin:/usr/bin:/sbin:/bin:/usr/games:/usr/local/games:/snap/bin', 'LC_PAPER': 'zh_CN.UTF-8', 'HOME': '/home/unitree', 'CMAKE_PREFIX_PATH': '/home/unitree/catkin_ws/devel:/opt/ros/melodic', 'ROS_LOG_FILENAME': '/home/unitree/.ros/log/15bc92b2-eb75-11ea-bc8f-48b02d078a8f/roslaunch-nx-8225.log', 'LANG': 'en_US.UTF-8', 'MANAGERPID': '6949', 'SHELL': '/bin/bash', 'XAUTHORITY': '/run/user/1000/gdm/Xauthority', 'JOURNAL_STREAM': '8:41455', 'SESSION_MANAGER': 'local/nx:@/tmp/.ICE-unix/7247,unix/nx:/tmp/.ICE-unix/7247', 'LC_MEASUREMENT': 'zh_CN.UTF-8', 'CLUTTER_IM_MODULE': 'xim', 'DISPLAY': ':0', 'GTK_CSD': '0', 'GNOME_DESKTOP_SESSION_ID': 'this-is-deprecated', 'QT_ACCESSIBILITY': '1', 'WINDOWPATH': '1', 'DESKTOP_AUTOSTART_ID': '10d7f7adb5f0963ac51598869819775900000072470002', 'XMODIFIERS': '@im=ibus', 'ROS_ETC_DIR': '/opt/ros/melodic/etc/ros', 'GPG_AGENT_INFO': '/run/user/1000/gnupg/S.gpg-agent:0:1', 'ROS_PYTHON_VERSION': '2', 'INVOCATION_ID': '8a05def364de4c5a9594cd8d51d06043', 'USERNAME': 'unitree', 'XDG_SESSION_DESKTOP': 'unity', 'XDG_RUNTIME_DIR': '/run/user/1000', 'SUDO_ASKPASS': '/home/unitree/RobotSLAMSystem/slam_planner/PASSWD', 'LC_IDENTIFICATION': 'zh_CN.UTF-8', 'LC_ADDRESS': 'zh_CN.UTF-8', 'PYTHONPATH': '/home/unitree/catkin_ws/devel/lib/python2.7/dist-packages:/opt/ros/melodic/lib/python2.7/dist-packages', 'SSH_AUTH_SOCK': '/run/user/1000/keyring/ssh', 'TERM': 'xterm-256color', 'ROS_ROOT': '/opt/ros/melodic/share/ros', 'GDMSESSION': 'unity', 'IM_CONFIG_PHASE': '2', 'TEXTDOMAINDIR': '/usr/share/locale/', 'DESKTOP_SESSION': 'unity', 'XDG_DATA_DIRS': '/usr/share/unity:/usr/local/share/:/usr/share/:/var/lib/snapd/desktop', 'PKG_CONFIG_PATH': '/home/unitree/catkin_ws/devel/lib/pkgconfig:/opt/ros/melodic/lib/pkgconfig', 'ROS_PACKAGE_PATH': '/home/unitree/catkin_ws/src:/opt/ros/melodic/share', 'DBUS_SESSION_BUS_ADDRESS': 'unix:path=/run/user/1000/bus', '_': '/opt/ros/melodic/bin/roslaunch', 'GTK_MODULES': 'gail:atk-bridge:unity-gtk-module', 'LD_PRELOAD': 'libgtk3-nocsd.so.0', 'GTK_IM_MODULE': 'ibus', 'LD_LIBRARY_PATH': '/home/unitree/catkin_ws/devel/lib:/opt/ros/melodic/lib', 'XDG_CONFIG_DIRS': '/etc/xdg/xdg-unity:/etc/xdg', 'GNOME_TERMINAL_SERVICE': ':1.82', 'VTE_VERSION': '5202', 'LC_TELEPHONE': 'zh_CN.UTF-8', 'LC_MONETARY': 'zh_CN.UTF-8', 'SHLVL': '2', 'PWD': '/home/unitree', 'ROS_MASTER_URI': 'http://localhost:11311', 'SSH_AGENT_LAUNCHER': 'gnome-keyring', 'ROS_VERSION': '1', 'TEXTDOMAIN': 'im-config', 'LC_NAME': 'zh_CN.UTF-8', 'XDG_MENU_PREFIX': 'gnome-', 'LC_TIME': 'zh_CN.UTF-8', 'GNOME_TERMINAL_SCREEN': '/org/gnome/Terminal/screen/051fe319_4d66_4de9_84ac_1a66e3691017'}]
[roslaunch][INFO] 2020-08-31 18:31:13,288: process[slam_planner_node-6]: args[[u'/home/unitree/catkin_ws/devel/lib/slam_planner/slam_planner_node', u'__name:=slam_planner_node']]
[roslaunch][INFO] 2020-08-31 18:31:13,288: ... created process [slam_planner_node-6]
[roslaunch.pmon][INFO] 2020-08-31 18:31:13,289: ProcessMonitor.register[slam_planner_node-6]
[roslaunch.pmon][INFO] 2020-08-31 18:31:13,289: ProcessMonitor.register[slam_planner_node-6] complete
[roslaunch][INFO] 2020-08-31 18:31:13,290: ... registered process [slam_planner_node-6]
[roslaunch][INFO] 2020-08-31 18:31:13,290: process[slam_planner_node-6]: starting os process
[roslaunch][INFO] 2020-08-31 18:31:13,291: process[slam_planner_node-6]: start w/ args [[u'/home/unitree/catkin_ws/devel/lib/slam_planner/slam_planner_node', u'__name:=slam_planner_node', u'__log:=/home/unitree/.ros/log/15bc92b2-eb75-11ea-bc8f-48b02d078a8f/slam_planner_node-6.log']]
[roslaunch][INFO] 2020-08-31 18:31:13,291: process[slam_planner_node-6]: cwd will be [/home/unitree/.ros]
[roslaunch][INFO] 2020-08-31 18:31:13,310: process[slam_planner_node-6]: started with pid [8300]
[roslaunch][INFO] 2020-08-31 18:31:13,312: ... successfully launched [slam_planner_node-6]
[roslaunch][INFO] 2020-08-31 18:31:13,312: ... preparing to launch node of type [slam_planner/base_controller_node]
[roslaunch][INFO] 2020-08-31 18:31:13,313: create_node_process: package[slam_planner] type[base_controller_node] machine[Machine(name[] env_loader[None] address[localhost] ssh_port[22] user[None] assignable[True] timeout[10.0])] master_uri[http://localhost:11311]
[roslaunch][INFO] 2020-08-31 18:31:13,315: process[base_controller_node-7]: env[{'LC_NUMERIC': 'zh_CN.UTF-8', 'ROS_DISTRO': 'melodic', 'GNOME_SESSION_XDG_SESSION_PATH': '', 'QT4_IM_MODULE': 'xim', 'COLORTERM': 'truecolor', 'XDG_CURRENT_DESKTOP': 'Unity:Unity7:ubuntu', 'XDG_SESSION_TYPE': 'x11', 'ROSLISP_PACKAGE_DIRECTORIES': '/home/unitree/catkin_ws/devel/share/common-lisp', 'QT_IM_MODULE': 'ibus', 'LOGNAME': 'unitree', 'USER': 'unitree', 'PATH': '/opt/ros/melodic/bin:/usr/local/sbin:/usr/local/bin:/usr/sbin:/usr/bin:/sbin:/bin:/usr/games:/usr/local/games:/snap/bin', 'LC_PAPER': 'zh_CN.UTF-8', 'HOME': '/home/unitree', 'CMAKE_PREFIX_PATH': '/home/unitree/catkin_ws/devel:/opt/ros/melodic', 'ROS_LOG_FILENAME': '/home/unitree/.ros/log/15bc92b2-eb75-11ea-bc8f-48b02d078a8f/roslaunch-nx-8225.log', 'LANG': 'en_US.UTF-8', 'MANAGERPID': '6949', 'SHELL': '/bin/bash', 'XAUTHORITY': '/run/user/1000/gdm/Xauthority', 'JOURNAL_STREAM': '8:41455', 'SESSION_MANAGER': 'local/nx:@/tmp/.ICE-unix/7247,unix/nx:/tmp/.ICE-unix/7247', 'LC_MEASUREMENT': 'zh_CN.UTF-8', 'CLUTTER_IM_MODULE': 'xim', 'DISPLAY': ':0', 'GTK_CSD': '0', 'GNOME_DESKTOP_SESSION_ID': 'this-is-deprecated', 'QT_ACCESSIBILITY': '1', 'WINDOWPATH': '1', 'DESKTOP_AUTOSTART_ID': '10d7f7adb5f0963ac51598869819775900000072470002', 'XMODIFIERS': '@im=ibus', 'ROS_ETC_DIR': '/opt/ros/melodic/etc/ros', 'GPG_AGENT_INFO': '/run/user/1000/gnupg/S.gpg-agent:0:1', 'ROS_PYTHON_VERSION': '2', 'INVOCATION_ID': '8a05def364de4c5a9594cd8d51d06043', 'USERNAME': 'unitree', 'XDG_SESSION_DESKTOP': 'unity', 'XDG_RUNTIME_DIR': '/run/user/1000', 'SUDO_ASKPASS': '/home/unitree/RobotSLAMSystem/slam_planner/PASSWD', 'LC_IDENTIFICATION': 'zh_CN.UTF-8', 'LC_ADDRESS': 'zh_CN.UTF-8', 'PYTHONPATH': '/home/unitree/catkin_ws/devel/lib/python2.7/dist-packages:/opt/ros/melodic/lib/python2.7/dist-packages', 'SSH_AUTH_SOCK': '/run/user/1000/keyring/ssh', 'TERM': 'xterm-256color', 'ROS_ROOT': '/opt/ros/melodic/share/ros', 'GDMSESSION': 'unity', 'IM_CONFIG_PHASE': '2', 'TEXTDOMAINDIR': '/usr/share/locale/', 'DESKTOP_SESSION': 'unity', 'XDG_DATA_DIRS': '/usr/share/unity:/usr/local/share/:/usr/share/:/var/lib/snapd/desktop', 'PKG_CONFIG_PATH': '/home/unitree/catkin_ws/devel/lib/pkgconfig:/opt/ros/melodic/lib/pkgconfig', 'ROS_PACKAGE_PATH': '/home/unitree/catkin_ws/src:/opt/ros/melodic/share', 'DBUS_SESSION_BUS_ADDRESS': 'unix:path=/run/user/1000/bus', '_': '/opt/ros/melodic/bin/roslaunch', 'GTK_MODULES': 'gail:atk-bridge:unity-gtk-module', 'LD_PRELOAD': 'libgtk3-nocsd.so.0', 'GTK_IM_MODULE': 'ibus', 'LD_LIBRARY_PATH': '/home/unitree/catkin_ws/devel/lib:/opt/ros/melodic/lib', 'XDG_CONFIG_DIRS': '/etc/xdg/xdg-unity:/etc/xdg', 'GNOME_TERMINAL_SERVICE': ':1.82', 'VTE_VERSION': '5202', 'LC_TELEPHONE': 'zh_CN.UTF-8', 'LC_MONETARY': 'zh_CN.UTF-8', 'SHLVL': '2', 'PWD': '/home/unitree', 'ROS_MASTER_URI': 'http://localhost:11311', 'SSH_AGENT_LAUNCHER': 'gnome-keyring', 'ROS_VERSION': '1', 'TEXTDOMAIN': 'im-config', 'LC_NAME': 'zh_CN.UTF-8', 'XDG_MENU_PREFIX': 'gnome-', 'LC_TIME': 'zh_CN.UTF-8', 'GNOME_TERMINAL_SCREEN': '/org/gnome/Terminal/screen/051fe319_4d66_4de9_84ac_1a66e3691017'}]
[roslaunch][INFO] 2020-08-31 18:31:13,322: process[base_controller_node-7]: args[[u'/home/unitree/catkin_ws/devel/lib/slam_planner/base_controller_node', u'__name:=base_controller_node']]
[roslaunch][INFO] 2020-08-31 18:31:13,323: ... created process [base_controller_node-7]
[roslaunch.pmon][INFO] 2020-08-31 18:31:13,323: ProcessMonitor.register[base_controller_node-7]
[roslaunch.pmon][INFO] 2020-08-31 18:31:13,324: ProcessMonitor.register[base_controller_node-7] complete
[roslaunch][INFO] 2020-08-31 18:31:13,324: ... registered process [base_controller_node-7]
[roslaunch][INFO] 2020-08-31 18:31:13,324: process[base_controller_node-7]: starting os process
[roslaunch][INFO] 2020-08-31 18:31:13,325: process[base_controller_node-7]: start w/ args [[u'/home/unitree/catkin_ws/devel/lib/slam_planner/base_controller_node', u'__name:=base_controller_node', u'__log:=/home/unitree/.ros/log/15bc92b2-eb75-11ea-bc8f-48b02d078a8f/base_controller_node-7.log']]
[roslaunch][INFO] 2020-08-31 18:31:13,325: process[base_controller_node-7]: cwd will be [/home/unitree/.ros]
[roslaunch][INFO] 2020-08-31 18:31:13,346: process[base_controller_node-7]: started with pid [8311]
[roslaunch][INFO] 2020-08-31 18:31:13,348: ... successfully launched [base_controller_node-7]
[roslaunch][INFO] 2020-08-31 18:31:13,349: ... launch_nodes complete
[roslaunch.pmon][INFO] 2020-08-31 18:31:13,349: registrations completed <ProcessMonitor(ProcessMonitor-1, started daemon 547482120688)>
[roslaunch.parent][INFO] 2020-08-31 18:31:13,351: ... roslaunch parent running, waiting for process exit
[roslaunch][INFO] 2020-08-31 18:31:13,351: spin
[roslaunch.pmon][INFO] 2020-08-31 18:31:22,998: ProcessMonitor.shutdown <ProcessMonitor(ProcessMonitor-1, started daemon 547482120688)>
[roslaunch.pmon][INFO] 2020-08-31 18:31:23,033: ProcessMonitor._post_run <ProcessMonitor(ProcessMonitor-1, started daemon 547482120688)>
[roslaunch.pmon][INFO] 2020-08-31 18:31:23,034: ProcessMonitor._post_run <ProcessMonitor(ProcessMonitor-1, started daemon 547482120688)>: remaining procs are [<roslaunch.nodeprocess.LocalProcess object at 0x7f78812890>, <roslaunch.nodeprocess.LocalProcess object at 0x7f7880f3d0>, <roslaunch.nodeprocess.LocalProcess object at 0x7f78828350>, <roslaunch.nodeprocess.LocalProcess object at 0x7f78828290>, <roslaunch.nodeprocess.LocalProcess object at 0x7f78828690>, <roslaunch.nodeprocess.LocalProcess object at 0x7f78812bd0>, <roslaunch.nodeprocess.LocalProcess object at 0x7f7882d4d0>, <roslaunch.nodeprocess.LocalProcess object at 0x7f78828510>]
[roslaunch.pmon][INFO] 2020-08-31 18:31:23,036: ProcessMonitor exit: killing base_controller_node-7
[roslaunch][INFO] 2020-08-31 18:31:23,037: [base_controller_node-7] killing on exit
[roslaunch.pmon][INFO] 2020-08-31 18:31:23,037: ProcessMonitor exit: killing slam_planner_node-6
[roslaunch][INFO] 2020-08-31 18:31:23,039: process[base_controller_node-7]: killing os process with pid[8311] pgid[8311]
[roslaunch.pmon][INFO] 2020-08-31 18:31:23,039: ProcessMonitor exit: killing laser2foot-5
[roslaunch][INFO] 2020-08-31 18:31:23,042: [laser2foot-5] killing on exit
[roslaunch][INFO] 2020-08-31 18:31:23,040: [slam_planner_node-6] killing on exit
[roslaunch][INFO] 2020-08-31 18:31:23,041: [base_controller_node-7] sending SIGINT to pgid [8311]
[roslaunch.pmon][INFO] 2020-08-31 18:31:23,040: ProcessMonitor exit: killing base2laser-4
[roslaunch.pmon][INFO] 2020-08-31 18:31:23,043: ProcessMonitor exit: killing map2odom-3
[roslaunch.pmon][INFO] 2020-08-31 18:31:23,043: ProcessMonitor exit: killing slamware_ros_sdk_server_node-2
[roslaunch][INFO] 2020-08-31 18:31:23,045: process[laser2foot-5]: killing os process with pid[8294] pgid[8294]
[roslaunch][INFO] 2020-08-31 18:31:23,047: process[slam_planner_node-6]: killing os process with pid[8300] pgid[8300]
[roslaunch][INFO] 2020-08-31 18:31:23,050: [base_controller_node-7] sent SIGINT to pgid [8311]
[roslaunch][INFO] 2020-08-31 18:31:23,050: [base2laser-4] killing on exit
[roslaunch][INFO] 2020-08-31 18:31:23,051: [map2odom-3] killing on exit
[roslaunch][INFO] 2020-08-31 18:31:23,054: process[base2laser-4]: killing os process with pid[8288] pgid[8288]
[roslaunch][INFO] 2020-08-31 18:31:23,052: [laser2foot-5] sending SIGINT to pgid [8294]
[roslaunch][INFO] 2020-08-31 18:31:23,052: [slam_planner_node-6] sending SIGINT to pgid [8300]
[roslaunch][INFO] 2020-08-31 18:31:23,051: [slamware_ros_sdk_server_node-2] killing on exit
[roslaunch][INFO] 2020-08-31 18:31:23,054: process[map2odom-3]: killing os process with pid[8287] pgid[8287]
[roslaunch][INFO] 2020-08-31 18:31:23,055: [base2laser-4] sending SIGINT to pgid [8288]
[roslaunch][INFO] 2020-08-31 18:31:23,063: [base2laser-4] sent SIGINT to pgid [8288]
[roslaunch][INFO] 2020-08-31 18:31:23,056: [slam_planner_node-6] sent SIGINT to pgid [8300]
[roslaunch][INFO] 2020-08-31 18:31:23,062: process[slamware_ros_sdk_server_node-2]: killing os process with pid[8286] pgid[8286]
[roslaunch][INFO] 2020-08-31 18:31:23,062: [map2odom-3] sending SIGINT to pgid [8287]
[roslaunch][INFO] 2020-08-31 18:31:23,055: [laser2foot-5] sent SIGINT to pgid [8294]
[roslaunch][INFO] 2020-08-31 18:31:23,064: [slamware_ros_sdk_server_node-2] sending SIGINT to pgid [8286]
[roslaunch][INFO] 2020-08-31 18:31:23,065: [map2odom-3] sent SIGINT to pgid [8287]
[roslaunch][INFO] 2020-08-31 18:31:23,066: [slamware_ros_sdk_server_node-2] sent SIGINT to pgid [8286]
[roslaunch][INFO] 2020-08-31 18:31:23,354: process[base_controller_node-7]: SIGINT killed with return value 0
[roslaunch][INFO] 2020-08-31 18:31:23,364: process[base2laser-4]: SIGINT killed with return value 0
[roslaunch][INFO] 2020-08-31 18:31:23,366: process[laser2foot-5]: SIGINT killed with return value 0
[roslaunch][INFO] 2020-08-31 18:31:23,368: process[slamware_ros_sdk_server_node-2]: SIGINT killed with return value 0
[roslaunch][INFO] 2020-08-31 18:31:23,468: process[map2odom-3]: SIGINT killed with return value 0
[roslaunch][INFO] 2020-08-31 18:31:23,565: process[slam_planner_node-6]: SIGINT killed with return value 0
[roslaunch.pmon][INFO] 2020-08-31 18:31:23,567: ProcessMonitor exit: killing rosout-1
[roslaunch][INFO] 2020-08-31 18:31:23,568: [rosout-1] killing on exit
[roslaunch][INFO] 2020-08-31 18:31:23,568: process[rosout-1]: killing os process with pid[8273] pgid[8273]
[roslaunch][INFO] 2020-08-31 18:31:23,569: [rosout-1] sending SIGINT to pgid [8273]
[roslaunch][INFO] 2020-08-31 18:31:23,569: [rosout-1] sent SIGINT to pgid [8273]
[roslaunch][INFO] 2020-08-31 18:31:23,770: process[rosout-1]: SIGINT killed with return value 0
[roslaunch.pmon][INFO] 2020-08-31 18:31:23,771: ProcessMonitor exit: killing master
[roslaunch][INFO] 2020-08-31 18:31:23,771: [master] killing on exit
[roslaunch][INFO] 2020-08-31 18:31:23,772: process[master]: killing os process with pid[8261] pgid[8261]
[roslaunch][INFO] 2020-08-31 18:31:23,772: [master] sending SIGINT to pgid [8261]
[roslaunch][INFO] 2020-08-31 18:31:23,772: [master] sent SIGINT to pgid [8261]
[roslaunch][INFO] 2020-08-31 18:31:23,973: process[master]: SIGINT killed with return value 0
[roslaunch.pmon][INFO] 2020-08-31 18:31:23,974: ProcessMonitor exit: cleaning up data structures and signals
[roslaunch.pmon][INFO] 2020-08-31 18:31:23,974: ProcessMonitor exit: pmon has shutdown
[roslaunch][INFO] 2020-08-31 18:31:23,976: process monitor is done spinning, initiating full shutdown
[roslaunch][INFO] 2020-08-31 18:31:23,977: runner.stop()
[roslaunch][INFO] 2020-08-31 18:31:23,977: shutting down processing monitor...
[roslaunch][INFO] 2020-08-31 18:31:23,978: shutting down processing monitor <ProcessMonitor(ProcessMonitor-1, stopped daemon 547482120688)>
[roslaunch.pmon][INFO] 2020-08-31 18:31:23,979: ProcessMonitor.shutdown <ProcessMonitor(ProcessMonitor-1, stopped daemon 547482120688)>
[roslaunch][INFO] 2020-08-31 18:31:23,979: ... shutting down processing monitor complete
[roslaunch][INFO] 2020-08-31 18:31:23,980: done
[roslaunch.pmon][INFO] 2020-08-31 18:31:23,981: ProcessMonitor.shutdown <ProcessMonitor(ProcessMonitor-1, stopped daemon 547482120688)>
[rospy.core][INFO] 2020-08-31 18:31:23,982: signal_shutdown [atexit]
