[rosmaster.main][INFO] 2024-10-28 21:35:31,841: initialization complete, waiting for shutdown
[rosmaster.main][INFO] 2024-10-28 21:35:31,841: Starting ROS Master Node
[xmlrpc][INFO] 2024-10-28 21:35:31,845: XML-RPC server binding to 0.0.0.0:11311
[xmlrpc][INFO] 2024-10-28 21:35:31,846: Started XML-RPC server [http://nx:11311/]
[rosmaster.master][INFO] 2024-10-28 21:35:31,846: Master initialized: port[11311], uri[http://nx:11311/]
[xmlrpc][INFO] 2024-10-28 21:35:31,847: xml rpc node: starting XML-RPC server
[rosmaster.master][INFO] 2024-10-28 21:35:32,020: +PARAM [/run_id] by /roslaunch
[rosmaster.master][INFO] 2024-10-28 21:35:32,026: +PARAM [/roslaunch/uris/host_nx__34953] by /roslaunch
[rosmaster.master][INFO] 2024-10-28 21:35:32,261: +PARAM [/rosversion] by /roslaunch
[rosmaster.master][INFO] 2024-10-28 21:35:32,264: +PARAM [/rosdistro] by /roslaunch
[rosmaster.master][INFO] 2024-10-28 21:35:32,269: +SERVICE [/rosout/get_loggers] /rosout http://nx:36143/
[rosmaster.master][INFO] 2024-10-28 21:35:32,273: +SERVICE [/rosout/set_logger_level] /rosout http://nx:36143/
[rosmaster.master][INFO] 2024-10-28 21:35:32,277: +PUB [/rosout_agg] /rosout http://nx:36143/
[rosmaster.master][INFO] 2024-10-28 21:35:32,283: +SUB [/rosout] /rosout http://nx:36143/
[rosmaster.master][INFO] 2024-10-28 21:35:34,090: +PUB [/rosout] /lcm_ros_bridge http://nx:35919/
[rosmaster.master][INFO] 2024-10-28 21:35:34,092: +SERVICE [/lcm_ros_bridge/get_loggers] /lcm_ros_bridge http://nx:35919/
[rosmaster.master][INFO] 2024-10-28 21:35:34,093: +SERVICE [/lcm_ros_bridge/set_logger_level] /lcm_ros_bridge http://nx:35919/
[rosmaster.master][INFO] 2024-10-28 21:35:34,096: +PUB [/unitree_legged_msgs/HighState] /lcm_ros_bridge http://nx:35919/
[rosmaster.master][INFO] 2024-10-28 21:35:34,101: +SUB [/unitree_legged_msgs/HighCmd] /lcm_ros_bridge http://nx:35919/
[rosmaster.master][INFO] 2024-10-28 21:35:34,149: publisherUpdate[/rosout] -> http://nx:36143/ ['http://nx:35919/']
[rosmaster.master][INFO] 2024-10-28 21:35:34,200: publisherUpdate[/rosout] -> http://nx:36143/ ['http://nx:35919/']: sec=0.05, result=[1, '', 0]
[rosmaster.master][INFO] 2024-10-28 21:35:45,544: +PUB [/rosout] /rostopic_13940_1730122545335 http://nx:44363/
[rosmaster.master][INFO] 2024-10-28 21:35:45,555: +SERVICE [/rostopic_13940_1730122545335/get_loggers] /rostopic_13940_1730122545335 http://nx:44363/
[rosmaster.master][INFO] 2024-10-28 21:35:45,561: +SERVICE [/rostopic_13940_1730122545335/set_logger_level] /rostopic_13940_1730122545335 http://nx:44363/
[rosmaster.master][INFO] 2024-10-28 21:35:45,574: publisherUpdate[/rosout] -> http://nx:36143/ ['http://nx:35919/', 'http://nx:44363/']
[rosmaster.master][INFO] 2024-10-28 21:35:45,585: +SUB [/unitree_legged_msgs/HighCmd] /rostopic_13940_1730122545335 http://nx:44363/
[rosmaster.master][INFO] 2024-10-28 21:35:45,606: publisherUpdate[/rosout] -> http://nx:36143/ ['http://nx:35919/', 'http://nx:44363/']: sec=0.03, result=[1, '', 0]
[rosmaster.master][INFO] 2024-10-28 21:36:13,415: +PUB [/rosout] /walk_ros_mode http://nx:32879/
[rosmaster.master][INFO] 2024-10-28 21:36:13,420: +SERVICE [/walk_ros_mode/get_loggers] /walk_ros_mode http://nx:32879/
[rosmaster.master][INFO] 2024-10-28 21:36:13,422: +SERVICE [/walk_ros_mode/set_logger_level] /walk_ros_mode http://nx:32879/
[rosmaster.master][INFO] 2024-10-28 21:36:13,457: publisherUpdate[/rosout] -> http://nx:36143/ ['http://nx:35919/', 'http://nx:44363/', 'http://nx:32879/']
[rosmaster.master][INFO] 2024-10-28 21:36:13,492: publisherUpdate[/rosout] -> http://nx:36143/ ['http://nx:35919/', 'http://nx:44363/', 'http://nx:32879/']: sec=0.03, result=[1, '', 0]
[rosmaster.master][INFO] 2024-10-28 21:36:29,952: -PUB [/rosout] /walk_ros_mode http://nx:32879/
[rosmaster.master][INFO] 2024-10-28 21:36:29,959: -SERVICE [/walk_ros_mode/get_loggers] /walk_ros_mode rosrpc://nx:51191
[rosmaster.master][INFO] 2024-10-28 21:36:29,961: -SERVICE [/walk_ros_mode/set_logger_level] /walk_ros_mode rosrpc://nx:51191
[rosmaster.master][INFO] 2024-10-28 21:36:30,035: publisherUpdate[/rosout] -> http://nx:36143/ ['http://nx:35919/', 'http://nx:44363/']
[rosmaster.master][INFO] 2024-10-28 21:36:30,043: publisherUpdate[/rosout] -> http://nx:36143/ ['http://nx:35919/', 'http://nx:44363/']: sec=0.01, result=[1, '', 0]
[rosmaster.master][INFO] 2024-10-28 21:37:46,573: -SUB [/unitree_legged_msgs/HighCmd] /rostopic_13940_1730122545335 http://nx:44363/
[rosmaster.master][INFO] 2024-10-28 21:37:46,575: -PUB [/rosout] /rostopic_13940_1730122545335 http://nx:44363/
[rosmaster.master][INFO] 2024-10-28 21:37:46,575: -SERVICE [/rostopic_13940_1730122545335/get_loggers] /rostopic_13940_1730122545335 rosrpc://nx:37143
[rosmaster.master][INFO] 2024-10-28 21:37:46,575: -SERVICE [/rostopic_13940_1730122545335/set_logger_level] /rostopic_13940_1730122545335 rosrpc://nx:37143
[rosmaster.master][INFO] 2024-10-28 21:37:46,611: publisherUpdate[/rosout] -> http://nx:36143/ ['http://nx:35919/']
[rosmaster.master][INFO] 2024-10-28 21:37:46,614: publisherUpdate[/rosout] -> http://nx:36143/ ['http://nx:35919/']: sec=0.00, result=[1, '', 0]
[rosmaster.master][INFO] 2024-10-28 21:37:48,718: -PUB [/rosout_agg] /rosout http://nx:36143/
[rosmaster.master][INFO] 2024-10-28 21:37:48,720: -SUB [/rosout] /rosout http://nx:36143/
[rosmaster.master][INFO] 2024-10-28 21:37:48,721: -SERVICE [/rosout/get_loggers] /rosout rosrpc://nx:51941
[rosmaster.master][INFO] 2024-10-28 21:37:48,723: -SERVICE [/rosout/set_logger_level] /rosout rosrpc://nx:51941
[rosmaster.main][INFO] 2024-10-28 21:37:48,743: keyboard interrupt, will exit
[rosmaster.main][INFO] 2024-10-28 21:37:48,744: stopping master...
[rospy.core][INFO] 2024-10-28 21:37:48,744: signal_shutdown [atexit]
