[roslaunch][INFO] 2024-10-17 21:45:36,797: Checking log directory for disk usage. This may take a while.
Press Ctrl-C to interrupt
[roslaunch][INFO] 2024-10-17 21:45:36,828: Done checking log file disk usage. Usage is <1GB.
[roslaunch][INFO] 2024-10-17 21:45:36,829: roslaunch starting with args ['/opt/ros/melodic/bin/roslaunch', 'slam_planner', 'slam_planner_online.launch']
[roslaunch][INFO] 2024-10-17 21:45:36,830: roslaunch env is {'GOPATH': '/home/unitree/work', 'ROS_DISTRO': 'melodic', 'LC_NUMERIC': 'zh_CN.UTF-8', 'QT4_IM_MODULE': 'xim', 'WINDOWPATH': '1', 'XDG_CURRENT_DESKTOP': 'Unity:Unity7:ubuntu', 'XDG_SESSION_TYPE': 'x11', 'ROSLISP_PACKAGE_DIRECTORIES': '/home/unitree/catkin_ws/devel/share/common-lisp', 'QT_IM_MODULE': 'ibus', 'LOGNAME': 'unitree', 'USER': 'unitree', 'PATH': '/opt/ros/melodic/bin:/usr/local/sbin:/usr/local/bin:/usr/sbin:/usr/bin:/sbin:/bin:/usr/games:/usr/local/games:/snap/bin:/usr/local/go/bin:/home/unitree/work/bin', 'LC_PAPER': 'zh_CN.UTF-8', 'HOME': '/home/unitree', 'CMAKE_PREFIX_PATH': '/home/unitree/catkin_ws/devel:/opt/ros/melodic', 'DISPLAY': ':0', 'XDG_RUNTIME_DIR': '/run/user/1000', 'LANG': 'en_US.UTF-8', 'MANAGERPID': '7015', 'SHELL': '/bin/bash', 'ROS_LOG_FILENAME': '/home/unitree/.ros/log/16b10c34-8c8e-11ef-9a64-48b02d15d5f5/roslaunch-nx-8207.log', 'XAUTHORITY': '/run/user/1000/gdm/Xauthority', 'JOURNAL_STREAM': '8:36534', 'SESSION_MANAGER': 'local/nx:@/tmp/.ICE-unix/7316,unix/nx:/tmp/.ICE-unix/7316', 'LC_MEASUREMENT': 'zh_CN.UTF-8', 'QT_ACCESSIBILITY': '1', 'LD_LIBRARY_PATH': '/home/unitree/catkin_ws/devel/lib:/opt/ros/melodic/lib', 'GTK_CSD': '0', 'GNOME_DESKTOP_SESSION_ID': 'this-is-deprecated', 'CLUTTER_IM_MODULE': 'xim', 'TEXTDOMAIN': 'im-config', 'DESKTOP_AUTOSTART_ID': '10999b6e49c770321172917268517261100000073160002', 'XMODIFIERS': '@im=ibus', 'ROS_MASTER_URI': 'http://localhost:11311', 'GPG_AGENT_INFO': '/run/user/1000/gnupg/S.gpg-agent:0:1', 'ROS_PYTHON_VERSION': '2', 'INVOCATION_ID': 'bba8e02079114ef383723a3d3b1c93a4', 'USERNAME': 'unitree', 'XDG_SESSION_DESKTOP': 'unity', 'SHLVL': '2', 'ROS_VERSION': '1', 'SUDO_ASKPASS': '/home/unitree/RobotSLAMSystem/slam_planner/PASSWD', 'GTK_IM_MODULE': 'ibus', 'LC_ADDRESS': 'zh_CN.UTF-8', 'PYTHONPATH': '/home/unitree/catkin_ws/devel/lib/python2.7/dist-packages:/opt/ros/melodic/lib/python2.7/dist-packages', 'SSH_AUTH_SOCK': '/run/user/1000/keyring/ssh', 'TERM': 'xterm-256color', 'ROS_ROOT': '/opt/ros/melodic/share/ros', 'GDMSESSION': 'unity', 'IM_CONFIG_PHASE': '2', 'LC_TIME': 'zh_CN.UTF-8', 'TEXTDOMAINDIR': '/usr/share/locale/', 'XDG_DATA_DIRS': '/usr/share/unity:/usr/local/share/:/usr/share/:/var/lib/snapd/desktop', 'PKG_CONFIG_PATH': '/home/unitree/catkin_ws/devel/lib/pkgconfig:/opt/ros/melodic/lib/pkgconfig', 'ROS_PACKAGE_PATH': '/home/unitree/catkin_ws/src:/opt/ros/melodic/share', 'DBUS_SESSION_BUS_ADDRESS': 'unix:path=/run/user/1000/bus', '_': '/opt/ros/melodic/bin/roslaunch', 'GNOME_TERMINAL_SERVICE': ':1.92', 'LD_PRELOAD': 'libgtk3-nocsd.so.0', 'LC_IDENTIFICATION': 'zh_CN.UTF-8', 'DESKTOP_SESSION': 'unity', 'XDG_CONFIG_DIRS': '/etc/xdg/xdg-unity:/etc/xdg', 'GTK_MODULES': 'gail:atk-bridge:unity-gtk-module', 'VTE_VERSION': '5202', 'LC_TELEPHONE': 'zh_CN.UTF-8', 'LC_MONETARY': 'zh_CN.UTF-8', 'PWD': '/home/unitree', 'ROS_ETC_DIR': '/opt/ros/melodic/etc/ros', 'SSH_AGENT_LAUNCHER': 'gnome-keyring', 'COLORTERM': 'truecolor', 'LC_NAME': 'zh_CN.UTF-8', 'XDG_MENU_PREFIX': 'gnome-', 'GNOME_SESSION_XDG_SESSION_PATH': '', 'GNOME_TERMINAL_SCREEN': '/org/gnome/Terminal/screen/6c1c6a93_35df_4270_bd86_ef77e36648c2'}
[roslaunch][INFO] 2024-10-17 21:45:36,830: starting in server mode
[roslaunch.parent][INFO] 2024-10-17 21:45:36,831: starting roslaunch parent run
[roslaunch][INFO] 2024-10-17 21:45:36,832: loading roscore config file /opt/ros/melodic/etc/ros/roscore.xml
[roslaunch][INFO] 2024-10-17 21:45:39,077: Added core node of type [rosout/rosout] in namespace [/]
[roslaunch.config][INFO] 2024-10-17 21:45:39,078: loading config file /home/unitree/catkin_ws/src/slamrplidar/slamplanner/launch/slam_planner_online.launch
[roslaunch][INFO] 2024-10-17 21:45:39,205: Added node of type [slamware_ros_sdk/slamware_ros_sdk_server_node] in namespace [/]
[roslaunch][INFO] 2024-10-17 21:45:39,207: Added node of type [tf/static_transform_publisher] in namespace [/]
[roslaunch][INFO] 2024-10-17 21:45:39,209: Added node of type [tf/static_transform_publisher] in namespace [/]
[roslaunch][INFO] 2024-10-17 21:45:39,210: Added node of type [tf/static_transform_publisher] in namespace [/]
[roslaunch][INFO] 2024-10-17 21:45:39,308: Added node of type [slam_planner/slam_planner_node] in namespace [/]
[roslaunch][INFO] 2024-10-17 21:45:39,309: Added node of type [slam_planner/base_controller_node] in namespace [/]
[roslaunch][INFO] 2024-10-17 21:45:39,310: ... selected machine [] for node of type [slamware_ros_sdk/slamware_ros_sdk_server_node]
[roslaunch][INFO] 2024-10-17 21:45:39,310: ... selected machine [] for node of type [tf/static_transform_publisher]
[roslaunch][INFO] 2024-10-17 21:45:39,311: ... selected machine [] for node of type [tf/static_transform_publisher]
[roslaunch][INFO] 2024-10-17 21:45:39,311: ... selected machine [] for node of type [tf/static_transform_publisher]
[roslaunch][INFO] 2024-10-17 21:45:39,312: ... selected machine [] for node of type [slam_planner/slam_planner_node]
[roslaunch][INFO] 2024-10-17 21:45:39,312: ... selected machine [] for node of type [slam_planner/base_controller_node]
[roslaunch.pmon][INFO] 2024-10-17 21:45:39,319: start_process_monitor: creating ProcessMonitor
[roslaunch.pmon][INFO] 2024-10-17 21:45:39,321: created process monitor <ProcessMonitor(ProcessMonitor-1, initial daemon)>
[roslaunch.pmon][INFO] 2024-10-17 21:45:39,322: start_process_monitor: ProcessMonitor started
[roslaunch.parent][INFO] 2024-10-17 21:45:39,322: starting parent XML-RPC server
[roslaunch.server][INFO] 2024-10-17 21:45:39,323: starting roslaunch XML-RPC server
[roslaunch.server][INFO] 2024-10-17 21:45:39,324: waiting for roslaunch XML-RPC server to initialize
[xmlrpc][INFO] 2024-10-17 21:45:39,324: XML-RPC server binding to 0.0.0.0:0
[xmlrpc][INFO] 2024-10-17 21:45:39,326: Started XML-RPC server [http://nx:38479/]
[xmlrpc][INFO] 2024-10-17 21:45:39,326: xml rpc node: starting XML-RPC server
[roslaunch][INFO] 2024-10-17 21:45:39,344: started roslaunch server http://nx:38479/
[roslaunch.parent][INFO] 2024-10-17 21:45:39,345: ... parent XML-RPC server started
[roslaunch][INFO] 2024-10-17 21:45:39,349: master.is_running[http://localhost:11311]
[roslaunch][INFO] 2024-10-17 21:45:39,351: auto-starting new master
[roslaunch][INFO] 2024-10-17 21:45:39,352: create_master_process: rosmaster, /opt/ros/melodic/share/ros, 11311, 3, None, False
[roslaunch][INFO] 2024-10-17 21:45:39,352: process[master]: launching with args [['rosmaster', '--core', '-p', '11311', '-w', '3']]
[roslaunch.pmon][INFO] 2024-10-17 21:45:39,353: ProcessMonitor.register[master]
[roslaunch.pmon][INFO] 2024-10-17 21:45:39,353: ProcessMonitor.register[master] complete
[roslaunch][INFO] 2024-10-17 21:45:39,353: process[master]: starting os process
[roslaunch][INFO] 2024-10-17 21:45:39,354: process[master]: start w/ args [['rosmaster', '--core', '-p', '11311', '-w', '3', '__log:=/home/unitree/.ros/log/16b10c34-8c8e-11ef-9a64-48b02d15d5f5/master.log']]
[roslaunch][INFO] 2024-10-17 21:45:39,354: process[master]: cwd will be [/home/unitree/.ros]
[roslaunch][INFO] 2024-10-17 21:45:39,370: process[master]: started with pid [8243]
[roslaunch][INFO] 2024-10-17 21:45:39,372: master.is_running[http://localhost:11311]
[roslaunch][INFO] 2024-10-17 21:45:39,475: master.is_running[http://localhost:11311]
[roslaunch][INFO] 2024-10-17 21:45:39,577: master.is_running[http://localhost:11311]
[roslaunch][INFO] 2024-10-17 21:45:39,679: master.is_running[http://localhost:11311]
[roslaunch][INFO] 2024-10-17 21:45:39,783: master.is_running[http://localhost:11311]
[roslaunch][INFO] 2024-10-17 21:45:39,888: master.is_running[http://localhost:11311]
[roslaunch][INFO] 2024-10-17 21:45:39,990: master.is_running[http://localhost:11311]
[roslaunch][INFO] 2024-10-17 21:45:40,092: master.is_running[http://localhost:11311]
[roslaunch][INFO] 2024-10-17 21:45:40,194: master.is_running[http://localhost:11311]
[roslaunch][INFO] 2024-10-17 21:45:40,201: master.is_running[http://localhost:11311]
[roslaunch][INFO] 2024-10-17 21:45:40,206: ROS_MASTER_URI=http://localhost:11311
[roslaunch][INFO] 2024-10-17 21:45:40,210: setting /run_id to 16b10c34-8c8e-11ef-9a64-48b02d15d5f5
[roslaunch][INFO] 2024-10-17 21:45:40,214: setting /roslaunch/uris/host_nx__38479' to http://nx:38479/
[roslaunch][INFO] 2024-10-17 21:45:40,220: ... preparing to launch node of type [rosout/rosout]
[roslaunch][INFO] 2024-10-17 21:45:40,221: create_node_process: package[rosout] type[rosout] machine[Machine(name[] env_loader[None] address[localhost] ssh_port[22] user[None] assignable[True] timeout[10.0])] master_uri[http://localhost:11311]
[roslaunch][INFO] 2024-10-17 21:45:40,221: process[rosout-1]: env[{'GOPATH': '/home/unitree/work', 'ROS_DISTRO': 'melodic', 'GNOME_SESSION_XDG_SESSION_PATH': '', 'LC_NUMERIC': 'zh_CN.UTF-8', 'QT4_IM_MODULE': 'xim', 'COLORTERM': 'truecolor', 'XDG_CURRENT_DESKTOP': 'Unity:Unity7:ubuntu', 'XDG_SESSION_TYPE': 'x11', 'ROSLISP_PACKAGE_DIRECTORIES': '/home/unitree/catkin_ws/devel/share/common-lisp', 'QT_IM_MODULE': 'ibus', 'LOGNAME': 'unitree', 'USER': 'unitree', 'PATH': '/opt/ros/melodic/bin:/usr/local/sbin:/usr/local/bin:/usr/sbin:/usr/bin:/sbin:/bin:/usr/games:/usr/local/games:/snap/bin:/usr/local/go/bin:/home/unitree/work/bin', 'LC_PAPER': 'zh_CN.UTF-8', 'HOME': '/home/unitree', 'CMAKE_PREFIX_PATH': '/home/unitree/catkin_ws/devel:/opt/ros/melodic', 'ROS_LOG_FILENAME': '/home/unitree/.ros/log/16b10c34-8c8e-11ef-9a64-48b02d15d5f5/roslaunch-nx-8207.log', 'LANG': 'en_US.UTF-8', 'MANAGERPID': '7015', 'SHELL': '/bin/bash', 'XAUTHORITY': '/run/user/1000/gdm/Xauthority', 'JOURNAL_STREAM': '8:36534', 'SESSION_MANAGER': 'local/nx:@/tmp/.ICE-unix/7316,unix/nx:/tmp/.ICE-unix/7316', 'LC_MEASUREMENT': 'zh_CN.UTF-8', 'CLUTTER_IM_MODULE': 'xim', 'DISPLAY': ':0', 'GTK_CSD': '0', 'GNOME_DESKTOP_SESSION_ID': 'this-is-deprecated', 'QT_ACCESSIBILITY': '1', 'WINDOWPATH': '1', 'DESKTOP_AUTOSTART_ID': '10999b6e49c770321172917268517261100000073160002', 'XMODIFIERS': '@im=ibus', 'ROS_ETC_DIR': '/opt/ros/melodic/etc/ros', 'GPG_AGENT_INFO': '/run/user/1000/gnupg/S.gpg-agent:0:1', 'ROS_PYTHON_VERSION': '2', 'INVOCATION_ID': 'bba8e02079114ef383723a3d3b1c93a4', 'USERNAME': 'unitree', 'XDG_SESSION_DESKTOP': 'unity', 'XDG_RUNTIME_DIR': '/run/user/1000', 'SUDO_ASKPASS': '/home/unitree/RobotSLAMSystem/slam_planner/PASSWD', 'LC_IDENTIFICATION': 'zh_CN.UTF-8', 'LC_ADDRESS': 'zh_CN.UTF-8', 'PYTHONPATH': '/home/unitree/catkin_ws/devel/lib/python2.7/dist-packages:/opt/ros/melodic/lib/python2.7/dist-packages', 'SSH_AUTH_SOCK': '/run/user/1000/keyring/ssh', 'TERM': 'xterm-256color', 'ROS_ROOT': '/opt/ros/melodic/share/ros', 'GDMSESSION': 'unity', 'IM_CONFIG_PHASE': '2', 'TEXTDOMAINDIR': '/usr/share/locale/', 'DESKTOP_SESSION': 'unity', 'XDG_DATA_DIRS': '/usr/share/unity:/usr/local/share/:/usr/share/:/var/lib/snapd/desktop', 'PKG_CONFIG_PATH': '/home/unitree/catkin_ws/devel/lib/pkgconfig:/opt/ros/melodic/lib/pkgconfig', 'ROS_PACKAGE_PATH': '/home/unitree/catkin_ws/src:/opt/ros/melodic/share', 'DBUS_SESSION_BUS_ADDRESS': 'unix:path=/run/user/1000/bus', '_': '/opt/ros/melodic/bin/roslaunch', 'GTK_MODULES': 'gail:atk-bridge:unity-gtk-module', 'LD_PRELOAD': 'libgtk3-nocsd.so.0', 'GTK_IM_MODULE': 'ibus', 'LD_LIBRARY_PATH': '/home/unitree/catkin_ws/devel/lib:/opt/ros/melodic/lib', 'XDG_CONFIG_DIRS': '/etc/xdg/xdg-unity:/etc/xdg', 'GNOME_TERMINAL_SERVICE': ':1.92', 'VTE_VERSION': '5202', 'LC_TELEPHONE': 'zh_CN.UTF-8', 'LC_MONETARY': 'zh_CN.UTF-8', 'SHLVL': '2', 'PWD': '/home/unitree', 'ROS_MASTER_URI': 'http://localhost:11311', 'SSH_AGENT_LAUNCHER': 'gnome-keyring', 'ROS_VERSION': '1', 'TEXTDOMAIN': 'im-config', 'LC_NAME': 'zh_CN.UTF-8', 'XDG_MENU_PREFIX': 'gnome-', 'LC_TIME': 'zh_CN.UTF-8', 'GNOME_TERMINAL_SCREEN': '/org/gnome/Terminal/screen/6c1c6a93_35df_4270_bd86_ef77e36648c2'}]
[roslaunch][INFO] 2024-10-17 21:45:40,372: process[rosout-1]: args[[u'/opt/ros/melodic/lib/rosout/rosout', u'__name:=rosout']]
[roslaunch][INFO] 2024-10-17 21:45:40,372: ... created process [rosout-1]
[roslaunch.pmon][INFO] 2024-10-17 21:45:40,373: ProcessMonitor.register[rosout-1]
[roslaunch.pmon][INFO] 2024-10-17 21:45:40,374: ProcessMonitor.register[rosout-1] complete
[roslaunch][INFO] 2024-10-17 21:45:40,374: ... registered process [rosout-1]
[roslaunch][INFO] 2024-10-17 21:45:40,374: process[rosout-1]: starting os process
[roslaunch][INFO] 2024-10-17 21:45:40,375: process[rosout-1]: start w/ args [[u'/opt/ros/melodic/lib/rosout/rosout', u'__name:=rosout', u'__log:=/home/unitree/.ros/log/16b10c34-8c8e-11ef-9a64-48b02d15d5f5/rosout-1.log']]
[roslaunch][INFO] 2024-10-17 21:45:40,375: process[rosout-1]: cwd will be [/home/unitree/.ros]
[roslaunch][INFO] 2024-10-17 21:45:40,443: process[rosout-1]: started with pid [8315]
[roslaunch][INFO] 2024-10-17 21:45:40,445: ... successfully launched [rosout-1]
[roslaunch][INFO] 2024-10-17 21:45:40,446: load_parameters starting ...
[roslaunch][INFO] 2024-10-17 21:45:40,555: ... load_parameters complete
[roslaunch][INFO] 2024-10-17 21:45:40,556: launch_nodes: launching local nodes ...
[roslaunch][INFO] 2024-10-17 21:45:40,557: ... preparing to launch node of type [slamware_ros_sdk/slamware_ros_sdk_server_node]
[roslaunch][INFO] 2024-10-17 21:45:40,558: create_node_process: package[slamware_ros_sdk] type[slamware_ros_sdk_server_node] machine[Machine(name[] env_loader[None] address[localhost] ssh_port[22] user[None] assignable[True] timeout[10.0])] master_uri[http://localhost:11311]
[roslaunch][INFO] 2024-10-17 21:45:40,558: process[slamware_ros_sdk_server_node-2]: env[{'GOPATH': '/home/unitree/work', 'ROS_DISTRO': 'melodic', 'GNOME_SESSION_XDG_SESSION_PATH': '', 'LC_NUMERIC': 'zh_CN.UTF-8', 'QT4_IM_MODULE': 'xim', 'COLORTERM': 'truecolor', 'XDG_CURRENT_DESKTOP': 'Unity:Unity7:ubuntu', 'XDG_SESSION_TYPE': 'x11', 'ROSLISP_PACKAGE_DIRECTORIES': '/home/unitree/catkin_ws/devel/share/common-lisp', 'QT_IM_MODULE': 'ibus', 'LOGNAME': 'unitree', 'USER': 'unitree', 'PATH': '/opt/ros/melodic/bin:/usr/local/sbin:/usr/local/bin:/usr/sbin:/usr/bin:/sbin:/bin:/usr/games:/usr/local/games:/snap/bin:/usr/local/go/bin:/home/unitree/work/bin', 'LC_PAPER': 'zh_CN.UTF-8', 'HOME': '/home/unitree', 'CMAKE_PREFIX_PATH': '/home/unitree/catkin_ws/devel:/opt/ros/melodic', 'ROS_LOG_FILENAME': '/home/unitree/.ros/log/16b10c34-8c8e-11ef-9a64-48b02d15d5f5/roslaunch-nx-8207.log', 'LANG': 'en_US.UTF-8', 'MANAGERPID': '7015', 'SHELL': '/bin/bash', 'XAUTHORITY': '/run/user/1000/gdm/Xauthority', 'JOURNAL_STREAM': '8:36534', 'SESSION_MANAGER': 'local/nx:@/tmp/.ICE-unix/7316,unix/nx:/tmp/.ICE-unix/7316', 'LC_MEASUREMENT': 'zh_CN.UTF-8', 'CLUTTER_IM_MODULE': 'xim', 'DISPLAY': ':0', 'GTK_CSD': '0', 'GNOME_DESKTOP_SESSION_ID': 'this-is-deprecated', 'QT_ACCESSIBILITY': '1', 'WINDOWPATH': '1', 'DESKTOP_AUTOSTART_ID': '10999b6e49c770321172917268517261100000073160002', 'XMODIFIERS': '@im=ibus', 'ROS_ETC_DIR': '/opt/ros/melodic/etc/ros', 'GPG_AGENT_INFO': '/run/user/1000/gnupg/S.gpg-agent:0:1', 'ROS_PYTHON_VERSION': '2', 'INVOCATION_ID': 'bba8e02079114ef383723a3d3b1c93a4', 'USERNAME': 'unitree', 'XDG_SESSION_DESKTOP': 'unity', 'XDG_RUNTIME_DIR': '/run/user/1000', 'SUDO_ASKPASS': '/home/unitree/RobotSLAMSystem/slam_planner/PASSWD', 'LC_IDENTIFICATION': 'zh_CN.UTF-8', 'LC_ADDRESS': 'zh_CN.UTF-8', 'PYTHONPATH': '/home/unitree/catkin_ws/devel/lib/python2.7/dist-packages:/opt/ros/melodic/lib/python2.7/dist-packages', 'SSH_AUTH_SOCK': '/run/user/1000/keyring/ssh', 'TERM': 'xterm-256color', 'ROS_ROOT': '/opt/ros/melodic/share/ros', 'GDMSESSION': 'unity', 'IM_CONFIG_PHASE': '2', 'TEXTDOMAINDIR': '/usr/share/locale/', 'DESKTOP_SESSION': 'unity', 'XDG_DATA_DIRS': '/usr/share/unity:/usr/local/share/:/usr/share/:/var/lib/snapd/desktop', 'PKG_CONFIG_PATH': '/home/unitree/catkin_ws/devel/lib/pkgconfig:/opt/ros/melodic/lib/pkgconfig', 'ROS_PACKAGE_PATH': '/home/unitree/catkin_ws/src:/opt/ros/melodic/share', 'DBUS_SESSION_BUS_ADDRESS': 'unix:path=/run/user/1000/bus', '_': '/opt/ros/melodic/bin/roslaunch', 'GTK_MODULES': 'gail:atk-bridge:unity-gtk-module', 'LD_PRELOAD': 'libgtk3-nocsd.so.0', 'GTK_IM_MODULE': 'ibus', 'LD_LIBRARY_PATH': '/home/unitree/catkin_ws/devel/lib:/opt/ros/melodic/lib', 'XDG_CONFIG_DIRS': '/etc/xdg/xdg-unity:/etc/xdg', 'GNOME_TERMINAL_SERVICE': ':1.92', 'VTE_VERSION': '5202', 'LC_TELEPHONE': 'zh_CN.UTF-8', 'LC_MONETARY': 'zh_CN.UTF-8', 'SHLVL': '2', 'PWD': '/home/unitree', 'ROS_MASTER_URI': 'http://localhost:11311', 'SSH_AGENT_LAUNCHER': 'gnome-keyring', 'ROS_VERSION': '1', 'TEXTDOMAIN': 'im-config', 'LC_NAME': 'zh_CN.UTF-8', 'XDG_MENU_PREFIX': 'gnome-', 'LC_TIME': 'zh_CN.UTF-8', 'GNOME_TERMINAL_SCREEN': '/org/gnome/Terminal/screen/6c1c6a93_35df_4270_bd86_ef77e36648c2'}]
[roslaunch][INFO] 2024-10-17 21:45:40,695: process[slamware_ros_sdk_server_node-2]: args[[u'/home/unitree/catkin_ws/devel/lib/slamware_ros_sdk/slamware_ros_sdk_server_node', u'/cmd_vel:=/cmd_vel', u'/move_base_simple/goal:=/move_base_simple/goal', u'/slamware_ros_sdk_server_node/scan:=scan', u'/slamware_ros_sdk_server_node/odom:=odom', u'/slamware_ros_sdk_server_node/map:=map', u'map_metadata:=map_metadata', u'global_plan_path:=global_plan_path', u'__name:=slamware_ros_sdk_server_node']]
[roslaunch][INFO] 2024-10-17 21:45:40,696: ... created process [slamware_ros_sdk_server_node-2]
[roslaunch.pmon][INFO] 2024-10-17 21:45:40,696: ProcessMonitor.register[slamware_ros_sdk_server_node-2]
[roslaunch.pmon][INFO] 2024-10-17 21:45:40,696: ProcessMonitor.register[slamware_ros_sdk_server_node-2] complete
[roslaunch][INFO] 2024-10-17 21:45:40,697: ... registered process [slamware_ros_sdk_server_node-2]
[roslaunch][INFO] 2024-10-17 21:45:40,697: process[slamware_ros_sdk_server_node-2]: starting os process
[roslaunch][INFO] 2024-10-17 21:45:40,698: process[slamware_ros_sdk_server_node-2]: start w/ args [[u'/home/unitree/catkin_ws/devel/lib/slamware_ros_sdk/slamware_ros_sdk_server_node', u'/cmd_vel:=/cmd_vel', u'/move_base_simple/goal:=/move_base_simple/goal', u'/slamware_ros_sdk_server_node/scan:=scan', u'/slamware_ros_sdk_server_node/odom:=odom', u'/slamware_ros_sdk_server_node/map:=map', u'map_metadata:=map_metadata', u'global_plan_path:=global_plan_path', u'__name:=slamware_ros_sdk_server_node', u'__log:=/home/unitree/.ros/log/16b10c34-8c8e-11ef-9a64-48b02d15d5f5/slamware_ros_sdk_server_node-2.log']]
[roslaunch][INFO] 2024-10-17 21:45:40,698: process[slamware_ros_sdk_server_node-2]: cwd will be [/home/unitree/.ros]
[roslaunch][INFO] 2024-10-17 21:45:40,797: process[slamware_ros_sdk_server_node-2]: started with pid [8319]
[roslaunch][INFO] 2024-10-17 21:45:40,799: ... successfully launched [slamware_ros_sdk_server_node-2]
[roslaunch][INFO] 2024-10-17 21:45:40,799: ... preparing to launch node of type [tf/static_transform_publisher]
[roslaunch][INFO] 2024-10-17 21:45:40,800: create_node_process: package[tf] type[static_transform_publisher] machine[Machine(name[] env_loader[None] address[localhost] ssh_port[22] user[None] assignable[True] timeout[10.0])] master_uri[http://localhost:11311]
[roslaunch][INFO] 2024-10-17 21:45:40,801: process[map2odom-3]: env[{'GOPATH': '/home/unitree/work', 'ROS_DISTRO': 'melodic', 'GNOME_SESSION_XDG_SESSION_PATH': '', 'LC_NUMERIC': 'zh_CN.UTF-8', 'QT4_IM_MODULE': 'xim', 'COLORTERM': 'truecolor', 'XDG_CURRENT_DESKTOP': 'Unity:Unity7:ubuntu', 'XDG_SESSION_TYPE': 'x11', 'ROSLISP_PACKAGE_DIRECTORIES': '/home/unitree/catkin_ws/devel/share/common-lisp', 'QT_IM_MODULE': 'ibus', 'LOGNAME': 'unitree', 'USER': 'unitree', 'PATH': '/opt/ros/melodic/bin:/usr/local/sbin:/usr/local/bin:/usr/sbin:/usr/bin:/sbin:/bin:/usr/games:/usr/local/games:/snap/bin:/usr/local/go/bin:/home/unitree/work/bin', 'LC_PAPER': 'zh_CN.UTF-8', 'HOME': '/home/unitree', 'CMAKE_PREFIX_PATH': '/home/unitree/catkin_ws/devel:/opt/ros/melodic', 'ROS_LOG_FILENAME': '/home/unitree/.ros/log/16b10c34-8c8e-11ef-9a64-48b02d15d5f5/roslaunch-nx-8207.log', 'LANG': 'en_US.UTF-8', 'MANAGERPID': '7015', 'SHELL': '/bin/bash', 'XAUTHORITY': '/run/user/1000/gdm/Xauthority', 'JOURNAL_STREAM': '8:36534', 'SESSION_MANAGER': 'local/nx:@/tmp/.ICE-unix/7316,unix/nx:/tmp/.ICE-unix/7316', 'LC_MEASUREMENT': 'zh_CN.UTF-8', 'CLUTTER_IM_MODULE': 'xim', 'DISPLAY': ':0', 'GTK_CSD': '0', 'GNOME_DESKTOP_SESSION_ID': 'this-is-deprecated', 'QT_ACCESSIBILITY': '1', 'WINDOWPATH': '1', 'DESKTOP_AUTOSTART_ID': '10999b6e49c770321172917268517261100000073160002', 'XMODIFIERS': '@im=ibus', 'ROS_ETC_DIR': '/opt/ros/melodic/etc/ros', 'GPG_AGENT_INFO': '/run/user/1000/gnupg/S.gpg-agent:0:1', 'ROS_PYTHON_VERSION': '2', 'INVOCATION_ID': 'bba8e02079114ef383723a3d3b1c93a4', 'USERNAME': 'unitree', 'XDG_SESSION_DESKTOP': 'unity', 'XDG_RUNTIME_DIR': '/run/user/1000', 'SUDO_ASKPASS': '/home/unitree/RobotSLAMSystem/slam_planner/PASSWD', 'LC_IDENTIFICATION': 'zh_CN.UTF-8', 'LC_ADDRESS': 'zh_CN.UTF-8', 'PYTHONPATH': '/home/unitree/catkin_ws/devel/lib/python2.7/dist-packages:/opt/ros/melodic/lib/python2.7/dist-packages', 'SSH_AUTH_SOCK': '/run/user/1000/keyring/ssh', 'TERM': 'xterm-256color', 'ROS_ROOT': '/opt/ros/melodic/share/ros', 'GDMSESSION': 'unity', 'IM_CONFIG_PHASE': '2', 'TEXTDOMAINDIR': '/usr/share/locale/', 'DESKTOP_SESSION': 'unity', 'XDG_DATA_DIRS': '/usr/share/unity:/usr/local/share/:/usr/share/:/var/lib/snapd/desktop', 'PKG_CONFIG_PATH': '/home/unitree/catkin_ws/devel/lib/pkgconfig:/opt/ros/melodic/lib/pkgconfig', 'ROS_PACKAGE_PATH': '/home/unitree/catkin_ws/src:/opt/ros/melodic/share', 'DBUS_SESSION_BUS_ADDRESS': 'unix:path=/run/user/1000/bus', '_': '/opt/ros/melodic/bin/roslaunch', 'GTK_MODULES': 'gail:atk-bridge:unity-gtk-module', 'LD_PRELOAD': 'libgtk3-nocsd.so.0', 'GTK_IM_MODULE': 'ibus', 'LD_LIBRARY_PATH': '/home/unitree/catkin_ws/devel/lib:/opt/ros/melodic/lib', 'XDG_CONFIG_DIRS': '/etc/xdg/xdg-unity:/etc/xdg', 'GNOME_TERMINAL_SERVICE': ':1.92', 'VTE_VERSION': '5202', 'LC_TELEPHONE': 'zh_CN.UTF-8', 'LC_MONETARY': 'zh_CN.UTF-8', 'SHLVL': '2', 'PWD': '/home/unitree', 'ROS_MASTER_URI': 'http://localhost:11311', 'SSH_AGENT_LAUNCHER': 'gnome-keyring', 'ROS_VERSION': '1', 'TEXTDOMAIN': 'im-config', 'LC_NAME': 'zh_CN.UTF-8', 'XDG_MENU_PREFIX': 'gnome-', 'LC_TIME': 'zh_CN.UTF-8', 'GNOME_TERMINAL_SCREEN': '/org/gnome/Terminal/screen/6c1c6a93_35df_4270_bd86_ef77e36648c2'}]
[roslaunch][INFO] 2024-10-17 21:45:40,857: process[map2odom-3]: args[[u'/opt/ros/melodic/lib/tf/static_transform_publisher', '0', '0', '0', '0', '0', '0', '1', '/map', '/odom', '100', u'__name:=map2odom']]
[roslaunch][INFO] 2024-10-17 21:45:40,858: ... created process [map2odom-3]
[roslaunch.pmon][INFO] 2024-10-17 21:45:40,858: ProcessMonitor.register[map2odom-3]
[roslaunch.pmon][INFO] 2024-10-17 21:45:40,859: ProcessMonitor.register[map2odom-3] complete
[roslaunch][INFO] 2024-10-17 21:45:40,859: ... registered process [map2odom-3]
[roslaunch][INFO] 2024-10-17 21:45:40,860: process[map2odom-3]: starting os process
[roslaunch][INFO] 2024-10-17 21:45:40,861: process[map2odom-3]: start w/ args [[u'/opt/ros/melodic/lib/tf/static_transform_publisher', '0', '0', '0', '0', '0', '0', '1', '/map', '/odom', '100', u'__name:=map2odom', u'__log:=/home/unitree/.ros/log/16b10c34-8c8e-11ef-9a64-48b02d15d5f5/map2odom-3.log']]
[roslaunch][INFO] 2024-10-17 21:45:40,861: process[map2odom-3]: cwd will be [/home/unitree/.ros]
[roslaunch][INFO] 2024-10-17 21:45:40,950: process[map2odom-3]: started with pid [8320]
[roslaunch][INFO] 2024-10-17 21:45:40,952: ... successfully launched [map2odom-3]
[roslaunch][INFO] 2024-10-17 21:45:40,953: ... preparing to launch node of type [tf/static_transform_publisher]
[roslaunch][INFO] 2024-10-17 21:45:40,953: create_node_process: package[tf] type[static_transform_publisher] machine[Machine(name[] env_loader[None] address[localhost] ssh_port[22] user[None] assignable[True] timeout[10.0])] master_uri[http://localhost:11311]
[roslaunch][INFO] 2024-10-17 21:45:40,955: process[base2laser-4]: env[{'GOPATH': '/home/unitree/work', 'ROS_DISTRO': 'melodic', 'GNOME_SESSION_XDG_SESSION_PATH': '', 'LC_NUMERIC': 'zh_CN.UTF-8', 'QT4_IM_MODULE': 'xim', 'COLORTERM': 'truecolor', 'XDG_CURRENT_DESKTOP': 'Unity:Unity7:ubuntu', 'XDG_SESSION_TYPE': 'x11', 'ROSLISP_PACKAGE_DIRECTORIES': '/home/unitree/catkin_ws/devel/share/common-lisp', 'QT_IM_MODULE': 'ibus', 'LOGNAME': 'unitree', 'USER': 'unitree', 'PATH': '/opt/ros/melodic/bin:/usr/local/sbin:/usr/local/bin:/usr/sbin:/usr/bin:/sbin:/bin:/usr/games:/usr/local/games:/snap/bin:/usr/local/go/bin:/home/unitree/work/bin', 'LC_PAPER': 'zh_CN.UTF-8', 'HOME': '/home/unitree', 'CMAKE_PREFIX_PATH': '/home/unitree/catkin_ws/devel:/opt/ros/melodic', 'ROS_LOG_FILENAME': '/home/unitree/.ros/log/16b10c34-8c8e-11ef-9a64-48b02d15d5f5/roslaunch-nx-8207.log', 'LANG': 'en_US.UTF-8', 'MANAGERPID': '7015', 'SHELL': '/bin/bash', 'XAUTHORITY': '/run/user/1000/gdm/Xauthority', 'JOURNAL_STREAM': '8:36534', 'SESSION_MANAGER': 'local/nx:@/tmp/.ICE-unix/7316,unix/nx:/tmp/.ICE-unix/7316', 'LC_MEASUREMENT': 'zh_CN.UTF-8', 'CLUTTER_IM_MODULE': 'xim', 'DISPLAY': ':0', 'GTK_CSD': '0', 'GNOME_DESKTOP_SESSION_ID': 'this-is-deprecated', 'QT_ACCESSIBILITY': '1', 'WINDOWPATH': '1', 'DESKTOP_AUTOSTART_ID': '10999b6e49c770321172917268517261100000073160002', 'XMODIFIERS': '@im=ibus', 'ROS_ETC_DIR': '/opt/ros/melodic/etc/ros', 'GPG_AGENT_INFO': '/run/user/1000/gnupg/S.gpg-agent:0:1', 'ROS_PYTHON_VERSION': '2', 'INVOCATION_ID': 'bba8e02079114ef383723a3d3b1c93a4', 'USERNAME': 'unitree', 'XDG_SESSION_DESKTOP': 'unity', 'XDG_RUNTIME_DIR': '/run/user/1000', 'SUDO_ASKPASS': '/home/unitree/RobotSLAMSystem/slam_planner/PASSWD', 'LC_IDENTIFICATION': 'zh_CN.UTF-8', 'LC_ADDRESS': 'zh_CN.UTF-8', 'PYTHONPATH': '/home/unitree/catkin_ws/devel/lib/python2.7/dist-packages:/opt/ros/melodic/lib/python2.7/dist-packages', 'SSH_AUTH_SOCK': '/run/user/1000/keyring/ssh', 'TERM': 'xterm-256color', 'ROS_ROOT': '/opt/ros/melodic/share/ros', 'GDMSESSION': 'unity', 'IM_CONFIG_PHASE': '2', 'TEXTDOMAINDIR': '/usr/share/locale/', 'DESKTOP_SESSION': 'unity', 'XDG_DATA_DIRS': '/usr/share/unity:/usr/local/share/:/usr/share/:/var/lib/snapd/desktop', 'PKG_CONFIG_PATH': '/home/unitree/catkin_ws/devel/lib/pkgconfig:/opt/ros/melodic/lib/pkgconfig', 'ROS_PACKAGE_PATH': '/home/unitree/catkin_ws/src:/opt/ros/melodic/share', 'DBUS_SESSION_BUS_ADDRESS': 'unix:path=/run/user/1000/bus', '_': '/opt/ros/melodic/bin/roslaunch', 'GTK_MODULES': 'gail:atk-bridge:unity-gtk-module', 'LD_PRELOAD': 'libgtk3-nocsd.so.0', 'GTK_IM_MODULE': 'ibus', 'LD_LIBRARY_PATH': '/home/unitree/catkin_ws/devel/lib:/opt/ros/melodic/lib', 'XDG_CONFIG_DIRS': '/etc/xdg/xdg-unity:/etc/xdg', 'GNOME_TERMINAL_SERVICE': ':1.92', 'VTE_VERSION': '5202', 'LC_TELEPHONE': 'zh_CN.UTF-8', 'LC_MONETARY': 'zh_CN.UTF-8', 'SHLVL': '2', 'PWD': '/home/unitree', 'ROS_MASTER_URI': 'http://localhost:11311', 'SSH_AGENT_LAUNCHER': 'gnome-keyring', 'ROS_VERSION': '1', 'TEXTDOMAIN': 'im-config', 'LC_NAME': 'zh_CN.UTF-8', 'XDG_MENU_PREFIX': 'gnome-', 'LC_TIME': 'zh_CN.UTF-8', 'GNOME_TERMINAL_SCREEN': '/org/gnome/Terminal/screen/6c1c6a93_35df_4270_bd86_ef77e36648c2'}]
[roslaunch][INFO] 2024-10-17 21:45:40,960: process[base2laser-4]: args[[u'/opt/ros/melodic/lib/tf/static_transform_publisher', '0', '0', '0', '0', '0', '0', '1', '/base_link', '/laser', '100', u'__name:=base2laser']]
[roslaunch][INFO] 2024-10-17 21:45:40,960: ... created process [base2laser-4]
[roslaunch.pmon][INFO] 2024-10-17 21:45:40,961: ProcessMonitor.register[base2laser-4]
[roslaunch.pmon][INFO] 2024-10-17 21:45:40,961: ProcessMonitor.register[base2laser-4] complete
[roslaunch][INFO] 2024-10-17 21:45:40,961: ... registered process [base2laser-4]
[roslaunch][INFO] 2024-10-17 21:45:40,962: process[base2laser-4]: starting os process
[roslaunch][INFO] 2024-10-17 21:45:40,963: process[base2laser-4]: start w/ args [[u'/opt/ros/melodic/lib/tf/static_transform_publisher', '0', '0', '0', '0', '0', '0', '1', '/base_link', '/laser', '100', u'__name:=base2laser', u'__log:=/home/unitree/.ros/log/16b10c34-8c8e-11ef-9a64-48b02d15d5f5/base2laser-4.log']]
[roslaunch][INFO] 2024-10-17 21:45:40,963: process[base2laser-4]: cwd will be [/home/unitree/.ros]
[roslaunch][INFO] 2024-10-17 21:45:40,975: process[base2laser-4]: started with pid [8321]
[roslaunch][INFO] 2024-10-17 21:45:40,977: ... successfully launched [base2laser-4]
[roslaunch][INFO] 2024-10-17 21:45:40,977: ... preparing to launch node of type [tf/static_transform_publisher]
[roslaunch][INFO] 2024-10-17 21:45:40,978: create_node_process: package[tf] type[static_transform_publisher] machine[Machine(name[] env_loader[None] address[localhost] ssh_port[22] user[None] assignable[True] timeout[10.0])] master_uri[http://localhost:11311]
[roslaunch][INFO] 2024-10-17 21:45:40,979: process[laser2foot-5]: env[{'GOPATH': '/home/unitree/work', 'ROS_DISTRO': 'melodic', 'GNOME_SESSION_XDG_SESSION_PATH': '', 'LC_NUMERIC': 'zh_CN.UTF-8', 'QT4_IM_MODULE': 'xim', 'COLORTERM': 'truecolor', 'XDG_CURRENT_DESKTOP': 'Unity:Unity7:ubuntu', 'XDG_SESSION_TYPE': 'x11', 'ROSLISP_PACKAGE_DIRECTORIES': '/home/unitree/catkin_ws/devel/share/common-lisp', 'QT_IM_MODULE': 'ibus', 'LOGNAME': 'unitree', 'USER': 'unitree', 'PATH': '/opt/ros/melodic/bin:/usr/local/sbin:/usr/local/bin:/usr/sbin:/usr/bin:/sbin:/bin:/usr/games:/usr/local/games:/snap/bin:/usr/local/go/bin:/home/unitree/work/bin', 'LC_PAPER': 'zh_CN.UTF-8', 'HOME': '/home/unitree', 'CMAKE_PREFIX_PATH': '/home/unitree/catkin_ws/devel:/opt/ros/melodic', 'ROS_LOG_FILENAME': '/home/unitree/.ros/log/16b10c34-8c8e-11ef-9a64-48b02d15d5f5/roslaunch-nx-8207.log', 'LANG': 'en_US.UTF-8', 'MANAGERPID': '7015', 'SHELL': '/bin/bash', 'XAUTHORITY': '/run/user/1000/gdm/Xauthority', 'JOURNAL_STREAM': '8:36534', 'SESSION_MANAGER': 'local/nx:@/tmp/.ICE-unix/7316,unix/nx:/tmp/.ICE-unix/7316', 'LC_MEASUREMENT': 'zh_CN.UTF-8', 'CLUTTER_IM_MODULE': 'xim', 'DISPLAY': ':0', 'GTK_CSD': '0', 'GNOME_DESKTOP_SESSION_ID': 'this-is-deprecated', 'QT_ACCESSIBILITY': '1', 'WINDOWPATH': '1', 'DESKTOP_AUTOSTART_ID': '10999b6e49c770321172917268517261100000073160002', 'XMODIFIERS': '@im=ibus', 'ROS_ETC_DIR': '/opt/ros/melodic/etc/ros', 'GPG_AGENT_INFO': '/run/user/1000/gnupg/S.gpg-agent:0:1', 'ROS_PYTHON_VERSION': '2', 'INVOCATION_ID': 'bba8e02079114ef383723a3d3b1c93a4', 'USERNAME': 'unitree', 'XDG_SESSION_DESKTOP': 'unity', 'XDG_RUNTIME_DIR': '/run/user/1000', 'SUDO_ASKPASS': '/home/unitree/RobotSLAMSystem/slam_planner/PASSWD', 'LC_IDENTIFICATION': 'zh_CN.UTF-8', 'LC_ADDRESS': 'zh_CN.UTF-8', 'PYTHONPATH': '/home/unitree/catkin_ws/devel/lib/python2.7/dist-packages:/opt/ros/melodic/lib/python2.7/dist-packages', 'SSH_AUTH_SOCK': '/run/user/1000/keyring/ssh', 'TERM': 'xterm-256color', 'ROS_ROOT': '/opt/ros/melodic/share/ros', 'GDMSESSION': 'unity', 'IM_CONFIG_PHASE': '2', 'TEXTDOMAINDIR': '/usr/share/locale/', 'DESKTOP_SESSION': 'unity', 'XDG_DATA_DIRS': '/usr/share/unity:/usr/local/share/:/usr/share/:/var/lib/snapd/desktop', 'PKG_CONFIG_PATH': '/home/unitree/catkin_ws/devel/lib/pkgconfig:/opt/ros/melodic/lib/pkgconfig', 'ROS_PACKAGE_PATH': '/home/unitree/catkin_ws/src:/opt/ros/melodic/share', 'DBUS_SESSION_BUS_ADDRESS': 'unix:path=/run/user/1000/bus', '_': '/opt/ros/melodic/bin/roslaunch', 'GTK_MODULES': 'gail:atk-bridge:unity-gtk-module', 'LD_PRELOAD': 'libgtk3-nocsd.so.0', 'GTK_IM_MODULE': 'ibus', 'LD_LIBRARY_PATH': '/home/unitree/catkin_ws/devel/lib:/opt/ros/melodic/lib', 'XDG_CONFIG_DIRS': '/etc/xdg/xdg-unity:/etc/xdg', 'GNOME_TERMINAL_SERVICE': ':1.92', 'VTE_VERSION': '5202', 'LC_TELEPHONE': 'zh_CN.UTF-8', 'LC_MONETARY': 'zh_CN.UTF-8', 'SHLVL': '2', 'PWD': '/home/unitree', 'ROS_MASTER_URI': 'http://localhost:11311', 'SSH_AGENT_LAUNCHER': 'gnome-keyring', 'ROS_VERSION': '1', 'TEXTDOMAIN': 'im-config', 'LC_NAME': 'zh_CN.UTF-8', 'XDG_MENU_PREFIX': 'gnome-', 'LC_TIME': 'zh_CN.UTF-8', 'GNOME_TERMINAL_SCREEN': '/org/gnome/Terminal/screen/6c1c6a93_35df_4270_bd86_ef77e36648c2'}]
[roslaunch][INFO] 2024-10-17 21:45:40,983: process[laser2foot-5]: args[[u'/opt/ros/melodic/lib/tf/static_transform_publisher', '0', '0', '0', '0', '0', '0', '1', '/laser', '/base_footprint', '100', u'__name:=laser2foot']]
[roslaunch][INFO] 2024-10-17 21:45:40,984: ... created process [laser2foot-5]
[roslaunch.pmon][INFO] 2024-10-17 21:45:40,984: ProcessMonitor.register[laser2foot-5]
[roslaunch.pmon][INFO] 2024-10-17 21:45:40,985: ProcessMonitor.register[laser2foot-5] complete
[roslaunch][INFO] 2024-10-17 21:45:40,985: ... registered process [laser2foot-5]
[roslaunch][INFO] 2024-10-17 21:45:40,985: process[laser2foot-5]: starting os process
[roslaunch][INFO] 2024-10-17 21:45:40,986: process[laser2foot-5]: start w/ args [[u'/opt/ros/melodic/lib/tf/static_transform_publisher', '0', '0', '0', '0', '0', '0', '1', '/laser', '/base_footprint', '100', u'__name:=laser2foot', u'__log:=/home/unitree/.ros/log/16b10c34-8c8e-11ef-9a64-48b02d15d5f5/laser2foot-5.log']]
[roslaunch][INFO] 2024-10-17 21:45:40,987: process[laser2foot-5]: cwd will be [/home/unitree/.ros]
[roslaunch][INFO] 2024-10-17 21:45:40,998: process[laser2foot-5]: started with pid [8322]
[roslaunch][INFO] 2024-10-17 21:45:40,999: ... successfully launched [laser2foot-5]
[roslaunch][INFO] 2024-10-17 21:45:41,000: ... preparing to launch node of type [slam_planner/slam_planner_node]
[roslaunch][INFO] 2024-10-17 21:45:41,000: create_node_process: package[slam_planner] type[slam_planner_node] machine[Machine(name[] env_loader[None] address[localhost] ssh_port[22] user[None] assignable[True] timeout[10.0])] master_uri[http://localhost:11311]
[roslaunch][INFO] 2024-10-17 21:45:41,001: process[slam_planner_node-6]: env[{'GOPATH': '/home/unitree/work', 'ROS_DISTRO': 'melodic', 'GNOME_SESSION_XDG_SESSION_PATH': '', 'LC_NUMERIC': 'zh_CN.UTF-8', 'QT4_IM_MODULE': 'xim', 'COLORTERM': 'truecolor', 'XDG_CURRENT_DESKTOP': 'Unity:Unity7:ubuntu', 'XDG_SESSION_TYPE': 'x11', 'ROSLISP_PACKAGE_DIRECTORIES': '/home/unitree/catkin_ws/devel/share/common-lisp', 'QT_IM_MODULE': 'ibus', 'LOGNAME': 'unitree', 'USER': 'unitree', 'PATH': '/opt/ros/melodic/bin:/usr/local/sbin:/usr/local/bin:/usr/sbin:/usr/bin:/sbin:/bin:/usr/games:/usr/local/games:/snap/bin:/usr/local/go/bin:/home/unitree/work/bin', 'LC_PAPER': 'zh_CN.UTF-8', 'HOME': '/home/unitree', 'CMAKE_PREFIX_PATH': '/home/unitree/catkin_ws/devel:/opt/ros/melodic', 'ROS_LOG_FILENAME': '/home/unitree/.ros/log/16b10c34-8c8e-11ef-9a64-48b02d15d5f5/roslaunch-nx-8207.log', 'LANG': 'en_US.UTF-8', 'MANAGERPID': '7015', 'SHELL': '/bin/bash', 'XAUTHORITY': '/run/user/1000/gdm/Xauthority', 'JOURNAL_STREAM': '8:36534', 'SESSION_MANAGER': 'local/nx:@/tmp/.ICE-unix/7316,unix/nx:/tmp/.ICE-unix/7316', 'LC_MEASUREMENT': 'zh_CN.UTF-8', 'CLUTTER_IM_MODULE': 'xim', 'DISPLAY': ':0', 'GTK_CSD': '0', 'GNOME_DESKTOP_SESSION_ID': 'this-is-deprecated', 'QT_ACCESSIBILITY': '1', 'WINDOWPATH': '1', 'DESKTOP_AUTOSTART_ID': '10999b6e49c770321172917268517261100000073160002', 'XMODIFIERS': '@im=ibus', 'ROS_ETC_DIR': '/opt/ros/melodic/etc/ros', 'GPG_AGENT_INFO': '/run/user/1000/gnupg/S.gpg-agent:0:1', 'ROS_PYTHON_VERSION': '2', 'INVOCATION_ID': 'bba8e02079114ef383723a3d3b1c93a4', 'USERNAME': 'unitree', 'XDG_SESSION_DESKTOP': 'unity', 'XDG_RUNTIME_DIR': '/run/user/1000', 'SUDO_ASKPASS': '/home/unitree/RobotSLAMSystem/slam_planner/PASSWD', 'LC_IDENTIFICATION': 'zh_CN.UTF-8', 'LC_ADDRESS': 'zh_CN.UTF-8', 'PYTHONPATH': '/home/unitree/catkin_ws/devel/lib/python2.7/dist-packages:/opt/ros/melodic/lib/python2.7/dist-packages', 'SSH_AUTH_SOCK': '/run/user/1000/keyring/ssh', 'TERM': 'xterm-256color', 'ROS_ROOT': '/opt/ros/melodic/share/ros', 'GDMSESSION': 'unity', 'IM_CONFIG_PHASE': '2', 'TEXTDOMAINDIR': '/usr/share/locale/', 'DESKTOP_SESSION': 'unity', 'XDG_DATA_DIRS': '/usr/share/unity:/usr/local/share/:/usr/share/:/var/lib/snapd/desktop', 'PKG_CONFIG_PATH': '/home/unitree/catkin_ws/devel/lib/pkgconfig:/opt/ros/melodic/lib/pkgconfig', 'ROS_PACKAGE_PATH': '/home/unitree/catkin_ws/src:/opt/ros/melodic/share', 'DBUS_SESSION_BUS_ADDRESS': 'unix:path=/run/user/1000/bus', '_': '/opt/ros/melodic/bin/roslaunch', 'GTK_MODULES': 'gail:atk-bridge:unity-gtk-module', 'LD_PRELOAD': 'libgtk3-nocsd.so.0', 'GTK_IM_MODULE': 'ibus', 'LD_LIBRARY_PATH': '/home/unitree/catkin_ws/devel/lib:/opt/ros/melodic/lib', 'XDG_CONFIG_DIRS': '/etc/xdg/xdg-unity:/etc/xdg', 'GNOME_TERMINAL_SERVICE': ':1.92', 'VTE_VERSION': '5202', 'LC_TELEPHONE': 'zh_CN.UTF-8', 'LC_MONETARY': 'zh_CN.UTF-8', 'SHLVL': '2', 'PWD': '/home/unitree', 'ROS_MASTER_URI': 'http://localhost:11311', 'SSH_AGENT_LAUNCHER': 'gnome-keyring', 'ROS_VERSION': '1', 'TEXTDOMAIN': 'im-config', 'LC_NAME': 'zh_CN.UTF-8', 'XDG_MENU_PREFIX': 'gnome-', 'LC_TIME': 'zh_CN.UTF-8', 'GNOME_TERMINAL_SCREEN': '/org/gnome/Terminal/screen/6c1c6a93_35df_4270_bd86_ef77e36648c2'}]
[roslaunch][INFO] 2024-10-17 21:45:41,006: process[slam_planner_node-6]: args[[u'/home/unitree/catkin_ws/devel/lib/slam_planner/slam_planner_node', u'__name:=slam_planner_node']]
[roslaunch][INFO] 2024-10-17 21:45:41,007: ... created process [slam_planner_node-6]
[roslaunch.pmon][INFO] 2024-10-17 21:45:41,007: ProcessMonitor.register[slam_planner_node-6]
[roslaunch.pmon][INFO] 2024-10-17 21:45:41,008: ProcessMonitor.register[slam_planner_node-6] complete
[roslaunch][INFO] 2024-10-17 21:45:41,008: ... registered process [slam_planner_node-6]
[roslaunch][INFO] 2024-10-17 21:45:41,008: process[slam_planner_node-6]: starting os process
[roslaunch][INFO] 2024-10-17 21:45:41,009: process[slam_planner_node-6]: start w/ args [[u'/home/unitree/catkin_ws/devel/lib/slam_planner/slam_planner_node', u'__name:=slam_planner_node', u'__log:=/home/unitree/.ros/log/16b10c34-8c8e-11ef-9a64-48b02d15d5f5/slam_planner_node-6.log']]
[roslaunch][INFO] 2024-10-17 21:45:41,009: process[slam_planner_node-6]: cwd will be [/home/unitree/.ros]
[roslaunch][INFO] 2024-10-17 21:45:41,053: process[slam_planner_node-6]: started with pid [8328]
[roslaunch][INFO] 2024-10-17 21:45:41,055: ... successfully launched [slam_planner_node-6]
[roslaunch][INFO] 2024-10-17 21:45:41,056: ... preparing to launch node of type [slam_planner/base_controller_node]
[roslaunch][INFO] 2024-10-17 21:45:41,056: create_node_process: package[slam_planner] type[base_controller_node] machine[Machine(name[] env_loader[None] address[localhost] ssh_port[22] user[None] assignable[True] timeout[10.0])] master_uri[http://localhost:11311]
[roslaunch][INFO] 2024-10-17 21:45:41,058: process[base_controller_node-7]: env[{'GOPATH': '/home/unitree/work', 'ROS_DISTRO': 'melodic', 'GNOME_SESSION_XDG_SESSION_PATH': '', 'LC_NUMERIC': 'zh_CN.UTF-8', 'QT4_IM_MODULE': 'xim', 'COLORTERM': 'truecolor', 'XDG_CURRENT_DESKTOP': 'Unity:Unity7:ubuntu', 'XDG_SESSION_TYPE': 'x11', 'ROSLISP_PACKAGE_DIRECTORIES': '/home/unitree/catkin_ws/devel/share/common-lisp', 'QT_IM_MODULE': 'ibus', 'LOGNAME': 'unitree', 'USER': 'unitree', 'PATH': '/opt/ros/melodic/bin:/usr/local/sbin:/usr/local/bin:/usr/sbin:/usr/bin:/sbin:/bin:/usr/games:/usr/local/games:/snap/bin:/usr/local/go/bin:/home/unitree/work/bin', 'LC_PAPER': 'zh_CN.UTF-8', 'HOME': '/home/unitree', 'CMAKE_PREFIX_PATH': '/home/unitree/catkin_ws/devel:/opt/ros/melodic', 'ROS_LOG_FILENAME': '/home/unitree/.ros/log/16b10c34-8c8e-11ef-9a64-48b02d15d5f5/roslaunch-nx-8207.log', 'LANG': 'en_US.UTF-8', 'MANAGERPID': '7015', 'SHELL': '/bin/bash', 'XAUTHORITY': '/run/user/1000/gdm/Xauthority', 'JOURNAL_STREAM': '8:36534', 'SESSION_MANAGER': 'local/nx:@/tmp/.ICE-unix/7316,unix/nx:/tmp/.ICE-unix/7316', 'LC_MEASUREMENT': 'zh_CN.UTF-8', 'CLUTTER_IM_MODULE': 'xim', 'DISPLAY': ':0', 'GTK_CSD': '0', 'GNOME_DESKTOP_SESSION_ID': 'this-is-deprecated', 'QT_ACCESSIBILITY': '1', 'WINDOWPATH': '1', 'DESKTOP_AUTOSTART_ID': '10999b6e49c770321172917268517261100000073160002', 'XMODIFIERS': '@im=ibus', 'ROS_ETC_DIR': '/opt/ros/melodic/etc/ros', 'GPG_AGENT_INFO': '/run/user/1000/gnupg/S.gpg-agent:0:1', 'ROS_PYTHON_VERSION': '2', 'INVOCATION_ID': 'bba8e02079114ef383723a3d3b1c93a4', 'USERNAME': 'unitree', 'XDG_SESSION_DESKTOP': 'unity', 'XDG_RUNTIME_DIR': '/run/user/1000', 'SUDO_ASKPASS': '/home/unitree/RobotSLAMSystem/slam_planner/PASSWD', 'LC_IDENTIFICATION': 'zh_CN.UTF-8', 'LC_ADDRESS': 'zh_CN.UTF-8', 'PYTHONPATH': '/home/unitree/catkin_ws/devel/lib/python2.7/dist-packages:/opt/ros/melodic/lib/python2.7/dist-packages', 'SSH_AUTH_SOCK': '/run/user/1000/keyring/ssh', 'TERM': 'xterm-256color', 'ROS_ROOT': '/opt/ros/melodic/share/ros', 'GDMSESSION': 'unity', 'IM_CONFIG_PHASE': '2', 'TEXTDOMAINDIR': '/usr/share/locale/', 'DESKTOP_SESSION': 'unity', 'XDG_DATA_DIRS': '/usr/share/unity:/usr/local/share/:/usr/share/:/var/lib/snapd/desktop', 'PKG_CONFIG_PATH': '/home/unitree/catkin_ws/devel/lib/pkgconfig:/opt/ros/melodic/lib/pkgconfig', 'ROS_PACKAGE_PATH': '/home/unitree/catkin_ws/src:/opt/ros/melodic/share', 'DBUS_SESSION_BUS_ADDRESS': 'unix:path=/run/user/1000/bus', '_': '/opt/ros/melodic/bin/roslaunch', 'GTK_MODULES': 'gail:atk-bridge:unity-gtk-module', 'LD_PRELOAD': 'libgtk3-nocsd.so.0', 'GTK_IM_MODULE': 'ibus', 'LD_LIBRARY_PATH': '/home/unitree/catkin_ws/devel/lib:/opt/ros/melodic/lib', 'XDG_CONFIG_DIRS': '/etc/xdg/xdg-unity:/etc/xdg', 'GNOME_TERMINAL_SERVICE': ':1.92', 'VTE_VERSION': '5202', 'LC_TELEPHONE': 'zh_CN.UTF-8', 'LC_MONETARY': 'zh_CN.UTF-8', 'SHLVL': '2', 'PWD': '/home/unitree', 'ROS_MASTER_URI': 'http://localhost:11311', 'SSH_AGENT_LAUNCHER': 'gnome-keyring', 'ROS_VERSION': '1', 'TEXTDOMAIN': 'im-config', 'LC_NAME': 'zh_CN.UTF-8', 'XDG_MENU_PREFIX': 'gnome-', 'LC_TIME': 'zh_CN.UTF-8', 'GNOME_TERMINAL_SCREEN': '/org/gnome/Terminal/screen/6c1c6a93_35df_4270_bd86_ef77e36648c2'}]
[roslaunch][INFO] 2024-10-17 21:45:41,063: process[base_controller_node-7]: args[[u'/home/unitree/catkin_ws/devel/lib/slam_planner/base_controller_node', u'__name:=base_controller_node']]
[roslaunch][INFO] 2024-10-17 21:45:41,064: ... created process [base_controller_node-7]
[roslaunch.pmon][INFO] 2024-10-17 21:45:41,065: ProcessMonitor.register[base_controller_node-7]
[roslaunch.pmon][INFO] 2024-10-17 21:45:41,065: ProcessMonitor.register[base_controller_node-7] complete
[roslaunch][INFO] 2024-10-17 21:45:41,065: ... registered process [base_controller_node-7]
[roslaunch][INFO] 2024-10-17 21:45:41,065: process[base_controller_node-7]: starting os process
[roslaunch][INFO] 2024-10-17 21:45:41,066: process[base_controller_node-7]: start w/ args [[u'/home/unitree/catkin_ws/devel/lib/slam_planner/base_controller_node', u'__name:=base_controller_node', u'__log:=/home/unitree/.ros/log/16b10c34-8c8e-11ef-9a64-48b02d15d5f5/base_controller_node-7.log']]
[roslaunch][INFO] 2024-10-17 21:45:41,067: process[base_controller_node-7]: cwd will be [/home/unitree/.ros]
[roslaunch][INFO] 2024-10-17 21:45:41,203: process[base_controller_node-7]: started with pid [8341]
[roslaunch][INFO] 2024-10-17 21:45:41,205: ... successfully launched [base_controller_node-7]
[roslaunch][INFO] 2024-10-17 21:45:41,205: ... launch_nodes complete
[roslaunch.pmon][INFO] 2024-10-17 21:45:41,206: registrations completed <ProcessMonitor(ProcessMonitor-1, started daemon 548011610608)>
[roslaunch.parent][INFO] 2024-10-17 21:45:41,206: ... roslaunch parent running, waiting for process exit
[roslaunch][INFO] 2024-10-17 21:45:41,206: spin
[roslaunch.pmon][INFO] 2024-10-17 22:12:01,719: ProcessMonitor.shutdown <ProcessMonitor(ProcessMonitor-1, started daemon 548011610608)>
[roslaunch.pmon][INFO] 2024-10-17 22:12:01,783: ProcessMonitor._post_run <ProcessMonitor(ProcessMonitor-1, started daemon 548011610608)>
[roslaunch.pmon][INFO] 2024-10-17 22:12:01,784: ProcessMonitor._post_run <ProcessMonitor(ProcessMonitor-1, started daemon 548011610608)>: remaining procs are [<roslaunch.nodeprocess.LocalProcess object at 0x7f9831ae50>, <roslaunch.nodeprocess.LocalProcess object at 0x7f980c0c90>, <roslaunch.nodeprocess.LocalProcess object at 0x7f980c01d0>, <roslaunch.nodeprocess.LocalProcess object at 0x7f980c0490>, <roslaunch.nodeprocess.LocalProcess object at 0x7f980ecf50>, <roslaunch.nodeprocess.LocalProcess object at 0x7f980ecd90>, <roslaunch.nodeprocess.LocalProcess object at 0x7f980ea710>, <roslaunch.nodeprocess.LocalProcess object at 0x7f980ea250>]
[roslaunch.pmon][INFO] 2024-10-17 22:12:01,796: ProcessMonitor exit: killing base_controller_node-7
[roslaunch][INFO] 2024-10-17 22:12:01,797: [base_controller_node-7] killing on exit
[roslaunch][INFO] 2024-10-17 22:12:01,797: process[base_controller_node-7]: killing os process with pid[8341] pgid[8341]
[roslaunch][INFO] 2024-10-17 22:12:01,799: [base_controller_node-7] sending SIGINT to pgid [8341]
[roslaunch][INFO] 2024-10-17 22:12:01,800: [base_controller_node-7] sent SIGINT to pgid [8341]
[roslaunch.pmon][INFO] 2024-10-17 22:12:01,810: ProcessMonitor exit: killing slam_planner_node-6
[roslaunch][INFO] 2024-10-17 22:12:01,810: [slam_planner_node-6] killing on exit
[roslaunch][INFO] 2024-10-17 22:12:01,810: process[slam_planner_node-6]: killing os process with pid[8328] pgid[8328]
[roslaunch][INFO] 2024-10-17 22:12:01,815: [slam_planner_node-6] sending SIGINT to pgid [8328]
[roslaunch][INFO] 2024-10-17 22:12:01,816: [slam_planner_node-6] sent SIGINT to pgid [8328]
[roslaunch.pmon][INFO] 2024-10-17 22:12:01,823: ProcessMonitor exit: killing laser2foot-5
[roslaunch][INFO] 2024-10-17 22:12:01,824: [laser2foot-5] killing on exit
[roslaunch][INFO] 2024-10-17 22:12:01,824: process[laser2foot-5]: killing os process with pid[8322] pgid[8322]
[roslaunch][INFO] 2024-10-17 22:12:01,825: [laser2foot-5] sending SIGINT to pgid [8322]
[roslaunch][INFO] 2024-10-17 22:12:01,825: [laser2foot-5] sent SIGINT to pgid [8322]
[roslaunch.pmon][INFO] 2024-10-17 22:12:01,830: ProcessMonitor exit: killing base2laser-4
[roslaunch][INFO] 2024-10-17 22:12:01,836: [base2laser-4] killing on exit
[roslaunch][INFO] 2024-10-17 22:12:01,837: process[base2laser-4]: killing os process with pid[8321] pgid[8321]
[roslaunch][INFO] 2024-10-17 22:12:01,837: [base2laser-4] sending SIGINT to pgid [8321]
[roslaunch][INFO] 2024-10-17 22:12:01,838: [base2laser-4] sent SIGINT to pgid [8321]
[roslaunch.pmon][INFO] 2024-10-17 22:12:01,840: ProcessMonitor exit: killing map2odom-3
[roslaunch][INFO] 2024-10-17 22:12:01,841: [map2odom-3] killing on exit
[roslaunch][INFO] 2024-10-17 22:12:01,847: process[map2odom-3]: killing os process with pid[8320] pgid[8320]
[roslaunch][INFO] 2024-10-17 22:12:01,847: [map2odom-3] sending SIGINT to pgid [8320]
[roslaunch][INFO] 2024-10-17 22:12:01,848: [map2odom-3] sent SIGINT to pgid [8320]
[roslaunch.pmon][INFO] 2024-10-17 22:12:01,855: ProcessMonitor exit: killing slamware_ros_sdk_server_node-2
[roslaunch][INFO] 2024-10-17 22:12:01,859: [slamware_ros_sdk_server_node-2] killing on exit
[roslaunch][INFO] 2024-10-17 22:12:01,860: process[slamware_ros_sdk_server_node-2]: killing os process with pid[8319] pgid[8319]
[roslaunch][INFO] 2024-10-17 22:12:01,860: [slamware_ros_sdk_server_node-2] sending SIGINT to pgid [8319]
[roslaunch][INFO] 2024-10-17 22:12:01,861: [slamware_ros_sdk_server_node-2] sent SIGINT to pgid [8319]
[roslaunch][INFO] 2024-10-17 22:12:02,101: process[base_controller_node-7]: SIGINT killed with return value 0
[roslaunch][INFO] 2024-10-17 22:12:02,149: process[map2odom-3]: SIGINT killed with return value 0
[roslaunch][INFO] 2024-10-17 22:12:02,152: process[base2laser-4]: SIGINT killed with return value 0
[roslaunch][INFO] 2024-10-17 22:12:02,227: process[laser2foot-5]: SIGINT killed with return value 0
[roslaunch][INFO] 2024-10-17 22:12:02,262: process[slamware_ros_sdk_server_node-2]: SIGINT killed with return value 0
[roslaunch][INFO] 2024-10-17 22:12:02,519: process[slam_planner_node-6]: SIGINT killed with return value 0
[roslaunch.pmon][INFO] 2024-10-17 22:12:02,520: ProcessMonitor exit: killing rosout-1
[roslaunch][INFO] 2024-10-17 22:12:02,521: [rosout-1] killing on exit
[roslaunch][INFO] 2024-10-17 22:12:02,522: process[rosout-1]: killing os process with pid[8315] pgid[8315]
[roslaunch][INFO] 2024-10-17 22:12:02,522: [rosout-1] sending SIGINT to pgid [8315]
[roslaunch][INFO] 2024-10-17 22:12:02,523: [rosout-1] sent SIGINT to pgid [8315]
[roslaunch][INFO] 2024-10-17 22:12:02,824: process[rosout-1]: SIGINT killed with return value 0
[roslaunch.pmon][INFO] 2024-10-17 22:12:02,825: ProcessMonitor exit: killing master
[roslaunch][INFO] 2024-10-17 22:12:02,825: [master] killing on exit
[roslaunch][INFO] 2024-10-17 22:12:02,825: process[master]: killing os process with pid[8243] pgid[8243]
[roslaunch][INFO] 2024-10-17 22:12:02,826: [master] sending SIGINT to pgid [8243]
[roslaunch][INFO] 2024-10-17 22:12:02,828: [master] sent SIGINT to pgid [8243]
[roslaunch][INFO] 2024-10-17 22:12:03,029: process[master]: SIGINT killed with return value 0
[roslaunch.pmon][INFO] 2024-10-17 22:12:03,030: ProcessMonitor exit: cleaning up data structures and signals
[roslaunch.pmon][INFO] 2024-10-17 22:12:03,030: ProcessMonitor exit: pmon has shutdown
[roslaunch][INFO] 2024-10-17 22:12:03,063: process monitor is done spinning, initiating full shutdown
[roslaunch][INFO] 2024-10-17 22:12:03,064: runner.stop()
[roslaunch][INFO] 2024-10-17 22:12:03,064: shutting down processing monitor...
[roslaunch][INFO] 2024-10-17 22:12:03,064: shutting down processing monitor <ProcessMonitor(ProcessMonitor-1, stopped daemon 548011610608)>
[roslaunch.pmon][INFO] 2024-10-17 22:12:03,065: ProcessMonitor.shutdown <ProcessMonitor(ProcessMonitor-1, stopped daemon 548011610608)>
[roslaunch][INFO] 2024-10-17 22:12:03,065: ... shutting down processing monitor complete
[roslaunch][INFO] 2024-10-17 22:12:03,065: done
[roslaunch.pmon][INFO] 2024-10-17 22:12:03,066: ProcessMonitor.shutdown <ProcessMonitor(ProcessMonitor-1, stopped daemon 548011610608)>
[rospy.core][INFO] 2024-10-17 22:12:03,066: signal_shutdown [atexit]
