In file included from /home/unitree/librealsense/third-party/realsense-file/rosbag/rosbag_storage/src/bag_player.cpp:1:0:
/home/unitree/librealsense/third-party/realsense-file/rosbag/rosbag_storage/include/rosbag/bag_player.h:81:42: warning: dynamic exception specifications are deprecated in C++11 [-Wdeprecated]
   BagPlayer(const std::string &filename) throw(BagException);
                                          ^~~~~
/home/unitree/librealsense/third-party/realsense-file/rosbag/rosbag_storage/src/bag_player.cpp:8:48: warning: dynamic exception specifications are deprecated in C++11 [-Wdeprecated]
 BagPlayer::BagPlayer(const std::string &fname) throw(BagException) {
                                                ^~~~~
In file included from /home/unitree/librealsense/third-party/realsense-file/boost/boost/function/detail/maybe_include.hpp:18:0,
                 from /home/unitree/librealsense/third-party/realsense-file/boost/boost/function/detail/function_iterate.hpp:14,
                 from /home/unitree/librealsense/third-party/realsense-file/boost/boost/preprocessor/iteration/detail/iter/forward1.hpp:52,
                 from /home/unitree/librealsense/third-party/realsense-file/boost/boost/function.hpp:64,
                 from /home/unitree/librealsense/third-party/realsense-file/rosbag/roscpp_traits/include/ros/message_event.h:42,
                 from /home/unitree/librealsense/third-party/realsense-file/rosbag/rosbag_storage/include/rosbag/bag.h:50,
                 from /home/unitree/librealsense/third-party/realsense-file/rosbag/rosbag_storage/include/rosbag/bag_player.h:40,
                 from /home/unitree/librealsense/third-party/realsense-file/rosbag/rosbag_storage/src/bag_player.cpp:1:
/home/unitree/librealsense/third-party/realsense-file/boost/boost/function/function_template.hpp: In instantiation of ‘void boost::detail::function::basic_vtable1<R, T0>::assign_functor(FunctionObj, boost::detail::function::function_buffer&, mpl_::true_) const [with FunctionObj = rosbag::TopicQuery; R = bool; T0 = const rosbag::ConnectionInfo*; mpl_::true_ = mpl_::bool_<true>]’:
/home/unitree/librealsense/third-party/realsense-file/boost/boost/function/function_template.hpp:608:27:   required from ‘bool boost::detail::function::basic_vtable1<R, T0>::assign_to(FunctionObj, boost::detail::function::function_buffer&, boost::detail::function::function_obj_tag) const [with FunctionObj = rosbag::TopicQuery; R = bool; T0 = const rosbag::ConnectionInfo*]’
/home/unitree/librealsense/third-party/realsense-file/boost/boost/function/function_template.hpp:498:27:   required from ‘bool boost::detail::function::basic_vtable1<R, T0>::assign_to(F, boost::detail::function::function_buffer&) const [with F = rosbag::TopicQuery; R = bool; T0 = const rosbag::ConnectionInfo*]’
/home/unitree/librealsense/third-party/realsense-file/boost/boost/function/function_template.hpp:942:7:   required from ‘void boost::function1<R, T1>::assign_to(Functor) [with Functor = rosbag::TopicQuery; R = bool; T0 = const rosbag::ConnectionInfo*]’
/home/unitree/librealsense/third-party/realsense-file/boost/boost/function/function_template.hpp:728:7:   required from ‘boost::function1<R, T1>::function1(Functor, typename boost::enable_if_c<boost::type_traits::ice_not<boost::is_integral<Functor>::value>::value, int>::type) [with Functor = rosbag::TopicQuery; R = bool; T0 = const rosbag::ConnectionInfo*; typename boost::enable_if_c<boost::type_traits::ice_not<boost::is_integral<Functor>::value>::value, int>::type = int]’
/home/unitree/librealsense/third-party/realsense-file/boost/boost/function/function_template.hpp:1077:16:   required from ‘boost::function<R(T0)>::function(Functor, typename boost::enable_if_c<boost::type_traits::ice_not<boost::is_integral<Functor>::value>::value, int>::type) [with Functor = rosbag::TopicQuery; R = bool; T0 = const rosbag::ConnectionInfo*; typename boost::enable_if_c<boost::type_traits::ice_not<boost::is_integral<Functor>::value>::value, int>::type = int]’
/home/unitree/librealsense/third-party/realsense-file/rosbag/rosbag_storage/src/bag_player.cpp:50:60:   required from here
/home/unitree/librealsense/third-party/realsense-file/boost/boost/function/function_template.hpp:572:11: warning: placement new constructing an object of type ‘rosbag::TopicQuery’ and size ‘24’ in a region of type ‘char’ and size ‘1’ [-Wplacement-new=]
           new (reinterpret_cast<void*>(&functor.data)) FunctionObj(f);
           ^~~~~~~~~~~~~~~~~~~~~~~~~~~~~~~~~~~~~~~~~~~~~~~~~~~~~~~~~~~
In file included from /home/unitree/librealsense/third-party/realsense-file/boost/boost/function/detail/prologue.hpp:17:0,
                 from /home/unitree/librealsense/third-party/realsense-file/boost/boost/function.hpp:24,
                 from /home/unitree/librealsense/third-party/realsense-file/rosbag/roscpp_traits/include/ros/message_event.h:42,
                 from /home/unitree/librealsense/third-party/realsense-file/rosbag/rosbag_storage/include/rosbag/bag.h:50,
                 from /home/unitree/librealsense/third-party/realsense-file/rosbag/rosbag_storage/include/rosbag/bag_player.h:40,
                 from /home/unitree/librealsense/third-party/realsense-file/rosbag/rosbag_storage/src/bag_player.cpp:1:
/home/unitree/librealsense/third-party/realsense-file/boost/boost/function/function_base.hpp: In instantiation of ‘static void boost::detail::function::functor_manager_common<Functor>::manage_small(const boost::detail::function::function_buffer&, boost::detail::function::function_buffer&, boost::detail::function::functor_manager_operation_type) [with Functor = rosbag::TopicQuery]’:
/home/unitree/librealsense/third-party/realsense-file/boost/boost/function/function_base.hpp:364:56:   required from ‘static void boost::detail::function::functor_manager<Functor>::manager(const boost::detail::function::function_buffer&, boost::detail::function::function_buffer&, boost::detail::function::functor_manager_operation_type, mpl_::true_) [with Functor = rosbag::TopicQuery; mpl_::true_ = mpl_::bool_<true>]’
/home/unitree/librealsense/third-party/realsense-file/boost/boost/function/function_base.hpp:412:18:   required from ‘static void boost::detail::function::functor_manager<Functor>::manager(const boost::detail::function::function_buffer&, boost::detail::function::function_buffer&, boost::detail::function::functor_manager_operation_type, boost::detail::function::function_obj_tag) [with Functor = rosbag::TopicQuery]’
/home/unitree/librealsense/third-party/realsense-file/boost/boost/function/function_base.hpp:440:20:   required from ‘static void boost::detail::function::functor_manager<Functor>::manage(const boost::detail::function::function_buffer&, boost::detail::function::function_buffer&, boost::detail::function::functor_manager_operation_type) [with Functor = rosbag::TopicQuery]’
/home/unitree/librealsense/third-party/realsense-file/boost/boost/function/function_template.hpp:940:13:   required from ‘void boost::function1<R, T1>::assign_to(Functor) [with Functor = rosbag::TopicQuery; R = bool; T0 = const rosbag::ConnectionInfo*]’
/home/unitree/librealsense/third-party/realsense-file/boost/boost/function/function_template.hpp:728:7:   required from ‘boost::function1<R, T1>::function1(Functor, typename boost::enable_if_c<boost::type_traits::ice_not<boost::is_integral<Functor>::value>::value, int>::type) [with Functor = rosbag::TopicQuery; R = bool; T0 = const rosbag::ConnectionInfo*; typename boost::enable_if_c<boost::type_traits::ice_not<boost::is_integral<Functor>::value>::value, int>::type = int]’
/home/unitree/librealsense/third-party/realsense-file/boost/boost/function/function_template.hpp:1077:16:   required from ‘boost::function<R(T0)>::function(Functor, typename boost::enable_if_c<boost::type_traits::ice_not<boost::is_integral<Functor>::value>::value, int>::type) [with Functor = rosbag::TopicQuery; R = bool; T0 = const rosbag::ConnectionInfo*; typename boost::enable_if_c<boost::type_traits::ice_not<boost::is_integral<Functor>::value>::value, int>::type = int]’
/home/unitree/librealsense/third-party/realsense-file/rosbag/rosbag_storage/src/bag_player.cpp:50:60:   required from here
/home/unitree/librealsense/third-party/realsense-file/boost/boost/function/function_base.hpp:318:13: warning: placement new constructing an object of type ‘boost::detail::function::functor_manager_common<rosbag::TopicQuery>::functor_type {aka rosbag::TopicQuery}’ and size ‘24’ in a region of type ‘char’ and size ‘1’ [-Wplacement-new=]
             new (reinterpret_cast<void*>(&out_buffer.data)) functor_type(*in_functor);
             ^~~~~~~~~~~~~~~~~~~~~~~~~~~~~~~~~~~~~~~~~~~~~~~~~~~~~~~~~~~~~~~~~~~~~~~~~
