[roslaunch][INFO] 2024-10-17 22:17:04,644: Checking log directory for disk usage. This may take a while.
Press Ctrl-C to interrupt
[roslaunch][INFO] 2024-10-17 22:17:04,673: Done checking log file disk usage. Usage is <1GB.
[roslaunch][INFO] 2024-10-17 22:17:04,675: roslaunch starting with args ['/opt/ros/melodic/bin/roslaunch', 'slam_planner', 'slam_planner_online.launch']
[roslaunch][INFO] 2024-10-17 22:17:04,675: roslaunch env is {'GOPATH': '/home/unitree/work', 'ROS_DISTRO': 'melodic', 'LC_NUMERIC': 'zh_CN.UTF-8', 'QT4_IM_MODULE': 'xim', 'WINDOWPATH': '1', 'XDG_CURRENT_DESKTOP': 'Unity:Unity7:ubuntu', 'XDG_SESSION_TYPE': 'x11', 'ROSLISP_PACKAGE_DIRECTORIES': '/home/unitree/catkin_ws/devel/share/common-lisp', 'QT_IM_MODULE': 'ibus', 'LOGNAME': 'unitree', 'USER': 'unitree', 'PATH': '/opt/ros/melodic/bin:/usr/local/sbin:/usr/local/bin:/usr/sbin:/usr/bin:/sbin:/bin:/usr/games:/usr/local/games:/snap/bin:/usr/local/go/bin:/home/unitree/work/bin', 'LC_PAPER': 'zh_CN.UTF-8', 'HOME': '/home/unitree', 'CMAKE_PREFIX_PATH': '/home/unitree/catkin_ws/devel:/opt/ros/melodic', 'DISPLAY': ':0', 'XDG_RUNTIME_DIR': '/run/user/1000', 'LANG': 'en_US.UTF-8', 'MANAGERPID': '7031', 'SHELL': '/bin/bash', 'ROS_LOG_FILENAME': '/home/unitree/.ros/log/7bf33ba4-8c92-11ef-8120-48b02d15d5f5/roslaunch-nx-8270.log', 'XAUTHORITY': '/run/user/1000/gdm/Xauthority', 'JOURNAL_STREAM': '8:41769', 'SESSION_MANAGER': 'local/nx:@/tmp/.ICE-unix/7337,unix/nx:/tmp/.ICE-unix/7337', 'LC_MEASUREMENT': 'zh_CN.UTF-8', 'QT_ACCESSIBILITY': '1', 'LD_LIBRARY_PATH': '/home/unitree/catkin_ws/devel/lib:/opt/ros/melodic/lib', 'GTK_CSD': '0', 'GNOME_DESKTOP_SESSION_ID': 'this-is-deprecated', 'CLUTTER_IM_MODULE': 'xim', 'TEXTDOMAIN': 'im-config', 'DESKTOP_AUTOSTART_ID': '10d8ede33885e219a4172917457368375700000073370002', 'XMODIFIERS': '@im=ibus', 'ROS_MASTER_URI': 'http://localhost:11311', 'GPG_AGENT_INFO': '/run/user/1000/gnupg/S.gpg-agent:0:1', 'ROS_PYTHON_VERSION': '2', 'INVOCATION_ID': 'bd3c537bf134439f9fc50418bb6a13d0', 'USERNAME': 'unitree', 'XDG_SESSION_DESKTOP': 'unity', 'SHLVL': '2', 'ROS_VERSION': '1', 'SUDO_ASKPASS': '/home/unitree/RobotSLAMSystem/slam_planner/PASSWD', 'GTK_IM_MODULE': 'ibus', 'LC_ADDRESS': 'zh_CN.UTF-8', 'PYTHONPATH': '/home/unitree/catkin_ws/devel/lib/python2.7/dist-packages:/opt/ros/melodic/lib/python2.7/dist-packages', 'SSH_AUTH_SOCK': '/run/user/1000/keyring/ssh', 'TERM': 'xterm-256color', 'ROS_ROOT': '/opt/ros/melodic/share/ros', 'GDMSESSION': 'unity', 'IM_CONFIG_PHASE': '2', 'LC_TIME': 'zh_CN.UTF-8', 'TEXTDOMAINDIR': '/usr/share/locale/', 'XDG_DATA_DIRS': '/usr/share/unity:/usr/local/share/:/usr/share/:/var/lib/snapd/desktop', 'PKG_CONFIG_PATH': '/home/unitree/catkin_ws/devel/lib/pkgconfig:/opt/ros/melodic/lib/pkgconfig', 'ROS_PACKAGE_PATH': '/home/unitree/catkin_ws/src:/opt/ros/melodic/share', 'DBUS_SESSION_BUS_ADDRESS': 'unix:path=/run/user/1000/bus', '_': '/opt/ros/melodic/bin/roslaunch', 'GNOME_TERMINAL_SERVICE': ':1.86', 'LD_PRELOAD': 'libgtk3-nocsd.so.0', 'LC_IDENTIFICATION': 'zh_CN.UTF-8', 'DESKTOP_SESSION': 'unity', 'XDG_CONFIG_DIRS': '/etc/xdg/xdg-unity:/etc/xdg', 'GTK_MODULES': 'gail:atk-bridge:unity-gtk-module', 'VTE_VERSION': '5202', 'LC_TELEPHONE': 'zh_CN.UTF-8', 'LC_MONETARY': 'zh_CN.UTF-8', 'PWD': '/home/unitree', 'ROS_ETC_DIR': '/opt/ros/melodic/etc/ros', 'SSH_AGENT_LAUNCHER': 'gnome-keyring', 'COLORTERM': 'truecolor', 'LC_NAME': 'zh_CN.UTF-8', 'XDG_MENU_PREFIX': 'gnome-', 'GNOME_SESSION_XDG_SESSION_PATH': '', 'GNOME_TERMINAL_SCREEN': '/org/gnome/Terminal/screen/e996a892_5d6f_4a43_8a93_5edee84cdd52'}
[roslaunch][INFO] 2024-10-17 22:17:04,676: starting in server mode
[roslaunch.parent][INFO] 2024-10-17 22:17:04,677: starting roslaunch parent run
[roslaunch][INFO] 2024-10-17 22:17:04,678: loading roscore config file /opt/ros/melodic/etc/ros/roscore.xml
[roslaunch][INFO] 2024-10-17 22:17:06,847: Added core node of type [rosout/rosout] in namespace [/]
[roslaunch.config][INFO] 2024-10-17 22:17:06,848: loading config file /home/unitree/catkin_ws/src/slamrplidar/slamplanner/launch/slam_planner_online.launch
[roslaunch][INFO] 2024-10-17 22:17:06,958: Added node of type [slamware_ros_sdk/slamware_ros_sdk_server_node] in namespace [/]
[roslaunch][INFO] 2024-10-17 22:17:06,959: Added node of type [tf/static_transform_publisher] in namespace [/]
[roslaunch][INFO] 2024-10-17 22:17:06,960: Added node of type [tf/static_transform_publisher] in namespace [/]
[roslaunch][INFO] 2024-10-17 22:17:06,962: Added node of type [tf/static_transform_publisher] in namespace [/]
[roslaunch][INFO] 2024-10-17 22:17:07,043: Added node of type [slam_planner/slam_planner_node] in namespace [/]
[roslaunch][INFO] 2024-10-17 22:17:07,044: Added node of type [slam_planner/base_controller_node] in namespace [/]
[roslaunch][INFO] 2024-10-17 22:17:07,044: ... selected machine [] for node of type [slamware_ros_sdk/slamware_ros_sdk_server_node]
[roslaunch][INFO] 2024-10-17 22:17:07,045: ... selected machine [] for node of type [tf/static_transform_publisher]
[roslaunch][INFO] 2024-10-17 22:17:07,045: ... selected machine [] for node of type [tf/static_transform_publisher]
[roslaunch][INFO] 2024-10-17 22:17:07,045: ... selected machine [] for node of type [tf/static_transform_publisher]
[roslaunch][INFO] 2024-10-17 22:17:07,046: ... selected machine [] for node of type [slam_planner/slam_planner_node]
[roslaunch][INFO] 2024-10-17 22:17:07,046: ... selected machine [] for node of type [slam_planner/base_controller_node]
[roslaunch.pmon][INFO] 2024-10-17 22:17:07,052: start_process_monitor: creating ProcessMonitor
[roslaunch.pmon][INFO] 2024-10-17 22:17:07,053: created process monitor <ProcessMonitor(ProcessMonitor-1, initial daemon)>
[roslaunch.pmon][INFO] 2024-10-17 22:17:07,054: start_process_monitor: ProcessMonitor started
[roslaunch.parent][INFO] 2024-10-17 22:17:07,054: starting parent XML-RPC server
[roslaunch.server][INFO] 2024-10-17 22:17:07,054: starting roslaunch XML-RPC server
[roslaunch.server][INFO] 2024-10-17 22:17:07,055: waiting for roslaunch XML-RPC server to initialize
[xmlrpc][INFO] 2024-10-17 22:17:07,055: XML-RPC server binding to 0.0.0.0:0
[xmlrpc][INFO] 2024-10-17 22:17:07,058: Started XML-RPC server [http://nx:34107/]
[xmlrpc][INFO] 2024-10-17 22:17:07,058: xml rpc node: starting XML-RPC server
[roslaunch][INFO] 2024-10-17 22:17:07,075: started roslaunch server http://nx:34107/
[roslaunch.parent][INFO] 2024-10-17 22:17:07,076: ... parent XML-RPC server started
[roslaunch][INFO] 2024-10-17 22:17:07,080: master.is_running[http://localhost:11311]
[roslaunch][INFO] 2024-10-17 22:17:07,082: auto-starting new master
[roslaunch][INFO] 2024-10-17 22:17:07,083: create_master_process: rosmaster, /opt/ros/melodic/share/ros, 11311, 3, None, False
[roslaunch][INFO] 2024-10-17 22:17:07,083: process[master]: launching with args [['rosmaster', '--core', '-p', '11311', '-w', '3']]
[roslaunch.pmon][INFO] 2024-10-17 22:17:07,084: ProcessMonitor.register[master]
[roslaunch.pmon][INFO] 2024-10-17 22:17:07,084: ProcessMonitor.register[master] complete
[roslaunch][INFO] 2024-10-17 22:17:07,084: process[master]: starting os process
[roslaunch][INFO] 2024-10-17 22:17:07,085: process[master]: start w/ args [['rosmaster', '--core', '-p', '11311', '-w', '3', '__log:=/home/unitree/.ros/log/7bf33ba4-8c92-11ef-8120-48b02d15d5f5/master.log']]
[roslaunch][INFO] 2024-10-17 22:17:07,085: process[master]: cwd will be [/home/unitree/.ros]
[roslaunch][INFO] 2024-10-17 22:17:07,100: process[master]: started with pid [8303]
[roslaunch][INFO] 2024-10-17 22:17:07,101: master.is_running[http://localhost:11311]
[roslaunch][INFO] 2024-10-17 22:17:07,204: master.is_running[http://localhost:11311]
[roslaunch][INFO] 2024-10-17 22:17:07,312: master.is_running[http://localhost:11311]
[roslaunch][INFO] 2024-10-17 22:17:07,415: master.is_running[http://localhost:11311]
[roslaunch][INFO] 2024-10-17 22:17:07,518: master.is_running[http://localhost:11311]
[roslaunch][INFO] 2024-10-17 22:17:07,620: master.is_running[http://localhost:11311]
[roslaunch][INFO] 2024-10-17 22:17:07,723: master.is_running[http://localhost:11311]
[roslaunch][INFO] 2024-10-17 22:17:07,825: master.is_running[http://localhost:11311]
[roslaunch][INFO] 2024-10-17 22:17:07,927: master.is_running[http://localhost:11311]
[roslaunch][INFO] 2024-10-17 22:17:07,934: master.is_running[http://localhost:11311]
[roslaunch][INFO] 2024-10-17 22:17:07,938: ROS_MASTER_URI=http://localhost:11311
[roslaunch][INFO] 2024-10-17 22:17:07,943: setting /run_id to 7bf33ba4-8c92-11ef-8120-48b02d15d5f5
[roslaunch][INFO] 2024-10-17 22:17:07,946: setting /roslaunch/uris/host_nx__34107' to http://nx:34107/
[roslaunch][INFO] 2024-10-17 22:17:07,955: ... preparing to launch node of type [rosout/rosout]
[roslaunch][INFO] 2024-10-17 22:17:07,955: create_node_process: package[rosout] type[rosout] machine[Machine(name[] env_loader[None] address[localhost] ssh_port[22] user[None] assignable[True] timeout[10.0])] master_uri[http://localhost:11311]
[roslaunch][INFO] 2024-10-17 22:17:07,956: process[rosout-1]: env[{'GOPATH': '/home/unitree/work', 'ROS_DISTRO': 'melodic', 'GNOME_SESSION_XDG_SESSION_PATH': '', 'LC_NUMERIC': 'zh_CN.UTF-8', 'QT4_IM_MODULE': 'xim', 'COLORTERM': 'truecolor', 'XDG_CURRENT_DESKTOP': 'Unity:Unity7:ubuntu', 'XDG_SESSION_TYPE': 'x11', 'ROSLISP_PACKAGE_DIRECTORIES': '/home/unitree/catkin_ws/devel/share/common-lisp', 'QT_IM_MODULE': 'ibus', 'LOGNAME': 'unitree', 'USER': 'unitree', 'PATH': '/opt/ros/melodic/bin:/usr/local/sbin:/usr/local/bin:/usr/sbin:/usr/bin:/sbin:/bin:/usr/games:/usr/local/games:/snap/bin:/usr/local/go/bin:/home/unitree/work/bin', 'LC_PAPER': 'zh_CN.UTF-8', 'HOME': '/home/unitree', 'CMAKE_PREFIX_PATH': '/home/unitree/catkin_ws/devel:/opt/ros/melodic', 'ROS_LOG_FILENAME': '/home/unitree/.ros/log/7bf33ba4-8c92-11ef-8120-48b02d15d5f5/roslaunch-nx-8270.log', 'LANG': 'en_US.UTF-8', 'MANAGERPID': '7031', 'SHELL': '/bin/bash', 'XAUTHORITY': '/run/user/1000/gdm/Xauthority', 'JOURNAL_STREAM': '8:41769', 'SESSION_MANAGER': 'local/nx:@/tmp/.ICE-unix/7337,unix/nx:/tmp/.ICE-unix/7337', 'LC_MEASUREMENT': 'zh_CN.UTF-8', 'CLUTTER_IM_MODULE': 'xim', 'DISPLAY': ':0', 'GTK_CSD': '0', 'GNOME_DESKTOP_SESSION_ID': 'this-is-deprecated', 'QT_ACCESSIBILITY': '1', 'WINDOWPATH': '1', 'DESKTOP_AUTOSTART_ID': '10d8ede33885e219a4172917457368375700000073370002', 'XMODIFIERS': '@im=ibus', 'ROS_ETC_DIR': '/opt/ros/melodic/etc/ros', 'GPG_AGENT_INFO': '/run/user/1000/gnupg/S.gpg-agent:0:1', 'ROS_PYTHON_VERSION': '2', 'INVOCATION_ID': 'bd3c537bf134439f9fc50418bb6a13d0', 'USERNAME': 'unitree', 'XDG_SESSION_DESKTOP': 'unity', 'XDG_RUNTIME_DIR': '/run/user/1000', 'SUDO_ASKPASS': '/home/unitree/RobotSLAMSystem/slam_planner/PASSWD', 'LC_IDENTIFICATION': 'zh_CN.UTF-8', 'LC_ADDRESS': 'zh_CN.UTF-8', 'PYTHONPATH': '/home/unitree/catkin_ws/devel/lib/python2.7/dist-packages:/opt/ros/melodic/lib/python2.7/dist-packages', 'SSH_AUTH_SOCK': '/run/user/1000/keyring/ssh', 'TERM': 'xterm-256color', 'ROS_ROOT': '/opt/ros/melodic/share/ros', 'GDMSESSION': 'unity', 'IM_CONFIG_PHASE': '2', 'TEXTDOMAINDIR': '/usr/share/locale/', 'DESKTOP_SESSION': 'unity', 'XDG_DATA_DIRS': '/usr/share/unity:/usr/local/share/:/usr/share/:/var/lib/snapd/desktop', 'PKG_CONFIG_PATH': '/home/unitree/catkin_ws/devel/lib/pkgconfig:/opt/ros/melodic/lib/pkgconfig', 'ROS_PACKAGE_PATH': '/home/unitree/catkin_ws/src:/opt/ros/melodic/share', 'DBUS_SESSION_BUS_ADDRESS': 'unix:path=/run/user/1000/bus', '_': '/opt/ros/melodic/bin/roslaunch', 'GTK_MODULES': 'gail:atk-bridge:unity-gtk-module', 'LD_PRELOAD': 'libgtk3-nocsd.so.0', 'GTK_IM_MODULE': 'ibus', 'LD_LIBRARY_PATH': '/home/unitree/catkin_ws/devel/lib:/opt/ros/melodic/lib', 'XDG_CONFIG_DIRS': '/etc/xdg/xdg-unity:/etc/xdg', 'GNOME_TERMINAL_SERVICE': ':1.86', 'VTE_VERSION': '5202', 'LC_TELEPHONE': 'zh_CN.UTF-8', 'LC_MONETARY': 'zh_CN.UTF-8', 'SHLVL': '2', 'PWD': '/home/unitree', 'ROS_MASTER_URI': 'http://localhost:11311', 'SSH_AGENT_LAUNCHER': 'gnome-keyring', 'ROS_VERSION': '1', 'TEXTDOMAIN': 'im-config', 'LC_NAME': 'zh_CN.UTF-8', 'XDG_MENU_PREFIX': 'gnome-', 'LC_TIME': 'zh_CN.UTF-8', 'GNOME_TERMINAL_SCREEN': '/org/gnome/Terminal/screen/e996a892_5d6f_4a43_8a93_5edee84cdd52'}]
[roslaunch][INFO] 2024-10-17 22:17:08,101: process[rosout-1]: args[[u'/opt/ros/melodic/lib/rosout/rosout', u'__name:=rosout']]
[roslaunch][INFO] 2024-10-17 22:17:08,101: ... created process [rosout-1]
[roslaunch.pmon][INFO] 2024-10-17 22:17:08,102: ProcessMonitor.register[rosout-1]
[roslaunch.pmon][INFO] 2024-10-17 22:17:08,103: ProcessMonitor.register[rosout-1] complete
[roslaunch][INFO] 2024-10-17 22:17:08,103: ... registered process [rosout-1]
[roslaunch][INFO] 2024-10-17 22:17:08,103: process[rosout-1]: starting os process
[roslaunch][INFO] 2024-10-17 22:17:08,104: process[rosout-1]: start w/ args [[u'/opt/ros/melodic/lib/rosout/rosout', u'__name:=rosout', u'__log:=/home/unitree/.ros/log/7bf33ba4-8c92-11ef-8120-48b02d15d5f5/rosout-1.log']]
[roslaunch][INFO] 2024-10-17 22:17:08,104: process[rosout-1]: cwd will be [/home/unitree/.ros]
[roslaunch][INFO] 2024-10-17 22:17:08,117: process[rosout-1]: started with pid [8367]
[roslaunch][INFO] 2024-10-17 22:17:08,119: ... successfully launched [rosout-1]
[roslaunch][INFO] 2024-10-17 22:17:08,120: load_parameters starting ...
[roslaunch][INFO] 2024-10-17 22:17:08,238: ... load_parameters complete
[roslaunch][INFO] 2024-10-17 22:17:08,239: launch_nodes: launching local nodes ...
[roslaunch][INFO] 2024-10-17 22:17:08,240: ... preparing to launch node of type [slamware_ros_sdk/slamware_ros_sdk_server_node]
[roslaunch][INFO] 2024-10-17 22:17:08,240: create_node_process: package[slamware_ros_sdk] type[slamware_ros_sdk_server_node] machine[Machine(name[] env_loader[None] address[localhost] ssh_port[22] user[None] assignable[True] timeout[10.0])] master_uri[http://localhost:11311]
[roslaunch][INFO] 2024-10-17 22:17:08,241: process[slamware_ros_sdk_server_node-2]: env[{'GOPATH': '/home/unitree/work', 'ROS_DISTRO': 'melodic', 'GNOME_SESSION_XDG_SESSION_PATH': '', 'LC_NUMERIC': 'zh_CN.UTF-8', 'QT4_IM_MODULE': 'xim', 'COLORTERM': 'truecolor', 'XDG_CURRENT_DESKTOP': 'Unity:Unity7:ubuntu', 'XDG_SESSION_TYPE': 'x11', 'ROSLISP_PACKAGE_DIRECTORIES': '/home/unitree/catkin_ws/devel/share/common-lisp', 'QT_IM_MODULE': 'ibus', 'LOGNAME': 'unitree', 'USER': 'unitree', 'PATH': '/opt/ros/melodic/bin:/usr/local/sbin:/usr/local/bin:/usr/sbin:/usr/bin:/sbin:/bin:/usr/games:/usr/local/games:/snap/bin:/usr/local/go/bin:/home/unitree/work/bin', 'LC_PAPER': 'zh_CN.UTF-8', 'HOME': '/home/unitree', 'CMAKE_PREFIX_PATH': '/home/unitree/catkin_ws/devel:/opt/ros/melodic', 'ROS_LOG_FILENAME': '/home/unitree/.ros/log/7bf33ba4-8c92-11ef-8120-48b02d15d5f5/roslaunch-nx-8270.log', 'LANG': 'en_US.UTF-8', 'MANAGERPID': '7031', 'SHELL': '/bin/bash', 'XAUTHORITY': '/run/user/1000/gdm/Xauthority', 'JOURNAL_STREAM': '8:41769', 'SESSION_MANAGER': 'local/nx:@/tmp/.ICE-unix/7337,unix/nx:/tmp/.ICE-unix/7337', 'LC_MEASUREMENT': 'zh_CN.UTF-8', 'CLUTTER_IM_MODULE': 'xim', 'DISPLAY': ':0', 'GTK_CSD': '0', 'GNOME_DESKTOP_SESSION_ID': 'this-is-deprecated', 'QT_ACCESSIBILITY': '1', 'WINDOWPATH': '1', 'DESKTOP_AUTOSTART_ID': '10d8ede33885e219a4172917457368375700000073370002', 'XMODIFIERS': '@im=ibus', 'ROS_ETC_DIR': '/opt/ros/melodic/etc/ros', 'GPG_AGENT_INFO': '/run/user/1000/gnupg/S.gpg-agent:0:1', 'ROS_PYTHON_VERSION': '2', 'INVOCATION_ID': 'bd3c537bf134439f9fc50418bb6a13d0', 'USERNAME': 'unitree', 'XDG_SESSION_DESKTOP': 'unity', 'XDG_RUNTIME_DIR': '/run/user/1000', 'SUDO_ASKPASS': '/home/unitree/RobotSLAMSystem/slam_planner/PASSWD', 'LC_IDENTIFICATION': 'zh_CN.UTF-8', 'LC_ADDRESS': 'zh_CN.UTF-8', 'PYTHONPATH': '/home/unitree/catkin_ws/devel/lib/python2.7/dist-packages:/opt/ros/melodic/lib/python2.7/dist-packages', 'SSH_AUTH_SOCK': '/run/user/1000/keyring/ssh', 'TERM': 'xterm-256color', 'ROS_ROOT': '/opt/ros/melodic/share/ros', 'GDMSESSION': 'unity', 'IM_CONFIG_PHASE': '2', 'TEXTDOMAINDIR': '/usr/share/locale/', 'DESKTOP_SESSION': 'unity', 'XDG_DATA_DIRS': '/usr/share/unity:/usr/local/share/:/usr/share/:/var/lib/snapd/desktop', 'PKG_CONFIG_PATH': '/home/unitree/catkin_ws/devel/lib/pkgconfig:/opt/ros/melodic/lib/pkgconfig', 'ROS_PACKAGE_PATH': '/home/unitree/catkin_ws/src:/opt/ros/melodic/share', 'DBUS_SESSION_BUS_ADDRESS': 'unix:path=/run/user/1000/bus', '_': '/opt/ros/melodic/bin/roslaunch', 'GTK_MODULES': 'gail:atk-bridge:unity-gtk-module', 'LD_PRELOAD': 'libgtk3-nocsd.so.0', 'GTK_IM_MODULE': 'ibus', 'LD_LIBRARY_PATH': '/home/unitree/catkin_ws/devel/lib:/opt/ros/melodic/lib', 'XDG_CONFIG_DIRS': '/etc/xdg/xdg-unity:/etc/xdg', 'GNOME_TERMINAL_SERVICE': ':1.86', 'VTE_VERSION': '5202', 'LC_TELEPHONE': 'zh_CN.UTF-8', 'LC_MONETARY': 'zh_CN.UTF-8', 'SHLVL': '2', 'PWD': '/home/unitree', 'ROS_MASTER_URI': 'http://localhost:11311', 'SSH_AGENT_LAUNCHER': 'gnome-keyring', 'ROS_VERSION': '1', 'TEXTDOMAIN': 'im-config', 'LC_NAME': 'zh_CN.UTF-8', 'XDG_MENU_PREFIX': 'gnome-', 'LC_TIME': 'zh_CN.UTF-8', 'GNOME_TERMINAL_SCREEN': '/org/gnome/Terminal/screen/e996a892_5d6f_4a43_8a93_5edee84cdd52'}]
[roslaunch][INFO] 2024-10-17 22:17:08,313: process[slamware_ros_sdk_server_node-2]: args[[u'/home/unitree/catkin_ws/devel/lib/slamware_ros_sdk/slamware_ros_sdk_server_node', u'/cmd_vel:=/cmd_vel', u'/move_base_simple/goal:=/move_base_simple/goal', u'/slamware_ros_sdk_server_node/scan:=scan', u'/slamware_ros_sdk_server_node/odom:=odom', u'/slamware_ros_sdk_server_node/map:=map', u'map_metadata:=map_metadata', u'global_plan_path:=global_plan_path', u'__name:=slamware_ros_sdk_server_node']]
[roslaunch][INFO] 2024-10-17 22:17:08,314: ... created process [slamware_ros_sdk_server_node-2]
[roslaunch.pmon][INFO] 2024-10-17 22:17:08,314: ProcessMonitor.register[slamware_ros_sdk_server_node-2]
[roslaunch.pmon][INFO] 2024-10-17 22:17:08,315: ProcessMonitor.register[slamware_ros_sdk_server_node-2] complete
[roslaunch][INFO] 2024-10-17 22:17:08,315: ... registered process [slamware_ros_sdk_server_node-2]
[roslaunch][INFO] 2024-10-17 22:17:08,315: process[slamware_ros_sdk_server_node-2]: starting os process
[roslaunch][INFO] 2024-10-17 22:17:08,316: process[slamware_ros_sdk_server_node-2]: start w/ args [[u'/home/unitree/catkin_ws/devel/lib/slamware_ros_sdk/slamware_ros_sdk_server_node', u'/cmd_vel:=/cmd_vel', u'/move_base_simple/goal:=/move_base_simple/goal', u'/slamware_ros_sdk_server_node/scan:=scan', u'/slamware_ros_sdk_server_node/odom:=odom', u'/slamware_ros_sdk_server_node/map:=map', u'map_metadata:=map_metadata', u'global_plan_path:=global_plan_path', u'__name:=slamware_ros_sdk_server_node', u'__log:=/home/unitree/.ros/log/7bf33ba4-8c92-11ef-8120-48b02d15d5f5/slamware_ros_sdk_server_node-2.log']]
[roslaunch][INFO] 2024-10-17 22:17:08,317: process[slamware_ros_sdk_server_node-2]: cwd will be [/home/unitree/.ros]
[roslaunch][INFO] 2024-10-17 22:17:08,383: process[slamware_ros_sdk_server_node-2]: started with pid [8383]
[roslaunch][INFO] 2024-10-17 22:17:08,384: ... successfully launched [slamware_ros_sdk_server_node-2]
[roslaunch][INFO] 2024-10-17 22:17:08,385: ... preparing to launch node of type [tf/static_transform_publisher]
[roslaunch][INFO] 2024-10-17 22:17:08,385: create_node_process: package[tf] type[static_transform_publisher] machine[Machine(name[] env_loader[None] address[localhost] ssh_port[22] user[None] assignable[True] timeout[10.0])] master_uri[http://localhost:11311]
[roslaunch][INFO] 2024-10-17 22:17:08,386: process[map2odom-3]: env[{'GOPATH': '/home/unitree/work', 'ROS_DISTRO': 'melodic', 'GNOME_SESSION_XDG_SESSION_PATH': '', 'LC_NUMERIC': 'zh_CN.UTF-8', 'QT4_IM_MODULE': 'xim', 'COLORTERM': 'truecolor', 'XDG_CURRENT_DESKTOP': 'Unity:Unity7:ubuntu', 'XDG_SESSION_TYPE': 'x11', 'ROSLISP_PACKAGE_DIRECTORIES': '/home/unitree/catkin_ws/devel/share/common-lisp', 'QT_IM_MODULE': 'ibus', 'LOGNAME': 'unitree', 'USER': 'unitree', 'PATH': '/opt/ros/melodic/bin:/usr/local/sbin:/usr/local/bin:/usr/sbin:/usr/bin:/sbin:/bin:/usr/games:/usr/local/games:/snap/bin:/usr/local/go/bin:/home/unitree/work/bin', 'LC_PAPER': 'zh_CN.UTF-8', 'HOME': '/home/unitree', 'CMAKE_PREFIX_PATH': '/home/unitree/catkin_ws/devel:/opt/ros/melodic', 'ROS_LOG_FILENAME': '/home/unitree/.ros/log/7bf33ba4-8c92-11ef-8120-48b02d15d5f5/roslaunch-nx-8270.log', 'LANG': 'en_US.UTF-8', 'MANAGERPID': '7031', 'SHELL': '/bin/bash', 'XAUTHORITY': '/run/user/1000/gdm/Xauthority', 'JOURNAL_STREAM': '8:41769', 'SESSION_MANAGER': 'local/nx:@/tmp/.ICE-unix/7337,unix/nx:/tmp/.ICE-unix/7337', 'LC_MEASUREMENT': 'zh_CN.UTF-8', 'CLUTTER_IM_MODULE': 'xim', 'DISPLAY': ':0', 'GTK_CSD': '0', 'GNOME_DESKTOP_SESSION_ID': 'this-is-deprecated', 'QT_ACCESSIBILITY': '1', 'WINDOWPATH': '1', 'DESKTOP_AUTOSTART_ID': '10d8ede33885e219a4172917457368375700000073370002', 'XMODIFIERS': '@im=ibus', 'ROS_ETC_DIR': '/opt/ros/melodic/etc/ros', 'GPG_AGENT_INFO': '/run/user/1000/gnupg/S.gpg-agent:0:1', 'ROS_PYTHON_VERSION': '2', 'INVOCATION_ID': 'bd3c537bf134439f9fc50418bb6a13d0', 'USERNAME': 'unitree', 'XDG_SESSION_DESKTOP': 'unity', 'XDG_RUNTIME_DIR': '/run/user/1000', 'SUDO_ASKPASS': '/home/unitree/RobotSLAMSystem/slam_planner/PASSWD', 'LC_IDENTIFICATION': 'zh_CN.UTF-8', 'LC_ADDRESS': 'zh_CN.UTF-8', 'PYTHONPATH': '/home/unitree/catkin_ws/devel/lib/python2.7/dist-packages:/opt/ros/melodic/lib/python2.7/dist-packages', 'SSH_AUTH_SOCK': '/run/user/1000/keyring/ssh', 'TERM': 'xterm-256color', 'ROS_ROOT': '/opt/ros/melodic/share/ros', 'GDMSESSION': 'unity', 'IM_CONFIG_PHASE': '2', 'TEXTDOMAINDIR': '/usr/share/locale/', 'DESKTOP_SESSION': 'unity', 'XDG_DATA_DIRS': '/usr/share/unity:/usr/local/share/:/usr/share/:/var/lib/snapd/desktop', 'PKG_CONFIG_PATH': '/home/unitree/catkin_ws/devel/lib/pkgconfig:/opt/ros/melodic/lib/pkgconfig', 'ROS_PACKAGE_PATH': '/home/unitree/catkin_ws/src:/opt/ros/melodic/share', 'DBUS_SESSION_BUS_ADDRESS': 'unix:path=/run/user/1000/bus', '_': '/opt/ros/melodic/bin/roslaunch', 'GTK_MODULES': 'gail:atk-bridge:unity-gtk-module', 'LD_PRELOAD': 'libgtk3-nocsd.so.0', 'GTK_IM_MODULE': 'ibus', 'LD_LIBRARY_PATH': '/home/unitree/catkin_ws/devel/lib:/opt/ros/melodic/lib', 'XDG_CONFIG_DIRS': '/etc/xdg/xdg-unity:/etc/xdg', 'GNOME_TERMINAL_SERVICE': ':1.86', 'VTE_VERSION': '5202', 'LC_TELEPHONE': 'zh_CN.UTF-8', 'LC_MONETARY': 'zh_CN.UTF-8', 'SHLVL': '2', 'PWD': '/home/unitree', 'ROS_MASTER_URI': 'http://localhost:11311', 'SSH_AGENT_LAUNCHER': 'gnome-keyring', 'ROS_VERSION': '1', 'TEXTDOMAIN': 'im-config', 'LC_NAME': 'zh_CN.UTF-8', 'XDG_MENU_PREFIX': 'gnome-', 'LC_TIME': 'zh_CN.UTF-8', 'GNOME_TERMINAL_SCREEN': '/org/gnome/Terminal/screen/e996a892_5d6f_4a43_8a93_5edee84cdd52'}]
[roslaunch][INFO] 2024-10-17 22:17:08,437: process[map2odom-3]: args[[u'/opt/ros/melodic/lib/tf/static_transform_publisher', '0', '0', '0', '0', '0', '0', '1', '/map', '/odom', '100', u'__name:=map2odom']]
[roslaunch][INFO] 2024-10-17 22:17:08,438: ... created process [map2odom-3]
[roslaunch.pmon][INFO] 2024-10-17 22:17:08,439: ProcessMonitor.register[map2odom-3]
[roslaunch.pmon][INFO] 2024-10-17 22:17:08,440: ProcessMonitor.register[map2odom-3] complete
[roslaunch][INFO] 2024-10-17 22:17:08,440: ... registered process [map2odom-3]
[roslaunch][INFO] 2024-10-17 22:17:08,440: process[map2odom-3]: starting os process
[roslaunch][INFO] 2024-10-17 22:17:08,441: process[map2odom-3]: start w/ args [[u'/opt/ros/melodic/lib/tf/static_transform_publisher', '0', '0', '0', '0', '0', '0', '1', '/map', '/odom', '100', u'__name:=map2odom', u'__log:=/home/unitree/.ros/log/7bf33ba4-8c92-11ef-8120-48b02d15d5f5/map2odom-3.log']]
[roslaunch][INFO] 2024-10-17 22:17:08,442: process[map2odom-3]: cwd will be [/home/unitree/.ros]
[roslaunch][INFO] 2024-10-17 22:17:08,519: process[map2odom-3]: started with pid [8384]
[roslaunch][INFO] 2024-10-17 22:17:08,521: ... successfully launched [map2odom-3]
[roslaunch][INFO] 2024-10-17 22:17:08,522: ... preparing to launch node of type [tf/static_transform_publisher]
[roslaunch][INFO] 2024-10-17 22:17:08,522: create_node_process: package[tf] type[static_transform_publisher] machine[Machine(name[] env_loader[None] address[localhost] ssh_port[22] user[None] assignable[True] timeout[10.0])] master_uri[http://localhost:11311]
[roslaunch][INFO] 2024-10-17 22:17:08,523: process[base2laser-4]: env[{'GOPATH': '/home/unitree/work', 'ROS_DISTRO': 'melodic', 'GNOME_SESSION_XDG_SESSION_PATH': '', 'LC_NUMERIC': 'zh_CN.UTF-8', 'QT4_IM_MODULE': 'xim', 'COLORTERM': 'truecolor', 'XDG_CURRENT_DESKTOP': 'Unity:Unity7:ubuntu', 'XDG_SESSION_TYPE': 'x11', 'ROSLISP_PACKAGE_DIRECTORIES': '/home/unitree/catkin_ws/devel/share/common-lisp', 'QT_IM_MODULE': 'ibus', 'LOGNAME': 'unitree', 'USER': 'unitree', 'PATH': '/opt/ros/melodic/bin:/usr/local/sbin:/usr/local/bin:/usr/sbin:/usr/bin:/sbin:/bin:/usr/games:/usr/local/games:/snap/bin:/usr/local/go/bin:/home/unitree/work/bin', 'LC_PAPER': 'zh_CN.UTF-8', 'HOME': '/home/unitree', 'CMAKE_PREFIX_PATH': '/home/unitree/catkin_ws/devel:/opt/ros/melodic', 'ROS_LOG_FILENAME': '/home/unitree/.ros/log/7bf33ba4-8c92-11ef-8120-48b02d15d5f5/roslaunch-nx-8270.log', 'LANG': 'en_US.UTF-8', 'MANAGERPID': '7031', 'SHELL': '/bin/bash', 'XAUTHORITY': '/run/user/1000/gdm/Xauthority', 'JOURNAL_STREAM': '8:41769', 'SESSION_MANAGER': 'local/nx:@/tmp/.ICE-unix/7337,unix/nx:/tmp/.ICE-unix/7337', 'LC_MEASUREMENT': 'zh_CN.UTF-8', 'CLUTTER_IM_MODULE': 'xim', 'DISPLAY': ':0', 'GTK_CSD': '0', 'GNOME_DESKTOP_SESSION_ID': 'this-is-deprecated', 'QT_ACCESSIBILITY': '1', 'WINDOWPATH': '1', 'DESKTOP_AUTOSTART_ID': '10d8ede33885e219a4172917457368375700000073370002', 'XMODIFIERS': '@im=ibus', 'ROS_ETC_DIR': '/opt/ros/melodic/etc/ros', 'GPG_AGENT_INFO': '/run/user/1000/gnupg/S.gpg-agent:0:1', 'ROS_PYTHON_VERSION': '2', 'INVOCATION_ID': 'bd3c537bf134439f9fc50418bb6a13d0', 'USERNAME': 'unitree', 'XDG_SESSION_DESKTOP': 'unity', 'XDG_RUNTIME_DIR': '/run/user/1000', 'SUDO_ASKPASS': '/home/unitree/RobotSLAMSystem/slam_planner/PASSWD', 'LC_IDENTIFICATION': 'zh_CN.UTF-8', 'LC_ADDRESS': 'zh_CN.UTF-8', 'PYTHONPATH': '/home/unitree/catkin_ws/devel/lib/python2.7/dist-packages:/opt/ros/melodic/lib/python2.7/dist-packages', 'SSH_AUTH_SOCK': '/run/user/1000/keyring/ssh', 'TERM': 'xterm-256color', 'ROS_ROOT': '/opt/ros/melodic/share/ros', 'GDMSESSION': 'unity', 'IM_CONFIG_PHASE': '2', 'TEXTDOMAINDIR': '/usr/share/locale/', 'DESKTOP_SESSION': 'unity', 'XDG_DATA_DIRS': '/usr/share/unity:/usr/local/share/:/usr/share/:/var/lib/snapd/desktop', 'PKG_CONFIG_PATH': '/home/unitree/catkin_ws/devel/lib/pkgconfig:/opt/ros/melodic/lib/pkgconfig', 'ROS_PACKAGE_PATH': '/home/unitree/catkin_ws/src:/opt/ros/melodic/share', 'DBUS_SESSION_BUS_ADDRESS': 'unix:path=/run/user/1000/bus', '_': '/opt/ros/melodic/bin/roslaunch', 'GTK_MODULES': 'gail:atk-bridge:unity-gtk-module', 'LD_PRELOAD': 'libgtk3-nocsd.so.0', 'GTK_IM_MODULE': 'ibus', 'LD_LIBRARY_PATH': '/home/unitree/catkin_ws/devel/lib:/opt/ros/melodic/lib', 'XDG_CONFIG_DIRS': '/etc/xdg/xdg-unity:/etc/xdg', 'GNOME_TERMINAL_SERVICE': ':1.86', 'VTE_VERSION': '5202', 'LC_TELEPHONE': 'zh_CN.UTF-8', 'LC_MONETARY': 'zh_CN.UTF-8', 'SHLVL': '2', 'PWD': '/home/unitree', 'ROS_MASTER_URI': 'http://localhost:11311', 'SSH_AGENT_LAUNCHER': 'gnome-keyring', 'ROS_VERSION': '1', 'TEXTDOMAIN': 'im-config', 'LC_NAME': 'zh_CN.UTF-8', 'XDG_MENU_PREFIX': 'gnome-', 'LC_TIME': 'zh_CN.UTF-8', 'GNOME_TERMINAL_SCREEN': '/org/gnome/Terminal/screen/e996a892_5d6f_4a43_8a93_5edee84cdd52'}]
[roslaunch][INFO] 2024-10-17 22:17:08,528: process[base2laser-4]: args[[u'/opt/ros/melodic/lib/tf/static_transform_publisher', '0', '0', '0', '0', '0', '0', '1', '/base_link', '/laser', '100', u'__name:=base2laser']]
[roslaunch][INFO] 2024-10-17 22:17:08,528: ... created process [base2laser-4]
[roslaunch.pmon][INFO] 2024-10-17 22:17:08,529: ProcessMonitor.register[base2laser-4]
[roslaunch.pmon][INFO] 2024-10-17 22:17:08,529: ProcessMonitor.register[base2laser-4] complete
[roslaunch][INFO] 2024-10-17 22:17:08,530: ... registered process [base2laser-4]
[roslaunch][INFO] 2024-10-17 22:17:08,530: process[base2laser-4]: starting os process
[roslaunch][INFO] 2024-10-17 22:17:08,531: process[base2laser-4]: start w/ args [[u'/opt/ros/melodic/lib/tf/static_transform_publisher', '0', '0', '0', '0', '0', '0', '1', '/base_link', '/laser', '100', u'__name:=base2laser', u'__log:=/home/unitree/.ros/log/7bf33ba4-8c92-11ef-8120-48b02d15d5f5/base2laser-4.log']]
[roslaunch][INFO] 2024-10-17 22:17:08,531: process[base2laser-4]: cwd will be [/home/unitree/.ros]
[roslaunch][INFO] 2024-10-17 22:17:08,542: process[base2laser-4]: started with pid [8385]
[roslaunch][INFO] 2024-10-17 22:17:08,543: ... successfully launched [base2laser-4]
[roslaunch][INFO] 2024-10-17 22:17:08,544: ... preparing to launch node of type [tf/static_transform_publisher]
[roslaunch][INFO] 2024-10-17 22:17:08,544: create_node_process: package[tf] type[static_transform_publisher] machine[Machine(name[] env_loader[None] address[localhost] ssh_port[22] user[None] assignable[True] timeout[10.0])] master_uri[http://localhost:11311]
[roslaunch][INFO] 2024-10-17 22:17:08,545: process[laser2foot-5]: env[{'GOPATH': '/home/unitree/work', 'ROS_DISTRO': 'melodic', 'GNOME_SESSION_XDG_SESSION_PATH': '', 'LC_NUMERIC': 'zh_CN.UTF-8', 'QT4_IM_MODULE': 'xim', 'COLORTERM': 'truecolor', 'XDG_CURRENT_DESKTOP': 'Unity:Unity7:ubuntu', 'XDG_SESSION_TYPE': 'x11', 'ROSLISP_PACKAGE_DIRECTORIES': '/home/unitree/catkin_ws/devel/share/common-lisp', 'QT_IM_MODULE': 'ibus', 'LOGNAME': 'unitree', 'USER': 'unitree', 'PATH': '/opt/ros/melodic/bin:/usr/local/sbin:/usr/local/bin:/usr/sbin:/usr/bin:/sbin:/bin:/usr/games:/usr/local/games:/snap/bin:/usr/local/go/bin:/home/unitree/work/bin', 'LC_PAPER': 'zh_CN.UTF-8', 'HOME': '/home/unitree', 'CMAKE_PREFIX_PATH': '/home/unitree/catkin_ws/devel:/opt/ros/melodic', 'ROS_LOG_FILENAME': '/home/unitree/.ros/log/7bf33ba4-8c92-11ef-8120-48b02d15d5f5/roslaunch-nx-8270.log', 'LANG': 'en_US.UTF-8', 'MANAGERPID': '7031', 'SHELL': '/bin/bash', 'XAUTHORITY': '/run/user/1000/gdm/Xauthority', 'JOURNAL_STREAM': '8:41769', 'SESSION_MANAGER': 'local/nx:@/tmp/.ICE-unix/7337,unix/nx:/tmp/.ICE-unix/7337', 'LC_MEASUREMENT': 'zh_CN.UTF-8', 'CLUTTER_IM_MODULE': 'xim', 'DISPLAY': ':0', 'GTK_CSD': '0', 'GNOME_DESKTOP_SESSION_ID': 'this-is-deprecated', 'QT_ACCESSIBILITY': '1', 'WINDOWPATH': '1', 'DESKTOP_AUTOSTART_ID': '10d8ede33885e219a4172917457368375700000073370002', 'XMODIFIERS': '@im=ibus', 'ROS_ETC_DIR': '/opt/ros/melodic/etc/ros', 'GPG_AGENT_INFO': '/run/user/1000/gnupg/S.gpg-agent:0:1', 'ROS_PYTHON_VERSION': '2', 'INVOCATION_ID': 'bd3c537bf134439f9fc50418bb6a13d0', 'USERNAME': 'unitree', 'XDG_SESSION_DESKTOP': 'unity', 'XDG_RUNTIME_DIR': '/run/user/1000', 'SUDO_ASKPASS': '/home/unitree/RobotSLAMSystem/slam_planner/PASSWD', 'LC_IDENTIFICATION': 'zh_CN.UTF-8', 'LC_ADDRESS': 'zh_CN.UTF-8', 'PYTHONPATH': '/home/unitree/catkin_ws/devel/lib/python2.7/dist-packages:/opt/ros/melodic/lib/python2.7/dist-packages', 'SSH_AUTH_SOCK': '/run/user/1000/keyring/ssh', 'TERM': 'xterm-256color', 'ROS_ROOT': '/opt/ros/melodic/share/ros', 'GDMSESSION': 'unity', 'IM_CONFIG_PHASE': '2', 'TEXTDOMAINDIR': '/usr/share/locale/', 'DESKTOP_SESSION': 'unity', 'XDG_DATA_DIRS': '/usr/share/unity:/usr/local/share/:/usr/share/:/var/lib/snapd/desktop', 'PKG_CONFIG_PATH': '/home/unitree/catkin_ws/devel/lib/pkgconfig:/opt/ros/melodic/lib/pkgconfig', 'ROS_PACKAGE_PATH': '/home/unitree/catkin_ws/src:/opt/ros/melodic/share', 'DBUS_SESSION_BUS_ADDRESS': 'unix:path=/run/user/1000/bus', '_': '/opt/ros/melodic/bin/roslaunch', 'GTK_MODULES': 'gail:atk-bridge:unity-gtk-module', 'LD_PRELOAD': 'libgtk3-nocsd.so.0', 'GTK_IM_MODULE': 'ibus', 'LD_LIBRARY_PATH': '/home/unitree/catkin_ws/devel/lib:/opt/ros/melodic/lib', 'XDG_CONFIG_DIRS': '/etc/xdg/xdg-unity:/etc/xdg', 'GNOME_TERMINAL_SERVICE': ':1.86', 'VTE_VERSION': '5202', 'LC_TELEPHONE': 'zh_CN.UTF-8', 'LC_MONETARY': 'zh_CN.UTF-8', 'SHLVL': '2', 'PWD': '/home/unitree', 'ROS_MASTER_URI': 'http://localhost:11311', 'SSH_AGENT_LAUNCHER': 'gnome-keyring', 'ROS_VERSION': '1', 'TEXTDOMAIN': 'im-config', 'LC_NAME': 'zh_CN.UTF-8', 'XDG_MENU_PREFIX': 'gnome-', 'LC_TIME': 'zh_CN.UTF-8', 'GNOME_TERMINAL_SCREEN': '/org/gnome/Terminal/screen/e996a892_5d6f_4a43_8a93_5edee84cdd52'}]
[roslaunch][INFO] 2024-10-17 22:17:08,550: process[laser2foot-5]: args[[u'/opt/ros/melodic/lib/tf/static_transform_publisher', '0', '0', '0', '0', '0', '0', '1', '/laser', '/base_footprint', '100', u'__name:=laser2foot']]
[roslaunch][INFO] 2024-10-17 22:17:08,550: ... created process [laser2foot-5]
[roslaunch.pmon][INFO] 2024-10-17 22:17:08,551: ProcessMonitor.register[laser2foot-5]
[roslaunch.pmon][INFO] 2024-10-17 22:17:08,551: ProcessMonitor.register[laser2foot-5] complete
[roslaunch][INFO] 2024-10-17 22:17:08,551: ... registered process [laser2foot-5]
[roslaunch][INFO] 2024-10-17 22:17:08,552: process[laser2foot-5]: starting os process
[roslaunch][INFO] 2024-10-17 22:17:08,552: process[laser2foot-5]: start w/ args [[u'/opt/ros/melodic/lib/tf/static_transform_publisher', '0', '0', '0', '0', '0', '0', '1', '/laser', '/base_footprint', '100', u'__name:=laser2foot', u'__log:=/home/unitree/.ros/log/7bf33ba4-8c92-11ef-8120-48b02d15d5f5/laser2foot-5.log']]
[roslaunch][INFO] 2024-10-17 22:17:08,553: process[laser2foot-5]: cwd will be [/home/unitree/.ros]
[roslaunch][INFO] 2024-10-17 22:17:08,565: process[laser2foot-5]: started with pid [8386]
[roslaunch][INFO] 2024-10-17 22:17:08,567: ... successfully launched [laser2foot-5]
[roslaunch][INFO] 2024-10-17 22:17:08,567: ... preparing to launch node of type [slam_planner/slam_planner_node]
[roslaunch][INFO] 2024-10-17 22:17:08,568: create_node_process: package[slam_planner] type[slam_planner_node] machine[Machine(name[] env_loader[None] address[localhost] ssh_port[22] user[None] assignable[True] timeout[10.0])] master_uri[http://localhost:11311]
[roslaunch][INFO] 2024-10-17 22:17:08,568: process[slam_planner_node-6]: env[{'GOPATH': '/home/unitree/work', 'ROS_DISTRO': 'melodic', 'GNOME_SESSION_XDG_SESSION_PATH': '', 'LC_NUMERIC': 'zh_CN.UTF-8', 'QT4_IM_MODULE': 'xim', 'COLORTERM': 'truecolor', 'XDG_CURRENT_DESKTOP': 'Unity:Unity7:ubuntu', 'XDG_SESSION_TYPE': 'x11', 'ROSLISP_PACKAGE_DIRECTORIES': '/home/unitree/catkin_ws/devel/share/common-lisp', 'QT_IM_MODULE': 'ibus', 'LOGNAME': 'unitree', 'USER': 'unitree', 'PATH': '/opt/ros/melodic/bin:/usr/local/sbin:/usr/local/bin:/usr/sbin:/usr/bin:/sbin:/bin:/usr/games:/usr/local/games:/snap/bin:/usr/local/go/bin:/home/unitree/work/bin', 'LC_PAPER': 'zh_CN.UTF-8', 'HOME': '/home/unitree', 'CMAKE_PREFIX_PATH': '/home/unitree/catkin_ws/devel:/opt/ros/melodic', 'ROS_LOG_FILENAME': '/home/unitree/.ros/log/7bf33ba4-8c92-11ef-8120-48b02d15d5f5/roslaunch-nx-8270.log', 'LANG': 'en_US.UTF-8', 'MANAGERPID': '7031', 'SHELL': '/bin/bash', 'XAUTHORITY': '/run/user/1000/gdm/Xauthority', 'JOURNAL_STREAM': '8:41769', 'SESSION_MANAGER': 'local/nx:@/tmp/.ICE-unix/7337,unix/nx:/tmp/.ICE-unix/7337', 'LC_MEASUREMENT': 'zh_CN.UTF-8', 'CLUTTER_IM_MODULE': 'xim', 'DISPLAY': ':0', 'GTK_CSD': '0', 'GNOME_DESKTOP_SESSION_ID': 'this-is-deprecated', 'QT_ACCESSIBILITY': '1', 'WINDOWPATH': '1', 'DESKTOP_AUTOSTART_ID': '10d8ede33885e219a4172917457368375700000073370002', 'XMODIFIERS': '@im=ibus', 'ROS_ETC_DIR': '/opt/ros/melodic/etc/ros', 'GPG_AGENT_INFO': '/run/user/1000/gnupg/S.gpg-agent:0:1', 'ROS_PYTHON_VERSION': '2', 'INVOCATION_ID': 'bd3c537bf134439f9fc50418bb6a13d0', 'USERNAME': 'unitree', 'XDG_SESSION_DESKTOP': 'unity', 'XDG_RUNTIME_DIR': '/run/user/1000', 'SUDO_ASKPASS': '/home/unitree/RobotSLAMSystem/slam_planner/PASSWD', 'LC_IDENTIFICATION': 'zh_CN.UTF-8', 'LC_ADDRESS': 'zh_CN.UTF-8', 'PYTHONPATH': '/home/unitree/catkin_ws/devel/lib/python2.7/dist-packages:/opt/ros/melodic/lib/python2.7/dist-packages', 'SSH_AUTH_SOCK': '/run/user/1000/keyring/ssh', 'TERM': 'xterm-256color', 'ROS_ROOT': '/opt/ros/melodic/share/ros', 'GDMSESSION': 'unity', 'IM_CONFIG_PHASE': '2', 'TEXTDOMAINDIR': '/usr/share/locale/', 'DESKTOP_SESSION': 'unity', 'XDG_DATA_DIRS': '/usr/share/unity:/usr/local/share/:/usr/share/:/var/lib/snapd/desktop', 'PKG_CONFIG_PATH': '/home/unitree/catkin_ws/devel/lib/pkgconfig:/opt/ros/melodic/lib/pkgconfig', 'ROS_PACKAGE_PATH': '/home/unitree/catkin_ws/src:/opt/ros/melodic/share', 'DBUS_SESSION_BUS_ADDRESS': 'unix:path=/run/user/1000/bus', '_': '/opt/ros/melodic/bin/roslaunch', 'GTK_MODULES': 'gail:atk-bridge:unity-gtk-module', 'LD_PRELOAD': 'libgtk3-nocsd.so.0', 'GTK_IM_MODULE': 'ibus', 'LD_LIBRARY_PATH': '/home/unitree/catkin_ws/devel/lib:/opt/ros/melodic/lib', 'XDG_CONFIG_DIRS': '/etc/xdg/xdg-unity:/etc/xdg', 'GNOME_TERMINAL_SERVICE': ':1.86', 'VTE_VERSION': '5202', 'LC_TELEPHONE': 'zh_CN.UTF-8', 'LC_MONETARY': 'zh_CN.UTF-8', 'SHLVL': '2', 'PWD': '/home/unitree', 'ROS_MASTER_URI': 'http://localhost:11311', 'SSH_AGENT_LAUNCHER': 'gnome-keyring', 'ROS_VERSION': '1', 'TEXTDOMAIN': 'im-config', 'LC_NAME': 'zh_CN.UTF-8', 'XDG_MENU_PREFIX': 'gnome-', 'LC_TIME': 'zh_CN.UTF-8', 'GNOME_TERMINAL_SCREEN': '/org/gnome/Terminal/screen/e996a892_5d6f_4a43_8a93_5edee84cdd52'}]
[roslaunch][INFO] 2024-10-17 22:17:08,574: process[slam_planner_node-6]: args[[u'/home/unitree/catkin_ws/devel/lib/slam_planner/slam_planner_node', u'__name:=slam_planner_node']]
[roslaunch][INFO] 2024-10-17 22:17:08,574: ... created process [slam_planner_node-6]
[roslaunch.pmon][INFO] 2024-10-17 22:17:08,575: ProcessMonitor.register[slam_planner_node-6]
[roslaunch.pmon][INFO] 2024-10-17 22:17:08,575: ProcessMonitor.register[slam_planner_node-6] complete
[roslaunch][INFO] 2024-10-17 22:17:08,576: ... registered process [slam_planner_node-6]
[roslaunch][INFO] 2024-10-17 22:17:08,576: process[slam_planner_node-6]: starting os process
[roslaunch][INFO] 2024-10-17 22:17:08,577: process[slam_planner_node-6]: start w/ args [[u'/home/unitree/catkin_ws/devel/lib/slam_planner/slam_planner_node', u'__name:=slam_planner_node', u'__log:=/home/unitree/.ros/log/7bf33ba4-8c92-11ef-8120-48b02d15d5f5/slam_planner_node-6.log']]
[roslaunch][INFO] 2024-10-17 22:17:08,577: process[slam_planner_node-6]: cwd will be [/home/unitree/.ros]
[roslaunch][INFO] 2024-10-17 22:17:08,612: process[slam_planner_node-6]: started with pid [8387]
[roslaunch][INFO] 2024-10-17 22:17:08,614: ... successfully launched [slam_planner_node-6]
[roslaunch][INFO] 2024-10-17 22:17:08,614: ... preparing to launch node of type [slam_planner/base_controller_node]
[roslaunch][INFO] 2024-10-17 22:17:08,615: create_node_process: package[slam_planner] type[base_controller_node] machine[Machine(name[] env_loader[None] address[localhost] ssh_port[22] user[None] assignable[True] timeout[10.0])] master_uri[http://localhost:11311]
[roslaunch][INFO] 2024-10-17 22:17:08,616: process[base_controller_node-7]: env[{'GOPATH': '/home/unitree/work', 'ROS_DISTRO': 'melodic', 'GNOME_SESSION_XDG_SESSION_PATH': '', 'LC_NUMERIC': 'zh_CN.UTF-8', 'QT4_IM_MODULE': 'xim', 'COLORTERM': 'truecolor', 'XDG_CURRENT_DESKTOP': 'Unity:Unity7:ubuntu', 'XDG_SESSION_TYPE': 'x11', 'ROSLISP_PACKAGE_DIRECTORIES': '/home/unitree/catkin_ws/devel/share/common-lisp', 'QT_IM_MODULE': 'ibus', 'LOGNAME': 'unitree', 'USER': 'unitree', 'PATH': '/opt/ros/melodic/bin:/usr/local/sbin:/usr/local/bin:/usr/sbin:/usr/bin:/sbin:/bin:/usr/games:/usr/local/games:/snap/bin:/usr/local/go/bin:/home/unitree/work/bin', 'LC_PAPER': 'zh_CN.UTF-8', 'HOME': '/home/unitree', 'CMAKE_PREFIX_PATH': '/home/unitree/catkin_ws/devel:/opt/ros/melodic', 'ROS_LOG_FILENAME': '/home/unitree/.ros/log/7bf33ba4-8c92-11ef-8120-48b02d15d5f5/roslaunch-nx-8270.log', 'LANG': 'en_US.UTF-8', 'MANAGERPID': '7031', 'SHELL': '/bin/bash', 'XAUTHORITY': '/run/user/1000/gdm/Xauthority', 'JOURNAL_STREAM': '8:41769', 'SESSION_MANAGER': 'local/nx:@/tmp/.ICE-unix/7337,unix/nx:/tmp/.ICE-unix/7337', 'LC_MEASUREMENT': 'zh_CN.UTF-8', 'CLUTTER_IM_MODULE': 'xim', 'DISPLAY': ':0', 'GTK_CSD': '0', 'GNOME_DESKTOP_SESSION_ID': 'this-is-deprecated', 'QT_ACCESSIBILITY': '1', 'WINDOWPATH': '1', 'DESKTOP_AUTOSTART_ID': '10d8ede33885e219a4172917457368375700000073370002', 'XMODIFIERS': '@im=ibus', 'ROS_ETC_DIR': '/opt/ros/melodic/etc/ros', 'GPG_AGENT_INFO': '/run/user/1000/gnupg/S.gpg-agent:0:1', 'ROS_PYTHON_VERSION': '2', 'INVOCATION_ID': 'bd3c537bf134439f9fc50418bb6a13d0', 'USERNAME': 'unitree', 'XDG_SESSION_DESKTOP': 'unity', 'XDG_RUNTIME_DIR': '/run/user/1000', 'SUDO_ASKPASS': '/home/unitree/RobotSLAMSystem/slam_planner/PASSWD', 'LC_IDENTIFICATION': 'zh_CN.UTF-8', 'LC_ADDRESS': 'zh_CN.UTF-8', 'PYTHONPATH': '/home/unitree/catkin_ws/devel/lib/python2.7/dist-packages:/opt/ros/melodic/lib/python2.7/dist-packages', 'SSH_AUTH_SOCK': '/run/user/1000/keyring/ssh', 'TERM': 'xterm-256color', 'ROS_ROOT': '/opt/ros/melodic/share/ros', 'GDMSESSION': 'unity', 'IM_CONFIG_PHASE': '2', 'TEXTDOMAINDIR': '/usr/share/locale/', 'DESKTOP_SESSION': 'unity', 'XDG_DATA_DIRS': '/usr/share/unity:/usr/local/share/:/usr/share/:/var/lib/snapd/desktop', 'PKG_CONFIG_PATH': '/home/unitree/catkin_ws/devel/lib/pkgconfig:/opt/ros/melodic/lib/pkgconfig', 'ROS_PACKAGE_PATH': '/home/unitree/catkin_ws/src:/opt/ros/melodic/share', 'DBUS_SESSION_BUS_ADDRESS': 'unix:path=/run/user/1000/bus', '_': '/opt/ros/melodic/bin/roslaunch', 'GTK_MODULES': 'gail:atk-bridge:unity-gtk-module', 'LD_PRELOAD': 'libgtk3-nocsd.so.0', 'GTK_IM_MODULE': 'ibus', 'LD_LIBRARY_PATH': '/home/unitree/catkin_ws/devel/lib:/opt/ros/melodic/lib', 'XDG_CONFIG_DIRS': '/etc/xdg/xdg-unity:/etc/xdg', 'GNOME_TERMINAL_SERVICE': ':1.86', 'VTE_VERSION': '5202', 'LC_TELEPHONE': 'zh_CN.UTF-8', 'LC_MONETARY': 'zh_CN.UTF-8', 'SHLVL': '2', 'PWD': '/home/unitree', 'ROS_MASTER_URI': 'http://localhost:11311', 'SSH_AGENT_LAUNCHER': 'gnome-keyring', 'ROS_VERSION': '1', 'TEXTDOMAIN': 'im-config', 'LC_NAME': 'zh_CN.UTF-8', 'XDG_MENU_PREFIX': 'gnome-', 'LC_TIME': 'zh_CN.UTF-8', 'GNOME_TERMINAL_SCREEN': '/org/gnome/Terminal/screen/e996a892_5d6f_4a43_8a93_5edee84cdd52'}]
[roslaunch][INFO] 2024-10-17 22:17:08,621: process[base_controller_node-7]: args[[u'/home/unitree/catkin_ws/devel/lib/slam_planner/base_controller_node', u'__name:=base_controller_node']]
[roslaunch][INFO] 2024-10-17 22:17:08,622: ... created process [base_controller_node-7]
[roslaunch.pmon][INFO] 2024-10-17 22:17:08,622: ProcessMonitor.register[base_controller_node-7]
[roslaunch.pmon][INFO] 2024-10-17 22:17:08,622: ProcessMonitor.register[base_controller_node-7] complete
[roslaunch][INFO] 2024-10-17 22:17:08,622: ... registered process [base_controller_node-7]
[roslaunch][INFO] 2024-10-17 22:17:08,623: process[base_controller_node-7]: starting os process
[roslaunch][INFO] 2024-10-17 22:17:08,623: process[base_controller_node-7]: start w/ args [[u'/home/unitree/catkin_ws/devel/lib/slam_planner/base_controller_node', u'__name:=base_controller_node', u'__log:=/home/unitree/.ros/log/7bf33ba4-8c92-11ef-8120-48b02d15d5f5/base_controller_node-7.log']]
[roslaunch][INFO] 2024-10-17 22:17:08,624: process[base_controller_node-7]: cwd will be [/home/unitree/.ros]
[roslaunch][INFO] 2024-10-17 22:17:08,683: process[base_controller_node-7]: started with pid [8388]
[roslaunch][INFO] 2024-10-17 22:17:08,684: ... successfully launched [base_controller_node-7]
[roslaunch][INFO] 2024-10-17 22:17:08,685: ... launch_nodes complete
[roslaunch.pmon][INFO] 2024-10-17 22:17:08,685: registrations completed <ProcessMonitor(ProcessMonitor-1, started daemon 548431208944)>
[roslaunch.parent][INFO] 2024-10-17 22:17:08,686: ... roslaunch parent running, waiting for process exit
[roslaunch][INFO] 2024-10-17 22:17:08,686: spin
