[rospy.client][INFO] 2024-11-12 22:56:06,147: init_node, name[/rostopic_8465_1731423366052], pid[8465]
[xmlrpc][INFO] 2024-11-12 22:56:06,148: XML-RPC server binding to 0.0.0.0:0
[xmlrpc][INFO] 2024-11-12 22:56:06,150: Started XML-RPC server [http://nx:36325/]
[rospy.init][INFO] 2024-11-12 22:56:06,150: ROS Slave URI: [http://nx:36325/]
[rospy.impl.masterslave][INFO] 2024-11-12 22:56:06,151: _ready: http://nx:36325/
[xmlrpc][INFO] 2024-11-12 22:56:06,152: xml rpc node: starting XML-RPC server
[rospy.registration][INFO] 2024-11-12 22:56:06,153: Registering with master node http://localhost:11311
[rospy.init][INFO] 2024-11-12 22:56:06,252: registered with master
[rospy.rosout][INFO] 2024-11-12 22:56:06,253: initializing /rosout core topic
[rospy.rosout][INFO] 2024-11-12 22:56:06,258: connected to core topic /rosout
[rospy.simtime][INFO] 2024-11-12 22:56:06,261: /use_sim_time is not set, will not subscribe to simulated time [/clock] topic
[rospy.internal][INFO] 2024-11-12 22:56:06,638: topic[/odom] adding connection to [http://nx:37165/], count 0
[rospy.internal][INFO] 2024-11-12 22:56:06,756: topic[/rosout] adding connection to [/rosout], count 0
[rospy.internal][WARNING] 2024-11-12 22:56:51,104: Unknown error initiating TCP/IP socket to nx:34051 (http://nx:37165/): Traceback (most recent call last):
  File "/opt/ros/melodic/lib/python2.7/dist-packages/rospy/impl/tcpros_base.py", line 562, in connect
    self.read_header()
  File "/opt/ros/melodic/lib/python2.7/dist-packages/rospy/impl/tcpros_base.py", line 657, in read_header
    self._validate_header(read_ros_handshake_header(sock, self.read_buff, self.protocol.buff_size))
  File "/opt/ros/melodic/lib/python2.7/dist-packages/rosgraph/network.py", line 357, in read_ros_handshake_header
    d = sock.recv(buff_size)
error: [Errno 104] Connection reset by peer

[rospy.internal][INFO] 2024-11-12 22:56:51,105: topic[/odom] removing connection to http://nx:37165/
[rospy.internal][INFO] 2024-11-12 22:56:52,181: topic[/rosout] removing connection to /rosout
