[rospy.client][INFO] 2024-11-08 01:21:25,842: init_node, name[/rostopic_8502_1731000085750], pid[8502]
[xmlrpc][INFO] 2024-11-08 01:21:25,844: XML-RPC server binding to 0.0.0.0:0
[xmlrpc][INFO] 2024-11-08 01:21:25,845: Started XML-RPC server [http://nx:42289/]
[rospy.init][INFO] 2024-11-08 01:21:25,846: ROS Slave URI: [http://nx:42289/]
[rospy.impl.masterslave][INFO] 2024-11-08 01:21:25,846: _ready: http://nx:42289/
[rospy.registration][INFO] 2024-11-08 01:21:25,848: Registering with master node http://localhost:11311
[xmlrpc][INFO] 2024-11-08 01:21:25,849: xml rpc node: starting XML-RPC server
[rospy.init][INFO] 2024-11-08 01:21:25,947: registered with master
[rospy.rosout][INFO] 2024-11-08 01:21:25,948: initializing /rosout core topic
[rospy.rosout][INFO] 2024-11-08 01:21:25,954: connected to core topic /rosout
[rospy.simtime][INFO] 2024-11-08 01:21:25,957: /use_sim_time is not set, will not subscribe to simulated time [/clock] topic
[rospy.internal][INFO] 2024-11-08 01:21:26,310: topic[/odom] adding connection to [http://nx:33469/], count 0
[rospy.internal][INFO] 2024-11-08 01:21:26,374: topic[/rosout] adding connection to [/rosout], count 0
[rospy.internal][WARNING] 2024-11-08 02:28:00,069: Unknown error initiating TCP/IP socket to nx:34163 (http://nx:33469/): Traceback (most recent call last):
  File "/opt/ros/melodic/lib/python2.7/dist-packages/rospy/impl/tcpros_base.py", line 562, in connect
    self.read_header()
  File "/opt/ros/melodic/lib/python2.7/dist-packages/rospy/impl/tcpros_base.py", line 657, in read_header
    self._validate_header(read_ros_handshake_header(sock, self.read_buff, self.protocol.buff_size))
  File "/opt/ros/melodic/lib/python2.7/dist-packages/rosgraph/network.py", line 357, in read_ros_handshake_header
    d = sock.recv(buff_size)
error: [Errno 104] Connection reset by peer

[rospy.internal][INFO] 2024-11-08 02:28:00,070: topic[/odom] removing connection to http://nx:33469/
[rospy.internal][INFO] 2024-11-08 02:28:00,879: topic[/rosout] removing connection to /rosout
