[rospy.client][INFO] 2024-10-28 22:00:17,396: init_node, name[/rostopic_18988_1730124017306], pid[18988]
[xmlrpc][INFO] 2024-10-28 22:00:17,398: XML-RPC server binding to 0.0.0.0:0
[xmlrpc][INFO] 2024-10-28 22:00:17,399: Started XML-RPC server [http://nx:41299/]
[rospy.init][INFO] 2024-10-28 22:00:17,400: ROS Slave URI: [http://nx:41299/]
[rospy.impl.masterslave][INFO] 2024-10-28 22:00:17,401: _ready: http://nx:41299/
[rospy.registration][INFO] 2024-10-28 22:00:17,402: Registering with master node http://localhost:11311
[xmlrpc][INFO] 2024-10-28 22:00:17,403: xml rpc node: starting XML-RPC server
[rospy.init][INFO] 2024-10-28 22:00:17,502: registered with master
[rospy.rosout][INFO] 2024-10-28 22:00:17,505: initializing /rosout core topic
[rospy.rosout][INFO] 2024-10-28 22:00:17,517: connected to core topic /rosout
[rospy.simtime][INFO] 2024-10-28 22:00:17,522: /use_sim_time is not set, will not subscribe to simulated time [/clock] topic
[rospy.internal][INFO] 2024-10-28 22:00:17,591: topic[/unitree_legged_msgs/HighState] adding connection to [http://nx:34309/], count 0
[rospy.internal][INFO] 2024-10-28 22:00:17,832: topic[/rosout] adding connection to [/rosout], count 0
[rospy.internal][WARNING] 2024-10-28 22:00:46,948: Unknown error initiating TCP/IP socket to nx:55279 (http://nx:34309/): Traceback (most recent call last):
  File "/opt/ros/melodic/lib/python2.7/dist-packages/rospy/impl/tcpros_base.py", line 560, in connect
    self.socket.connect((dest_addr, dest_port))
  File "/usr/lib/python2.7/socket.py", line 228, in meth
    return getattr(self._sock,name)(*args)
error: [Errno 111] Connection refused

[rospy.internal][INFO] 2024-10-28 22:00:46,949: topic[/unitree_legged_msgs/HighState] removing connection to http://nx:34309/
[rospy.core][INFO] 2024-10-28 22:00:48,574: signal_shutdown [signal-2]
[rospy.internal][INFO] 2024-10-28 22:00:48,593: topic[/rosout] removing connection to /rosout
[rospy.impl.masterslave][INFO] 2024-10-28 22:00:48,595: signal-2
[rospy.core][INFO] 2024-10-28 22:00:48,714: signal_shutdown [atexit]
