[rospy.client][INFO] 2024-11-14 00:03:07,173: init_node, name[/rostopic_8670_1731513787071], pid[8670]
[xmlrpc][INFO] 2024-11-14 00:03:07,175: XML-RPC server binding to 0.0.0.0:0
[xmlrpc][INFO] 2024-11-14 00:03:07,177: Started XML-RPC server [http://nx:38087/]
[rospy.init][INFO] 2024-11-14 00:03:07,177: ROS Slave URI: [http://nx:38087/]
[rospy.impl.masterslave][INFO] 2024-11-14 00:03:07,178: _ready: http://nx:38087/
[rospy.registration][INFO] 2024-11-14 00:03:07,179: Registering with master node http://localhost:11311
[xmlrpc][INFO] 2024-11-14 00:03:07,180: xml rpc node: starting XML-RPC server
[rospy.init][INFO] 2024-11-14 00:03:07,279: registered with master
[rospy.rosout][INFO] 2024-11-14 00:03:07,279: initializing /rosout core topic
[rospy.rosout][INFO] 2024-11-14 00:03:07,286: connected to core topic /rosout
[rospy.simtime][INFO] 2024-11-14 00:03:07,289: /use_sim_time is not set, will not subscribe to simulated time [/clock] topic
[rospy.internal][INFO] 2024-11-14 00:03:07,624: topic[/odom] adding connection to [http://nx:42943/], count 0
[rospy.internal][INFO] 2024-11-14 00:03:07,664: topic[/rosout] adding connection to [/rosout], count 0
[rospy.internal][WARNING] 2024-11-14 00:17:30,410: Unknown error initiating TCP/IP socket to nx:59361 (http://nx:42943/): Traceback (most recent call last):
  File "/opt/ros/melodic/lib/python2.7/dist-packages/rospy/impl/tcpros_base.py", line 562, in connect
    self.read_header()
  File "/opt/ros/melodic/lib/python2.7/dist-packages/rospy/impl/tcpros_base.py", line 657, in read_header
    self._validate_header(read_ros_handshake_header(sock, self.read_buff, self.protocol.buff_size))
  File "/opt/ros/melodic/lib/python2.7/dist-packages/rosgraph/network.py", line 357, in read_ros_handshake_header
    d = sock.recv(buff_size)
error: [Errno 104] Connection reset by peer

[rospy.internal][INFO] 2024-11-14 00:17:30,411: topic[/odom] removing connection to http://nx:42943/
[rospy.internal][INFO] 2024-11-14 00:17:31,397: topic[/rosout] removing connection to /rosout
