[rospy.client][INFO] 2020-09-10 20:42:01,730: init_node, name[/rostopic_8231_1599741721636], pid[8231]
[xmlrpc][INFO] 2020-09-10 20:42:01,732: XML-RPC server binding to 0.0.0.0:0
[xmlrpc][INFO] 2020-09-10 20:42:01,734: Started XML-RPC server [http://nx:38307/]
[rospy.init][INFO] 2020-09-10 20:42:01,734: ROS Slave URI: [http://nx:38307/]
[rospy.impl.masterslave][INFO] 2020-09-10 20:42:01,735: _ready: http://nx:38307/
[rospy.registration][INFO] 2020-09-10 20:42:01,737: Registering with master node http://localhost:11311
[xmlrpc][INFO] 2020-09-10 20:42:01,737: xml rpc node: starting XML-RPC server
[rospy.init][INFO] 2020-09-10 20:42:01,836: registered with master
[rospy.rosout][INFO] 2020-09-10 20:42:01,836: initializing /rosout core topic
[rospy.rosout][INFO] 2020-09-10 20:42:01,848: connected to core topic /rosout
[rospy.simtime][INFO] 2020-09-10 20:42:01,852: /use_sim_time is not set, will not subscribe to simulated time [/clock] topic
[rospy.internal][INFO] 2020-09-10 20:42:02,212: topic[/rosout] adding connection to [/rosout], count 0
[rospy.internal][INFO] 2020-09-10 20:42:02,234: topic[/odom] adding connection to [http://nx:42979/], count 0
[rospy.internal][WARNING] 2020-09-10 20:50:38,274: Unknown error initiating TCP/IP socket to nx:46955 (http://nx:42979/): Traceback (most recent call last):
  File "/opt/ros/melodic/lib/python2.7/dist-packages/rospy/impl/tcpros_base.py", line 562, in connect
    self.read_header()
  File "/opt/ros/melodic/lib/python2.7/dist-packages/rospy/impl/tcpros_base.py", line 657, in read_header
    self._validate_header(read_ros_handshake_header(sock, self.read_buff, self.protocol.buff_size))
  File "/opt/ros/melodic/lib/python2.7/dist-packages/rosgraph/network.py", line 357, in read_ros_handshake_header
    d = sock.recv(buff_size)
error: [Errno 104] Connection reset by peer

[rospy.internal][INFO] 2020-09-10 20:50:38,275: topic[/odom] removing connection to http://nx:42979/
[rospy.internal][INFO] 2020-09-10 20:50:39,012: topic[/rosout] removing connection to /rosout
