In file included from /home/unitree/opencv_contrib-4.1.1/modules/cudalegacy/test/test_precomp.hpp:66:0,
                 from /home/unitree/opencv_contrib-4.1.1/modules/cudalegacy/test/TestTranspose.cpp:43:
/home/unitree/opencv-4.1.1/modules/core/include/opencv2/core/private.cuda.hpp:75:0: warning: "NPP_VERSION" redefined
 #  define NPP_VERSION (NPP_VERSION_MAJOR * 1000 + NPP_VERSION_MINOR * 100 + NPP_VERSION_BUILD)
 
In file included from /home/unitree/opencv-4.1.1/modules/core/include/opencv2/core/private.cuda.hpp:71:0,
                 from /home/unitree/opencv_contrib-4.1.1/modules/cudalegacy/test/test_precomp.hpp:66,
                 from /home/unitree/opencv_contrib-4.1.1/modules/cudalegacy/test/TestTranspose.cpp:43:
/usr/local/cuda/include/npp.h:62:0: note: this is the location of the previous definition
 #define NPP_VERSION (NPP_VER_MAJOR * 1000 +     \
 
In file included from /home/unitree/opencv_contrib-4.1.1/modules/cudalegacy/include/opencv2/cudalegacy.hpp:50:0,
                 from /home/unitree/opencv_contrib-4.1.1/modules/cudalegacy/test/test_precomp.hpp:63,
                 from /home/unitree/opencv_contrib-4.1.1/modules/cudalegacy/test/TestTranspose.cpp:43:
/home/unitree/opencv_contrib-4.1.1/modules/cudalegacy/include/opencv2/cudalegacy/NCVHaarObjectDetection.hpp: In member function ‘NCVStatus HaarFeature64::setRect(Ncv32u, Ncv32u, Ncv32u, Ncv32u, Ncv32u, Ncv32u)’:
/home/unitree/opencv_contrib-4.1.1/modules/cudalegacy/include/opencv2/cudalegacy/NCVHaarObjectDetection.hpp:87:38: warning: dereferencing type-punned pointer will break strict-aliasing rules [-Wstrict-aliasing]
         ((NcvRect8u*)&(this->_ui2.x))->x = (Ncv8u)rectX;
                                      ^~
/home/unitree/opencv_contrib-4.1.1/modules/cudalegacy/include/opencv2/cudalegacy/NCVHaarObjectDetection.hpp:88:38: warning: dereferencing type-punned pointer will break strict-aliasing rules [-Wstrict-aliasing]
         ((NcvRect8u*)&(this->_ui2.x))->y = (Ncv8u)rectY;
                                      ^~
/home/unitree/opencv_contrib-4.1.1/modules/cudalegacy/include/opencv2/cudalegacy/NCVHaarObjectDetection.hpp:89:38: warning: dereferencing type-punned pointer will break strict-aliasing rules [-Wstrict-aliasing]
         ((NcvRect8u*)&(this->_ui2.x))->width = (Ncv8u)rectWidth;
                                      ^~
/home/unitree/opencv_contrib-4.1.1/modules/cudalegacy/include/opencv2/cudalegacy/NCVHaarObjectDetection.hpp:90:38: warning: dereferencing type-punned pointer will break strict-aliasing rules [-Wstrict-aliasing]
         ((NcvRect8u*)&(this->_ui2.x))->height = (Ncv8u)rectHeight;
                                      ^~
/home/unitree/opencv_contrib-4.1.1/modules/cudalegacy/include/opencv2/cudalegacy/NCVHaarObjectDetection.hpp: In member function ‘void HaarFeature64::getRect(Ncv32u*, Ncv32u*, Ncv32u*, Ncv32u*)’:
/home/unitree/opencv_contrib-4.1.1/modules/cudalegacy/include/opencv2/cudalegacy/NCVHaarObjectDetection.hpp:102:56: warning: dereferencing type-punned pointer will break strict-aliasing rules [-Wstrict-aliasing]
         NcvRect8u tmpRect = *(NcvRect8u*)(&this->_ui2.x);
                                                        ^
/home/unitree/opencv_contrib-4.1.1/modules/cudalegacy/include/opencv2/cudalegacy/NCVHaarObjectDetection.hpp:102:56: warning: dereferencing type-punned pointer will break strict-aliasing rules [-Wstrict-aliasing]
