[roslaunch][INFO] 2024-11-14 00:38:14,146: Checking log directory for disk usage. This may take a while.
Press Ctrl-C to interrupt
[roslaunch][INFO] 2024-11-14 00:38:14,287: Done checking log file disk usage. Usage is <1GB.
[roslaunch][INFO] 2024-11-14 00:38:14,289: roslaunch starting with args ['/opt/ros/melodic/bin/roslaunch', 'slam_planner', 'slam_planner_online.launch']
[roslaunch][INFO] 2024-11-14 00:38:14,290: roslaunch env is {'GOPATH': '/home/unitree/work', 'ROS_DISTRO': 'melodic', 'LC_NUMERIC': 'zh_CN.UTF-8', 'QT4_IM_MODULE': 'xim', 'WINDOWPATH': '1', 'XDG_CURRENT_DESKTOP': 'Unity:Unity7:ubuntu', 'XDG_SESSION_TYPE': 'x11', 'ROSLISP_PACKAGE_DIRECTORIES': '/home/unitree/catkin_ws/devel/share/common-lisp', 'QT_IM_MODULE': 'ibus', 'LOGNAME': 'unitree', 'USER': 'unitree', 'PATH': '/opt/ros/melodic/bin:/usr/local/sbin:/usr/local/bin:/usr/sbin:/usr/bin:/sbin:/bin:/usr/games:/usr/local/games:/snap/bin:/usr/local/go/bin:/home/unitree/work/bin', 'LC_PAPER': 'zh_CN.UTF-8', 'HOME': '/home/unitree', 'CMAKE_PREFIX_PATH': '/home/unitree/catkin_ws/devel:/opt/ros/melodic', 'DISPLAY': ':0', 'XDG_RUNTIME_DIR': '/run/user/1000', 'LANG': 'en_US.UTF-8', 'MANAGERPID': '7158', 'SHELL': '/bin/bash', 'ROS_LOG_FILENAME': '/home/unitree/.ros/log/ad52b6c4-a1dd-11ef-8d19-48b02d15d5f5/roslaunch-nx-8328.log', 'XAUTHORITY': '/run/user/1000/gdm/Xauthority', 'JOURNAL_STREAM': '8:42299', 'SESSION_MANAGER': 'local/nx:@/tmp/.ICE-unix/7444,unix/nx:/tmp/.ICE-unix/7444', 'LC_MEASUREMENT': 'zh_CN.UTF-8', 'QT_ACCESSIBILITY': '1', 'LD_LIBRARY_PATH': '/home/unitree/catkin_ws/devel/lib:/opt/ros/melodic/lib', 'GTK_CSD': '0', 'GNOME_DESKTOP_SESSION_ID': 'this-is-deprecated', 'CLUTTER_IM_MODULE': 'xim', 'TEXTDOMAIN': 'im-config', 'DESKTOP_AUTOSTART_ID': '102afd4aff19311745173151584213441400000074440002', 'XMODIFIERS': '@im=ibus', 'ROS_MASTER_URI': 'http://localhost:11311', 'GPG_AGENT_INFO': '/run/user/1000/gnupg/S.gpg-agent:0:1', 'ROS_PYTHON_VERSION': '2', 'INVOCATION_ID': '93b84cd7f0534fd2bf0b0c7a9a351d94', 'USERNAME': 'unitree', 'XDG_SESSION_DESKTOP': 'unity', 'SHLVL': '2', 'ROS_VERSION': '1', 'SUDO_ASKPASS': '/home/unitree/RobotSLAMSystem/slam_planner/PASSWD', 'GTK_IM_MODULE': 'ibus', 'LC_ADDRESS': 'zh_CN.UTF-8', 'PYTHONPATH': '/home/unitree/catkin_ws/devel/lib/python2.7/dist-packages:/opt/ros/melodic/lib/python2.7/dist-packages', 'SSH_AUTH_SOCK': '/run/user/1000/keyring/ssh', 'TERM': 'xterm-256color', 'ROS_ROOT': '/opt/ros/melodic/share/ros', 'GDMSESSION': 'unity', 'IM_CONFIG_PHASE': '2', 'LC_TIME': 'zh_CN.UTF-8', 'TEXTDOMAINDIR': '/usr/share/locale/', 'XDG_DATA_DIRS': '/usr/share/unity:/usr/local/share/:/usr/share/:/var/lib/snapd/desktop', 'PKG_CONFIG_PATH': '/home/unitree/catkin_ws/devel/lib/pkgconfig:/opt/ros/melodic/lib/pkgconfig', 'ROS_PACKAGE_PATH': '/home/unitree/catkin_ws/src/slamrplidar/slamplanner:/home/unitree/catkin_ws/src/slamrplidar/slam_planner_sdk:/home/unitree/catkin_ws/src/slamrplidar/slamware_ros_sdk:/home/unitree/catkin_ws/src/slamrplidar/slamware_sdk:/home/unitree/catkin_ws/src/unitree_ros_to_real/unitree_legged_msgs:/home/unitree/catkin_ws/src/unitree_ros_to_real/unitree_legged_real:/opt/ros/melodic/share', 'DBUS_SESSION_BUS_ADDRESS': 'unix:path=/run/user/1000/bus', '_': '/opt/ros/melodic/bin/roslaunch', 'GNOME_TERMINAL_SERVICE': ':1.89', 'LD_PRELOAD': 'libgtk3-nocsd.so.0', 'LC_IDENTIFICATION': 'zh_CN.UTF-8', 'DESKTOP_SESSION': 'unity', 'XDG_CONFIG_DIRS': '/etc/xdg/xdg-unity:/etc/xdg', 'GTK_MODULES': 'gail:atk-bridge:unity-gtk-module', 'VTE_VERSION': '5202', 'LC_TELEPHONE': 'zh_CN.UTF-8', 'LC_MONETARY': 'zh_CN.UTF-8', 'PWD': '/home/unitree', 'ROS_ETC_DIR': '/opt/ros/melodic/etc/ros', 'SSH_AGENT_LAUNCHER': 'gnome-keyring', 'COLORTERM': 'truecolor', 'LC_NAME': 'zh_CN.UTF-8', 'XDG_MENU_PREFIX': 'gnome-', 'GNOME_SESSION_XDG_SESSION_PATH': '', 'GNOME_TERMINAL_SCREEN': '/org/gnome/Terminal/screen/93557132_13f0_4ef9_8109_29ce93998e4b'}
[roslaunch][INFO] 2024-11-14 00:38:14,290: starting in server mode
[roslaunch.parent][INFO] 2024-11-14 00:38:14,291: starting roslaunch parent run
[roslaunch][INFO] 2024-11-14 00:38:14,293: loading roscore config file /opt/ros/melodic/etc/ros/roscore.xml
[roslaunch][INFO] 2024-11-14 00:38:16,553: Added core node of type [rosout/rosout] in namespace [/]
[roslaunch.config][INFO] 2024-11-14 00:38:16,561: loading config file /home/unitree/catkin_ws/src/slamrplidar/slamplanner/launch/slam_planner_online.launch
[roslaunch][INFO] 2024-11-14 00:38:16,673: Added node of type [slamware_ros_sdk/slamware_ros_sdk_server_node] in namespace [/]
[roslaunch][INFO] 2024-11-14 00:38:16,674: Added node of type [tf/static_transform_publisher] in namespace [/]
[roslaunch][INFO] 2024-11-14 00:38:16,675: Added node of type [tf/static_transform_publisher] in namespace [/]
[roslaunch][INFO] 2024-11-14 00:38:16,676: Added node of type [tf/static_transform_publisher] in namespace [/]
[roslaunch][INFO] 2024-11-14 00:38:16,766: Added node of type [slam_planner/slam_planner_node] in namespace [/]
[roslaunch][INFO] 2024-11-14 00:38:16,767: Added node of type [slam_planner/base_controller_node] in namespace [/]
[roslaunch][INFO] 2024-11-14 00:38:16,767: ... selected machine [] for node of type [slamware_ros_sdk/slamware_ros_sdk_server_node]
[roslaunch][INFO] 2024-11-14 00:38:16,768: ... selected machine [] for node of type [tf/static_transform_publisher]
[roslaunch][INFO] 2024-11-14 00:38:16,768: ... selected machine [] for node of type [tf/static_transform_publisher]
[roslaunch][INFO] 2024-11-14 00:38:16,768: ... selected machine [] for node of type [tf/static_transform_publisher]
[roslaunch][INFO] 2024-11-14 00:38:16,769: ... selected machine [] for node of type [slam_planner/slam_planner_node]
[roslaunch][INFO] 2024-11-14 00:38:16,769: ... selected machine [] for node of type [slam_planner/base_controller_node]
[roslaunch.pmon][INFO] 2024-11-14 00:38:16,775: start_process_monitor: creating ProcessMonitor
[roslaunch.pmon][INFO] 2024-11-14 00:38:16,776: created process monitor <ProcessMonitor(ProcessMonitor-1, initial daemon)>
[roslaunch.pmon][INFO] 2024-11-14 00:38:16,777: start_process_monitor: ProcessMonitor started
[roslaunch.parent][INFO] 2024-11-14 00:38:16,777: starting parent XML-RPC server
[roslaunch.server][INFO] 2024-11-14 00:38:16,778: starting roslaunch XML-RPC server
[roslaunch.server][INFO] 2024-11-14 00:38:16,778: waiting for roslaunch XML-RPC server to initialize
[xmlrpc][INFO] 2024-11-14 00:38:16,779: XML-RPC server binding to 0.0.0.0:0
[xmlrpc][INFO] 2024-11-14 00:38:16,781: Started XML-RPC server [http://nx:34245/]
[xmlrpc][INFO] 2024-11-14 00:38:16,782: xml rpc node: starting XML-RPC server
[roslaunch][INFO] 2024-11-14 00:38:16,798: started roslaunch server http://nx:34245/
[roslaunch.parent][INFO] 2024-11-14 00:38:16,799: ... parent XML-RPC server started
[roslaunch][INFO] 2024-11-14 00:38:16,802: master.is_running[http://localhost:11311]
[roslaunch][INFO] 2024-11-14 00:38:16,804: auto-starting new master
[roslaunch][INFO] 2024-11-14 00:38:16,804: create_master_process: rosmaster, /opt/ros/melodic/share/ros, 11311, 3, None, False
[roslaunch][INFO] 2024-11-14 00:38:16,805: process[master]: launching with args [['rosmaster', '--core', '-p', '11311', '-w', '3']]
[roslaunch.pmon][INFO] 2024-11-14 00:38:16,805: ProcessMonitor.register[master]
[roslaunch.pmon][INFO] 2024-11-14 00:38:16,805: ProcessMonitor.register[master] complete
[roslaunch][INFO] 2024-11-14 00:38:16,806: process[master]: starting os process
[roslaunch][INFO] 2024-11-14 00:38:16,806: process[master]: start w/ args [['rosmaster', '--core', '-p', '11311', '-w', '3', '__log:=/home/unitree/.ros/log/ad52b6c4-a1dd-11ef-8d19-48b02d15d5f5/master.log']]
[roslaunch][INFO] 2024-11-14 00:38:16,807: process[master]: cwd will be [/home/unitree/.ros]
[roslaunch][INFO] 2024-11-14 00:38:16,821: process[master]: started with pid [8366]
[roslaunch][INFO] 2024-11-14 00:38:16,823: master.is_running[http://localhost:11311]
[roslaunch][INFO] 2024-11-14 00:38:16,926: master.is_running[http://localhost:11311]
[roslaunch][INFO] 2024-11-14 00:38:17,028: master.is_running[http://localhost:11311]
[roslaunch][INFO] 2024-11-14 00:38:17,130: master.is_running[http://localhost:11311]
[roslaunch][INFO] 2024-11-14 00:38:17,232: master.is_running[http://localhost:11311]
[roslaunch][INFO] 2024-11-14 00:38:17,334: master.is_running[http://localhost:11311]
[roslaunch][INFO] 2024-11-14 00:38:17,436: master.is_running[http://localhost:11311]
[roslaunch][INFO] 2024-11-14 00:38:17,538: master.is_running[http://localhost:11311]
[roslaunch][INFO] 2024-11-14 00:38:17,640: master.is_running[http://localhost:11311]
[roslaunch][INFO] 2024-11-14 00:38:17,652: master.is_running[http://localhost:11311]
[roslaunch][INFO] 2024-11-14 00:38:17,656: ROS_MASTER_URI=http://localhost:11311
[roslaunch][INFO] 2024-11-14 00:38:17,661: setting /run_id to ad52b6c4-a1dd-11ef-8d19-48b02d15d5f5
[roslaunch][INFO] 2024-11-14 00:38:17,665: setting /roslaunch/uris/host_nx__34245' to http://nx:34245/
[roslaunch][INFO] 2024-11-14 00:38:17,671: ... preparing to launch node of type [rosout/rosout]
[roslaunch][INFO] 2024-11-14 00:38:17,672: create_node_process: package[rosout] type[rosout] machine[Machine(name[] env_loader[None] address[localhost] ssh_port[22] user[None] assignable[True] timeout[10.0])] master_uri[http://localhost:11311]
[roslaunch][INFO] 2024-11-14 00:38:17,672: process[rosout-1]: env[{'GOPATH': '/home/unitree/work', 'ROS_DISTRO': 'melodic', 'GNOME_SESSION_XDG_SESSION_PATH': '', 'LC_NUMERIC': 'zh_CN.UTF-8', 'QT4_IM_MODULE': 'xim', 'COLORTERM': 'truecolor', 'XDG_CURRENT_DESKTOP': 'Unity:Unity7:ubuntu', 'XDG_SESSION_TYPE': 'x11', 'ROSLISP_PACKAGE_DIRECTORIES': '/home/unitree/catkin_ws/devel/share/common-lisp', 'QT_IM_MODULE': 'ibus', 'LOGNAME': 'unitree', 'USER': 'unitree', 'PATH': '/opt/ros/melodic/bin:/usr/local/sbin:/usr/local/bin:/usr/sbin:/usr/bin:/sbin:/bin:/usr/games:/usr/local/games:/snap/bin:/usr/local/go/bin:/home/unitree/work/bin', 'LC_PAPER': 'zh_CN.UTF-8', 'HOME': '/home/unitree', 'CMAKE_PREFIX_PATH': '/home/unitree/catkin_ws/devel:/opt/ros/melodic', 'ROS_LOG_FILENAME': '/home/unitree/.ros/log/ad52b6c4-a1dd-11ef-8d19-48b02d15d5f5/roslaunch-nx-8328.log', 'LANG': 'en_US.UTF-8', 'MANAGERPID': '7158', 'SHELL': '/bin/bash', 'XAUTHORITY': '/run/user/1000/gdm/Xauthority', 'JOURNAL_STREAM': '8:42299', 'SESSION_MANAGER': 'local/nx:@/tmp/.ICE-unix/7444,unix/nx:/tmp/.ICE-unix/7444', 'LC_MEASUREMENT': 'zh_CN.UTF-8', 'CLUTTER_IM_MODULE': 'xim', 'DISPLAY': ':0', 'GTK_CSD': '0', 'GNOME_DESKTOP_SESSION_ID': 'this-is-deprecated', 'QT_ACCESSIBILITY': '1', 'WINDOWPATH': '1', 'DESKTOP_AUTOSTART_ID': '102afd4aff19311745173151584213441400000074440002', 'XMODIFIERS': '@im=ibus', 'ROS_ETC_DIR': '/opt/ros/melodic/etc/ros', 'GPG_AGENT_INFO': '/run/user/1000/gnupg/S.gpg-agent:0:1', 'ROS_PYTHON_VERSION': '2', 'INVOCATION_ID': '93b84cd7f0534fd2bf0b0c7a9a351d94', 'USERNAME': 'unitree', 'XDG_SESSION_DESKTOP': 'unity', 'XDG_RUNTIME_DIR': '/run/user/1000', 'SUDO_ASKPASS': '/home/unitree/RobotSLAMSystem/slam_planner/PASSWD', 'LC_IDENTIFICATION': 'zh_CN.UTF-8', 'LC_ADDRESS': 'zh_CN.UTF-8', 'PYTHONPATH': '/home/unitree/catkin_ws/devel/lib/python2.7/dist-packages:/opt/ros/melodic/lib/python2.7/dist-packages', 'SSH_AUTH_SOCK': '/run/user/1000/keyring/ssh', 'TERM': 'xterm-256color', 'ROS_ROOT': '/opt/ros/melodic/share/ros', 'GDMSESSION': 'unity', 'IM_CONFIG_PHASE': '2', 'TEXTDOMAINDIR': '/usr/share/locale/', 'DESKTOP_SESSION': 'unity', 'XDG_DATA_DIRS': '/usr/share/unity:/usr/local/share/:/usr/share/:/var/lib/snapd/desktop', 'PKG_CONFIG_PATH': '/home/unitree/catkin_ws/devel/lib/pkgconfig:/opt/ros/melodic/lib/pkgconfig', 'ROS_PACKAGE_PATH': '/home/unitree/catkin_ws/src/slamrplidar/slamplanner:/home/unitree/catkin_ws/src/slamrplidar/slam_planner_sdk:/home/unitree/catkin_ws/src/slamrplidar/slamware_ros_sdk:/home/unitree/catkin_ws/src/slamrplidar/slamware_sdk:/home/unitree/catkin_ws/src/unitree_ros_to_real/unitree_legged_msgs:/home/unitree/catkin_ws/src/unitree_ros_to_real/unitree_legged_real:/opt/ros/melodic/share', 'DBUS_SESSION_BUS_ADDRESS': 'unix:path=/run/user/1000/bus', '_': '/opt/ros/melodic/bin/roslaunch', 'GTK_MODULES': 'gail:atk-bridge:unity-gtk-module', 'LD_PRELOAD': 'libgtk3-nocsd.so.0', 'GTK_IM_MODULE': 'ibus', 'LD_LIBRARY_PATH': '/home/unitree/catkin_ws/devel/lib:/opt/ros/melodic/lib', 'XDG_CONFIG_DIRS': '/etc/xdg/xdg-unity:/etc/xdg', 'GNOME_TERMINAL_SERVICE': ':1.89', 'VTE_VERSION': '5202', 'LC_TELEPHONE': 'zh_CN.UTF-8', 'LC_MONETARY': 'zh_CN.UTF-8', 'SHLVL': '2', 'PWD': '/home/unitree', 'ROS_MASTER_URI': 'http://localhost:11311', 'SSH_AGENT_LAUNCHER': 'gnome-keyring', 'ROS_VERSION': '1', 'TEXTDOMAIN': 'im-config', 'LC_NAME': 'zh_CN.UTF-8', 'XDG_MENU_PREFIX': 'gnome-', 'LC_TIME': 'zh_CN.UTF-8', 'GNOME_TERMINAL_SCREEN': '/org/gnome/Terminal/screen/93557132_13f0_4ef9_8109_29ce93998e4b'}]
[roslaunch][INFO] 2024-11-14 00:38:17,814: process[rosout-1]: args[[u'/opt/ros/melodic/lib/rosout/rosout', u'__name:=rosout']]
[roslaunch][INFO] 2024-11-14 00:38:17,815: ... created process [rosout-1]
[roslaunch.pmon][INFO] 2024-11-14 00:38:17,816: ProcessMonitor.register[rosout-1]
[roslaunch.pmon][INFO] 2024-11-14 00:38:17,816: ProcessMonitor.register[rosout-1] complete
[roslaunch][INFO] 2024-11-14 00:38:17,816: ... registered process [rosout-1]
[roslaunch][INFO] 2024-11-14 00:38:17,817: process[rosout-1]: starting os process
[roslaunch][INFO] 2024-11-14 00:38:17,817: process[rosout-1]: start w/ args [[u'/opt/ros/melodic/lib/rosout/rosout', u'__name:=rosout', u'__log:=/home/unitree/.ros/log/ad52b6c4-a1dd-11ef-8d19-48b02d15d5f5/rosout-1.log']]
[roslaunch][INFO] 2024-11-14 00:38:17,818: process[rosout-1]: cwd will be [/home/unitree/.ros]
[roslaunch][INFO] 2024-11-14 00:38:17,855: process[rosout-1]: started with pid [8438]
[roslaunch][INFO] 2024-11-14 00:38:17,857: ... successfully launched [rosout-1]
[roslaunch][INFO] 2024-11-14 00:38:17,858: load_parameters starting ...
[roslaunch][INFO] 2024-11-14 00:38:17,975: ... load_parameters complete
[roslaunch][INFO] 2024-11-14 00:38:17,976: launch_nodes: launching local nodes ...
[roslaunch][INFO] 2024-11-14 00:38:17,977: ... preparing to launch node of type [slamware_ros_sdk/slamware_ros_sdk_server_node]
[roslaunch][INFO] 2024-11-14 00:38:17,977: create_node_process: package[slamware_ros_sdk] type[slamware_ros_sdk_server_node] machine[Machine(name[] env_loader[None] address[localhost] ssh_port[22] user[None] assignable[True] timeout[10.0])] master_uri[http://localhost:11311]
[roslaunch][INFO] 2024-11-14 00:38:17,978: process[slamware_ros_sdk_server_node-2]: env[{'GOPATH': '/home/unitree/work', 'ROS_DISTRO': 'melodic', 'GNOME_SESSION_XDG_SESSION_PATH': '', 'LC_NUMERIC': 'zh_CN.UTF-8', 'QT4_IM_MODULE': 'xim', 'COLORTERM': 'truecolor', 'XDG_CURRENT_DESKTOP': 'Unity:Unity7:ubuntu', 'XDG_SESSION_TYPE': 'x11', 'ROSLISP_PACKAGE_DIRECTORIES': '/home/unitree/catkin_ws/devel/share/common-lisp', 'QT_IM_MODULE': 'ibus', 'LOGNAME': 'unitree', 'USER': 'unitree', 'PATH': '/opt/ros/melodic/bin:/usr/local/sbin:/usr/local/bin:/usr/sbin:/usr/bin:/sbin:/bin:/usr/games:/usr/local/games:/snap/bin:/usr/local/go/bin:/home/unitree/work/bin', 'LC_PAPER': 'zh_CN.UTF-8', 'HOME': '/home/unitree', 'CMAKE_PREFIX_PATH': '/home/unitree/catkin_ws/devel:/opt/ros/melodic', 'ROS_LOG_FILENAME': '/home/unitree/.ros/log/ad52b6c4-a1dd-11ef-8d19-48b02d15d5f5/roslaunch-nx-8328.log', 'LANG': 'en_US.UTF-8', 'MANAGERPID': '7158', 'SHELL': '/bin/bash', 'XAUTHORITY': '/run/user/1000/gdm/Xauthority', 'JOURNAL_STREAM': '8:42299', 'SESSION_MANAGER': 'local/nx:@/tmp/.ICE-unix/7444,unix/nx:/tmp/.ICE-unix/7444', 'LC_MEASUREMENT': 'zh_CN.UTF-8', 'CLUTTER_IM_MODULE': 'xim', 'DISPLAY': ':0', 'GTK_CSD': '0', 'GNOME_DESKTOP_SESSION_ID': 'this-is-deprecated', 'QT_ACCESSIBILITY': '1', 'WINDOWPATH': '1', 'DESKTOP_AUTOSTART_ID': '102afd4aff19311745173151584213441400000074440002', 'XMODIFIERS': '@im=ibus', 'ROS_ETC_DIR': '/opt/ros/melodic/etc/ros', 'GPG_AGENT_INFO': '/run/user/1000/gnupg/S.gpg-agent:0:1', 'ROS_PYTHON_VERSION': '2', 'INVOCATION_ID': '93b84cd7f0534fd2bf0b0c7a9a351d94', 'USERNAME': 'unitree', 'XDG_SESSION_DESKTOP': 'unity', 'XDG_RUNTIME_DIR': '/run/user/1000', 'SUDO_ASKPASS': '/home/unitree/RobotSLAMSystem/slam_planner/PASSWD', 'LC_IDENTIFICATION': 'zh_CN.UTF-8', 'LC_ADDRESS': 'zh_CN.UTF-8', 'PYTHONPATH': '/home/unitree/catkin_ws/devel/lib/python2.7/dist-packages:/opt/ros/melodic/lib/python2.7/dist-packages', 'SSH_AUTH_SOCK': '/run/user/1000/keyring/ssh', 'TERM': 'xterm-256color', 'ROS_ROOT': '/opt/ros/melodic/share/ros', 'GDMSESSION': 'unity', 'IM_CONFIG_PHASE': '2', 'TEXTDOMAINDIR': '/usr/share/locale/', 'DESKTOP_SESSION': 'unity', 'XDG_DATA_DIRS': '/usr/share/unity:/usr/local/share/:/usr/share/:/var/lib/snapd/desktop', 'PKG_CONFIG_PATH': '/home/unitree/catkin_ws/devel/lib/pkgconfig:/opt/ros/melodic/lib/pkgconfig', 'ROS_PACKAGE_PATH': '/home/unitree/catkin_ws/src/slamrplidar/slamplanner:/home/unitree/catkin_ws/src/slamrplidar/slam_planner_sdk:/home/unitree/catkin_ws/src/slamrplidar/slamware_ros_sdk:/home/unitree/catkin_ws/src/slamrplidar/slamware_sdk:/home/unitree/catkin_ws/src/unitree_ros_to_real/unitree_legged_msgs:/home/unitree/catkin_ws/src/unitree_ros_to_real/unitree_legged_real:/opt/ros/melodic/share', 'DBUS_SESSION_BUS_ADDRESS': 'unix:path=/run/user/1000/bus', '_': '/opt/ros/melodic/bin/roslaunch', 'GTK_MODULES': 'gail:atk-bridge:unity-gtk-module', 'LD_PRELOAD': 'libgtk3-nocsd.so.0', 'GTK_IM_MODULE': 'ibus', 'LD_LIBRARY_PATH': '/home/unitree/catkin_ws/devel/lib:/opt/ros/melodic/lib', 'XDG_CONFIG_DIRS': '/etc/xdg/xdg-unity:/etc/xdg', 'GNOME_TERMINAL_SERVICE': ':1.89', 'VTE_VERSION': '5202', 'LC_TELEPHONE': 'zh_CN.UTF-8', 'LC_MONETARY': 'zh_CN.UTF-8', 'SHLVL': '2', 'PWD': '/home/unitree', 'ROS_MASTER_URI': 'http://localhost:11311', 'SSH_AGENT_LAUNCHER': 'gnome-keyring', 'ROS_VERSION': '1', 'TEXTDOMAIN': 'im-config', 'LC_NAME': 'zh_CN.UTF-8', 'XDG_MENU_PREFIX': 'gnome-', 'LC_TIME': 'zh_CN.UTF-8', 'GNOME_TERMINAL_SCREEN': '/org/gnome/Terminal/screen/93557132_13f0_4ef9_8109_29ce93998e4b'}]
[roslaunch][INFO] 2024-11-14 00:38:18,162: process[slamware_ros_sdk_server_node-2]: args[[u'/home/unitree/catkin_ws/devel/lib/slamware_ros_sdk/slamware_ros_sdk_server_node', u'/cmd_vel:=/cmd_vel', u'/move_base_simple/goal:=/move_base_simple/goal', u'/slamware_ros_sdk_server_node/scan:=scan', u'/slamware_ros_sdk_server_node/odom:=odom', u'/slamware_ros_sdk_server_node/map:=map', u'map_metadata:=map_metadata', u'global_plan_path:=global_plan_path', u'__name:=slamware_ros_sdk_server_node']]
[roslaunch][INFO] 2024-11-14 00:38:18,163: ... created process [slamware_ros_sdk_server_node-2]
[roslaunch.pmon][INFO] 2024-11-14 00:38:18,163: ProcessMonitor.register[slamware_ros_sdk_server_node-2]
[roslaunch.pmon][INFO] 2024-11-14 00:38:18,164: ProcessMonitor.register[slamware_ros_sdk_server_node-2] complete
[roslaunch][INFO] 2024-11-14 00:38:18,164: ... registered process [slamware_ros_sdk_server_node-2]
[roslaunch][INFO] 2024-11-14 00:38:18,164: process[slamware_ros_sdk_server_node-2]: starting os process
[roslaunch][INFO] 2024-11-14 00:38:18,165: process[slamware_ros_sdk_server_node-2]: start w/ args [[u'/home/unitree/catkin_ws/devel/lib/slamware_ros_sdk/slamware_ros_sdk_server_node', u'/cmd_vel:=/cmd_vel', u'/move_base_simple/goal:=/move_base_simple/goal', u'/slamware_ros_sdk_server_node/scan:=scan', u'/slamware_ros_sdk_server_node/odom:=odom', u'/slamware_ros_sdk_server_node/map:=map', u'map_metadata:=map_metadata', u'global_plan_path:=global_plan_path', u'__name:=slamware_ros_sdk_server_node', u'__log:=/home/unitree/.ros/log/ad52b6c4-a1dd-11ef-8d19-48b02d15d5f5/slamware_ros_sdk_server_node-2.log']]
[roslaunch][INFO] 2024-11-14 00:38:18,165: process[slamware_ros_sdk_server_node-2]: cwd will be [/home/unitree/.ros]
[roslaunch][INFO] 2024-11-14 00:38:18,230: process[slamware_ros_sdk_server_node-2]: started with pid [8447]
[roslaunch][INFO] 2024-11-14 00:38:18,231: ... successfully launched [slamware_ros_sdk_server_node-2]
[roslaunch][INFO] 2024-11-14 00:38:18,232: ... preparing to launch node of type [tf/static_transform_publisher]
[roslaunch][INFO] 2024-11-14 00:38:18,232: create_node_process: package[tf] type[static_transform_publisher] machine[Machine(name[] env_loader[None] address[localhost] ssh_port[22] user[None] assignable[True] timeout[10.0])] master_uri[http://localhost:11311]
[roslaunch][INFO] 2024-11-14 00:38:18,233: process[map2odom-3]: env[{'GOPATH': '/home/unitree/work', 'ROS_DISTRO': 'melodic', 'GNOME_SESSION_XDG_SESSION_PATH': '', 'LC_NUMERIC': 'zh_CN.UTF-8', 'QT4_IM_MODULE': 'xim', 'COLORTERM': 'truecolor', 'XDG_CURRENT_DESKTOP': 'Unity:Unity7:ubuntu', 'XDG_SESSION_TYPE': 'x11', 'ROSLISP_PACKAGE_DIRECTORIES': '/home/unitree/catkin_ws/devel/share/common-lisp', 'QT_IM_MODULE': 'ibus', 'LOGNAME': 'unitree', 'USER': 'unitree', 'PATH': '/opt/ros/melodic/bin:/usr/local/sbin:/usr/local/bin:/usr/sbin:/usr/bin:/sbin:/bin:/usr/games:/usr/local/games:/snap/bin:/usr/local/go/bin:/home/unitree/work/bin', 'LC_PAPER': 'zh_CN.UTF-8', 'HOME': '/home/unitree', 'CMAKE_PREFIX_PATH': '/home/unitree/catkin_ws/devel:/opt/ros/melodic', 'ROS_LOG_FILENAME': '/home/unitree/.ros/log/ad52b6c4-a1dd-11ef-8d19-48b02d15d5f5/roslaunch-nx-8328.log', 'LANG': 'en_US.UTF-8', 'MANAGERPID': '7158', 'SHELL': '/bin/bash', 'XAUTHORITY': '/run/user/1000/gdm/Xauthority', 'JOURNAL_STREAM': '8:42299', 'SESSION_MANAGER': 'local/nx:@/tmp/.ICE-unix/7444,unix/nx:/tmp/.ICE-unix/7444', 'LC_MEASUREMENT': 'zh_CN.UTF-8', 'CLUTTER_IM_MODULE': 'xim', 'DISPLAY': ':0', 'GTK_CSD': '0', 'GNOME_DESKTOP_SESSION_ID': 'this-is-deprecated', 'QT_ACCESSIBILITY': '1', 'WINDOWPATH': '1', 'DESKTOP_AUTOSTART_ID': '102afd4aff19311745173151584213441400000074440002', 'XMODIFIERS': '@im=ibus', 'ROS_ETC_DIR': '/opt/ros/melodic/etc/ros', 'GPG_AGENT_INFO': '/run/user/1000/gnupg/S.gpg-agent:0:1', 'ROS_PYTHON_VERSION': '2', 'INVOCATION_ID': '93b84cd7f0534fd2bf0b0c7a9a351d94', 'USERNAME': 'unitree', 'XDG_SESSION_DESKTOP': 'unity', 'XDG_RUNTIME_DIR': '/run/user/1000', 'SUDO_ASKPASS': '/home/unitree/RobotSLAMSystem/slam_planner/PASSWD', 'LC_IDENTIFICATION': 'zh_CN.UTF-8', 'LC_ADDRESS': 'zh_CN.UTF-8', 'PYTHONPATH': '/home/unitree/catkin_ws/devel/lib/python2.7/dist-packages:/opt/ros/melodic/lib/python2.7/dist-packages', 'SSH_AUTH_SOCK': '/run/user/1000/keyring/ssh', 'TERM': 'xterm-256color', 'ROS_ROOT': '/opt/ros/melodic/share/ros', 'GDMSESSION': 'unity', 'IM_CONFIG_PHASE': '2', 'TEXTDOMAINDIR': '/usr/share/locale/', 'DESKTOP_SESSION': 'unity', 'XDG_DATA_DIRS': '/usr/share/unity:/usr/local/share/:/usr/share/:/var/lib/snapd/desktop', 'PKG_CONFIG_PATH': '/home/unitree/catkin_ws/devel/lib/pkgconfig:/opt/ros/melodic/lib/pkgconfig', 'ROS_PACKAGE_PATH': '/home/unitree/catkin_ws/src/slamrplidar/slamplanner:/home/unitree/catkin_ws/src/slamrplidar/slam_planner_sdk:/home/unitree/catkin_ws/src/slamrplidar/slamware_ros_sdk:/home/unitree/catkin_ws/src/slamrplidar/slamware_sdk:/home/unitree/catkin_ws/src/unitree_ros_to_real/unitree_legged_msgs:/home/unitree/catkin_ws/src/unitree_ros_to_real/unitree_legged_real:/opt/ros/melodic/share', 'DBUS_SESSION_BUS_ADDRESS': 'unix:path=/run/user/1000/bus', '_': '/opt/ros/melodic/bin/roslaunch', 'GTK_MODULES': 'gail:atk-bridge:unity-gtk-module', 'LD_PRELOAD': 'libgtk3-nocsd.so.0', 'GTK_IM_MODULE': 'ibus', 'LD_LIBRARY_PATH': '/home/unitree/catkin_ws/devel/lib:/opt/ros/melodic/lib', 'XDG_CONFIG_DIRS': '/etc/xdg/xdg-unity:/etc/xdg', 'GNOME_TERMINAL_SERVICE': ':1.89', 'VTE_VERSION': '5202', 'LC_TELEPHONE': 'zh_CN.UTF-8', 'LC_MONETARY': 'zh_CN.UTF-8', 'SHLVL': '2', 'PWD': '/home/unitree', 'ROS_MASTER_URI': 'http://localhost:11311', 'SSH_AGENT_LAUNCHER': 'gnome-keyring', 'ROS_VERSION': '1', 'TEXTDOMAIN': 'im-config', 'LC_NAME': 'zh_CN.UTF-8', 'XDG_MENU_PREFIX': 'gnome-', 'LC_TIME': 'zh_CN.UTF-8', 'GNOME_TERMINAL_SCREEN': '/org/gnome/Terminal/screen/93557132_13f0_4ef9_8109_29ce93998e4b'}]
[roslaunch][INFO] 2024-11-14 00:38:18,285: process[map2odom-3]: args[[u'/opt/ros/melodic/lib/tf/static_transform_publisher', '0', '0', '0', '0', '0', '0', '1', '/map', '/odom', '100', u'__name:=map2odom']]
[roslaunch][INFO] 2024-11-14 00:38:18,285: ... created process [map2odom-3]
[roslaunch.pmon][INFO] 2024-11-14 00:38:18,286: ProcessMonitor.register[map2odom-3]
[roslaunch.pmon][INFO] 2024-11-14 00:38:18,286: ProcessMonitor.register[map2odom-3] complete
[roslaunch][INFO] 2024-11-14 00:38:18,286: ... registered process [map2odom-3]
[roslaunch][INFO] 2024-11-14 00:38:18,287: process[map2odom-3]: starting os process
[roslaunch][INFO] 2024-11-14 00:38:18,287: process[map2odom-3]: start w/ args [[u'/opt/ros/melodic/lib/tf/static_transform_publisher', '0', '0', '0', '0', '0', '0', '1', '/map', '/odom', '100', u'__name:=map2odom', u'__log:=/home/unitree/.ros/log/ad52b6c4-a1dd-11ef-8d19-48b02d15d5f5/map2odom-3.log']]
[roslaunch][INFO] 2024-11-14 00:38:18,288: process[map2odom-3]: cwd will be [/home/unitree/.ros]
[roslaunch][INFO] 2024-11-14 00:38:18,325: process[map2odom-3]: started with pid [8449]
[roslaunch][INFO] 2024-11-14 00:38:18,326: ... successfully launched [map2odom-3]
[roslaunch][INFO] 2024-11-14 00:38:18,327: ... preparing to launch node of type [tf/static_transform_publisher]
[roslaunch][INFO] 2024-11-14 00:38:18,327: create_node_process: package[tf] type[static_transform_publisher] machine[Machine(name[] env_loader[None] address[localhost] ssh_port[22] user[None] assignable[True] timeout[10.0])] master_uri[http://localhost:11311]
[roslaunch][INFO] 2024-11-14 00:38:18,328: process[base2laser-4]: env[{'GOPATH': '/home/unitree/work', 'ROS_DISTRO': 'melodic', 'GNOME_SESSION_XDG_SESSION_PATH': '', 'LC_NUMERIC': 'zh_CN.UTF-8', 'QT4_IM_MODULE': 'xim', 'COLORTERM': 'truecolor', 'XDG_CURRENT_DESKTOP': 'Unity:Unity7:ubuntu', 'XDG_SESSION_TYPE': 'x11', 'ROSLISP_PACKAGE_DIRECTORIES': '/home/unitree/catkin_ws/devel/share/common-lisp', 'QT_IM_MODULE': 'ibus', 'LOGNAME': 'unitree', 'USER': 'unitree', 'PATH': '/opt/ros/melodic/bin:/usr/local/sbin:/usr/local/bin:/usr/sbin:/usr/bin:/sbin:/bin:/usr/games:/usr/local/games:/snap/bin:/usr/local/go/bin:/home/unitree/work/bin', 'LC_PAPER': 'zh_CN.UTF-8', 'HOME': '/home/unitree', 'CMAKE_PREFIX_PATH': '/home/unitree/catkin_ws/devel:/opt/ros/melodic', 'ROS_LOG_FILENAME': '/home/unitree/.ros/log/ad52b6c4-a1dd-11ef-8d19-48b02d15d5f5/roslaunch-nx-8328.log', 'LANG': 'en_US.UTF-8', 'MANAGERPID': '7158', 'SHELL': '/bin/bash', 'XAUTHORITY': '/run/user/1000/gdm/Xauthority', 'JOURNAL_STREAM': '8:42299', 'SESSION_MANAGER': 'local/nx:@/tmp/.ICE-unix/7444,unix/nx:/tmp/.ICE-unix/7444', 'LC_MEASUREMENT': 'zh_CN.UTF-8', 'CLUTTER_IM_MODULE': 'xim', 'DISPLAY': ':0', 'GTK_CSD': '0', 'GNOME_DESKTOP_SESSION_ID': 'this-is-deprecated', 'QT_ACCESSIBILITY': '1', 'WINDOWPATH': '1', 'DESKTOP_AUTOSTART_ID': '102afd4aff19311745173151584213441400000074440002', 'XMODIFIERS': '@im=ibus', 'ROS_ETC_DIR': '/opt/ros/melodic/etc/ros', 'GPG_AGENT_INFO': '/run/user/1000/gnupg/S.gpg-agent:0:1', 'ROS_PYTHON_VERSION': '2', 'INVOCATION_ID': '93b84cd7f0534fd2bf0b0c7a9a351d94', 'USERNAME': 'unitree', 'XDG_SESSION_DESKTOP': 'unity', 'XDG_RUNTIME_DIR': '/run/user/1000', 'SUDO_ASKPASS': '/home/unitree/RobotSLAMSystem/slam_planner/PASSWD', 'LC_IDENTIFICATION': 'zh_CN.UTF-8', 'LC_ADDRESS': 'zh_CN.UTF-8', 'PYTHONPATH': '/home/unitree/catkin_ws/devel/lib/python2.7/dist-packages:/opt/ros/melodic/lib/python2.7/dist-packages', 'SSH_AUTH_SOCK': '/run/user/1000/keyring/ssh', 'TERM': 'xterm-256color', 'ROS_ROOT': '/opt/ros/melodic/share/ros', 'GDMSESSION': 'unity', 'IM_CONFIG_PHASE': '2', 'TEXTDOMAINDIR': '/usr/share/locale/', 'DESKTOP_SESSION': 'unity', 'XDG_DATA_DIRS': '/usr/share/unity:/usr/local/share/:/usr/share/:/var/lib/snapd/desktop', 'PKG_CONFIG_PATH': '/home/unitree/catkin_ws/devel/lib/pkgconfig:/opt/ros/melodic/lib/pkgconfig', 'ROS_PACKAGE_PATH': '/home/unitree/catkin_ws/src/slamrplidar/slamplanner:/home/unitree/catkin_ws/src/slamrplidar/slam_planner_sdk:/home/unitree/catkin_ws/src/slamrplidar/slamware_ros_sdk:/home/unitree/catkin_ws/src/slamrplidar/slamware_sdk:/home/unitree/catkin_ws/src/unitree_ros_to_real/unitree_legged_msgs:/home/unitree/catkin_ws/src/unitree_ros_to_real/unitree_legged_real:/opt/ros/melodic/share', 'DBUS_SESSION_BUS_ADDRESS': 'unix:path=/run/user/1000/bus', '_': '/opt/ros/melodic/bin/roslaunch', 'GTK_MODULES': 'gail:atk-bridge:unity-gtk-module', 'LD_PRELOAD': 'libgtk3-nocsd.so.0', 'GTK_IM_MODULE': 'ibus', 'LD_LIBRARY_PATH': '/home/unitree/catkin_ws/devel/lib:/opt/ros/melodic/lib', 'XDG_CONFIG_DIRS': '/etc/xdg/xdg-unity:/etc/xdg', 'GNOME_TERMINAL_SERVICE': ':1.89', 'VTE_VERSION': '5202', 'LC_TELEPHONE': 'zh_CN.UTF-8', 'LC_MONETARY': 'zh_CN.UTF-8', 'SHLVL': '2', 'PWD': '/home/unitree', 'ROS_MASTER_URI': 'http://localhost:11311', 'SSH_AGENT_LAUNCHER': 'gnome-keyring', 'ROS_VERSION': '1', 'TEXTDOMAIN': 'im-config', 'LC_NAME': 'zh_CN.UTF-8', 'XDG_MENU_PREFIX': 'gnome-', 'LC_TIME': 'zh_CN.UTF-8', 'GNOME_TERMINAL_SCREEN': '/org/gnome/Terminal/screen/93557132_13f0_4ef9_8109_29ce93998e4b'}]
[roslaunch][INFO] 2024-11-14 00:38:18,333: process[base2laser-4]: args[[u'/opt/ros/melodic/lib/tf/static_transform_publisher', '0', '0', '0', '0', '0', '0', '1', '/base_link', '/laser', '100', u'__name:=base2laser']]
[roslaunch][INFO] 2024-11-14 00:38:18,334: ... created process [base2laser-4]
[roslaunch.pmon][INFO] 2024-11-14 00:38:18,334: ProcessMonitor.register[base2laser-4]
[roslaunch.pmon][INFO] 2024-11-14 00:38:18,335: ProcessMonitor.register[base2laser-4] complete
[roslaunch][INFO] 2024-11-14 00:38:18,335: ... registered process [base2laser-4]
[roslaunch][INFO] 2024-11-14 00:38:18,336: process[base2laser-4]: starting os process
[roslaunch][INFO] 2024-11-14 00:38:18,336: process[base2laser-4]: start w/ args [[u'/opt/ros/melodic/lib/tf/static_transform_publisher', '0', '0', '0', '0', '0', '0', '1', '/base_link', '/laser', '100', u'__name:=base2laser', u'__log:=/home/unitree/.ros/log/ad52b6c4-a1dd-11ef-8d19-48b02d15d5f5/base2laser-4.log']]
[roslaunch][INFO] 2024-11-14 00:38:18,337: process[base2laser-4]: cwd will be [/home/unitree/.ros]
[roslaunch][INFO] 2024-11-14 00:38:18,351: process[base2laser-4]: started with pid [8454]
[roslaunch][INFO] 2024-11-14 00:38:18,352: ... successfully launched [base2laser-4]
[roslaunch][INFO] 2024-11-14 00:38:18,353: ... preparing to launch node of type [tf/static_transform_publisher]
[roslaunch][INFO] 2024-11-14 00:38:18,353: create_node_process: package[tf] type[static_transform_publisher] machine[Machine(name[] env_loader[None] address[localhost] ssh_port[22] user[None] assignable[True] timeout[10.0])] master_uri[http://localhost:11311]
[roslaunch][INFO] 2024-11-14 00:38:18,362: process[laser2foot-5]: env[{'GOPATH': '/home/unitree/work', 'ROS_DISTRO': 'melodic', 'GNOME_SESSION_XDG_SESSION_PATH': '', 'LC_NUMERIC': 'zh_CN.UTF-8', 'QT4_IM_MODULE': 'xim', 'COLORTERM': 'truecolor', 'XDG_CURRENT_DESKTOP': 'Unity:Unity7:ubuntu', 'XDG_SESSION_TYPE': 'x11', 'ROSLISP_PACKAGE_DIRECTORIES': '/home/unitree/catkin_ws/devel/share/common-lisp', 'QT_IM_MODULE': 'ibus', 'LOGNAME': 'unitree', 'USER': 'unitree', 'PATH': '/opt/ros/melodic/bin:/usr/local/sbin:/usr/local/bin:/usr/sbin:/usr/bin:/sbin:/bin:/usr/games:/usr/local/games:/snap/bin:/usr/local/go/bin:/home/unitree/work/bin', 'LC_PAPER': 'zh_CN.UTF-8', 'HOME': '/home/unitree', 'CMAKE_PREFIX_PATH': '/home/unitree/catkin_ws/devel:/opt/ros/melodic', 'ROS_LOG_FILENAME': '/home/unitree/.ros/log/ad52b6c4-a1dd-11ef-8d19-48b02d15d5f5/roslaunch-nx-8328.log', 'LANG': 'en_US.UTF-8', 'MANAGERPID': '7158', 'SHELL': '/bin/bash', 'XAUTHORITY': '/run/user/1000/gdm/Xauthority', 'JOURNAL_STREAM': '8:42299', 'SESSION_MANAGER': 'local/nx:@/tmp/.ICE-unix/7444,unix/nx:/tmp/.ICE-unix/7444', 'LC_MEASUREMENT': 'zh_CN.UTF-8', 'CLUTTER_IM_MODULE': 'xim', 'DISPLAY': ':0', 'GTK_CSD': '0', 'GNOME_DESKTOP_SESSION_ID': 'this-is-deprecated', 'QT_ACCESSIBILITY': '1', 'WINDOWPATH': '1', 'DESKTOP_AUTOSTART_ID': '102afd4aff19311745173151584213441400000074440002', 'XMODIFIERS': '@im=ibus', 'ROS_ETC_DIR': '/opt/ros/melodic/etc/ros', 'GPG_AGENT_INFO': '/run/user/1000/gnupg/S.gpg-agent:0:1', 'ROS_PYTHON_VERSION': '2', 'INVOCATION_ID': '93b84cd7f0534fd2bf0b0c7a9a351d94', 'USERNAME': 'unitree', 'XDG_SESSION_DESKTOP': 'unity', 'XDG_RUNTIME_DIR': '/run/user/1000', 'SUDO_ASKPASS': '/home/unitree/RobotSLAMSystem/slam_planner/PASSWD', 'LC_IDENTIFICATION': 'zh_CN.UTF-8', 'LC_ADDRESS': 'zh_CN.UTF-8', 'PYTHONPATH': '/home/unitree/catkin_ws/devel/lib/python2.7/dist-packages:/opt/ros/melodic/lib/python2.7/dist-packages', 'SSH_AUTH_SOCK': '/run/user/1000/keyring/ssh', 'TERM': 'xterm-256color', 'ROS_ROOT': '/opt/ros/melodic/share/ros', 'GDMSESSION': 'unity', 'IM_CONFIG_PHASE': '2', 'TEXTDOMAINDIR': '/usr/share/locale/', 'DESKTOP_SESSION': 'unity', 'XDG_DATA_DIRS': '/usr/share/unity:/usr/local/share/:/usr/share/:/var/lib/snapd/desktop', 'PKG_CONFIG_PATH': '/home/unitree/catkin_ws/devel/lib/pkgconfig:/opt/ros/melodic/lib/pkgconfig', 'ROS_PACKAGE_PATH': '/home/unitree/catkin_ws/src/slamrplidar/slamplanner:/home/unitree/catkin_ws/src/slamrplidar/slam_planner_sdk:/home/unitree/catkin_ws/src/slamrplidar/slamware_ros_sdk:/home/unitree/catkin_ws/src/slamrplidar/slamware_sdk:/home/unitree/catkin_ws/src/unitree_ros_to_real/unitree_legged_msgs:/home/unitree/catkin_ws/src/unitree_ros_to_real/unitree_legged_real:/opt/ros/melodic/share', 'DBUS_SESSION_BUS_ADDRESS': 'unix:path=/run/user/1000/bus', '_': '/opt/ros/melodic/bin/roslaunch', 'GTK_MODULES': 'gail:atk-bridge:unity-gtk-module', 'LD_PRELOAD': 'libgtk3-nocsd.so.0', 'GTK_IM_MODULE': 'ibus', 'LD_LIBRARY_PATH': '/home/unitree/catkin_ws/devel/lib:/opt/ros/melodic/lib', 'XDG_CONFIG_DIRS': '/etc/xdg/xdg-unity:/etc/xdg', 'GNOME_TERMINAL_SERVICE': ':1.89', 'VTE_VERSION': '5202', 'LC_TELEPHONE': 'zh_CN.UTF-8', 'LC_MONETARY': 'zh_CN.UTF-8', 'SHLVL': '2', 'PWD': '/home/unitree', 'ROS_MASTER_URI': 'http://localhost:11311', 'SSH_AGENT_LAUNCHER': 'gnome-keyring', 'ROS_VERSION': '1', 'TEXTDOMAIN': 'im-config', 'LC_NAME': 'zh_CN.UTF-8', 'XDG_MENU_PREFIX': 'gnome-', 'LC_TIME': 'zh_CN.UTF-8', 'GNOME_TERMINAL_SCREEN': '/org/gnome/Terminal/screen/93557132_13f0_4ef9_8109_29ce93998e4b'}]
[roslaunch][INFO] 2024-11-14 00:38:18,371: process[laser2foot-5]: args[[u'/opt/ros/melodic/lib/tf/static_transform_publisher', '0', '0', '0', '0', '0', '0', '1', '/laser', '/base_footprint', '100', u'__name:=laser2foot']]
[roslaunch][INFO] 2024-11-14 00:38:18,371: ... created process [laser2foot-5]
[roslaunch.pmon][INFO] 2024-11-14 00:38:18,372: ProcessMonitor.register[laser2foot-5]
[roslaunch.pmon][INFO] 2024-11-14 00:38:18,372: ProcessMonitor.register[laser2foot-5] complete
[roslaunch][INFO] 2024-11-14 00:38:18,372: ... registered process [laser2foot-5]
[roslaunch][INFO] 2024-11-14 00:38:18,373: process[laser2foot-5]: starting os process
[roslaunch][INFO] 2024-11-14 00:38:18,373: process[laser2foot-5]: start w/ args [[u'/opt/ros/melodic/lib/tf/static_transform_publisher', '0', '0', '0', '0', '0', '0', '1', '/laser', '/base_footprint', '100', u'__name:=laser2foot', u'__log:=/home/unitree/.ros/log/ad52b6c4-a1dd-11ef-8d19-48b02d15d5f5/laser2foot-5.log']]
[roslaunch][INFO] 2024-11-14 00:38:18,374: process[laser2foot-5]: cwd will be [/home/unitree/.ros]
[roslaunch][INFO] 2024-11-14 00:38:18,385: process[laser2foot-5]: started with pid [8459]
[roslaunch][INFO] 2024-11-14 00:38:18,387: ... successfully launched [laser2foot-5]
[roslaunch][INFO] 2024-11-14 00:38:18,387: ... preparing to launch node of type [slam_planner/slam_planner_node]
[roslaunch][INFO] 2024-11-14 00:38:18,388: create_node_process: package[slam_planner] type[slam_planner_node] machine[Machine(name[] env_loader[None] address[localhost] ssh_port[22] user[None] assignable[True] timeout[10.0])] master_uri[http://localhost:11311]
[roslaunch][INFO] 2024-11-14 00:38:18,388: process[slam_planner_node-6]: env[{'GOPATH': '/home/unitree/work', 'ROS_DISTRO': 'melodic', 'GNOME_SESSION_XDG_SESSION_PATH': '', 'LC_NUMERIC': 'zh_CN.UTF-8', 'QT4_IM_MODULE': 'xim', 'COLORTERM': 'truecolor', 'XDG_CURRENT_DESKTOP': 'Unity:Unity7:ubuntu', 'XDG_SESSION_TYPE': 'x11', 'ROSLISP_PACKAGE_DIRECTORIES': '/home/unitree/catkin_ws/devel/share/common-lisp', 'QT_IM_MODULE': 'ibus', 'LOGNAME': 'unitree', 'USER': 'unitree', 'PATH': '/opt/ros/melodic/bin:/usr/local/sbin:/usr/local/bin:/usr/sbin:/usr/bin:/sbin:/bin:/usr/games:/usr/local/games:/snap/bin:/usr/local/go/bin:/home/unitree/work/bin', 'LC_PAPER': 'zh_CN.UTF-8', 'HOME': '/home/unitree', 'CMAKE_PREFIX_PATH': '/home/unitree/catkin_ws/devel:/opt/ros/melodic', 'ROS_LOG_FILENAME': '/home/unitree/.ros/log/ad52b6c4-a1dd-11ef-8d19-48b02d15d5f5/roslaunch-nx-8328.log', 'LANG': 'en_US.UTF-8', 'MANAGERPID': '7158', 'SHELL': '/bin/bash', 'XAUTHORITY': '/run/user/1000/gdm/Xauthority', 'JOURNAL_STREAM': '8:42299', 'SESSION_MANAGER': 'local/nx:@/tmp/.ICE-unix/7444,unix/nx:/tmp/.ICE-unix/7444', 'LC_MEASUREMENT': 'zh_CN.UTF-8', 'CLUTTER_IM_MODULE': 'xim', 'DISPLAY': ':0', 'GTK_CSD': '0', 'GNOME_DESKTOP_SESSION_ID': 'this-is-deprecated', 'QT_ACCESSIBILITY': '1', 'WINDOWPATH': '1', 'DESKTOP_AUTOSTART_ID': '102afd4aff19311745173151584213441400000074440002', 'XMODIFIERS': '@im=ibus', 'ROS_ETC_DIR': '/opt/ros/melodic/etc/ros', 'GPG_AGENT_INFO': '/run/user/1000/gnupg/S.gpg-agent:0:1', 'ROS_PYTHON_VERSION': '2', 'INVOCATION_ID': '93b84cd7f0534fd2bf0b0c7a9a351d94', 'USERNAME': 'unitree', 'XDG_SESSION_DESKTOP': 'unity', 'XDG_RUNTIME_DIR': '/run/user/1000', 'SUDO_ASKPASS': '/home/unitree/RobotSLAMSystem/slam_planner/PASSWD', 'LC_IDENTIFICATION': 'zh_CN.UTF-8', 'LC_ADDRESS': 'zh_CN.UTF-8', 'PYTHONPATH': '/home/unitree/catkin_ws/devel/lib/python2.7/dist-packages:/opt/ros/melodic/lib/python2.7/dist-packages', 'SSH_AUTH_SOCK': '/run/user/1000/keyring/ssh', 'TERM': 'xterm-256color', 'ROS_ROOT': '/opt/ros/melodic/share/ros', 'GDMSESSION': 'unity', 'IM_CONFIG_PHASE': '2', 'TEXTDOMAINDIR': '/usr/share/locale/', 'DESKTOP_SESSION': 'unity', 'XDG_DATA_DIRS': '/usr/share/unity:/usr/local/share/:/usr/share/:/var/lib/snapd/desktop', 'PKG_CONFIG_PATH': '/home/unitree/catkin_ws/devel/lib/pkgconfig:/opt/ros/melodic/lib/pkgconfig', 'ROS_PACKAGE_PATH': '/home/unitree/catkin_ws/src/slamrplidar/slamplanner:/home/unitree/catkin_ws/src/slamrplidar/slam_planner_sdk:/home/unitree/catkin_ws/src/slamrplidar/slamware_ros_sdk:/home/unitree/catkin_ws/src/slamrplidar/slamware_sdk:/home/unitree/catkin_ws/src/unitree_ros_to_real/unitree_legged_msgs:/home/unitree/catkin_ws/src/unitree_ros_to_real/unitree_legged_real:/opt/ros/melodic/share', 'DBUS_SESSION_BUS_ADDRESS': 'unix:path=/run/user/1000/bus', '_': '/opt/ros/melodic/bin/roslaunch', 'GTK_MODULES': 'gail:atk-bridge:unity-gtk-module', 'LD_PRELOAD': 'libgtk3-nocsd.so.0', 'GTK_IM_MODULE': 'ibus', 'LD_LIBRARY_PATH': '/home/unitree/catkin_ws/devel/lib:/opt/ros/melodic/lib', 'XDG_CONFIG_DIRS': '/etc/xdg/xdg-unity:/etc/xdg', 'GNOME_TERMINAL_SERVICE': ':1.89', 'VTE_VERSION': '5202', 'LC_TELEPHONE': 'zh_CN.UTF-8', 'LC_MONETARY': 'zh_CN.UTF-8', 'SHLVL': '2', 'PWD': '/home/unitree', 'ROS_MASTER_URI': 'http://localhost:11311', 'SSH_AGENT_LAUNCHER': 'gnome-keyring', 'ROS_VERSION': '1', 'TEXTDOMAIN': 'im-config', 'LC_NAME': 'zh_CN.UTF-8', 'XDG_MENU_PREFIX': 'gnome-', 'LC_TIME': 'zh_CN.UTF-8', 'GNOME_TERMINAL_SCREEN': '/org/gnome/Terminal/screen/93557132_13f0_4ef9_8109_29ce93998e4b'}]
[roslaunch][INFO] 2024-11-14 00:38:18,395: process[slam_planner_node-6]: args[[u'/home/unitree/catkin_ws/devel/lib/slam_planner/slam_planner_node', u'__name:=slam_planner_node']]
[roslaunch][INFO] 2024-11-14 00:38:18,396: ... created process [slam_planner_node-6]
[roslaunch.pmon][INFO] 2024-11-14 00:38:18,396: ProcessMonitor.register[slam_planner_node-6]
[roslaunch.pmon][INFO] 2024-11-14 00:38:18,397: ProcessMonitor.register[slam_planner_node-6] complete
[roslaunch][INFO] 2024-11-14 00:38:18,397: ... registered process [slam_planner_node-6]
[roslaunch][INFO] 2024-11-14 00:38:18,397: process[slam_planner_node-6]: starting os process
[roslaunch][INFO] 2024-11-14 00:38:18,398: process[slam_planner_node-6]: start w/ args [[u'/home/unitree/catkin_ws/devel/lib/slam_planner/slam_planner_node', u'__name:=slam_planner_node', u'__log:=/home/unitree/.ros/log/ad52b6c4-a1dd-11ef-8d19-48b02d15d5f5/slam_planner_node-6.log']]
[roslaunch][INFO] 2024-11-14 00:38:18,398: process[slam_planner_node-6]: cwd will be [/home/unitree/.ros]
[roslaunch][INFO] 2024-11-14 00:38:18,435: process[slam_planner_node-6]: started with pid [8466]
[roslaunch][INFO] 2024-11-14 00:38:18,436: ... successfully launched [slam_planner_node-6]
[roslaunch][INFO] 2024-11-14 00:38:18,437: ... preparing to launch node of type [slam_planner/base_controller_node]
[roslaunch][INFO] 2024-11-14 00:38:18,437: create_node_process: package[slam_planner] type[base_controller_node] machine[Machine(name[] env_loader[None] address[localhost] ssh_port[22] user[None] assignable[True] timeout[10.0])] master_uri[http://localhost:11311]
[roslaunch][INFO] 2024-11-14 00:38:18,438: process[base_controller_node-7]: env[{'GOPATH': '/home/unitree/work', 'ROS_DISTRO': 'melodic', 'GNOME_SESSION_XDG_SESSION_PATH': '', 'LC_NUMERIC': 'zh_CN.UTF-8', 'QT4_IM_MODULE': 'xim', 'COLORTERM': 'truecolor', 'XDG_CURRENT_DESKTOP': 'Unity:Unity7:ubuntu', 'XDG_SESSION_TYPE': 'x11', 'ROSLISP_PACKAGE_DIRECTORIES': '/home/unitree/catkin_ws/devel/share/common-lisp', 'QT_IM_MODULE': 'ibus', 'LOGNAME': 'unitree', 'USER': 'unitree', 'PATH': '/opt/ros/melodic/bin:/usr/local/sbin:/usr/local/bin:/usr/sbin:/usr/bin:/sbin:/bin:/usr/games:/usr/local/games:/snap/bin:/usr/local/go/bin:/home/unitree/work/bin', 'LC_PAPER': 'zh_CN.UTF-8', 'HOME': '/home/unitree', 'CMAKE_PREFIX_PATH': '/home/unitree/catkin_ws/devel:/opt/ros/melodic', 'ROS_LOG_FILENAME': '/home/unitree/.ros/log/ad52b6c4-a1dd-11ef-8d19-48b02d15d5f5/roslaunch-nx-8328.log', 'LANG': 'en_US.UTF-8', 'MANAGERPID': '7158', 'SHELL': '/bin/bash', 'XAUTHORITY': '/run/user/1000/gdm/Xauthority', 'JOURNAL_STREAM': '8:42299', 'SESSION_MANAGER': 'local/nx:@/tmp/.ICE-unix/7444,unix/nx:/tmp/.ICE-unix/7444', 'LC_MEASUREMENT': 'zh_CN.UTF-8', 'CLUTTER_IM_MODULE': 'xim', 'DISPLAY': ':0', 'GTK_CSD': '0', 'GNOME_DESKTOP_SESSION_ID': 'this-is-deprecated', 'QT_ACCESSIBILITY': '1', 'WINDOWPATH': '1', 'DESKTOP_AUTOSTART_ID': '102afd4aff19311745173151584213441400000074440002', 'XMODIFIERS': '@im=ibus', 'ROS_ETC_DIR': '/opt/ros/melodic/etc/ros', 'GPG_AGENT_INFO': '/run/user/1000/gnupg/S.gpg-agent:0:1', 'ROS_PYTHON_VERSION': '2', 'INVOCATION_ID': '93b84cd7f0534fd2bf0b0c7a9a351d94', 'USERNAME': 'unitree', 'XDG_SESSION_DESKTOP': 'unity', 'XDG_RUNTIME_DIR': '/run/user/1000', 'SUDO_ASKPASS': '/home/unitree/RobotSLAMSystem/slam_planner/PASSWD', 'LC_IDENTIFICATION': 'zh_CN.UTF-8', 'LC_ADDRESS': 'zh_CN.UTF-8', 'PYTHONPATH': '/home/unitree/catkin_ws/devel/lib/python2.7/dist-packages:/opt/ros/melodic/lib/python2.7/dist-packages', 'SSH_AUTH_SOCK': '/run/user/1000/keyring/ssh', 'TERM': 'xterm-256color', 'ROS_ROOT': '/opt/ros/melodic/share/ros', 'GDMSESSION': 'unity', 'IM_CONFIG_PHASE': '2', 'TEXTDOMAINDIR': '/usr/share/locale/', 'DESKTOP_SESSION': 'unity', 'XDG_DATA_DIRS': '/usr/share/unity:/usr/local/share/:/usr/share/:/var/lib/snapd/desktop', 'PKG_CONFIG_PATH': '/home/unitree/catkin_ws/devel/lib/pkgconfig:/opt/ros/melodic/lib/pkgconfig', 'ROS_PACKAGE_PATH': '/home/unitree/catkin_ws/src/slamrplidar/slamplanner:/home/unitree/catkin_ws/src/slamrplidar/slam_planner_sdk:/home/unitree/catkin_ws/src/slamrplidar/slamware_ros_sdk:/home/unitree/catkin_ws/src/slamrplidar/slamware_sdk:/home/unitree/catkin_ws/src/unitree_ros_to_real/unitree_legged_msgs:/home/unitree/catkin_ws/src/unitree_ros_to_real/unitree_legged_real:/opt/ros/melodic/share', 'DBUS_SESSION_BUS_ADDRESS': 'unix:path=/run/user/1000/bus', '_': '/opt/ros/melodic/bin/roslaunch', 'GTK_MODULES': 'gail:atk-bridge:unity-gtk-module', 'LD_PRELOAD': 'libgtk3-nocsd.so.0', 'GTK_IM_MODULE': 'ibus', 'LD_LIBRARY_PATH': '/home/unitree/catkin_ws/devel/lib:/opt/ros/melodic/lib', 'XDG_CONFIG_DIRS': '/etc/xdg/xdg-unity:/etc/xdg', 'GNOME_TERMINAL_SERVICE': ':1.89', 'VTE_VERSION': '5202', 'LC_TELEPHONE': 'zh_CN.UTF-8', 'LC_MONETARY': 'zh_CN.UTF-8', 'SHLVL': '2', 'PWD': '/home/unitree', 'ROS_MASTER_URI': 'http://localhost:11311', 'SSH_AGENT_LAUNCHER': 'gnome-keyring', 'ROS_VERSION': '1', 'TEXTDOMAIN': 'im-config', 'LC_NAME': 'zh_CN.UTF-8', 'XDG_MENU_PREFIX': 'gnome-', 'LC_TIME': 'zh_CN.UTF-8', 'GNOME_TERMINAL_SCREEN': '/org/gnome/Terminal/screen/93557132_13f0_4ef9_8109_29ce93998e4b'}]
[roslaunch][INFO] 2024-11-14 00:38:18,444: process[base_controller_node-7]: args[[u'/home/unitree/catkin_ws/devel/lib/slam_planner/base_controller_node', u'__name:=base_controller_node']]
[roslaunch][INFO] 2024-11-14 00:38:18,444: ... created process [base_controller_node-7]
[roslaunch.pmon][INFO] 2024-11-14 00:38:18,445: ProcessMonitor.register[base_controller_node-7]
[roslaunch.pmon][INFO] 2024-11-14 00:38:18,445: ProcessMonitor.register[base_controller_node-7] complete
[roslaunch][INFO] 2024-11-14 00:38:18,445: ... registered process [base_controller_node-7]
[roslaunch][INFO] 2024-11-14 00:38:18,446: process[base_controller_node-7]: starting os process
[roslaunch][INFO] 2024-11-14 00:38:18,446: process[base_controller_node-7]: start w/ args [[u'/home/unitree/catkin_ws/devel/lib/slam_planner/base_controller_node', u'__name:=base_controller_node', u'__log:=/home/unitree/.ros/log/ad52b6c4-a1dd-11ef-8d19-48b02d15d5f5/base_controller_node-7.log']]
[roslaunch][INFO] 2024-11-14 00:38:18,447: process[base_controller_node-7]: cwd will be [/home/unitree/.ros]
[roslaunch][INFO] 2024-11-14 00:38:18,504: process[base_controller_node-7]: started with pid [8477]
[roslaunch][INFO] 2024-11-14 00:38:18,505: ... successfully launched [base_controller_node-7]
[roslaunch][INFO] 2024-11-14 00:38:18,506: ... launch_nodes complete
[roslaunch.pmon][INFO] 2024-11-14 00:38:18,507: registrations completed <ProcessMonitor(ProcessMonitor-1, started daemon 547606495728)>
[roslaunch.parent][INFO] 2024-11-14 00:38:18,507: ... roslaunch parent running, waiting for process exit
[roslaunch][INFO] 2024-11-14 00:38:18,507: spin
