[roslaunch][INFO] 2024-10-22 21:36:32,546: Checking log directory for disk usage. This may take a while.
Press Ctrl-C to interrupt
[roslaunch][INFO] 2024-10-22 21:36:32,593: Done checking log file disk usage. Usage is <1GB.
[roslaunch][INFO] 2024-10-22 21:36:32,595: roslaunch starting with args ['/opt/ros/melodic/bin/roslaunch', 'slam_planner', 'slam_planner_online.launch']
[roslaunch][INFO] 2024-10-22 21:36:32,595: roslaunch env is {'GOPATH': '/home/unitree/work', 'ROS_DISTRO': 'melodic', 'LC_NUMERIC': 'zh_CN.UTF-8', 'QT4_IM_MODULE': 'xim', 'WINDOWPATH': '1', 'XDG_CURRENT_DESKTOP': 'Unity:Unity7:ubuntu', 'XDG_SESSION_TYPE': 'x11', 'ROSLISP_PACKAGE_DIRECTORIES': '/home/unitree/catkin_ws/devel/share/common-lisp', 'QT_IM_MODULE': 'ibus', 'LOGNAME': 'unitree', 'USER': 'unitree', 'PATH': '/opt/ros/melodic/bin:/usr/local/sbin:/usr/local/bin:/usr/sbin:/usr/bin:/sbin:/bin:/usr/games:/usr/local/games:/snap/bin:/usr/local/go/bin:/home/unitree/work/bin', 'LC_PAPER': 'zh_CN.UTF-8', 'HOME': '/home/unitree', 'CMAKE_PREFIX_PATH': '/home/unitree/catkin_ws/devel:/opt/ros/melodic', 'DISPLAY': ':0', 'XDG_RUNTIME_DIR': '/run/user/1000', 'LANG': 'en_US.UTF-8', 'MANAGERPID': '7055', 'SHELL': '/bin/bash', 'ROS_LOG_FILENAME': '/home/unitree/.ros/log/a66165d2-907a-11ef-9749-48b02d15d5f5/roslaunch-nx-8290.log', 'XAUTHORITY': '/run/user/1000/gdm/Xauthority', 'JOURNAL_STREAM': '8:40521', 'SESSION_MANAGER': 'local/nx:@/tmp/.ICE-unix/7361,unix/nx:/tmp/.ICE-unix/7361', 'LC_MEASUREMENT': 'zh_CN.UTF-8', 'QT_ACCESSIBILITY': '1', 'LD_LIBRARY_PATH': '/home/unitree/catkin_ws/devel/lib:/opt/ros/melodic/lib', 'GTK_CSD': '0', 'GNOME_DESKTOP_SESSION_ID': 'this-is-deprecated', 'CLUTTER_IM_MODULE': 'xim', 'TEXTDOMAIN': 'im-config', 'DESKTOP_AUTOSTART_ID': '104811ef8472e1bdc9172960414169535700000073610002', 'XMODIFIERS': '@im=ibus', 'ROS_MASTER_URI': 'http://localhost:11311', 'GPG_AGENT_INFO': '/run/user/1000/gnupg/S.gpg-agent:0:1', 'ROS_PYTHON_VERSION': '2', 'INVOCATION_ID': '9c258959db1d4e2497cf4803f0b0eadd', 'USERNAME': 'unitree', 'XDG_SESSION_DESKTOP': 'unity', 'SHLVL': '2', 'ROS_VERSION': '1', 'SUDO_ASKPASS': '/home/unitree/RobotSLAMSystem/slam_planner/PASSWD', 'GTK_IM_MODULE': 'ibus', 'LC_ADDRESS': 'zh_CN.UTF-8', 'PYTHONPATH': '/home/unitree/catkin_ws/devel/lib/python2.7/dist-packages:/opt/ros/melodic/lib/python2.7/dist-packages', 'SSH_AUTH_SOCK': '/run/user/1000/keyring/ssh', 'TERM': 'xterm-256color', 'ROS_ROOT': '/opt/ros/melodic/share/ros', 'GDMSESSION': 'unity', 'IM_CONFIG_PHASE': '2', 'LC_TIME': 'zh_CN.UTF-8', 'TEXTDOMAINDIR': '/usr/share/locale/', 'XDG_DATA_DIRS': '/usr/share/unity:/usr/local/share/:/usr/share/:/var/lib/snapd/desktop', 'PKG_CONFIG_PATH': '/home/unitree/catkin_ws/devel/lib/pkgconfig:/opt/ros/melodic/lib/pkgconfig', 'ROS_PACKAGE_PATH': '/home/unitree/catkin_ws/src:/opt/ros/melodic/share', 'DBUS_SESSION_BUS_ADDRESS': 'unix:path=/run/user/1000/bus', '_': '/opt/ros/melodic/bin/roslaunch', 'GNOME_TERMINAL_SERVICE': ':1.86', 'LD_PRELOAD': 'libgtk3-nocsd.so.0', 'LC_IDENTIFICATION': 'zh_CN.UTF-8', 'DESKTOP_SESSION': 'unity', 'XDG_CONFIG_DIRS': '/etc/xdg/xdg-unity:/etc/xdg', 'GTK_MODULES': 'gail:atk-bridge:unity-gtk-module', 'VTE_VERSION': '5202', 'LC_TELEPHONE': 'zh_CN.UTF-8', 'LC_MONETARY': 'zh_CN.UTF-8', 'PWD': '/home/unitree', 'ROS_ETC_DIR': '/opt/ros/melodic/etc/ros', 'SSH_AGENT_LAUNCHER': 'gnome-keyring', 'COLORTERM': 'truecolor', 'LC_NAME': 'zh_CN.UTF-8', 'XDG_MENU_PREFIX': 'gnome-', 'GNOME_SESSION_XDG_SESSION_PATH': '', 'GNOME_TERMINAL_SCREEN': '/org/gnome/Terminal/screen/88956292_3da0_4c86_9ab2_96b4b006e940'}
[roslaunch][INFO] 2024-10-22 21:36:32,596: starting in server mode
[roslaunch.parent][INFO] 2024-10-22 21:36:32,597: starting roslaunch parent run
[roslaunch][INFO] 2024-10-22 21:36:32,598: loading roscore config file /opt/ros/melodic/etc/ros/roscore.xml
[roslaunch][INFO] 2024-10-22 21:36:34,608: Added core node of type [rosout/rosout] in namespace [/]
[roslaunch.config][INFO] 2024-10-22 21:36:34,609: loading config file /home/unitree/catkin_ws/src/slamrplidar/slamplanner/launch/slam_planner_online.launch
[roslaunch][INFO] 2024-10-22 21:36:34,714: Added node of type [slamware_ros_sdk/slamware_ros_sdk_server_node] in namespace [/]
[roslaunch][INFO] 2024-10-22 21:36:34,716: Added node of type [tf/static_transform_publisher] in namespace [/]
[roslaunch][INFO] 2024-10-22 21:36:34,717: Added node of type [tf/static_transform_publisher] in namespace [/]
[roslaunch][INFO] 2024-10-22 21:36:34,718: Added node of type [tf/static_transform_publisher] in namespace [/]
[roslaunch][INFO] 2024-10-22 21:36:34,798: Added node of type [slam_planner/slam_planner_node] in namespace [/]
[roslaunch][INFO] 2024-10-22 21:36:34,799: Added node of type [slam_planner/base_controller_node] in namespace [/]
[roslaunch][INFO] 2024-10-22 21:36:34,799: ... selected machine [] for node of type [slamware_ros_sdk/slamware_ros_sdk_server_node]
[roslaunch][INFO] 2024-10-22 21:36:34,799: ... selected machine [] for node of type [tf/static_transform_publisher]
[roslaunch][INFO] 2024-10-22 21:36:34,800: ... selected machine [] for node of type [tf/static_transform_publisher]
[roslaunch][INFO] 2024-10-22 21:36:34,800: ... selected machine [] for node of type [tf/static_transform_publisher]
[roslaunch][INFO] 2024-10-22 21:36:34,800: ... selected machine [] for node of type [slam_planner/slam_planner_node]
[roslaunch][INFO] 2024-10-22 21:36:34,801: ... selected machine [] for node of type [slam_planner/base_controller_node]
[roslaunch.pmon][INFO] 2024-10-22 21:36:34,807: start_process_monitor: creating ProcessMonitor
[roslaunch.pmon][INFO] 2024-10-22 21:36:34,808: created process monitor <ProcessMonitor(ProcessMonitor-1, initial daemon)>
[roslaunch.pmon][INFO] 2024-10-22 21:36:34,809: start_process_monitor: ProcessMonitor started
[roslaunch.parent][INFO] 2024-10-22 21:36:34,809: starting parent XML-RPC server
[roslaunch.server][INFO] 2024-10-22 21:36:34,810: starting roslaunch XML-RPC server
[roslaunch.server][INFO] 2024-10-22 21:36:34,810: waiting for roslaunch XML-RPC server to initialize
[xmlrpc][INFO] 2024-10-22 21:36:34,811: XML-RPC server binding to 0.0.0.0:0
[xmlrpc][INFO] 2024-10-22 21:36:34,812: Started XML-RPC server [http://nx:42047/]
[xmlrpc][INFO] 2024-10-22 21:36:34,813: xml rpc node: starting XML-RPC server
[roslaunch][INFO] 2024-10-22 21:36:34,830: started roslaunch server http://nx:42047/
[roslaunch.parent][INFO] 2024-10-22 21:36:34,831: ... parent XML-RPC server started
[roslaunch][INFO] 2024-10-22 21:36:34,834: master.is_running[http://localhost:11311]
[roslaunch][INFO] 2024-10-22 21:36:34,836: auto-starting new master
[roslaunch][INFO] 2024-10-22 21:36:34,836: create_master_process: rosmaster, /opt/ros/melodic/share/ros, 11311, 3, None, False
[roslaunch][INFO] 2024-10-22 21:36:34,837: process[master]: launching with args [['rosmaster', '--core', '-p', '11311', '-w', '3']]
[roslaunch.pmon][INFO] 2024-10-22 21:36:34,837: ProcessMonitor.register[master]
[roslaunch.pmon][INFO] 2024-10-22 21:36:34,837: ProcessMonitor.register[master] complete
[roslaunch][INFO] 2024-10-22 21:36:34,837: process[master]: starting os process
[roslaunch][INFO] 2024-10-22 21:36:34,838: process[master]: start w/ args [['rosmaster', '--core', '-p', '11311', '-w', '3', '__log:=/home/unitree/.ros/log/a66165d2-907a-11ef-9749-48b02d15d5f5/master.log']]
[roslaunch][INFO] 2024-10-22 21:36:34,838: process[master]: cwd will be [/home/unitree/.ros]
[roslaunch][INFO] 2024-10-22 21:36:34,850: process[master]: started with pid [8327]
[roslaunch][INFO] 2024-10-22 21:36:34,852: master.is_running[http://localhost:11311]
[roslaunch][INFO] 2024-10-22 21:36:34,954: master.is_running[http://localhost:11311]
[roslaunch][INFO] 2024-10-22 21:36:35,056: master.is_running[http://localhost:11311]
[roslaunch][INFO] 2024-10-22 21:36:35,158: master.is_running[http://localhost:11311]
[roslaunch][INFO] 2024-10-22 21:36:35,260: master.is_running[http://localhost:11311]
[roslaunch][INFO] 2024-10-22 21:36:35,362: master.is_running[http://localhost:11311]
[roslaunch][INFO] 2024-10-22 21:36:35,464: master.is_running[http://localhost:11311]
[roslaunch][INFO] 2024-10-22 21:36:35,566: master.is_running[http://localhost:11311]
[roslaunch][INFO] 2024-10-22 21:36:35,571: master.is_running[http://localhost:11311]
[roslaunch][INFO] 2024-10-22 21:36:35,576: ROS_MASTER_URI=http://localhost:11311
[roslaunch][INFO] 2024-10-22 21:36:35,580: setting /run_id to a66165d2-907a-11ef-9749-48b02d15d5f5
[roslaunch][INFO] 2024-10-22 21:36:35,583: setting /roslaunch/uris/host_nx__42047' to http://nx:42047/
[roslaunch][INFO] 2024-10-22 21:36:35,590: ... preparing to launch node of type [rosout/rosout]
[roslaunch][INFO] 2024-10-22 21:36:35,590: create_node_process: package[rosout] type[rosout] machine[Machine(name[] env_loader[None] address[localhost] ssh_port[22] user[None] assignable[True] timeout[10.0])] master_uri[http://localhost:11311]
[roslaunch][INFO] 2024-10-22 21:36:35,591: process[rosout-1]: env[{'GOPATH': '/home/unitree/work', 'ROS_DISTRO': 'melodic', 'GNOME_SESSION_XDG_SESSION_PATH': '', 'LC_NUMERIC': 'zh_CN.UTF-8', 'QT4_IM_MODULE': 'xim', 'COLORTERM': 'truecolor', 'XDG_CURRENT_DESKTOP': 'Unity:Unity7:ubuntu', 'XDG_SESSION_TYPE': 'x11', 'ROSLISP_PACKAGE_DIRECTORIES': '/home/unitree/catkin_ws/devel/share/common-lisp', 'QT_IM_MODULE': 'ibus', 'LOGNAME': 'unitree', 'USER': 'unitree', 'PATH': '/opt/ros/melodic/bin:/usr/local/sbin:/usr/local/bin:/usr/sbin:/usr/bin:/sbin:/bin:/usr/games:/usr/local/games:/snap/bin:/usr/local/go/bin:/home/unitree/work/bin', 'LC_PAPER': 'zh_CN.UTF-8', 'HOME': '/home/unitree', 'CMAKE_PREFIX_PATH': '/home/unitree/catkin_ws/devel:/opt/ros/melodic', 'ROS_LOG_FILENAME': '/home/unitree/.ros/log/a66165d2-907a-11ef-9749-48b02d15d5f5/roslaunch-nx-8290.log', 'LANG': 'en_US.UTF-8', 'MANAGERPID': '7055', 'SHELL': '/bin/bash', 'XAUTHORITY': '/run/user/1000/gdm/Xauthority', 'JOURNAL_STREAM': '8:40521', 'SESSION_MANAGER': 'local/nx:@/tmp/.ICE-unix/7361,unix/nx:/tmp/.ICE-unix/7361', 'LC_MEASUREMENT': 'zh_CN.UTF-8', 'CLUTTER_IM_MODULE': 'xim', 'DISPLAY': ':0', 'GTK_CSD': '0', 'GNOME_DESKTOP_SESSION_ID': 'this-is-deprecated', 'QT_ACCESSIBILITY': '1', 'WINDOWPATH': '1', 'DESKTOP_AUTOSTART_ID': '104811ef8472e1bdc9172960414169535700000073610002', 'XMODIFIERS': '@im=ibus', 'ROS_ETC_DIR': '/opt/ros/melodic/etc/ros', 'GPG_AGENT_INFO': '/run/user/1000/gnupg/S.gpg-agent:0:1', 'ROS_PYTHON_VERSION': '2', 'INVOCATION_ID': '9c258959db1d4e2497cf4803f0b0eadd', 'USERNAME': 'unitree', 'XDG_SESSION_DESKTOP': 'unity', 'XDG_RUNTIME_DIR': '/run/user/1000', 'SUDO_ASKPASS': '/home/unitree/RobotSLAMSystem/slam_planner/PASSWD', 'LC_IDENTIFICATION': 'zh_CN.UTF-8', 'LC_ADDRESS': 'zh_CN.UTF-8', 'PYTHONPATH': '/home/unitree/catkin_ws/devel/lib/python2.7/dist-packages:/opt/ros/melodic/lib/python2.7/dist-packages', 'SSH_AUTH_SOCK': '/run/user/1000/keyring/ssh', 'TERM': 'xterm-256color', 'ROS_ROOT': '/opt/ros/melodic/share/ros', 'GDMSESSION': 'unity', 'IM_CONFIG_PHASE': '2', 'TEXTDOMAINDIR': '/usr/share/locale/', 'DESKTOP_SESSION': 'unity', 'XDG_DATA_DIRS': '/usr/share/unity:/usr/local/share/:/usr/share/:/var/lib/snapd/desktop', 'PKG_CONFIG_PATH': '/home/unitree/catkin_ws/devel/lib/pkgconfig:/opt/ros/melodic/lib/pkgconfig', 'ROS_PACKAGE_PATH': '/home/unitree/catkin_ws/src:/opt/ros/melodic/share', 'DBUS_SESSION_BUS_ADDRESS': 'unix:path=/run/user/1000/bus', '_': '/opt/ros/melodic/bin/roslaunch', 'GTK_MODULES': 'gail:atk-bridge:unity-gtk-module', 'LD_PRELOAD': 'libgtk3-nocsd.so.0', 'GTK_IM_MODULE': 'ibus', 'LD_LIBRARY_PATH': '/home/unitree/catkin_ws/devel/lib:/opt/ros/melodic/lib', 'XDG_CONFIG_DIRS': '/etc/xdg/xdg-unity:/etc/xdg', 'GNOME_TERMINAL_SERVICE': ':1.86', 'VTE_VERSION': '5202', 'LC_TELEPHONE': 'zh_CN.UTF-8', 'LC_MONETARY': 'zh_CN.UTF-8', 'SHLVL': '2', 'PWD': '/home/unitree', 'ROS_MASTER_URI': 'http://localhost:11311', 'SSH_AGENT_LAUNCHER': 'gnome-keyring', 'ROS_VERSION': '1', 'TEXTDOMAIN': 'im-config', 'LC_NAME': 'zh_CN.UTF-8', 'XDG_MENU_PREFIX': 'gnome-', 'LC_TIME': 'zh_CN.UTF-8', 'GNOME_TERMINAL_SCREEN': '/org/gnome/Terminal/screen/88956292_3da0_4c86_9ab2_96b4b006e940'}]
[roslaunch][INFO] 2024-10-22 21:36:35,716: process[rosout-1]: args[[u'/opt/ros/melodic/lib/rosout/rosout', u'__name:=rosout']]
[roslaunch][INFO] 2024-10-22 21:36:35,717: ... created process [rosout-1]
[roslaunch.pmon][INFO] 2024-10-22 21:36:35,718: ProcessMonitor.register[rosout-1]
[roslaunch.pmon][INFO] 2024-10-22 21:36:35,718: ProcessMonitor.register[rosout-1] complete
[roslaunch][INFO] 2024-10-22 21:36:35,718: ... registered process [rosout-1]
[roslaunch][INFO] 2024-10-22 21:36:35,719: process[rosout-1]: starting os process
[roslaunch][INFO] 2024-10-22 21:36:35,719: process[rosout-1]: start w/ args [[u'/opt/ros/melodic/lib/rosout/rosout', u'__name:=rosout', u'__log:=/home/unitree/.ros/log/a66165d2-907a-11ef-9749-48b02d15d5f5/rosout-1.log']]
[roslaunch][INFO] 2024-10-22 21:36:35,719: process[rosout-1]: cwd will be [/home/unitree/.ros]
[roslaunch][INFO] 2024-10-22 21:36:35,732: process[rosout-1]: started with pid [8344]
[roslaunch][INFO] 2024-10-22 21:36:35,733: ... successfully launched [rosout-1]
[roslaunch][INFO] 2024-10-22 21:36:35,734: load_parameters starting ...
[roslaunch][INFO] 2024-10-22 21:36:35,843: ... load_parameters complete
[roslaunch][INFO] 2024-10-22 21:36:35,844: launch_nodes: launching local nodes ...
[roslaunch][INFO] 2024-10-22 21:36:35,845: ... preparing to launch node of type [slamware_ros_sdk/slamware_ros_sdk_server_node]
[roslaunch][INFO] 2024-10-22 21:36:35,845: create_node_process: package[slamware_ros_sdk] type[slamware_ros_sdk_server_node] machine[Machine(name[] env_loader[None] address[localhost] ssh_port[22] user[None] assignable[True] timeout[10.0])] master_uri[http://localhost:11311]
[roslaunch][INFO] 2024-10-22 21:36:35,846: process[slamware_ros_sdk_server_node-2]: env[{'GOPATH': '/home/unitree/work', 'ROS_DISTRO': 'melodic', 'GNOME_SESSION_XDG_SESSION_PATH': '', 'LC_NUMERIC': 'zh_CN.UTF-8', 'QT4_IM_MODULE': 'xim', 'COLORTERM': 'truecolor', 'XDG_CURRENT_DESKTOP': 'Unity:Unity7:ubuntu', 'XDG_SESSION_TYPE': 'x11', 'ROSLISP_PACKAGE_DIRECTORIES': '/home/unitree/catkin_ws/devel/share/common-lisp', 'QT_IM_MODULE': 'ibus', 'LOGNAME': 'unitree', 'USER': 'unitree', 'PATH': '/opt/ros/melodic/bin:/usr/local/sbin:/usr/local/bin:/usr/sbin:/usr/bin:/sbin:/bin:/usr/games:/usr/local/games:/snap/bin:/usr/local/go/bin:/home/unitree/work/bin', 'LC_PAPER': 'zh_CN.UTF-8', 'HOME': '/home/unitree', 'CMAKE_PREFIX_PATH': '/home/unitree/catkin_ws/devel:/opt/ros/melodic', 'ROS_LOG_FILENAME': '/home/unitree/.ros/log/a66165d2-907a-11ef-9749-48b02d15d5f5/roslaunch-nx-8290.log', 'LANG': 'en_US.UTF-8', 'MANAGERPID': '7055', 'SHELL': '/bin/bash', 'XAUTHORITY': '/run/user/1000/gdm/Xauthority', 'JOURNAL_STREAM': '8:40521', 'SESSION_MANAGER': 'local/nx:@/tmp/.ICE-unix/7361,unix/nx:/tmp/.ICE-unix/7361', 'LC_MEASUREMENT': 'zh_CN.UTF-8', 'CLUTTER_IM_MODULE': 'xim', 'DISPLAY': ':0', 'GTK_CSD': '0', 'GNOME_DESKTOP_SESSION_ID': 'this-is-deprecated', 'QT_ACCESSIBILITY': '1', 'WINDOWPATH': '1', 'DESKTOP_AUTOSTART_ID': '104811ef8472e1bdc9172960414169535700000073610002', 'XMODIFIERS': '@im=ibus', 'ROS_ETC_DIR': '/opt/ros/melodic/etc/ros', 'GPG_AGENT_INFO': '/run/user/1000/gnupg/S.gpg-agent:0:1', 'ROS_PYTHON_VERSION': '2', 'INVOCATION_ID': '9c258959db1d4e2497cf4803f0b0eadd', 'USERNAME': 'unitree', 'XDG_SESSION_DESKTOP': 'unity', 'XDG_RUNTIME_DIR': '/run/user/1000', 'SUDO_ASKPASS': '/home/unitree/RobotSLAMSystem/slam_planner/PASSWD', 'LC_IDENTIFICATION': 'zh_CN.UTF-8', 'LC_ADDRESS': 'zh_CN.UTF-8', 'PYTHONPATH': '/home/unitree/catkin_ws/devel/lib/python2.7/dist-packages:/opt/ros/melodic/lib/python2.7/dist-packages', 'SSH_AUTH_SOCK': '/run/user/1000/keyring/ssh', 'TERM': 'xterm-256color', 'ROS_ROOT': '/opt/ros/melodic/share/ros', 'GDMSESSION': 'unity', 'IM_CONFIG_PHASE': '2', 'TEXTDOMAINDIR': '/usr/share/locale/', 'DESKTOP_SESSION': 'unity', 'XDG_DATA_DIRS': '/usr/share/unity:/usr/local/share/:/usr/share/:/var/lib/snapd/desktop', 'PKG_CONFIG_PATH': '/home/unitree/catkin_ws/devel/lib/pkgconfig:/opt/ros/melodic/lib/pkgconfig', 'ROS_PACKAGE_PATH': '/home/unitree/catkin_ws/src:/opt/ros/melodic/share', 'DBUS_SESSION_BUS_ADDRESS': 'unix:path=/run/user/1000/bus', '_': '/opt/ros/melodic/bin/roslaunch', 'GTK_MODULES': 'gail:atk-bridge:unity-gtk-module', 'LD_PRELOAD': 'libgtk3-nocsd.so.0', 'GTK_IM_MODULE': 'ibus', 'LD_LIBRARY_PATH': '/home/unitree/catkin_ws/devel/lib:/opt/ros/melodic/lib', 'XDG_CONFIG_DIRS': '/etc/xdg/xdg-unity:/etc/xdg', 'GNOME_TERMINAL_SERVICE': ':1.86', 'VTE_VERSION': '5202', 'LC_TELEPHONE': 'zh_CN.UTF-8', 'LC_MONETARY': 'zh_CN.UTF-8', 'SHLVL': '2', 'PWD': '/home/unitree', 'ROS_MASTER_URI': 'http://localhost:11311', 'SSH_AGENT_LAUNCHER': 'gnome-keyring', 'ROS_VERSION': '1', 'TEXTDOMAIN': 'im-config', 'LC_NAME': 'zh_CN.UTF-8', 'XDG_MENU_PREFIX': 'gnome-', 'LC_TIME': 'zh_CN.UTF-8', 'GNOME_TERMINAL_SCREEN': '/org/gnome/Terminal/screen/88956292_3da0_4c86_9ab2_96b4b006e940'}]
[roslaunch][INFO] 2024-10-22 21:36:35,866: process[slamware_ros_sdk_server_node-2]: args[[u'/home/unitree/catkin_ws/devel/lib/slamware_ros_sdk/slamware_ros_sdk_server_node', u'/cmd_vel:=/cmd_vel', u'/move_base_simple/goal:=/move_base_simple/goal', u'/slamware_ros_sdk_server_node/scan:=scan', u'/slamware_ros_sdk_server_node/odom:=odom', u'/slamware_ros_sdk_server_node/map:=map', u'map_metadata:=map_metadata', u'global_plan_path:=global_plan_path', u'__name:=slamware_ros_sdk_server_node']]
[roslaunch][INFO] 2024-10-22 21:36:35,866: ... created process [slamware_ros_sdk_server_node-2]
[roslaunch.pmon][INFO] 2024-10-22 21:36:35,867: ProcessMonitor.register[slamware_ros_sdk_server_node-2]
[roslaunch.pmon][INFO] 2024-10-22 21:36:35,867: ProcessMonitor.register[slamware_ros_sdk_server_node-2] complete
[roslaunch][INFO] 2024-10-22 21:36:35,867: ... registered process [slamware_ros_sdk_server_node-2]
[roslaunch][INFO] 2024-10-22 21:36:35,868: process[slamware_ros_sdk_server_node-2]: starting os process
[roslaunch][INFO] 2024-10-22 21:36:35,868: process[slamware_ros_sdk_server_node-2]: start w/ args [[u'/home/unitree/catkin_ws/devel/lib/slamware_ros_sdk/slamware_ros_sdk_server_node', u'/cmd_vel:=/cmd_vel', u'/move_base_simple/goal:=/move_base_simple/goal', u'/slamware_ros_sdk_server_node/scan:=scan', u'/slamware_ros_sdk_server_node/odom:=odom', u'/slamware_ros_sdk_server_node/map:=map', u'map_metadata:=map_metadata', u'global_plan_path:=global_plan_path', u'__name:=slamware_ros_sdk_server_node', u'__log:=/home/unitree/.ros/log/a66165d2-907a-11ef-9749-48b02d15d5f5/slamware_ros_sdk_server_node-2.log']]
[roslaunch][INFO] 2024-10-22 21:36:35,869: process[slamware_ros_sdk_server_node-2]: cwd will be [/home/unitree/.ros]
[roslaunch][INFO] 2024-10-22 21:36:35,898: process[slamware_ros_sdk_server_node-2]: started with pid [8356]
[roslaunch][INFO] 2024-10-22 21:36:35,899: ... successfully launched [slamware_ros_sdk_server_node-2]
[roslaunch][INFO] 2024-10-22 21:36:35,900: ... preparing to launch node of type [tf/static_transform_publisher]
[roslaunch][INFO] 2024-10-22 21:36:35,900: create_node_process: package[tf] type[static_transform_publisher] machine[Machine(name[] env_loader[None] address[localhost] ssh_port[22] user[None] assignable[True] timeout[10.0])] master_uri[http://localhost:11311]
[roslaunch][INFO] 2024-10-22 21:36:35,901: process[map2odom-3]: env[{'GOPATH': '/home/unitree/work', 'ROS_DISTRO': 'melodic', 'GNOME_SESSION_XDG_SESSION_PATH': '', 'LC_NUMERIC': 'zh_CN.UTF-8', 'QT4_IM_MODULE': 'xim', 'COLORTERM': 'truecolor', 'XDG_CURRENT_DESKTOP': 'Unity:Unity7:ubuntu', 'XDG_SESSION_TYPE': 'x11', 'ROSLISP_PACKAGE_DIRECTORIES': '/home/unitree/catkin_ws/devel/share/common-lisp', 'QT_IM_MODULE': 'ibus', 'LOGNAME': 'unitree', 'USER': 'unitree', 'PATH': '/opt/ros/melodic/bin:/usr/local/sbin:/usr/local/bin:/usr/sbin:/usr/bin:/sbin:/bin:/usr/games:/usr/local/games:/snap/bin:/usr/local/go/bin:/home/unitree/work/bin', 'LC_PAPER': 'zh_CN.UTF-8', 'HOME': '/home/unitree', 'CMAKE_PREFIX_PATH': '/home/unitree/catkin_ws/devel:/opt/ros/melodic', 'ROS_LOG_FILENAME': '/home/unitree/.ros/log/a66165d2-907a-11ef-9749-48b02d15d5f5/roslaunch-nx-8290.log', 'LANG': 'en_US.UTF-8', 'MANAGERPID': '7055', 'SHELL': '/bin/bash', 'XAUTHORITY': '/run/user/1000/gdm/Xauthority', 'JOURNAL_STREAM': '8:40521', 'SESSION_MANAGER': 'local/nx:@/tmp/.ICE-unix/7361,unix/nx:/tmp/.ICE-unix/7361', 'LC_MEASUREMENT': 'zh_CN.UTF-8', 'CLUTTER_IM_MODULE': 'xim', 'DISPLAY': ':0', 'GTK_CSD': '0', 'GNOME_DESKTOP_SESSION_ID': 'this-is-deprecated', 'QT_ACCESSIBILITY': '1', 'WINDOWPATH': '1', 'DESKTOP_AUTOSTART_ID': '104811ef8472e1bdc9172960414169535700000073610002', 'XMODIFIERS': '@im=ibus', 'ROS_ETC_DIR': '/opt/ros/melodic/etc/ros', 'GPG_AGENT_INFO': '/run/user/1000/gnupg/S.gpg-agent:0:1', 'ROS_PYTHON_VERSION': '2', 'INVOCATION_ID': '9c258959db1d4e2497cf4803f0b0eadd', 'USERNAME': 'unitree', 'XDG_SESSION_DESKTOP': 'unity', 'XDG_RUNTIME_DIR': '/run/user/1000', 'SUDO_ASKPASS': '/home/unitree/RobotSLAMSystem/slam_planner/PASSWD', 'LC_IDENTIFICATION': 'zh_CN.UTF-8', 'LC_ADDRESS': 'zh_CN.UTF-8', 'PYTHONPATH': '/home/unitree/catkin_ws/devel/lib/python2.7/dist-packages:/opt/ros/melodic/lib/python2.7/dist-packages', 'SSH_AUTH_SOCK': '/run/user/1000/keyring/ssh', 'TERM': 'xterm-256color', 'ROS_ROOT': '/opt/ros/melodic/share/ros', 'GDMSESSION': 'unity', 'IM_CONFIG_PHASE': '2', 'TEXTDOMAINDIR': '/usr/share/locale/', 'DESKTOP_SESSION': 'unity', 'XDG_DATA_DIRS': '/usr/share/unity:/usr/local/share/:/usr/share/:/var/lib/snapd/desktop', 'PKG_CONFIG_PATH': '/home/unitree/catkin_ws/devel/lib/pkgconfig:/opt/ros/melodic/lib/pkgconfig', 'ROS_PACKAGE_PATH': '/home/unitree/catkin_ws/src:/opt/ros/melodic/share', 'DBUS_SESSION_BUS_ADDRESS': 'unix:path=/run/user/1000/bus', '_': '/opt/ros/melodic/bin/roslaunch', 'GTK_MODULES': 'gail:atk-bridge:unity-gtk-module', 'LD_PRELOAD': 'libgtk3-nocsd.so.0', 'GTK_IM_MODULE': 'ibus', 'LD_LIBRARY_PATH': '/home/unitree/catkin_ws/devel/lib:/opt/ros/melodic/lib', 'XDG_CONFIG_DIRS': '/etc/xdg/xdg-unity:/etc/xdg', 'GNOME_TERMINAL_SERVICE': ':1.86', 'VTE_VERSION': '5202', 'LC_TELEPHONE': 'zh_CN.UTF-8', 'LC_MONETARY': 'zh_CN.UTF-8', 'SHLVL': '2', 'PWD': '/home/unitree', 'ROS_MASTER_URI': 'http://localhost:11311', 'SSH_AGENT_LAUNCHER': 'gnome-keyring', 'ROS_VERSION': '1', 'TEXTDOMAIN': 'im-config', 'LC_NAME': 'zh_CN.UTF-8', 'XDG_MENU_PREFIX': 'gnome-', 'LC_TIME': 'zh_CN.UTF-8', 'GNOME_TERMINAL_SCREEN': '/org/gnome/Terminal/screen/88956292_3da0_4c86_9ab2_96b4b006e940'}]
[roslaunch][INFO] 2024-10-22 21:36:35,936: process[map2odom-3]: args[[u'/opt/ros/melodic/lib/tf/static_transform_publisher', '0', '0', '0', '0', '0', '0', '1', '/map', '/odom', '100', u'__name:=map2odom']]
[roslaunch][INFO] 2024-10-22 21:36:35,937: ... created process [map2odom-3]
[roslaunch.pmon][INFO] 2024-10-22 21:36:35,937: ProcessMonitor.register[map2odom-3]
[roslaunch.pmon][INFO] 2024-10-22 21:36:35,938: ProcessMonitor.register[map2odom-3] complete
[roslaunch][INFO] 2024-10-22 21:36:35,938: ... registered process [map2odom-3]
[roslaunch][INFO] 2024-10-22 21:36:35,938: process[map2odom-3]: starting os process
[roslaunch][INFO] 2024-10-22 21:36:35,940: process[map2odom-3]: start w/ args [[u'/opt/ros/melodic/lib/tf/static_transform_publisher', '0', '0', '0', '0', '0', '0', '1', '/map', '/odom', '100', u'__name:=map2odom', u'__log:=/home/unitree/.ros/log/a66165d2-907a-11ef-9749-48b02d15d5f5/map2odom-3.log']]
[roslaunch][INFO] 2024-10-22 21:36:35,941: process[map2odom-3]: cwd will be [/home/unitree/.ros]
[roslaunch][INFO] 2024-10-22 21:36:35,964: process[map2odom-3]: started with pid [8368]
[roslaunch][INFO] 2024-10-22 21:36:35,966: ... successfully launched [map2odom-3]
[roslaunch][INFO] 2024-10-22 21:36:35,966: ... preparing to launch node of type [tf/static_transform_publisher]
[roslaunch][INFO] 2024-10-22 21:36:35,967: create_node_process: package[tf] type[static_transform_publisher] machine[Machine(name[] env_loader[None] address[localhost] ssh_port[22] user[None] assignable[True] timeout[10.0])] master_uri[http://localhost:11311]
[roslaunch][INFO] 2024-10-22 21:36:35,967: process[base2laser-4]: env[{'GOPATH': '/home/unitree/work', 'ROS_DISTRO': 'melodic', 'GNOME_SESSION_XDG_SESSION_PATH': '', 'LC_NUMERIC': 'zh_CN.UTF-8', 'QT4_IM_MODULE': 'xim', 'COLORTERM': 'truecolor', 'XDG_CURRENT_DESKTOP': 'Unity:Unity7:ubuntu', 'XDG_SESSION_TYPE': 'x11', 'ROSLISP_PACKAGE_DIRECTORIES': '/home/unitree/catkin_ws/devel/share/common-lisp', 'QT_IM_MODULE': 'ibus', 'LOGNAME': 'unitree', 'USER': 'unitree', 'PATH': '/opt/ros/melodic/bin:/usr/local/sbin:/usr/local/bin:/usr/sbin:/usr/bin:/sbin:/bin:/usr/games:/usr/local/games:/snap/bin:/usr/local/go/bin:/home/unitree/work/bin', 'LC_PAPER': 'zh_CN.UTF-8', 'HOME': '/home/unitree', 'CMAKE_PREFIX_PATH': '/home/unitree/catkin_ws/devel:/opt/ros/melodic', 'ROS_LOG_FILENAME': '/home/unitree/.ros/log/a66165d2-907a-11ef-9749-48b02d15d5f5/roslaunch-nx-8290.log', 'LANG': 'en_US.UTF-8', 'MANAGERPID': '7055', 'SHELL': '/bin/bash', 'XAUTHORITY': '/run/user/1000/gdm/Xauthority', 'JOURNAL_STREAM': '8:40521', 'SESSION_MANAGER': 'local/nx:@/tmp/.ICE-unix/7361,unix/nx:/tmp/.ICE-unix/7361', 'LC_MEASUREMENT': 'zh_CN.UTF-8', 'CLUTTER_IM_MODULE': 'xim', 'DISPLAY': ':0', 'GTK_CSD': '0', 'GNOME_DESKTOP_SESSION_ID': 'this-is-deprecated', 'QT_ACCESSIBILITY': '1', 'WINDOWPATH': '1', 'DESKTOP_AUTOSTART_ID': '104811ef8472e1bdc9172960414169535700000073610002', 'XMODIFIERS': '@im=ibus', 'ROS_ETC_DIR': '/opt/ros/melodic/etc/ros', 'GPG_AGENT_INFO': '/run/user/1000/gnupg/S.gpg-agent:0:1', 'ROS_PYTHON_VERSION': '2', 'INVOCATION_ID': '9c258959db1d4e2497cf4803f0b0eadd', 'USERNAME': 'unitree', 'XDG_SESSION_DESKTOP': 'unity', 'XDG_RUNTIME_DIR': '/run/user/1000', 'SUDO_ASKPASS': '/home/unitree/RobotSLAMSystem/slam_planner/PASSWD', 'LC_IDENTIFICATION': 'zh_CN.UTF-8', 'LC_ADDRESS': 'zh_CN.UTF-8', 'PYTHONPATH': '/home/unitree/catkin_ws/devel/lib/python2.7/dist-packages:/opt/ros/melodic/lib/python2.7/dist-packages', 'SSH_AUTH_SOCK': '/run/user/1000/keyring/ssh', 'TERM': 'xterm-256color', 'ROS_ROOT': '/opt/ros/melodic/share/ros', 'GDMSESSION': 'unity', 'IM_CONFIG_PHASE': '2', 'TEXTDOMAINDIR': '/usr/share/locale/', 'DESKTOP_SESSION': 'unity', 'XDG_DATA_DIRS': '/usr/share/unity:/usr/local/share/:/usr/share/:/var/lib/snapd/desktop', 'PKG_CONFIG_PATH': '/home/unitree/catkin_ws/devel/lib/pkgconfig:/opt/ros/melodic/lib/pkgconfig', 'ROS_PACKAGE_PATH': '/home/unitree/catkin_ws/src:/opt/ros/melodic/share', 'DBUS_SESSION_BUS_ADDRESS': 'unix:path=/run/user/1000/bus', '_': '/opt/ros/melodic/bin/roslaunch', 'GTK_MODULES': 'gail:atk-bridge:unity-gtk-module', 'LD_PRELOAD': 'libgtk3-nocsd.so.0', 'GTK_IM_MODULE': 'ibus', 'LD_LIBRARY_PATH': '/home/unitree/catkin_ws/devel/lib:/opt/ros/melodic/lib', 'XDG_CONFIG_DIRS': '/etc/xdg/xdg-unity:/etc/xdg', 'GNOME_TERMINAL_SERVICE': ':1.86', 'VTE_VERSION': '5202', 'LC_TELEPHONE': 'zh_CN.UTF-8', 'LC_MONETARY': 'zh_CN.UTF-8', 'SHLVL': '2', 'PWD': '/home/unitree', 'ROS_MASTER_URI': 'http://localhost:11311', 'SSH_AGENT_LAUNCHER': 'gnome-keyring', 'ROS_VERSION': '1', 'TEXTDOMAIN': 'im-config', 'LC_NAME': 'zh_CN.UTF-8', 'XDG_MENU_PREFIX': 'gnome-', 'LC_TIME': 'zh_CN.UTF-8', 'GNOME_TERMINAL_SCREEN': '/org/gnome/Terminal/screen/88956292_3da0_4c86_9ab2_96b4b006e940'}]
[roslaunch][INFO] 2024-10-22 21:36:35,972: process[base2laser-4]: args[[u'/opt/ros/melodic/lib/tf/static_transform_publisher', '0', '0', '0', '0', '0', '0', '1', '/base_link', '/laser', '100', u'__name:=base2laser']]
[roslaunch][INFO] 2024-10-22 21:36:35,972: ... created process [base2laser-4]
[roslaunch.pmon][INFO] 2024-10-22 21:36:35,973: ProcessMonitor.register[base2laser-4]
[roslaunch.pmon][INFO] 2024-10-22 21:36:35,974: ProcessMonitor.register[base2laser-4] complete
[roslaunch][INFO] 2024-10-22 21:36:35,976: ... registered process [base2laser-4]
[roslaunch][INFO] 2024-10-22 21:36:35,976: process[base2laser-4]: starting os process
[roslaunch][INFO] 2024-10-22 21:36:35,978: process[base2laser-4]: start w/ args [[u'/opt/ros/melodic/lib/tf/static_transform_publisher', '0', '0', '0', '0', '0', '0', '1', '/base_link', '/laser', '100', u'__name:=base2laser', u'__log:=/home/unitree/.ros/log/a66165d2-907a-11ef-9749-48b02d15d5f5/base2laser-4.log']]
[roslaunch][INFO] 2024-10-22 21:36:35,979: process[base2laser-4]: cwd will be [/home/unitree/.ros]
[roslaunch][INFO] 2024-10-22 21:36:35,996: process[base2laser-4]: started with pid [8369]
[roslaunch][INFO] 2024-10-22 21:36:35,997: ... successfully launched [base2laser-4]
[roslaunch][INFO] 2024-10-22 21:36:35,998: ... preparing to launch node of type [tf/static_transform_publisher]
[roslaunch][INFO] 2024-10-22 21:36:35,998: create_node_process: package[tf] type[static_transform_publisher] machine[Machine(name[] env_loader[None] address[localhost] ssh_port[22] user[None] assignable[True] timeout[10.0])] master_uri[http://localhost:11311]
[roslaunch][INFO] 2024-10-22 21:36:35,999: process[laser2foot-5]: env[{'GOPATH': '/home/unitree/work', 'ROS_DISTRO': 'melodic', 'GNOME_SESSION_XDG_SESSION_PATH': '', 'LC_NUMERIC': 'zh_CN.UTF-8', 'QT4_IM_MODULE': 'xim', 'COLORTERM': 'truecolor', 'XDG_CURRENT_DESKTOP': 'Unity:Unity7:ubuntu', 'XDG_SESSION_TYPE': 'x11', 'ROSLISP_PACKAGE_DIRECTORIES': '/home/unitree/catkin_ws/devel/share/common-lisp', 'QT_IM_MODULE': 'ibus', 'LOGNAME': 'unitree', 'USER': 'unitree', 'PATH': '/opt/ros/melodic/bin:/usr/local/sbin:/usr/local/bin:/usr/sbin:/usr/bin:/sbin:/bin:/usr/games:/usr/local/games:/snap/bin:/usr/local/go/bin:/home/unitree/work/bin', 'LC_PAPER': 'zh_CN.UTF-8', 'HOME': '/home/unitree', 'CMAKE_PREFIX_PATH': '/home/unitree/catkin_ws/devel:/opt/ros/melodic', 'ROS_LOG_FILENAME': '/home/unitree/.ros/log/a66165d2-907a-11ef-9749-48b02d15d5f5/roslaunch-nx-8290.log', 'LANG': 'en_US.UTF-8', 'MANAGERPID': '7055', 'SHELL': '/bin/bash', 'XAUTHORITY': '/run/user/1000/gdm/Xauthority', 'JOURNAL_STREAM': '8:40521', 'SESSION_MANAGER': 'local/nx:@/tmp/.ICE-unix/7361,unix/nx:/tmp/.ICE-unix/7361', 'LC_MEASUREMENT': 'zh_CN.UTF-8', 'CLUTTER_IM_MODULE': 'xim', 'DISPLAY': ':0', 'GTK_CSD': '0', 'GNOME_DESKTOP_SESSION_ID': 'this-is-deprecated', 'QT_ACCESSIBILITY': '1', 'WINDOWPATH': '1', 'DESKTOP_AUTOSTART_ID': '104811ef8472e1bdc9172960414169535700000073610002', 'XMODIFIERS': '@im=ibus', 'ROS_ETC_DIR': '/opt/ros/melodic/etc/ros', 'GPG_AGENT_INFO': '/run/user/1000/gnupg/S.gpg-agent:0:1', 'ROS_PYTHON_VERSION': '2', 'INVOCATION_ID': '9c258959db1d4e2497cf4803f0b0eadd', 'USERNAME': 'unitree', 'XDG_SESSION_DESKTOP': 'unity', 'XDG_RUNTIME_DIR': '/run/user/1000', 'SUDO_ASKPASS': '/home/unitree/RobotSLAMSystem/slam_planner/PASSWD', 'LC_IDENTIFICATION': 'zh_CN.UTF-8', 'LC_ADDRESS': 'zh_CN.UTF-8', 'PYTHONPATH': '/home/unitree/catkin_ws/devel/lib/python2.7/dist-packages:/opt/ros/melodic/lib/python2.7/dist-packages', 'SSH_AUTH_SOCK': '/run/user/1000/keyring/ssh', 'TERM': 'xterm-256color', 'ROS_ROOT': '/opt/ros/melodic/share/ros', 'GDMSESSION': 'unity', 'IM_CONFIG_PHASE': '2', 'TEXTDOMAINDIR': '/usr/share/locale/', 'DESKTOP_SESSION': 'unity', 'XDG_DATA_DIRS': '/usr/share/unity:/usr/local/share/:/usr/share/:/var/lib/snapd/desktop', 'PKG_CONFIG_PATH': '/home/unitree/catkin_ws/devel/lib/pkgconfig:/opt/ros/melodic/lib/pkgconfig', 'ROS_PACKAGE_PATH': '/home/unitree/catkin_ws/src:/opt/ros/melodic/share', 'DBUS_SESSION_BUS_ADDRESS': 'unix:path=/run/user/1000/bus', '_': '/opt/ros/melodic/bin/roslaunch', 'GTK_MODULES': 'gail:atk-bridge:unity-gtk-module', 'LD_PRELOAD': 'libgtk3-nocsd.so.0', 'GTK_IM_MODULE': 'ibus', 'LD_LIBRARY_PATH': '/home/unitree/catkin_ws/devel/lib:/opt/ros/melodic/lib', 'XDG_CONFIG_DIRS': '/etc/xdg/xdg-unity:/etc/xdg', 'GNOME_TERMINAL_SERVICE': ':1.86', 'VTE_VERSION': '5202', 'LC_TELEPHONE': 'zh_CN.UTF-8', 'LC_MONETARY': 'zh_CN.UTF-8', 'SHLVL': '2', 'PWD': '/home/unitree', 'ROS_MASTER_URI': 'http://localhost:11311', 'SSH_AGENT_LAUNCHER': 'gnome-keyring', 'ROS_VERSION': '1', 'TEXTDOMAIN': 'im-config', 'LC_NAME': 'zh_CN.UTF-8', 'XDG_MENU_PREFIX': 'gnome-', 'LC_TIME': 'zh_CN.UTF-8', 'GNOME_TERMINAL_SCREEN': '/org/gnome/Terminal/screen/88956292_3da0_4c86_9ab2_96b4b006e940'}]
[roslaunch][INFO] 2024-10-22 21:36:36,005: process[laser2foot-5]: args[[u'/opt/ros/melodic/lib/tf/static_transform_publisher', '0', '0', '0', '0', '0', '0', '1', '/laser', '/base_footprint', '100', u'__name:=laser2foot']]
[roslaunch][INFO] 2024-10-22 21:36:36,006: ... created process [laser2foot-5]
[roslaunch.pmon][INFO] 2024-10-22 21:36:36,006: ProcessMonitor.register[laser2foot-5]
[roslaunch.pmon][INFO] 2024-10-22 21:36:36,007: ProcessMonitor.register[laser2foot-5] complete
[roslaunch][INFO] 2024-10-22 21:36:36,007: ... registered process [laser2foot-5]
[roslaunch][INFO] 2024-10-22 21:36:36,008: process[laser2foot-5]: starting os process
[roslaunch][INFO] 2024-10-22 21:36:36,008: process[laser2foot-5]: start w/ args [[u'/opt/ros/melodic/lib/tf/static_transform_publisher', '0', '0', '0', '0', '0', '0', '1', '/laser', '/base_footprint', '100', u'__name:=laser2foot', u'__log:=/home/unitree/.ros/log/a66165d2-907a-11ef-9749-48b02d15d5f5/laser2foot-5.log']]
[roslaunch][INFO] 2024-10-22 21:36:36,009: process[laser2foot-5]: cwd will be [/home/unitree/.ros]
[roslaunch][INFO] 2024-10-22 21:36:36,023: process[laser2foot-5]: started with pid [8372]
[roslaunch][INFO] 2024-10-22 21:36:36,024: ... successfully launched [laser2foot-5]
[roslaunch][INFO] 2024-10-22 21:36:36,030: ... preparing to launch node of type [slam_planner/slam_planner_node]
[roslaunch][INFO] 2024-10-22 21:36:36,035: create_node_process: package[slam_planner] type[slam_planner_node] machine[Machine(name[] env_loader[None] address[localhost] ssh_port[22] user[None] assignable[True] timeout[10.0])] master_uri[http://localhost:11311]
[roslaunch][INFO] 2024-10-22 21:36:36,039: process[slam_planner_node-6]: env[{'GOPATH': '/home/unitree/work', 'ROS_DISTRO': 'melodic', 'GNOME_SESSION_XDG_SESSION_PATH': '', 'LC_NUMERIC': 'zh_CN.UTF-8', 'QT4_IM_MODULE': 'xim', 'COLORTERM': 'truecolor', 'XDG_CURRENT_DESKTOP': 'Unity:Unity7:ubuntu', 'XDG_SESSION_TYPE': 'x11', 'ROSLISP_PACKAGE_DIRECTORIES': '/home/unitree/catkin_ws/devel/share/common-lisp', 'QT_IM_MODULE': 'ibus', 'LOGNAME': 'unitree', 'USER': 'unitree', 'PATH': '/opt/ros/melodic/bin:/usr/local/sbin:/usr/local/bin:/usr/sbin:/usr/bin:/sbin:/bin:/usr/games:/usr/local/games:/snap/bin:/usr/local/go/bin:/home/unitree/work/bin', 'LC_PAPER': 'zh_CN.UTF-8', 'HOME': '/home/unitree', 'CMAKE_PREFIX_PATH': '/home/unitree/catkin_ws/devel:/opt/ros/melodic', 'ROS_LOG_FILENAME': '/home/unitree/.ros/log/a66165d2-907a-11ef-9749-48b02d15d5f5/roslaunch-nx-8290.log', 'LANG': 'en_US.UTF-8', 'MANAGERPID': '7055', 'SHELL': '/bin/bash', 'XAUTHORITY': '/run/user/1000/gdm/Xauthority', 'JOURNAL_STREAM': '8:40521', 'SESSION_MANAGER': 'local/nx:@/tmp/.ICE-unix/7361,unix/nx:/tmp/.ICE-unix/7361', 'LC_MEASUREMENT': 'zh_CN.UTF-8', 'CLUTTER_IM_MODULE': 'xim', 'DISPLAY': ':0', 'GTK_CSD': '0', 'GNOME_DESKTOP_SESSION_ID': 'this-is-deprecated', 'QT_ACCESSIBILITY': '1', 'WINDOWPATH': '1', 'DESKTOP_AUTOSTART_ID': '104811ef8472e1bdc9172960414169535700000073610002', 'XMODIFIERS': '@im=ibus', 'ROS_ETC_DIR': '/opt/ros/melodic/etc/ros', 'GPG_AGENT_INFO': '/run/user/1000/gnupg/S.gpg-agent:0:1', 'ROS_PYTHON_VERSION': '2', 'INVOCATION_ID': '9c258959db1d4e2497cf4803f0b0eadd', 'USERNAME': 'unitree', 'XDG_SESSION_DESKTOP': 'unity', 'XDG_RUNTIME_DIR': '/run/user/1000', 'SUDO_ASKPASS': '/home/unitree/RobotSLAMSystem/slam_planner/PASSWD', 'LC_IDENTIFICATION': 'zh_CN.UTF-8', 'LC_ADDRESS': 'zh_CN.UTF-8', 'PYTHONPATH': '/home/unitree/catkin_ws/devel/lib/python2.7/dist-packages:/opt/ros/melodic/lib/python2.7/dist-packages', 'SSH_AUTH_SOCK': '/run/user/1000/keyring/ssh', 'TERM': 'xterm-256color', 'ROS_ROOT': '/opt/ros/melodic/share/ros', 'GDMSESSION': 'unity', 'IM_CONFIG_PHASE': '2', 'TEXTDOMAINDIR': '/usr/share/locale/', 'DESKTOP_SESSION': 'unity', 'XDG_DATA_DIRS': '/usr/share/unity:/usr/local/share/:/usr/share/:/var/lib/snapd/desktop', 'PKG_CONFIG_PATH': '/home/unitree/catkin_ws/devel/lib/pkgconfig:/opt/ros/melodic/lib/pkgconfig', 'ROS_PACKAGE_PATH': '/home/unitree/catkin_ws/src:/opt/ros/melodic/share', 'DBUS_SESSION_BUS_ADDRESS': 'unix:path=/run/user/1000/bus', '_': '/opt/ros/melodic/bin/roslaunch', 'GTK_MODULES': 'gail:atk-bridge:unity-gtk-module', 'LD_PRELOAD': 'libgtk3-nocsd.so.0', 'GTK_IM_MODULE': 'ibus', 'LD_LIBRARY_PATH': '/home/unitree/catkin_ws/devel/lib:/opt/ros/melodic/lib', 'XDG_CONFIG_DIRS': '/etc/xdg/xdg-unity:/etc/xdg', 'GNOME_TERMINAL_SERVICE': ':1.86', 'VTE_VERSION': '5202', 'LC_TELEPHONE': 'zh_CN.UTF-8', 'LC_MONETARY': 'zh_CN.UTF-8', 'SHLVL': '2', 'PWD': '/home/unitree', 'ROS_MASTER_URI': 'http://localhost:11311', 'SSH_AGENT_LAUNCHER': 'gnome-keyring', 'ROS_VERSION': '1', 'TEXTDOMAIN': 'im-config', 'LC_NAME': 'zh_CN.UTF-8', 'XDG_MENU_PREFIX': 'gnome-', 'LC_TIME': 'zh_CN.UTF-8', 'GNOME_TERMINAL_SCREEN': '/org/gnome/Terminal/screen/88956292_3da0_4c86_9ab2_96b4b006e940'}]
[roslaunch][INFO] 2024-10-22 21:36:36,044: process[slam_planner_node-6]: args[[u'/home/unitree/catkin_ws/devel/lib/slam_planner/slam_planner_node', u'__name:=slam_planner_node']]
[roslaunch][INFO] 2024-10-22 21:36:36,045: ... created process [slam_planner_node-6]
[roslaunch.pmon][INFO] 2024-10-22 21:36:36,045: ProcessMonitor.register[slam_planner_node-6]
[roslaunch.pmon][INFO] 2024-10-22 21:36:36,046: ProcessMonitor.register[slam_planner_node-6] complete
[roslaunch][INFO] 2024-10-22 21:36:36,046: ... registered process [slam_planner_node-6]
[roslaunch][INFO] 2024-10-22 21:36:36,047: process[slam_planner_node-6]: starting os process
[roslaunch][INFO] 2024-10-22 21:36:36,047: process[slam_planner_node-6]: start w/ args [[u'/home/unitree/catkin_ws/devel/lib/slam_planner/slam_planner_node', u'__name:=slam_planner_node', u'__log:=/home/unitree/.ros/log/a66165d2-907a-11ef-9749-48b02d15d5f5/slam_planner_node-6.log']]
[roslaunch][INFO] 2024-10-22 21:36:36,048: process[slam_planner_node-6]: cwd will be [/home/unitree/.ros]
[roslaunch][INFO] 2024-10-22 21:36:36,076: process[slam_planner_node-6]: started with pid [8388]
[roslaunch][INFO] 2024-10-22 21:36:36,078: ... successfully launched [slam_planner_node-6]
[roslaunch][INFO] 2024-10-22 21:36:36,079: ... preparing to launch node of type [slam_planner/base_controller_node]
[roslaunch][INFO] 2024-10-22 21:36:36,079: create_node_process: package[slam_planner] type[base_controller_node] machine[Machine(name[] env_loader[None] address[localhost] ssh_port[22] user[None] assignable[True] timeout[10.0])] master_uri[http://localhost:11311]
[roslaunch][INFO] 2024-10-22 21:36:36,080: process[base_controller_node-7]: env[{'GOPATH': '/home/unitree/work', 'ROS_DISTRO': 'melodic', 'GNOME_SESSION_XDG_SESSION_PATH': '', 'LC_NUMERIC': 'zh_CN.UTF-8', 'QT4_IM_MODULE': 'xim', 'COLORTERM': 'truecolor', 'XDG_CURRENT_DESKTOP': 'Unity:Unity7:ubuntu', 'XDG_SESSION_TYPE': 'x11', 'ROSLISP_PACKAGE_DIRECTORIES': '/home/unitree/catkin_ws/devel/share/common-lisp', 'QT_IM_MODULE': 'ibus', 'LOGNAME': 'unitree', 'USER': 'unitree', 'PATH': '/opt/ros/melodic/bin:/usr/local/sbin:/usr/local/bin:/usr/sbin:/usr/bin:/sbin:/bin:/usr/games:/usr/local/games:/snap/bin:/usr/local/go/bin:/home/unitree/work/bin', 'LC_PAPER': 'zh_CN.UTF-8', 'HOME': '/home/unitree', 'CMAKE_PREFIX_PATH': '/home/unitree/catkin_ws/devel:/opt/ros/melodic', 'ROS_LOG_FILENAME': '/home/unitree/.ros/log/a66165d2-907a-11ef-9749-48b02d15d5f5/roslaunch-nx-8290.log', 'LANG': 'en_US.UTF-8', 'MANAGERPID': '7055', 'SHELL': '/bin/bash', 'XAUTHORITY': '/run/user/1000/gdm/Xauthority', 'JOURNAL_STREAM': '8:40521', 'SESSION_MANAGER': 'local/nx:@/tmp/.ICE-unix/7361,unix/nx:/tmp/.ICE-unix/7361', 'LC_MEASUREMENT': 'zh_CN.UTF-8', 'CLUTTER_IM_MODULE': 'xim', 'DISPLAY': ':0', 'GTK_CSD': '0', 'GNOME_DESKTOP_SESSION_ID': 'this-is-deprecated', 'QT_ACCESSIBILITY': '1', 'WINDOWPATH': '1', 'DESKTOP_AUTOSTART_ID': '104811ef8472e1bdc9172960414169535700000073610002', 'XMODIFIERS': '@im=ibus', 'ROS_ETC_DIR': '/opt/ros/melodic/etc/ros', 'GPG_AGENT_INFO': '/run/user/1000/gnupg/S.gpg-agent:0:1', 'ROS_PYTHON_VERSION': '2', 'INVOCATION_ID': '9c258959db1d4e2497cf4803f0b0eadd', 'USERNAME': 'unitree', 'XDG_SESSION_DESKTOP': 'unity', 'XDG_RUNTIME_DIR': '/run/user/1000', 'SUDO_ASKPASS': '/home/unitree/RobotSLAMSystem/slam_planner/PASSWD', 'LC_IDENTIFICATION': 'zh_CN.UTF-8', 'LC_ADDRESS': 'zh_CN.UTF-8', 'PYTHONPATH': '/home/unitree/catkin_ws/devel/lib/python2.7/dist-packages:/opt/ros/melodic/lib/python2.7/dist-packages', 'SSH_AUTH_SOCK': '/run/user/1000/keyring/ssh', 'TERM': 'xterm-256color', 'ROS_ROOT': '/opt/ros/melodic/share/ros', 'GDMSESSION': 'unity', 'IM_CONFIG_PHASE': '2', 'TEXTDOMAINDIR': '/usr/share/locale/', 'DESKTOP_SESSION': 'unity', 'XDG_DATA_DIRS': '/usr/share/unity:/usr/local/share/:/usr/share/:/var/lib/snapd/desktop', 'PKG_CONFIG_PATH': '/home/unitree/catkin_ws/devel/lib/pkgconfig:/opt/ros/melodic/lib/pkgconfig', 'ROS_PACKAGE_PATH': '/home/unitree/catkin_ws/src:/opt/ros/melodic/share', 'DBUS_SESSION_BUS_ADDRESS': 'unix:path=/run/user/1000/bus', '_': '/opt/ros/melodic/bin/roslaunch', 'GTK_MODULES': 'gail:atk-bridge:unity-gtk-module', 'LD_PRELOAD': 'libgtk3-nocsd.so.0', 'GTK_IM_MODULE': 'ibus', 'LD_LIBRARY_PATH': '/home/unitree/catkin_ws/devel/lib:/opt/ros/melodic/lib', 'XDG_CONFIG_DIRS': '/etc/xdg/xdg-unity:/etc/xdg', 'GNOME_TERMINAL_SERVICE': ':1.86', 'VTE_VERSION': '5202', 'LC_TELEPHONE': 'zh_CN.UTF-8', 'LC_MONETARY': 'zh_CN.UTF-8', 'SHLVL': '2', 'PWD': '/home/unitree', 'ROS_MASTER_URI': 'http://localhost:11311', 'SSH_AGENT_LAUNCHER': 'gnome-keyring', 'ROS_VERSION': '1', 'TEXTDOMAIN': 'im-config', 'LC_NAME': 'zh_CN.UTF-8', 'XDG_MENU_PREFIX': 'gnome-', 'LC_TIME': 'zh_CN.UTF-8', 'GNOME_TERMINAL_SCREEN': '/org/gnome/Terminal/screen/88956292_3da0_4c86_9ab2_96b4b006e940'}]
[roslaunch][INFO] 2024-10-22 21:36:36,089: process[base_controller_node-7]: args[[u'/home/unitree/catkin_ws/devel/lib/slam_planner/base_controller_node', u'__name:=base_controller_node']]
[roslaunch][INFO] 2024-10-22 21:36:36,089: ... created process [base_controller_node-7]
[roslaunch.pmon][INFO] 2024-10-22 21:36:36,090: ProcessMonitor.register[base_controller_node-7]
[roslaunch.pmon][INFO] 2024-10-22 21:36:36,091: ProcessMonitor.register[base_controller_node-7] complete
[roslaunch][INFO] 2024-10-22 21:36:36,091: ... registered process [base_controller_node-7]
[roslaunch][INFO] 2024-10-22 21:36:36,092: process[base_controller_node-7]: starting os process
[roslaunch][INFO] 2024-10-22 21:36:36,094: process[base_controller_node-7]: start w/ args [[u'/home/unitree/catkin_ws/devel/lib/slam_planner/base_controller_node', u'__name:=base_controller_node', u'__log:=/home/unitree/.ros/log/a66165d2-907a-11ef-9749-48b02d15d5f5/base_controller_node-7.log']]
[roslaunch][INFO] 2024-10-22 21:36:36,095: process[base_controller_node-7]: cwd will be [/home/unitree/.ros]
[roslaunch][INFO] 2024-10-22 21:36:36,133: process[base_controller_node-7]: started with pid [8398]
[roslaunch][INFO] 2024-10-22 21:36:36,138: ... successfully launched [base_controller_node-7]
[roslaunch][INFO] 2024-10-22 21:36:36,139: ... launch_nodes complete
[roslaunch.pmon][INFO] 2024-10-22 21:36:36,139: registrations completed <ProcessMonitor(ProcessMonitor-1, started daemon 547833881072)>
[roslaunch.parent][INFO] 2024-10-22 21:36:36,140: ... roslaunch parent running, waiting for process exit
[roslaunch][INFO] 2024-10-22 21:36:36,140: spin
