[roslaunch][INFO] 2024-10-18 23:08:09,399: Checking log directory for disk usage. This may take a while.
Press Ctrl-C to interrupt
[roslaunch][INFO] 2024-10-18 23:08:09,449: Done checking log file disk usage. Usage is <1GB.
[roslaunch][INFO] 2024-10-18 23:08:09,450: roslaunch starting with args ['/opt/ros/melodic/bin/roslaunch', 'slam_planner', 'slam_planner_online.launch']
[roslaunch][INFO] 2024-10-18 23:08:09,451: roslaunch env is {'GOPATH': '/home/unitree/work', 'ROS_DISTRO': 'melodic', 'LC_NUMERIC': 'zh_CN.UTF-8', 'QT4_IM_MODULE': 'xim', 'WINDOWPATH': '1', 'XDG_CURRENT_DESKTOP': 'Unity:Unity7:ubuntu', 'XDG_SESSION_TYPE': 'x11', 'ROSLISP_PACKAGE_DIRECTORIES': '/home/unitree/catkin_ws/devel/share/common-lisp', 'QT_IM_MODULE': 'ibus', 'LOGNAME': 'unitree', 'USER': 'unitree', 'PATH': '/opt/ros/melodic/bin:/usr/local/sbin:/usr/local/bin:/usr/sbin:/usr/bin:/sbin:/bin:/usr/games:/usr/local/games:/snap/bin:/usr/local/go/bin:/home/unitree/work/bin', 'LC_PAPER': 'zh_CN.UTF-8', 'HOME': '/home/unitree', 'CMAKE_PREFIX_PATH': '/home/unitree/catkin_ws/devel:/opt/ros/melodic', 'DISPLAY': ':0', 'XDG_RUNTIME_DIR': '/run/user/1000', 'LANG': 'en_US.UTF-8', 'MANAGERPID': '6991', 'SHELL': '/bin/bash', 'ROS_LOG_FILENAME': '/home/unitree/.ros/log/c91a306a-8d62-11ef-ae1f-48b02d15d5f5/roslaunch-nx-8151.log', 'XAUTHORITY': '/run/user/1000/gdm/Xauthority', 'JOURNAL_STREAM': '8:39589', 'SESSION_MANAGER': 'local/nx:@/tmp/.ICE-unix/7275,unix/nx:/tmp/.ICE-unix/7275', 'LC_MEASUREMENT': 'zh_CN.UTF-8', 'QT_ACCESSIBILITY': '1', 'LD_LIBRARY_PATH': '/home/unitree/catkin_ws/devel/lib:/opt/ros/melodic/lib', 'GTK_CSD': '0', 'GNOME_DESKTOP_SESSION_ID': 'this-is-deprecated', 'CLUTTER_IM_MODULE': 'xim', 'TEXTDOMAIN': 'im-config', 'DESKTOP_AUTOSTART_ID': '109eaa6dcfa34397e2172926403773941100000072750002', 'XMODIFIERS': '@im=ibus', 'ROS_MASTER_URI': 'http://localhost:11311', 'GPG_AGENT_INFO': '/run/user/1000/gnupg/S.gpg-agent:0:1', 'ROS_PYTHON_VERSION': '2', 'INVOCATION_ID': '42eb84b593e04ad68feeb536eba8f55b', 'USERNAME': 'unitree', 'XDG_SESSION_DESKTOP': 'unity', 'SHLVL': '2', 'ROS_VERSION': '1', 'SUDO_ASKPASS': '/home/unitree/RobotSLAMSystem/slam_planner/PASSWD', 'GTK_IM_MODULE': 'ibus', 'LC_ADDRESS': 'zh_CN.UTF-8', 'PYTHONPATH': '/home/unitree/catkin_ws/devel/lib/python2.7/dist-packages:/opt/ros/melodic/lib/python2.7/dist-packages', 'SSH_AUTH_SOCK': '/run/user/1000/keyring/ssh', 'TERM': 'xterm-256color', 'ROS_ROOT': '/opt/ros/melodic/share/ros', 'GDMSESSION': 'unity', 'IM_CONFIG_PHASE': '2', 'LC_TIME': 'zh_CN.UTF-8', 'TEXTDOMAINDIR': '/usr/share/locale/', 'XDG_DATA_DIRS': '/usr/share/unity:/usr/local/share/:/usr/share/:/var/lib/snapd/desktop', 'PKG_CONFIG_PATH': '/home/unitree/catkin_ws/devel/lib/pkgconfig:/opt/ros/melodic/lib/pkgconfig', 'ROS_PACKAGE_PATH': '/home/unitree/catkin_ws/src:/opt/ros/melodic/share', 'DBUS_SESSION_BUS_ADDRESS': 'unix:path=/run/user/1000/bus', '_': '/opt/ros/melodic/bin/roslaunch', 'GNOME_TERMINAL_SERVICE': ':1.93', 'LD_PRELOAD': 'libgtk3-nocsd.so.0', 'LC_IDENTIFICATION': 'zh_CN.UTF-8', 'DESKTOP_SESSION': 'unity', 'XDG_CONFIG_DIRS': '/etc/xdg/xdg-unity:/etc/xdg', 'GTK_MODULES': 'gail:atk-bridge:unity-gtk-module', 'VTE_VERSION': '5202', 'LC_TELEPHONE': 'zh_CN.UTF-8', 'LC_MONETARY': 'zh_CN.UTF-8', 'PWD': '/home/unitree', 'ROS_ETC_DIR': '/opt/ros/melodic/etc/ros', 'SSH_AGENT_LAUNCHER': 'gnome-keyring', 'COLORTERM': 'truecolor', 'LC_NAME': 'zh_CN.UTF-8', 'XDG_MENU_PREFIX': 'gnome-', 'GNOME_SESSION_XDG_SESSION_PATH': '', 'GNOME_TERMINAL_SCREEN': '/org/gnome/Terminal/screen/e7d7221a_6e65_4fc0_a183_76ce266baf24'}
[roslaunch][INFO] 2024-10-18 23:08:09,451: starting in server mode
[roslaunch.parent][INFO] 2024-10-18 23:08:09,453: starting roslaunch parent run
[roslaunch][INFO] 2024-10-18 23:08:09,454: loading roscore config file /opt/ros/melodic/etc/ros/roscore.xml
[roslaunch][INFO] 2024-10-18 23:08:11,720: Added core node of type [rosout/rosout] in namespace [/]
[roslaunch.config][INFO] 2024-10-18 23:08:11,722: loading config file /home/unitree/catkin_ws/src/slamrplidar/slamplanner/launch/slam_planner_online.launch
[roslaunch][INFO] 2024-10-18 23:08:11,836: Added node of type [slamware_ros_sdk/slamware_ros_sdk_server_node] in namespace [/]
[roslaunch][INFO] 2024-10-18 23:08:11,837: Added node of type [tf/static_transform_publisher] in namespace [/]
[roslaunch][INFO] 2024-10-18 23:08:11,838: Added node of type [tf/static_transform_publisher] in namespace [/]
[roslaunch][INFO] 2024-10-18 23:08:11,840: Added node of type [tf/static_transform_publisher] in namespace [/]
[roslaunch][INFO] 2024-10-18 23:08:11,927: Added node of type [slam_planner/slam_planner_node] in namespace [/]
[roslaunch][INFO] 2024-10-18 23:08:11,928: Added node of type [slam_planner/base_controller_node] in namespace [/]
[roslaunch][INFO] 2024-10-18 23:08:11,928: ... selected machine [] for node of type [slamware_ros_sdk/slamware_ros_sdk_server_node]
[roslaunch][INFO] 2024-10-18 23:08:11,929: ... selected machine [] for node of type [tf/static_transform_publisher]
[roslaunch][INFO] 2024-10-18 23:08:11,929: ... selected machine [] for node of type [tf/static_transform_publisher]
[roslaunch][INFO] 2024-10-18 23:08:11,929: ... selected machine [] for node of type [tf/static_transform_publisher]
[roslaunch][INFO] 2024-10-18 23:08:11,930: ... selected machine [] for node of type [slam_planner/slam_planner_node]
[roslaunch][INFO] 2024-10-18 23:08:11,930: ... selected machine [] for node of type [slam_planner/base_controller_node]
[roslaunch.pmon][INFO] 2024-10-18 23:08:11,936: start_process_monitor: creating ProcessMonitor
[roslaunch.pmon][INFO] 2024-10-18 23:08:11,937: created process monitor <ProcessMonitor(ProcessMonitor-1, initial daemon)>
[roslaunch.pmon][INFO] 2024-10-18 23:08:11,938: start_process_monitor: ProcessMonitor started
[roslaunch.parent][INFO] 2024-10-18 23:08:11,938: starting parent XML-RPC server
[roslaunch.server][INFO] 2024-10-18 23:08:11,938: starting roslaunch XML-RPC server
[roslaunch.server][INFO] 2024-10-18 23:08:11,939: waiting for roslaunch XML-RPC server to initialize
[xmlrpc][INFO] 2024-10-18 23:08:11,939: XML-RPC server binding to 0.0.0.0:0
[xmlrpc][INFO] 2024-10-18 23:08:11,941: Started XML-RPC server [http://nx:35119/]
[xmlrpc][INFO] 2024-10-18 23:08:11,942: xml rpc node: starting XML-RPC server
[roslaunch][INFO] 2024-10-18 23:08:11,965: started roslaunch server http://nx:35119/
[roslaunch.parent][INFO] 2024-10-18 23:08:11,965: ... parent XML-RPC server started
[roslaunch][INFO] 2024-10-18 23:08:11,969: master.is_running[http://localhost:11311]
[roslaunch][INFO] 2024-10-18 23:08:11,971: auto-starting new master
[roslaunch][INFO] 2024-10-18 23:08:11,971: create_master_process: rosmaster, /opt/ros/melodic/share/ros, 11311, 3, None, False
[roslaunch][INFO] 2024-10-18 23:08:11,971: process[master]: launching with args [['rosmaster', '--core', '-p', '11311', '-w', '3']]
[roslaunch.pmon][INFO] 2024-10-18 23:08:11,972: ProcessMonitor.register[master]
[roslaunch.pmon][INFO] 2024-10-18 23:08:11,972: ProcessMonitor.register[master] complete
[roslaunch][INFO] 2024-10-18 23:08:11,973: process[master]: starting os process
[roslaunch][INFO] 2024-10-18 23:08:11,973: process[master]: start w/ args [['rosmaster', '--core', '-p', '11311', '-w', '3', '__log:=/home/unitree/.ros/log/c91a306a-8d62-11ef-ae1f-48b02d15d5f5/master.log']]
[roslaunch][INFO] 2024-10-18 23:08:11,973: process[master]: cwd will be [/home/unitree/.ros]
[roslaunch][INFO] 2024-10-18 23:08:11,994: process[master]: started with pid [8189]
[roslaunch][INFO] 2024-10-18 23:08:11,995: master.is_running[http://localhost:11311]
[roslaunch][INFO] 2024-10-18 23:08:12,098: master.is_running[http://localhost:11311]
[roslaunch][INFO] 2024-10-18 23:08:12,199: master.is_running[http://localhost:11311]
[roslaunch][INFO] 2024-10-18 23:08:12,302: master.is_running[http://localhost:11311]
[roslaunch][INFO] 2024-10-18 23:08:12,405: master.is_running[http://localhost:11311]
[roslaunch][INFO] 2024-10-18 23:08:12,507: master.is_running[http://localhost:11311]
[roslaunch][INFO] 2024-10-18 23:08:12,609: master.is_running[http://localhost:11311]
[roslaunch][INFO] 2024-10-18 23:08:12,711: master.is_running[http://localhost:11311]
[roslaunch][INFO] 2024-10-18 23:08:12,813: master.is_running[http://localhost:11311]
[roslaunch][INFO] 2024-10-18 23:08:12,915: master.is_running[http://localhost:11311]
[roslaunch][INFO] 2024-10-18 23:08:12,921: master.is_running[http://localhost:11311]
[roslaunch][INFO] 2024-10-18 23:08:12,926: ROS_MASTER_URI=http://localhost:11311
[roslaunch][INFO] 2024-10-18 23:08:12,931: setting /run_id to c91a306a-8d62-11ef-ae1f-48b02d15d5f5
[roslaunch][INFO] 2024-10-18 23:08:12,934: setting /roslaunch/uris/host_nx__35119' to http://nx:35119/
[roslaunch][INFO] 2024-10-18 23:08:12,942: ... preparing to launch node of type [rosout/rosout]
[roslaunch][INFO] 2024-10-18 23:08:12,942: create_node_process: package[rosout] type[rosout] machine[Machine(name[] env_loader[None] address[localhost] ssh_port[22] user[None] assignable[True] timeout[10.0])] master_uri[http://localhost:11311]
[roslaunch][INFO] 2024-10-18 23:08:12,943: process[rosout-1]: env[{'GOPATH': '/home/unitree/work', 'ROS_DISTRO': 'melodic', 'GNOME_SESSION_XDG_SESSION_PATH': '', 'LC_NUMERIC': 'zh_CN.UTF-8', 'QT4_IM_MODULE': 'xim', 'COLORTERM': 'truecolor', 'XDG_CURRENT_DESKTOP': 'Unity:Unity7:ubuntu', 'XDG_SESSION_TYPE': 'x11', 'ROSLISP_PACKAGE_DIRECTORIES': '/home/unitree/catkin_ws/devel/share/common-lisp', 'QT_IM_MODULE': 'ibus', 'LOGNAME': 'unitree', 'USER': 'unitree', 'PATH': '/opt/ros/melodic/bin:/usr/local/sbin:/usr/local/bin:/usr/sbin:/usr/bin:/sbin:/bin:/usr/games:/usr/local/games:/snap/bin:/usr/local/go/bin:/home/unitree/work/bin', 'LC_PAPER': 'zh_CN.UTF-8', 'HOME': '/home/unitree', 'CMAKE_PREFIX_PATH': '/home/unitree/catkin_ws/devel:/opt/ros/melodic', 'ROS_LOG_FILENAME': '/home/unitree/.ros/log/c91a306a-8d62-11ef-ae1f-48b02d15d5f5/roslaunch-nx-8151.log', 'LANG': 'en_US.UTF-8', 'MANAGERPID': '6991', 'SHELL': '/bin/bash', 'XAUTHORITY': '/run/user/1000/gdm/Xauthority', 'JOURNAL_STREAM': '8:39589', 'SESSION_MANAGER': 'local/nx:@/tmp/.ICE-unix/7275,unix/nx:/tmp/.ICE-unix/7275', 'LC_MEASUREMENT': 'zh_CN.UTF-8', 'CLUTTER_IM_MODULE': 'xim', 'DISPLAY': ':0', 'GTK_CSD': '0', 'GNOME_DESKTOP_SESSION_ID': 'this-is-deprecated', 'QT_ACCESSIBILITY': '1', 'WINDOWPATH': '1', 'DESKTOP_AUTOSTART_ID': '109eaa6dcfa34397e2172926403773941100000072750002', 'XMODIFIERS': '@im=ibus', 'ROS_ETC_DIR': '/opt/ros/melodic/etc/ros', 'GPG_AGENT_INFO': '/run/user/1000/gnupg/S.gpg-agent:0:1', 'ROS_PYTHON_VERSION': '2', 'INVOCATION_ID': '42eb84b593e04ad68feeb536eba8f55b', 'USERNAME': 'unitree', 'XDG_SESSION_DESKTOP': 'unity', 'XDG_RUNTIME_DIR': '/run/user/1000', 'SUDO_ASKPASS': '/home/unitree/RobotSLAMSystem/slam_planner/PASSWD', 'LC_IDENTIFICATION': 'zh_CN.UTF-8', 'LC_ADDRESS': 'zh_CN.UTF-8', 'PYTHONPATH': '/home/unitree/catkin_ws/devel/lib/python2.7/dist-packages:/opt/ros/melodic/lib/python2.7/dist-packages', 'SSH_AUTH_SOCK': '/run/user/1000/keyring/ssh', 'TERM': 'xterm-256color', 'ROS_ROOT': '/opt/ros/melodic/share/ros', 'GDMSESSION': 'unity', 'IM_CONFIG_PHASE': '2', 'TEXTDOMAINDIR': '/usr/share/locale/', 'DESKTOP_SESSION': 'unity', 'XDG_DATA_DIRS': '/usr/share/unity:/usr/local/share/:/usr/share/:/var/lib/snapd/desktop', 'PKG_CONFIG_PATH': '/home/unitree/catkin_ws/devel/lib/pkgconfig:/opt/ros/melodic/lib/pkgconfig', 'ROS_PACKAGE_PATH': '/home/unitree/catkin_ws/src:/opt/ros/melodic/share', 'DBUS_SESSION_BUS_ADDRESS': 'unix:path=/run/user/1000/bus', '_': '/opt/ros/melodic/bin/roslaunch', 'GTK_MODULES': 'gail:atk-bridge:unity-gtk-module', 'LD_PRELOAD': 'libgtk3-nocsd.so.0', 'GTK_IM_MODULE': 'ibus', 'LD_LIBRARY_PATH': '/home/unitree/catkin_ws/devel/lib:/opt/ros/melodic/lib', 'XDG_CONFIG_DIRS': '/etc/xdg/xdg-unity:/etc/xdg', 'GNOME_TERMINAL_SERVICE': ':1.93', 'VTE_VERSION': '5202', 'LC_TELEPHONE': 'zh_CN.UTF-8', 'LC_MONETARY': 'zh_CN.UTF-8', 'SHLVL': '2', 'PWD': '/home/unitree', 'ROS_MASTER_URI': 'http://localhost:11311', 'SSH_AGENT_LAUNCHER': 'gnome-keyring', 'ROS_VERSION': '1', 'TEXTDOMAIN': 'im-config', 'LC_NAME': 'zh_CN.UTF-8', 'XDG_MENU_PREFIX': 'gnome-', 'LC_TIME': 'zh_CN.UTF-8', 'GNOME_TERMINAL_SCREEN': '/org/gnome/Terminal/screen/e7d7221a_6e65_4fc0_a183_76ce266baf24'}]
[roslaunch][INFO] 2024-10-18 23:08:13,077: process[rosout-1]: args[[u'/opt/ros/melodic/lib/rosout/rosout', u'__name:=rosout']]
[roslaunch][INFO] 2024-10-18 23:08:13,078: ... created process [rosout-1]
[roslaunch.pmon][INFO] 2024-10-18 23:08:13,078: ProcessMonitor.register[rosout-1]
[roslaunch.pmon][INFO] 2024-10-18 23:08:13,079: ProcessMonitor.register[rosout-1] complete
[roslaunch][INFO] 2024-10-18 23:08:13,079: ... registered process [rosout-1]
[roslaunch][INFO] 2024-10-18 23:08:13,079: process[rosout-1]: starting os process
[roslaunch][INFO] 2024-10-18 23:08:13,080: process[rosout-1]: start w/ args [[u'/opt/ros/melodic/lib/rosout/rosout', u'__name:=rosout', u'__log:=/home/unitree/.ros/log/c91a306a-8d62-11ef-ae1f-48b02d15d5f5/rosout-1.log']]
[roslaunch][INFO] 2024-10-18 23:08:13,081: process[rosout-1]: cwd will be [/home/unitree/.ros]
[roslaunch][INFO] 2024-10-18 23:08:13,105: process[rosout-1]: started with pid [8259]
[roslaunch][INFO] 2024-10-18 23:08:13,107: ... successfully launched [rosout-1]
[roslaunch][INFO] 2024-10-18 23:08:13,108: load_parameters starting ...
[roslaunch][INFO] 2024-10-18 23:08:13,223: ... load_parameters complete
[roslaunch][INFO] 2024-10-18 23:08:13,224: launch_nodes: launching local nodes ...
[roslaunch][INFO] 2024-10-18 23:08:13,225: ... preparing to launch node of type [slamware_ros_sdk/slamware_ros_sdk_server_node]
[roslaunch][INFO] 2024-10-18 23:08:13,225: create_node_process: package[slamware_ros_sdk] type[slamware_ros_sdk_server_node] machine[Machine(name[] env_loader[None] address[localhost] ssh_port[22] user[None] assignable[True] timeout[10.0])] master_uri[http://localhost:11311]
[roslaunch][INFO] 2024-10-18 23:08:13,226: process[slamware_ros_sdk_server_node-2]: env[{'GOPATH': '/home/unitree/work', 'ROS_DISTRO': 'melodic', 'GNOME_SESSION_XDG_SESSION_PATH': '', 'LC_NUMERIC': 'zh_CN.UTF-8', 'QT4_IM_MODULE': 'xim', 'COLORTERM': 'truecolor', 'XDG_CURRENT_DESKTOP': 'Unity:Unity7:ubuntu', 'XDG_SESSION_TYPE': 'x11', 'ROSLISP_PACKAGE_DIRECTORIES': '/home/unitree/catkin_ws/devel/share/common-lisp', 'QT_IM_MODULE': 'ibus', 'LOGNAME': 'unitree', 'USER': 'unitree', 'PATH': '/opt/ros/melodic/bin:/usr/local/sbin:/usr/local/bin:/usr/sbin:/usr/bin:/sbin:/bin:/usr/games:/usr/local/games:/snap/bin:/usr/local/go/bin:/home/unitree/work/bin', 'LC_PAPER': 'zh_CN.UTF-8', 'HOME': '/home/unitree', 'CMAKE_PREFIX_PATH': '/home/unitree/catkin_ws/devel:/opt/ros/melodic', 'ROS_LOG_FILENAME': '/home/unitree/.ros/log/c91a306a-8d62-11ef-ae1f-48b02d15d5f5/roslaunch-nx-8151.log', 'LANG': 'en_US.UTF-8', 'MANAGERPID': '6991', 'SHELL': '/bin/bash', 'XAUTHORITY': '/run/user/1000/gdm/Xauthority', 'JOURNAL_STREAM': '8:39589', 'SESSION_MANAGER': 'local/nx:@/tmp/.ICE-unix/7275,unix/nx:/tmp/.ICE-unix/7275', 'LC_MEASUREMENT': 'zh_CN.UTF-8', 'CLUTTER_IM_MODULE': 'xim', 'DISPLAY': ':0', 'GTK_CSD': '0', 'GNOME_DESKTOP_SESSION_ID': 'this-is-deprecated', 'QT_ACCESSIBILITY': '1', 'WINDOWPATH': '1', 'DESKTOP_AUTOSTART_ID': '109eaa6dcfa34397e2172926403773941100000072750002', 'XMODIFIERS': '@im=ibus', 'ROS_ETC_DIR': '/opt/ros/melodic/etc/ros', 'GPG_AGENT_INFO': '/run/user/1000/gnupg/S.gpg-agent:0:1', 'ROS_PYTHON_VERSION': '2', 'INVOCATION_ID': '42eb84b593e04ad68feeb536eba8f55b', 'USERNAME': 'unitree', 'XDG_SESSION_DESKTOP': 'unity', 'XDG_RUNTIME_DIR': '/run/user/1000', 'SUDO_ASKPASS': '/home/unitree/RobotSLAMSystem/slam_planner/PASSWD', 'LC_IDENTIFICATION': 'zh_CN.UTF-8', 'LC_ADDRESS': 'zh_CN.UTF-8', 'PYTHONPATH': '/home/unitree/catkin_ws/devel/lib/python2.7/dist-packages:/opt/ros/melodic/lib/python2.7/dist-packages', 'SSH_AUTH_SOCK': '/run/user/1000/keyring/ssh', 'TERM': 'xterm-256color', 'ROS_ROOT': '/opt/ros/melodic/share/ros', 'GDMSESSION': 'unity', 'IM_CONFIG_PHASE': '2', 'TEXTDOMAINDIR': '/usr/share/locale/', 'DESKTOP_SESSION': 'unity', 'XDG_DATA_DIRS': '/usr/share/unity:/usr/local/share/:/usr/share/:/var/lib/snapd/desktop', 'PKG_CONFIG_PATH': '/home/unitree/catkin_ws/devel/lib/pkgconfig:/opt/ros/melodic/lib/pkgconfig', 'ROS_PACKAGE_PATH': '/home/unitree/catkin_ws/src:/opt/ros/melodic/share', 'DBUS_SESSION_BUS_ADDRESS': 'unix:path=/run/user/1000/bus', '_': '/opt/ros/melodic/bin/roslaunch', 'GTK_MODULES': 'gail:atk-bridge:unity-gtk-module', 'LD_PRELOAD': 'libgtk3-nocsd.so.0', 'GTK_IM_MODULE': 'ibus', 'LD_LIBRARY_PATH': '/home/unitree/catkin_ws/devel/lib:/opt/ros/melodic/lib', 'XDG_CONFIG_DIRS': '/etc/xdg/xdg-unity:/etc/xdg', 'GNOME_TERMINAL_SERVICE': ':1.93', 'VTE_VERSION': '5202', 'LC_TELEPHONE': 'zh_CN.UTF-8', 'LC_MONETARY': 'zh_CN.UTF-8', 'SHLVL': '2', 'PWD': '/home/unitree', 'ROS_MASTER_URI': 'http://localhost:11311', 'SSH_AGENT_LAUNCHER': 'gnome-keyring', 'ROS_VERSION': '1', 'TEXTDOMAIN': 'im-config', 'LC_NAME': 'zh_CN.UTF-8', 'XDG_MENU_PREFIX': 'gnome-', 'LC_TIME': 'zh_CN.UTF-8', 'GNOME_TERMINAL_SCREEN': '/org/gnome/Terminal/screen/e7d7221a_6e65_4fc0_a183_76ce266baf24'}]
[roslaunch][INFO] 2024-10-18 23:08:13,324: process[slamware_ros_sdk_server_node-2]: args[[u'/home/unitree/catkin_ws/devel/lib/slamware_ros_sdk/slamware_ros_sdk_server_node', u'/cmd_vel:=/cmd_vel', u'/move_base_simple/goal:=/move_base_simple/goal', u'/slamware_ros_sdk_server_node/scan:=scan', u'/slamware_ros_sdk_server_node/odom:=odom', u'/slamware_ros_sdk_server_node/map:=map', u'map_metadata:=map_metadata', u'global_plan_path:=global_plan_path', u'__name:=slamware_ros_sdk_server_node']]
[roslaunch][INFO] 2024-10-18 23:08:13,325: ... created process [slamware_ros_sdk_server_node-2]
[roslaunch.pmon][INFO] 2024-10-18 23:08:13,326: ProcessMonitor.register[slamware_ros_sdk_server_node-2]
[roslaunch.pmon][INFO] 2024-10-18 23:08:13,326: ProcessMonitor.register[slamware_ros_sdk_server_node-2] complete
[roslaunch][INFO] 2024-10-18 23:08:13,326: ... registered process [slamware_ros_sdk_server_node-2]
[roslaunch][INFO] 2024-10-18 23:08:13,327: process[slamware_ros_sdk_server_node-2]: starting os process
[roslaunch][INFO] 2024-10-18 23:08:13,327: process[slamware_ros_sdk_server_node-2]: start w/ args [[u'/home/unitree/catkin_ws/devel/lib/slamware_ros_sdk/slamware_ros_sdk_server_node', u'/cmd_vel:=/cmd_vel', u'/move_base_simple/goal:=/move_base_simple/goal', u'/slamware_ros_sdk_server_node/scan:=scan', u'/slamware_ros_sdk_server_node/odom:=odom', u'/slamware_ros_sdk_server_node/map:=map', u'map_metadata:=map_metadata', u'global_plan_path:=global_plan_path', u'__name:=slamware_ros_sdk_server_node', u'__log:=/home/unitree/.ros/log/c91a306a-8d62-11ef-ae1f-48b02d15d5f5/slamware_ros_sdk_server_node-2.log']]
[roslaunch][INFO] 2024-10-18 23:08:13,327: process[slamware_ros_sdk_server_node-2]: cwd will be [/home/unitree/.ros]
[roslaunch][INFO] 2024-10-18 23:08:13,363: process[slamware_ros_sdk_server_node-2]: started with pid [8269]
[roslaunch][INFO] 2024-10-18 23:08:13,364: ... successfully launched [slamware_ros_sdk_server_node-2]
[roslaunch][INFO] 2024-10-18 23:08:13,365: ... preparing to launch node of type [tf/static_transform_publisher]
[roslaunch][INFO] 2024-10-18 23:08:13,365: create_node_process: package[tf] type[static_transform_publisher] machine[Machine(name[] env_loader[None] address[localhost] ssh_port[22] user[None] assignable[True] timeout[10.0])] master_uri[http://localhost:11311]
[roslaunch][INFO] 2024-10-18 23:08:13,366: process[map2odom-3]: env[{'GOPATH': '/home/unitree/work', 'ROS_DISTRO': 'melodic', 'GNOME_SESSION_XDG_SESSION_PATH': '', 'LC_NUMERIC': 'zh_CN.UTF-8', 'QT4_IM_MODULE': 'xim', 'COLORTERM': 'truecolor', 'XDG_CURRENT_DESKTOP': 'Unity:Unity7:ubuntu', 'XDG_SESSION_TYPE': 'x11', 'ROSLISP_PACKAGE_DIRECTORIES': '/home/unitree/catkin_ws/devel/share/common-lisp', 'QT_IM_MODULE': 'ibus', 'LOGNAME': 'unitree', 'USER': 'unitree', 'PATH': '/opt/ros/melodic/bin:/usr/local/sbin:/usr/local/bin:/usr/sbin:/usr/bin:/sbin:/bin:/usr/games:/usr/local/games:/snap/bin:/usr/local/go/bin:/home/unitree/work/bin', 'LC_PAPER': 'zh_CN.UTF-8', 'HOME': '/home/unitree', 'CMAKE_PREFIX_PATH': '/home/unitree/catkin_ws/devel:/opt/ros/melodic', 'ROS_LOG_FILENAME': '/home/unitree/.ros/log/c91a306a-8d62-11ef-ae1f-48b02d15d5f5/roslaunch-nx-8151.log', 'LANG': 'en_US.UTF-8', 'MANAGERPID': '6991', 'SHELL': '/bin/bash', 'XAUTHORITY': '/run/user/1000/gdm/Xauthority', 'JOURNAL_STREAM': '8:39589', 'SESSION_MANAGER': 'local/nx:@/tmp/.ICE-unix/7275,unix/nx:/tmp/.ICE-unix/7275', 'LC_MEASUREMENT': 'zh_CN.UTF-8', 'CLUTTER_IM_MODULE': 'xim', 'DISPLAY': ':0', 'GTK_CSD': '0', 'GNOME_DESKTOP_SESSION_ID': 'this-is-deprecated', 'QT_ACCESSIBILITY': '1', 'WINDOWPATH': '1', 'DESKTOP_AUTOSTART_ID': '109eaa6dcfa34397e2172926403773941100000072750002', 'XMODIFIERS': '@im=ibus', 'ROS_ETC_DIR': '/opt/ros/melodic/etc/ros', 'GPG_AGENT_INFO': '/run/user/1000/gnupg/S.gpg-agent:0:1', 'ROS_PYTHON_VERSION': '2', 'INVOCATION_ID': '42eb84b593e04ad68feeb536eba8f55b', 'USERNAME': 'unitree', 'XDG_SESSION_DESKTOP': 'unity', 'XDG_RUNTIME_DIR': '/run/user/1000', 'SUDO_ASKPASS': '/home/unitree/RobotSLAMSystem/slam_planner/PASSWD', 'LC_IDENTIFICATION': 'zh_CN.UTF-8', 'LC_ADDRESS': 'zh_CN.UTF-8', 'PYTHONPATH': '/home/unitree/catkin_ws/devel/lib/python2.7/dist-packages:/opt/ros/melodic/lib/python2.7/dist-packages', 'SSH_AUTH_SOCK': '/run/user/1000/keyring/ssh', 'TERM': 'xterm-256color', 'ROS_ROOT': '/opt/ros/melodic/share/ros', 'GDMSESSION': 'unity', 'IM_CONFIG_PHASE': '2', 'TEXTDOMAINDIR': '/usr/share/locale/', 'DESKTOP_SESSION': 'unity', 'XDG_DATA_DIRS': '/usr/share/unity:/usr/local/share/:/usr/share/:/var/lib/snapd/desktop', 'PKG_CONFIG_PATH': '/home/unitree/catkin_ws/devel/lib/pkgconfig:/opt/ros/melodic/lib/pkgconfig', 'ROS_PACKAGE_PATH': '/home/unitree/catkin_ws/src:/opt/ros/melodic/share', 'DBUS_SESSION_BUS_ADDRESS': 'unix:path=/run/user/1000/bus', '_': '/opt/ros/melodic/bin/roslaunch', 'GTK_MODULES': 'gail:atk-bridge:unity-gtk-module', 'LD_PRELOAD': 'libgtk3-nocsd.so.0', 'GTK_IM_MODULE': 'ibus', 'LD_LIBRARY_PATH': '/home/unitree/catkin_ws/devel/lib:/opt/ros/melodic/lib', 'XDG_CONFIG_DIRS': '/etc/xdg/xdg-unity:/etc/xdg', 'GNOME_TERMINAL_SERVICE': ':1.93', 'VTE_VERSION': '5202', 'LC_TELEPHONE': 'zh_CN.UTF-8', 'LC_MONETARY': 'zh_CN.UTF-8', 'SHLVL': '2', 'PWD': '/home/unitree', 'ROS_MASTER_URI': 'http://localhost:11311', 'SSH_AGENT_LAUNCHER': 'gnome-keyring', 'ROS_VERSION': '1', 'TEXTDOMAIN': 'im-config', 'LC_NAME': 'zh_CN.UTF-8', 'XDG_MENU_PREFIX': 'gnome-', 'LC_TIME': 'zh_CN.UTF-8', 'GNOME_TERMINAL_SCREEN': '/org/gnome/Terminal/screen/e7d7221a_6e65_4fc0_a183_76ce266baf24'}]
[roslaunch][INFO] 2024-10-18 23:08:13,412: process[map2odom-3]: args[[u'/opt/ros/melodic/lib/tf/static_transform_publisher', '0', '0', '0', '0', '0', '0', '1', '/map', '/odom', '100', u'__name:=map2odom']]
[roslaunch][INFO] 2024-10-18 23:08:13,413: ... created process [map2odom-3]
[roslaunch.pmon][INFO] 2024-10-18 23:08:13,419: ProcessMonitor.register[map2odom-3]
[roslaunch.pmon][INFO] 2024-10-18 23:08:13,420: ProcessMonitor.register[map2odom-3] complete
[roslaunch][INFO] 2024-10-18 23:08:13,420: ... registered process [map2odom-3]
[roslaunch][INFO] 2024-10-18 23:08:13,420: process[map2odom-3]: starting os process
[roslaunch][INFO] 2024-10-18 23:08:13,421: process[map2odom-3]: start w/ args [[u'/opt/ros/melodic/lib/tf/static_transform_publisher', '0', '0', '0', '0', '0', '0', '1', '/map', '/odom', '100', u'__name:=map2odom', u'__log:=/home/unitree/.ros/log/c91a306a-8d62-11ef-ae1f-48b02d15d5f5/map2odom-3.log']]
[roslaunch][INFO] 2024-10-18 23:08:13,421: process[map2odom-3]: cwd will be [/home/unitree/.ros]
[roslaunch][INFO] 2024-10-18 23:08:13,450: process[map2odom-3]: started with pid [8270]
[roslaunch][INFO] 2024-10-18 23:08:13,451: ... successfully launched [map2odom-3]
[roslaunch][INFO] 2024-10-18 23:08:13,451: ... preparing to launch node of type [tf/static_transform_publisher]
[roslaunch][INFO] 2024-10-18 23:08:13,452: create_node_process: package[tf] type[static_transform_publisher] machine[Machine(name[] env_loader[None] address[localhost] ssh_port[22] user[None] assignable[True] timeout[10.0])] master_uri[http://localhost:11311]
[roslaunch][INFO] 2024-10-18 23:08:13,453: process[base2laser-4]: env[{'GOPATH': '/home/unitree/work', 'ROS_DISTRO': 'melodic', 'GNOME_SESSION_XDG_SESSION_PATH': '', 'LC_NUMERIC': 'zh_CN.UTF-8', 'QT4_IM_MODULE': 'xim', 'COLORTERM': 'truecolor', 'XDG_CURRENT_DESKTOP': 'Unity:Unity7:ubuntu', 'XDG_SESSION_TYPE': 'x11', 'ROSLISP_PACKAGE_DIRECTORIES': '/home/unitree/catkin_ws/devel/share/common-lisp', 'QT_IM_MODULE': 'ibus', 'LOGNAME': 'unitree', 'USER': 'unitree', 'PATH': '/opt/ros/melodic/bin:/usr/local/sbin:/usr/local/bin:/usr/sbin:/usr/bin:/sbin:/bin:/usr/games:/usr/local/games:/snap/bin:/usr/local/go/bin:/home/unitree/work/bin', 'LC_PAPER': 'zh_CN.UTF-8', 'HOME': '/home/unitree', 'CMAKE_PREFIX_PATH': '/home/unitree/catkin_ws/devel:/opt/ros/melodic', 'ROS_LOG_FILENAME': '/home/unitree/.ros/log/c91a306a-8d62-11ef-ae1f-48b02d15d5f5/roslaunch-nx-8151.log', 'LANG': 'en_US.UTF-8', 'MANAGERPID': '6991', 'SHELL': '/bin/bash', 'XAUTHORITY': '/run/user/1000/gdm/Xauthority', 'JOURNAL_STREAM': '8:39589', 'SESSION_MANAGER': 'local/nx:@/tmp/.ICE-unix/7275,unix/nx:/tmp/.ICE-unix/7275', 'LC_MEASUREMENT': 'zh_CN.UTF-8', 'CLUTTER_IM_MODULE': 'xim', 'DISPLAY': ':0', 'GTK_CSD': '0', 'GNOME_DESKTOP_SESSION_ID': 'this-is-deprecated', 'QT_ACCESSIBILITY': '1', 'WINDOWPATH': '1', 'DESKTOP_AUTOSTART_ID': '109eaa6dcfa34397e2172926403773941100000072750002', 'XMODIFIERS': '@im=ibus', 'ROS_ETC_DIR': '/opt/ros/melodic/etc/ros', 'GPG_AGENT_INFO': '/run/user/1000/gnupg/S.gpg-agent:0:1', 'ROS_PYTHON_VERSION': '2', 'INVOCATION_ID': '42eb84b593e04ad68feeb536eba8f55b', 'USERNAME': 'unitree', 'XDG_SESSION_DESKTOP': 'unity', 'XDG_RUNTIME_DIR': '/run/user/1000', 'SUDO_ASKPASS': '/home/unitree/RobotSLAMSystem/slam_planner/PASSWD', 'LC_IDENTIFICATION': 'zh_CN.UTF-8', 'LC_ADDRESS': 'zh_CN.UTF-8', 'PYTHONPATH': '/home/unitree/catkin_ws/devel/lib/python2.7/dist-packages:/opt/ros/melodic/lib/python2.7/dist-packages', 'SSH_AUTH_SOCK': '/run/user/1000/keyring/ssh', 'TERM': 'xterm-256color', 'ROS_ROOT': '/opt/ros/melodic/share/ros', 'GDMSESSION': 'unity', 'IM_CONFIG_PHASE': '2', 'TEXTDOMAINDIR': '/usr/share/locale/', 'DESKTOP_SESSION': 'unity', 'XDG_DATA_DIRS': '/usr/share/unity:/usr/local/share/:/usr/share/:/var/lib/snapd/desktop', 'PKG_CONFIG_PATH': '/home/unitree/catkin_ws/devel/lib/pkgconfig:/opt/ros/melodic/lib/pkgconfig', 'ROS_PACKAGE_PATH': '/home/unitree/catkin_ws/src:/opt/ros/melodic/share', 'DBUS_SESSION_BUS_ADDRESS': 'unix:path=/run/user/1000/bus', '_': '/opt/ros/melodic/bin/roslaunch', 'GTK_MODULES': 'gail:atk-bridge:unity-gtk-module', 'LD_PRELOAD': 'libgtk3-nocsd.so.0', 'GTK_IM_MODULE': 'ibus', 'LD_LIBRARY_PATH': '/home/unitree/catkin_ws/devel/lib:/opt/ros/melodic/lib', 'XDG_CONFIG_DIRS': '/etc/xdg/xdg-unity:/etc/xdg', 'GNOME_TERMINAL_SERVICE': ':1.93', 'VTE_VERSION': '5202', 'LC_TELEPHONE': 'zh_CN.UTF-8', 'LC_MONETARY': 'zh_CN.UTF-8', 'SHLVL': '2', 'PWD': '/home/unitree', 'ROS_MASTER_URI': 'http://localhost:11311', 'SSH_AGENT_LAUNCHER': 'gnome-keyring', 'ROS_VERSION': '1', 'TEXTDOMAIN': 'im-config', 'LC_NAME': 'zh_CN.UTF-8', 'XDG_MENU_PREFIX': 'gnome-', 'LC_TIME': 'zh_CN.UTF-8', 'GNOME_TERMINAL_SCREEN': '/org/gnome/Terminal/screen/e7d7221a_6e65_4fc0_a183_76ce266baf24'}]
[roslaunch][INFO] 2024-10-18 23:08:13,456: process[base2laser-4]: args[[u'/opt/ros/melodic/lib/tf/static_transform_publisher', '0', '0', '0', '0', '0', '0', '1', '/base_link', '/laser', '100', u'__name:=base2laser']]
[roslaunch][INFO] 2024-10-18 23:08:13,457: ... created process [base2laser-4]
[roslaunch.pmon][INFO] 2024-10-18 23:08:13,457: ProcessMonitor.register[base2laser-4]
[roslaunch.pmon][INFO] 2024-10-18 23:08:13,458: ProcessMonitor.register[base2laser-4] complete
[roslaunch][INFO] 2024-10-18 23:08:13,458: ... registered process [base2laser-4]
[roslaunch][INFO] 2024-10-18 23:08:13,458: process[base2laser-4]: starting os process
[roslaunch][INFO] 2024-10-18 23:08:13,459: process[base2laser-4]: start w/ args [[u'/opt/ros/melodic/lib/tf/static_transform_publisher', '0', '0', '0', '0', '0', '0', '1', '/base_link', '/laser', '100', u'__name:=base2laser', u'__log:=/home/unitree/.ros/log/c91a306a-8d62-11ef-ae1f-48b02d15d5f5/base2laser-4.log']]
[roslaunch][INFO] 2024-10-18 23:08:13,459: process[base2laser-4]: cwd will be [/home/unitree/.ros]
[roslaunch][INFO] 2024-10-18 23:08:13,471: process[base2laser-4]: started with pid [8271]
[roslaunch][INFO] 2024-10-18 23:08:13,473: ... successfully launched [base2laser-4]
[roslaunch][INFO] 2024-10-18 23:08:13,474: ... preparing to launch node of type [tf/static_transform_publisher]
[roslaunch][INFO] 2024-10-18 23:08:13,474: create_node_process: package[tf] type[static_transform_publisher] machine[Machine(name[] env_loader[None] address[localhost] ssh_port[22] user[None] assignable[True] timeout[10.0])] master_uri[http://localhost:11311]
[roslaunch][INFO] 2024-10-18 23:08:13,477: process[laser2foot-5]: env[{'GOPATH': '/home/unitree/work', 'ROS_DISTRO': 'melodic', 'GNOME_SESSION_XDG_SESSION_PATH': '', 'LC_NUMERIC': 'zh_CN.UTF-8', 'QT4_IM_MODULE': 'xim', 'COLORTERM': 'truecolor', 'XDG_CURRENT_DESKTOP': 'Unity:Unity7:ubuntu', 'XDG_SESSION_TYPE': 'x11', 'ROSLISP_PACKAGE_DIRECTORIES': '/home/unitree/catkin_ws/devel/share/common-lisp', 'QT_IM_MODULE': 'ibus', 'LOGNAME': 'unitree', 'USER': 'unitree', 'PATH': '/opt/ros/melodic/bin:/usr/local/sbin:/usr/local/bin:/usr/sbin:/usr/bin:/sbin:/bin:/usr/games:/usr/local/games:/snap/bin:/usr/local/go/bin:/home/unitree/work/bin', 'LC_PAPER': 'zh_CN.UTF-8', 'HOME': '/home/unitree', 'CMAKE_PREFIX_PATH': '/home/unitree/catkin_ws/devel:/opt/ros/melodic', 'ROS_LOG_FILENAME': '/home/unitree/.ros/log/c91a306a-8d62-11ef-ae1f-48b02d15d5f5/roslaunch-nx-8151.log', 'LANG': 'en_US.UTF-8', 'MANAGERPID': '6991', 'SHELL': '/bin/bash', 'XAUTHORITY': '/run/user/1000/gdm/Xauthority', 'JOURNAL_STREAM': '8:39589', 'SESSION_MANAGER': 'local/nx:@/tmp/.ICE-unix/7275,unix/nx:/tmp/.ICE-unix/7275', 'LC_MEASUREMENT': 'zh_CN.UTF-8', 'CLUTTER_IM_MODULE': 'xim', 'DISPLAY': ':0', 'GTK_CSD': '0', 'GNOME_DESKTOP_SESSION_ID': 'this-is-deprecated', 'QT_ACCESSIBILITY': '1', 'WINDOWPATH': '1', 'DESKTOP_AUTOSTART_ID': '109eaa6dcfa34397e2172926403773941100000072750002', 'XMODIFIERS': '@im=ibus', 'ROS_ETC_DIR': '/opt/ros/melodic/etc/ros', 'GPG_AGENT_INFO': '/run/user/1000/gnupg/S.gpg-agent:0:1', 'ROS_PYTHON_VERSION': '2', 'INVOCATION_ID': '42eb84b593e04ad68feeb536eba8f55b', 'USERNAME': 'unitree', 'XDG_SESSION_DESKTOP': 'unity', 'XDG_RUNTIME_DIR': '/run/user/1000', 'SUDO_ASKPASS': '/home/unitree/RobotSLAMSystem/slam_planner/PASSWD', 'LC_IDENTIFICATION': 'zh_CN.UTF-8', 'LC_ADDRESS': 'zh_CN.UTF-8', 'PYTHONPATH': '/home/unitree/catkin_ws/devel/lib/python2.7/dist-packages:/opt/ros/melodic/lib/python2.7/dist-packages', 'SSH_AUTH_SOCK': '/run/user/1000/keyring/ssh', 'TERM': 'xterm-256color', 'ROS_ROOT': '/opt/ros/melodic/share/ros', 'GDMSESSION': 'unity', 'IM_CONFIG_PHASE': '2', 'TEXTDOMAINDIR': '/usr/share/locale/', 'DESKTOP_SESSION': 'unity', 'XDG_DATA_DIRS': '/usr/share/unity:/usr/local/share/:/usr/share/:/var/lib/snapd/desktop', 'PKG_CONFIG_PATH': '/home/unitree/catkin_ws/devel/lib/pkgconfig:/opt/ros/melodic/lib/pkgconfig', 'ROS_PACKAGE_PATH': '/home/unitree/catkin_ws/src:/opt/ros/melodic/share', 'DBUS_SESSION_BUS_ADDRESS': 'unix:path=/run/user/1000/bus', '_': '/opt/ros/melodic/bin/roslaunch', 'GTK_MODULES': 'gail:atk-bridge:unity-gtk-module', 'LD_PRELOAD': 'libgtk3-nocsd.so.0', 'GTK_IM_MODULE': 'ibus', 'LD_LIBRARY_PATH': '/home/unitree/catkin_ws/devel/lib:/opt/ros/melodic/lib', 'XDG_CONFIG_DIRS': '/etc/xdg/xdg-unity:/etc/xdg', 'GNOME_TERMINAL_SERVICE': ':1.93', 'VTE_VERSION': '5202', 'LC_TELEPHONE': 'zh_CN.UTF-8', 'LC_MONETARY': 'zh_CN.UTF-8', 'SHLVL': '2', 'PWD': '/home/unitree', 'ROS_MASTER_URI': 'http://localhost:11311', 'SSH_AGENT_LAUNCHER': 'gnome-keyring', 'ROS_VERSION': '1', 'TEXTDOMAIN': 'im-config', 'LC_NAME': 'zh_CN.UTF-8', 'XDG_MENU_PREFIX': 'gnome-', 'LC_TIME': 'zh_CN.UTF-8', 'GNOME_TERMINAL_SCREEN': '/org/gnome/Terminal/screen/e7d7221a_6e65_4fc0_a183_76ce266baf24'}]
[roslaunch][INFO] 2024-10-18 23:08:13,481: process[laser2foot-5]: args[[u'/opt/ros/melodic/lib/tf/static_transform_publisher', '0', '0', '0', '0', '0', '0', '1', '/laser', '/base_footprint', '100', u'__name:=laser2foot']]
[roslaunch][INFO] 2024-10-18 23:08:13,482: ... created process [laser2foot-5]
[roslaunch.pmon][INFO] 2024-10-18 23:08:13,482: ProcessMonitor.register[laser2foot-5]
[roslaunch.pmon][INFO] 2024-10-18 23:08:13,483: ProcessMonitor.register[laser2foot-5] complete
[roslaunch][INFO] 2024-10-18 23:08:13,483: ... registered process [laser2foot-5]
[roslaunch][INFO] 2024-10-18 23:08:13,483: process[laser2foot-5]: starting os process
[roslaunch][INFO] 2024-10-18 23:08:13,485: process[laser2foot-5]: start w/ args [[u'/opt/ros/melodic/lib/tf/static_transform_publisher', '0', '0', '0', '0', '0', '0', '1', '/laser', '/base_footprint', '100', u'__name:=laser2foot', u'__log:=/home/unitree/.ros/log/c91a306a-8d62-11ef-ae1f-48b02d15d5f5/laser2foot-5.log']]
[roslaunch][INFO] 2024-10-18 23:08:13,485: process[laser2foot-5]: cwd will be [/home/unitree/.ros]
[roslaunch][INFO] 2024-10-18 23:08:13,500: process[laser2foot-5]: started with pid [8276]
[roslaunch][INFO] 2024-10-18 23:08:13,502: ... successfully launched [laser2foot-5]
[roslaunch][INFO] 2024-10-18 23:08:13,504: ... preparing to launch node of type [slam_planner/slam_planner_node]
[roslaunch][INFO] 2024-10-18 23:08:13,504: create_node_process: package[slam_planner] type[slam_planner_node] machine[Machine(name[] env_loader[None] address[localhost] ssh_port[22] user[None] assignable[True] timeout[10.0])] master_uri[http://localhost:11311]
[roslaunch][INFO] 2024-10-18 23:08:13,505: process[slam_planner_node-6]: env[{'GOPATH': '/home/unitree/work', 'ROS_DISTRO': 'melodic', 'GNOME_SESSION_XDG_SESSION_PATH': '', 'LC_NUMERIC': 'zh_CN.UTF-8', 'QT4_IM_MODULE': 'xim', 'COLORTERM': 'truecolor', 'XDG_CURRENT_DESKTOP': 'Unity:Unity7:ubuntu', 'XDG_SESSION_TYPE': 'x11', 'ROSLISP_PACKAGE_DIRECTORIES': '/home/unitree/catkin_ws/devel/share/common-lisp', 'QT_IM_MODULE': 'ibus', 'LOGNAME': 'unitree', 'USER': 'unitree', 'PATH': '/opt/ros/melodic/bin:/usr/local/sbin:/usr/local/bin:/usr/sbin:/usr/bin:/sbin:/bin:/usr/games:/usr/local/games:/snap/bin:/usr/local/go/bin:/home/unitree/work/bin', 'LC_PAPER': 'zh_CN.UTF-8', 'HOME': '/home/unitree', 'CMAKE_PREFIX_PATH': '/home/unitree/catkin_ws/devel:/opt/ros/melodic', 'ROS_LOG_FILENAME': '/home/unitree/.ros/log/c91a306a-8d62-11ef-ae1f-48b02d15d5f5/roslaunch-nx-8151.log', 'LANG': 'en_US.UTF-8', 'MANAGERPID': '6991', 'SHELL': '/bin/bash', 'XAUTHORITY': '/run/user/1000/gdm/Xauthority', 'JOURNAL_STREAM': '8:39589', 'SESSION_MANAGER': 'local/nx:@/tmp/.ICE-unix/7275,unix/nx:/tmp/.ICE-unix/7275', 'LC_MEASUREMENT': 'zh_CN.UTF-8', 'CLUTTER_IM_MODULE': 'xim', 'DISPLAY': ':0', 'GTK_CSD': '0', 'GNOME_DESKTOP_SESSION_ID': 'this-is-deprecated', 'QT_ACCESSIBILITY': '1', 'WINDOWPATH': '1', 'DESKTOP_AUTOSTART_ID': '109eaa6dcfa34397e2172926403773941100000072750002', 'XMODIFIERS': '@im=ibus', 'ROS_ETC_DIR': '/opt/ros/melodic/etc/ros', 'GPG_AGENT_INFO': '/run/user/1000/gnupg/S.gpg-agent:0:1', 'ROS_PYTHON_VERSION': '2', 'INVOCATION_ID': '42eb84b593e04ad68feeb536eba8f55b', 'USERNAME': 'unitree', 'XDG_SESSION_DESKTOP': 'unity', 'XDG_RUNTIME_DIR': '/run/user/1000', 'SUDO_ASKPASS': '/home/unitree/RobotSLAMSystem/slam_planner/PASSWD', 'LC_IDENTIFICATION': 'zh_CN.UTF-8', 'LC_ADDRESS': 'zh_CN.UTF-8', 'PYTHONPATH': '/home/unitree/catkin_ws/devel/lib/python2.7/dist-packages:/opt/ros/melodic/lib/python2.7/dist-packages', 'SSH_AUTH_SOCK': '/run/user/1000/keyring/ssh', 'TERM': 'xterm-256color', 'ROS_ROOT': '/opt/ros/melodic/share/ros', 'GDMSESSION': 'unity', 'IM_CONFIG_PHASE': '2', 'TEXTDOMAINDIR': '/usr/share/locale/', 'DESKTOP_SESSION': 'unity', 'XDG_DATA_DIRS': '/usr/share/unity:/usr/local/share/:/usr/share/:/var/lib/snapd/desktop', 'PKG_CONFIG_PATH': '/home/unitree/catkin_ws/devel/lib/pkgconfig:/opt/ros/melodic/lib/pkgconfig', 'ROS_PACKAGE_PATH': '/home/unitree/catkin_ws/src:/opt/ros/melodic/share', 'DBUS_SESSION_BUS_ADDRESS': 'unix:path=/run/user/1000/bus', '_': '/opt/ros/melodic/bin/roslaunch', 'GTK_MODULES': 'gail:atk-bridge:unity-gtk-module', 'LD_PRELOAD': 'libgtk3-nocsd.so.0', 'GTK_IM_MODULE': 'ibus', 'LD_LIBRARY_PATH': '/home/unitree/catkin_ws/devel/lib:/opt/ros/melodic/lib', 'XDG_CONFIG_DIRS': '/etc/xdg/xdg-unity:/etc/xdg', 'GNOME_TERMINAL_SERVICE': ':1.93', 'VTE_VERSION': '5202', 'LC_TELEPHONE': 'zh_CN.UTF-8', 'LC_MONETARY': 'zh_CN.UTF-8', 'SHLVL': '2', 'PWD': '/home/unitree', 'ROS_MASTER_URI': 'http://localhost:11311', 'SSH_AGENT_LAUNCHER': 'gnome-keyring', 'ROS_VERSION': '1', 'TEXTDOMAIN': 'im-config', 'LC_NAME': 'zh_CN.UTF-8', 'XDG_MENU_PREFIX': 'gnome-', 'LC_TIME': 'zh_CN.UTF-8', 'GNOME_TERMINAL_SCREEN': '/org/gnome/Terminal/screen/e7d7221a_6e65_4fc0_a183_76ce266baf24'}]
[roslaunch][INFO] 2024-10-18 23:08:13,510: process[slam_planner_node-6]: args[[u'/home/unitree/catkin_ws/devel/lib/slam_planner/slam_planner_node', u'__name:=slam_planner_node']]
[roslaunch][INFO] 2024-10-18 23:08:13,511: ... created process [slam_planner_node-6]
[roslaunch.pmon][INFO] 2024-10-18 23:08:13,512: ProcessMonitor.register[slam_planner_node-6]
[roslaunch.pmon][INFO] 2024-10-18 23:08:13,512: ProcessMonitor.register[slam_planner_node-6] complete
[roslaunch][INFO] 2024-10-18 23:08:13,512: ... registered process [slam_planner_node-6]
[roslaunch][INFO] 2024-10-18 23:08:13,513: process[slam_planner_node-6]: starting os process
[roslaunch][INFO] 2024-10-18 23:08:13,513: process[slam_planner_node-6]: start w/ args [[u'/home/unitree/catkin_ws/devel/lib/slam_planner/slam_planner_node', u'__name:=slam_planner_node', u'__log:=/home/unitree/.ros/log/c91a306a-8d62-11ef-ae1f-48b02d15d5f5/slam_planner_node-6.log']]
[roslaunch][INFO] 2024-10-18 23:08:13,514: process[slam_planner_node-6]: cwd will be [/home/unitree/.ros]
[roslaunch][INFO] 2024-10-18 23:08:13,571: process[slam_planner_node-6]: started with pid [8285]
[roslaunch][INFO] 2024-10-18 23:08:13,572: ... successfully launched [slam_planner_node-6]
[roslaunch][INFO] 2024-10-18 23:08:13,573: ... preparing to launch node of type [slam_planner/base_controller_node]
[roslaunch][INFO] 2024-10-18 23:08:13,574: create_node_process: package[slam_planner] type[base_controller_node] machine[Machine(name[] env_loader[None] address[localhost] ssh_port[22] user[None] assignable[True] timeout[10.0])] master_uri[http://localhost:11311]
[roslaunch][INFO] 2024-10-18 23:08:13,576: process[base_controller_node-7]: env[{'GOPATH': '/home/unitree/work', 'ROS_DISTRO': 'melodic', 'GNOME_SESSION_XDG_SESSION_PATH': '', 'LC_NUMERIC': 'zh_CN.UTF-8', 'QT4_IM_MODULE': 'xim', 'COLORTERM': 'truecolor', 'XDG_CURRENT_DESKTOP': 'Unity:Unity7:ubuntu', 'XDG_SESSION_TYPE': 'x11', 'ROSLISP_PACKAGE_DIRECTORIES': '/home/unitree/catkin_ws/devel/share/common-lisp', 'QT_IM_MODULE': 'ibus', 'LOGNAME': 'unitree', 'USER': 'unitree', 'PATH': '/opt/ros/melodic/bin:/usr/local/sbin:/usr/local/bin:/usr/sbin:/usr/bin:/sbin:/bin:/usr/games:/usr/local/games:/snap/bin:/usr/local/go/bin:/home/unitree/work/bin', 'LC_PAPER': 'zh_CN.UTF-8', 'HOME': '/home/unitree', 'CMAKE_PREFIX_PATH': '/home/unitree/catkin_ws/devel:/opt/ros/melodic', 'ROS_LOG_FILENAME': '/home/unitree/.ros/log/c91a306a-8d62-11ef-ae1f-48b02d15d5f5/roslaunch-nx-8151.log', 'LANG': 'en_US.UTF-8', 'MANAGERPID': '6991', 'SHELL': '/bin/bash', 'XAUTHORITY': '/run/user/1000/gdm/Xauthority', 'JOURNAL_STREAM': '8:39589', 'SESSION_MANAGER': 'local/nx:@/tmp/.ICE-unix/7275,unix/nx:/tmp/.ICE-unix/7275', 'LC_MEASUREMENT': 'zh_CN.UTF-8', 'CLUTTER_IM_MODULE': 'xim', 'DISPLAY': ':0', 'GTK_CSD': '0', 'GNOME_DESKTOP_SESSION_ID': 'this-is-deprecated', 'QT_ACCESSIBILITY': '1', 'WINDOWPATH': '1', 'DESKTOP_AUTOSTART_ID': '109eaa6dcfa34397e2172926403773941100000072750002', 'XMODIFIERS': '@im=ibus', 'ROS_ETC_DIR': '/opt/ros/melodic/etc/ros', 'GPG_AGENT_INFO': '/run/user/1000/gnupg/S.gpg-agent:0:1', 'ROS_PYTHON_VERSION': '2', 'INVOCATION_ID': '42eb84b593e04ad68feeb536eba8f55b', 'USERNAME': 'unitree', 'XDG_SESSION_DESKTOP': 'unity', 'XDG_RUNTIME_DIR': '/run/user/1000', 'SUDO_ASKPASS': '/home/unitree/RobotSLAMSystem/slam_planner/PASSWD', 'LC_IDENTIFICATION': 'zh_CN.UTF-8', 'LC_ADDRESS': 'zh_CN.UTF-8', 'PYTHONPATH': '/home/unitree/catkin_ws/devel/lib/python2.7/dist-packages:/opt/ros/melodic/lib/python2.7/dist-packages', 'SSH_AUTH_SOCK': '/run/user/1000/keyring/ssh', 'TERM': 'xterm-256color', 'ROS_ROOT': '/opt/ros/melodic/share/ros', 'GDMSESSION': 'unity', 'IM_CONFIG_PHASE': '2', 'TEXTDOMAINDIR': '/usr/share/locale/', 'DESKTOP_SESSION': 'unity', 'XDG_DATA_DIRS': '/usr/share/unity:/usr/local/share/:/usr/share/:/var/lib/snapd/desktop', 'PKG_CONFIG_PATH': '/home/unitree/catkin_ws/devel/lib/pkgconfig:/opt/ros/melodic/lib/pkgconfig', 'ROS_PACKAGE_PATH': '/home/unitree/catkin_ws/src:/opt/ros/melodic/share', 'DBUS_SESSION_BUS_ADDRESS': 'unix:path=/run/user/1000/bus', '_': '/opt/ros/melodic/bin/roslaunch', 'GTK_MODULES': 'gail:atk-bridge:unity-gtk-module', 'LD_PRELOAD': 'libgtk3-nocsd.so.0', 'GTK_IM_MODULE': 'ibus', 'LD_LIBRARY_PATH': '/home/unitree/catkin_ws/devel/lib:/opt/ros/melodic/lib', 'XDG_CONFIG_DIRS': '/etc/xdg/xdg-unity:/etc/xdg', 'GNOME_TERMINAL_SERVICE': ':1.93', 'VTE_VERSION': '5202', 'LC_TELEPHONE': 'zh_CN.UTF-8', 'LC_MONETARY': 'zh_CN.UTF-8', 'SHLVL': '2', 'PWD': '/home/unitree', 'ROS_MASTER_URI': 'http://localhost:11311', 'SSH_AGENT_LAUNCHER': 'gnome-keyring', 'ROS_VERSION': '1', 'TEXTDOMAIN': 'im-config', 'LC_NAME': 'zh_CN.UTF-8', 'XDG_MENU_PREFIX': 'gnome-', 'LC_TIME': 'zh_CN.UTF-8', 'GNOME_TERMINAL_SCREEN': '/org/gnome/Terminal/screen/e7d7221a_6e65_4fc0_a183_76ce266baf24'}]
[roslaunch][INFO] 2024-10-18 23:08:13,582: process[base_controller_node-7]: args[[u'/home/unitree/catkin_ws/devel/lib/slam_planner/base_controller_node', u'__name:=base_controller_node']]
[roslaunch][INFO] 2024-10-18 23:08:13,583: ... created process [base_controller_node-7]
[roslaunch.pmon][INFO] 2024-10-18 23:08:13,583: ProcessMonitor.register[base_controller_node-7]
[roslaunch.pmon][INFO] 2024-10-18 23:08:13,583: ProcessMonitor.register[base_controller_node-7] complete
[roslaunch][INFO] 2024-10-18 23:08:13,584: ... registered process [base_controller_node-7]
[roslaunch][INFO] 2024-10-18 23:08:13,584: process[base_controller_node-7]: starting os process
[roslaunch][INFO] 2024-10-18 23:08:13,585: process[base_controller_node-7]: start w/ args [[u'/home/unitree/catkin_ws/devel/lib/slam_planner/base_controller_node', u'__name:=base_controller_node', u'__log:=/home/unitree/.ros/log/c91a306a-8d62-11ef-ae1f-48b02d15d5f5/base_controller_node-7.log']]
[roslaunch][INFO] 2024-10-18 23:08:13,585: process[base_controller_node-7]: cwd will be [/home/unitree/.ros]
[roslaunch][INFO] 2024-10-18 23:08:13,608: process[base_controller_node-7]: started with pid [8298]
[roslaunch][INFO] 2024-10-18 23:08:13,609: ... successfully launched [base_controller_node-7]
[roslaunch][INFO] 2024-10-18 23:08:13,610: ... launch_nodes complete
[roslaunch.pmon][INFO] 2024-10-18 23:08:13,610: registrations completed <ProcessMonitor(ProcessMonitor-1, started daemon 547845403120)>
[roslaunch.parent][INFO] 2024-10-18 23:08:13,611: ... roslaunch parent running, waiting for process exit
[roslaunch][INFO] 2024-10-18 23:08:13,611: spin
