[roslaunch][INFO] 2020-09-10 20:41:55,215: Checking log directory for disk usage. This may take a while.
Press Ctrl-C to interrupt
[roslaunch][INFO] 2020-09-10 20:41:55,237: Done checking log file disk usage. Usage is <1GB.
[roslaunch][INFO] 2020-09-10 20:41:55,238: roslaunch starting with args ['/opt/ros/melodic/bin/roslaunch', 'slam_planner', 'slam_planner_online.launch']
[roslaunch][INFO] 2020-09-10 20:41:55,239: roslaunch env is {'LC_NUMERIC': 'zh_CN.UTF-8', 'ROS_DISTRO': 'melodic', 'QT4_IM_MODULE': 'xim', 'WINDOWPATH': '1', 'XDG_CURRENT_DESKTOP': 'Unity:Unity7:ubuntu', 'XDG_SESSION_TYPE': 'x11', 'ROSLISP_PACKAGE_DIRECTORIES': '/home/unitree/catkin_ws/devel/share/common-lisp', 'QT_IM_MODULE': 'ibus', 'LOGNAME': 'unitree', 'USER': 'unitree', 'PATH': '/opt/ros/melodic/bin:/usr/local/sbin:/usr/local/bin:/usr/sbin:/usr/bin:/sbin:/bin:/usr/games:/usr/local/games:/snap/bin', 'LC_PAPER': 'zh_CN.UTF-8', 'HOME': '/home/unitree', 'CMAKE_PREFIX_PATH': '/home/unitree/catkin_ws/devel:/opt/ros/melodic', 'DISPLAY': ':0', 'XDG_RUNTIME_DIR': '/run/user/1000', 'LANG': 'en_US.UTF-8', 'MANAGERPID': '6909', 'SHELL': '/bin/bash', 'ROS_LOG_FILENAME': '/home/unitree/.ros/log/020da738-f363-11ea-a8f4-48b02d15d5f5/roslaunch-nx-8062.log', 'XAUTHORITY': '/run/user/1000/gdm/Xauthority', 'JOURNAL_STREAM': '8:42375', 'SESSION_MANAGER': 'local/nx:@/tmp/.ICE-unix/7196,unix/nx:/tmp/.ICE-unix/7196', 'LC_MEASUREMENT': 'zh_CN.UTF-8', 'QT_ACCESSIBILITY': '1', 'LD_LIBRARY_PATH': '/home/unitree/catkin_ws/devel/lib:/opt/ros/melodic/lib', 'GTK_CSD': '0', 'GNOME_DESKTOP_SESSION_ID': 'this-is-deprecated', 'CLUTTER_IM_MODULE': 'xim', 'TEXTDOMAIN': 'im-config', 'DESKTOP_AUTOSTART_ID': '10d1fe6c7ed9be918715997416648162900000071960002', 'XMODIFIERS': '@im=ibus', 'ROS_MASTER_URI': 'http://localhost:11311', 'GPG_AGENT_INFO': '/run/user/1000/gnupg/S.gpg-agent:0:1', 'ROS_PYTHON_VERSION': '2', 'INVOCATION_ID': '2c945fe11bf04c2d89f3ff3ea1be0c51', 'USERNAME': 'unitree', 'XDG_SESSION_DESKTOP': 'unity', 'SHLVL': '2', 'ROS_VERSION': '1', 'SUDO_ASKPASS': '/home/unitree/RobotSLAMSystem/slam_planner/PASSWD', 'GTK_IM_MODULE': 'ibus', 'LC_ADDRESS': 'zh_CN.UTF-8', 'PYTHONPATH': '/home/unitree/catkin_ws/devel/lib/python2.7/dist-packages:/opt/ros/melodic/lib/python2.7/dist-packages', 'SSH_AUTH_SOCK': '/run/user/1000/keyring/ssh', 'TERM': 'xterm-256color', 'ROS_ROOT': '/opt/ros/melodic/share/ros', 'GDMSESSION': 'unity', 'IM_CONFIG_PHASE': '2', 'LC_TIME': 'zh_CN.UTF-8', 'TEXTDOMAINDIR': '/usr/share/locale/', 'XDG_DATA_DIRS': '/usr/share/unity:/usr/local/share/:/usr/share/:/var/lib/snapd/desktop', 'PKG_CONFIG_PATH': '/home/unitree/catkin_ws/devel/lib/pkgconfig:/opt/ros/melodic/lib/pkgconfig', 'ROS_PACKAGE_PATH': '/home/unitree/catkin_ws/src:/opt/ros/melodic/share', 'DBUS_SESSION_BUS_ADDRESS': 'unix:path=/run/user/1000/bus', '_': '/opt/ros/melodic/bin/roslaunch', 'GNOME_TERMINAL_SERVICE': ':1.92', 'LD_PRELOAD': 'libgtk3-nocsd.so.0', 'LC_IDENTIFICATION': 'zh_CN.UTF-8', 'DESKTOP_SESSION': 'unity', 'XDG_CONFIG_DIRS': '/etc/xdg/xdg-unity:/etc/xdg', 'GTK_MODULES': 'gail:atk-bridge:unity-gtk-module', 'VTE_VERSION': '5202', 'LC_TELEPHONE': 'zh_CN.UTF-8', 'LC_MONETARY': 'zh_CN.UTF-8', 'PWD': '/home/unitree', 'ROS_ETC_DIR': '/opt/ros/melodic/etc/ros', 'SSH_AGENT_LAUNCHER': 'gnome-keyring', 'COLORTERM': 'truecolor', 'LC_NAME': 'zh_CN.UTF-8', 'XDG_MENU_PREFIX': 'gnome-', 'GNOME_SESSION_XDG_SESSION_PATH': '', 'GNOME_TERMINAL_SCREEN': '/org/gnome/Terminal/screen/215daf8f_d432_415d_9cf5_208d7024672b'}
[roslaunch][INFO] 2020-09-10 20:41:55,239: starting in server mode
[roslaunch.parent][INFO] 2020-09-10 20:41:55,240: starting roslaunch parent run
[roslaunch][INFO] 2020-09-10 20:41:55,241: loading roscore config file /opt/ros/melodic/etc/ros/roscore.xml
[roslaunch][INFO] 2020-09-10 20:41:57,482: Added core node of type [rosout/rosout] in namespace [/]
[roslaunch.config][INFO] 2020-09-10 20:41:57,484: loading config file /home/unitree/catkin_ws/src/slamrplidar/slamplanner/launch/slam_planner_online.launch
[roslaunch][INFO] 2020-09-10 20:41:57,596: Added node of type [slamware_ros_sdk/slamware_ros_sdk_server_node] in namespace [/]
[roslaunch][INFO] 2020-09-10 20:41:57,597: Added node of type [tf/static_transform_publisher] in namespace [/]
[roslaunch][INFO] 2020-09-10 20:41:57,598: Added node of type [tf/static_transform_publisher] in namespace [/]
[roslaunch][INFO] 2020-09-10 20:41:57,599: Added node of type [tf/static_transform_publisher] in namespace [/]
[roslaunch][INFO] 2020-09-10 20:41:57,700: Added node of type [slam_planner/slam_planner_node] in namespace [/]
[roslaunch][INFO] 2020-09-10 20:41:57,701: Added node of type [slam_planner/base_controller_node] in namespace [/]
[roslaunch][INFO] 2020-09-10 20:41:57,702: ... selected machine [] for node of type [slamware_ros_sdk/slamware_ros_sdk_server_node]
[roslaunch][INFO] 2020-09-10 20:41:57,703: ... selected machine [] for node of type [tf/static_transform_publisher]
[roslaunch][INFO] 2020-09-10 20:41:57,703: ... selected machine [] for node of type [tf/static_transform_publisher]
[roslaunch][INFO] 2020-09-10 20:41:57,703: ... selected machine [] for node of type [tf/static_transform_publisher]
[roslaunch][INFO] 2020-09-10 20:41:57,704: ... selected machine [] for node of type [slam_planner/slam_planner_node]
[roslaunch][INFO] 2020-09-10 20:41:57,704: ... selected machine [] for node of type [slam_planner/base_controller_node]
[roslaunch.pmon][INFO] 2020-09-10 20:41:57,711: start_process_monitor: creating ProcessMonitor
[roslaunch.pmon][INFO] 2020-09-10 20:41:57,712: created process monitor <ProcessMonitor(ProcessMonitor-1, initial daemon)>
[roslaunch.pmon][INFO] 2020-09-10 20:41:57,713: start_process_monitor: ProcessMonitor started
[roslaunch.parent][INFO] 2020-09-10 20:41:57,714: starting parent XML-RPC server
[roslaunch.server][INFO] 2020-09-10 20:41:57,714: starting roslaunch XML-RPC server
[roslaunch.server][INFO] 2020-09-10 20:41:57,715: waiting for roslaunch XML-RPC server to initialize
[xmlrpc][INFO] 2020-09-10 20:41:57,715: XML-RPC server binding to 0.0.0.0:0
[xmlrpc][INFO] 2020-09-10 20:41:57,717: Started XML-RPC server [http://nx:38795/]
[xmlrpc][INFO] 2020-09-10 20:41:57,718: xml rpc node: starting XML-RPC server
[roslaunch][INFO] 2020-09-10 20:41:57,740: started roslaunch server http://nx:38795/
[roslaunch.parent][INFO] 2020-09-10 20:41:57,741: ... parent XML-RPC server started
[roslaunch][INFO] 2020-09-10 20:41:57,744: master.is_running[http://localhost:11311]
[roslaunch][INFO] 2020-09-10 20:41:57,746: auto-starting new master
[roslaunch][INFO] 2020-09-10 20:41:57,746: create_master_process: rosmaster, /opt/ros/melodic/share/ros, 11311, 3, None, False
[roslaunch][INFO] 2020-09-10 20:41:57,747: process[master]: launching with args [['rosmaster', '--core', '-p', '11311', '-w', '3']]
[roslaunch.pmon][INFO] 2020-09-10 20:41:57,747: ProcessMonitor.register[master]
[roslaunch.pmon][INFO] 2020-09-10 20:41:57,747: ProcessMonitor.register[master] complete
[roslaunch][INFO] 2020-09-10 20:41:57,747: process[master]: starting os process
[roslaunch][INFO] 2020-09-10 20:41:57,748: process[master]: start w/ args [['rosmaster', '--core', '-p', '11311', '-w', '3', '__log:=/home/unitree/.ros/log/020da738-f363-11ea-a8f4-48b02d15d5f5/master.log']]
[roslaunch][INFO] 2020-09-10 20:41:57,748: process[master]: cwd will be [/home/unitree/.ros]
[roslaunch][INFO] 2020-09-10 20:41:57,770: process[master]: started with pid [8100]
[roslaunch][INFO] 2020-09-10 20:41:57,771: master.is_running[http://localhost:11311]
[roslaunch][INFO] 2020-09-10 20:41:57,874: master.is_running[http://localhost:11311]
[roslaunch][INFO] 2020-09-10 20:41:57,976: master.is_running[http://localhost:11311]
[roslaunch][INFO] 2020-09-10 20:41:58,079: master.is_running[http://localhost:11311]
[roslaunch][INFO] 2020-09-10 20:41:58,184: master.is_running[http://localhost:11311]
[roslaunch][INFO] 2020-09-10 20:41:58,286: master.is_running[http://localhost:11311]
[roslaunch][INFO] 2020-09-10 20:41:58,389: master.is_running[http://localhost:11311]
[roslaunch][INFO] 2020-09-10 20:41:58,491: master.is_running[http://localhost:11311]
[roslaunch][INFO] 2020-09-10 20:41:58,593: master.is_running[http://localhost:11311]
[roslaunch][INFO] 2020-09-10 20:41:58,599: master.is_running[http://localhost:11311]
[roslaunch][INFO] 2020-09-10 20:41:58,603: ROS_MASTER_URI=http://localhost:11311
[roslaunch][INFO] 2020-09-10 20:41:58,608: setting /run_id to 020da738-f363-11ea-a8f4-48b02d15d5f5
[roslaunch][INFO] 2020-09-10 20:41:58,615: setting /roslaunch/uris/host_nx__38795' to http://nx:38795/
[roslaunch][INFO] 2020-09-10 20:41:58,623: ... preparing to launch node of type [rosout/rosout]
[roslaunch][INFO] 2020-09-10 20:41:58,624: create_node_process: package[rosout] type[rosout] machine[Machine(name[] env_loader[None] address[localhost] ssh_port[22] user[None] assignable[True] timeout[10.0])] master_uri[http://localhost:11311]
[roslaunch][INFO] 2020-09-10 20:41:58,625: process[rosout-1]: env[{'LC_NUMERIC': 'zh_CN.UTF-8', 'ROS_DISTRO': 'melodic', 'GNOME_SESSION_XDG_SESSION_PATH': '', 'QT4_IM_MODULE': 'xim', 'COLORTERM': 'truecolor', 'XDG_CURRENT_DESKTOP': 'Unity:Unity7:ubuntu', 'XDG_SESSION_TYPE': 'x11', 'ROSLISP_PACKAGE_DIRECTORIES': '/home/unitree/catkin_ws/devel/share/common-lisp', 'QT_IM_MODULE': 'ibus', 'LOGNAME': 'unitree', 'USER': 'unitree', 'PATH': '/opt/ros/melodic/bin:/usr/local/sbin:/usr/local/bin:/usr/sbin:/usr/bin:/sbin:/bin:/usr/games:/usr/local/games:/snap/bin', 'LC_PAPER': 'zh_CN.UTF-8', 'HOME': '/home/unitree', 'CMAKE_PREFIX_PATH': '/home/unitree/catkin_ws/devel:/opt/ros/melodic', 'ROS_LOG_FILENAME': '/home/unitree/.ros/log/020da738-f363-11ea-a8f4-48b02d15d5f5/roslaunch-nx-8062.log', 'LANG': 'en_US.UTF-8', 'MANAGERPID': '6909', 'SHELL': '/bin/bash', 'XAUTHORITY': '/run/user/1000/gdm/Xauthority', 'JOURNAL_STREAM': '8:42375', 'SESSION_MANAGER': 'local/nx:@/tmp/.ICE-unix/7196,unix/nx:/tmp/.ICE-unix/7196', 'LC_MEASUREMENT': 'zh_CN.UTF-8', 'CLUTTER_IM_MODULE': 'xim', 'DISPLAY': ':0', 'GTK_CSD': '0', 'GNOME_DESKTOP_SESSION_ID': 'this-is-deprecated', 'QT_ACCESSIBILITY': '1', 'WINDOWPATH': '1', 'DESKTOP_AUTOSTART_ID': '10d1fe6c7ed9be918715997416648162900000071960002', 'XMODIFIERS': '@im=ibus', 'ROS_ETC_DIR': '/opt/ros/melodic/etc/ros', 'GPG_AGENT_INFO': '/run/user/1000/gnupg/S.gpg-agent:0:1', 'ROS_PYTHON_VERSION': '2', 'INVOCATION_ID': '2c945fe11bf04c2d89f3ff3ea1be0c51', 'USERNAME': 'unitree', 'XDG_SESSION_DESKTOP': 'unity', 'XDG_RUNTIME_DIR': '/run/user/1000', 'SUDO_ASKPASS': '/home/unitree/RobotSLAMSystem/slam_planner/PASSWD', 'LC_IDENTIFICATION': 'zh_CN.UTF-8', 'LC_ADDRESS': 'zh_CN.UTF-8', 'PYTHONPATH': '/home/unitree/catkin_ws/devel/lib/python2.7/dist-packages:/opt/ros/melodic/lib/python2.7/dist-packages', 'SSH_AUTH_SOCK': '/run/user/1000/keyring/ssh', 'TERM': 'xterm-256color', 'ROS_ROOT': '/opt/ros/melodic/share/ros', 'GDMSESSION': 'unity', 'IM_CONFIG_PHASE': '2', 'TEXTDOMAINDIR': '/usr/share/locale/', 'DESKTOP_SESSION': 'unity', 'XDG_DATA_DIRS': '/usr/share/unity:/usr/local/share/:/usr/share/:/var/lib/snapd/desktop', 'PKG_CONFIG_PATH': '/home/unitree/catkin_ws/devel/lib/pkgconfig:/opt/ros/melodic/lib/pkgconfig', 'ROS_PACKAGE_PATH': '/home/unitree/catkin_ws/src:/opt/ros/melodic/share', 'DBUS_SESSION_BUS_ADDRESS': 'unix:path=/run/user/1000/bus', '_': '/opt/ros/melodic/bin/roslaunch', 'GTK_MODULES': 'gail:atk-bridge:unity-gtk-module', 'LD_PRELOAD': 'libgtk3-nocsd.so.0', 'GTK_IM_MODULE': 'ibus', 'LD_LIBRARY_PATH': '/home/unitree/catkin_ws/devel/lib:/opt/ros/melodic/lib', 'XDG_CONFIG_DIRS': '/etc/xdg/xdg-unity:/etc/xdg', 'GNOME_TERMINAL_SERVICE': ':1.92', 'VTE_VERSION': '5202', 'LC_TELEPHONE': 'zh_CN.UTF-8', 'LC_MONETARY': 'zh_CN.UTF-8', 'SHLVL': '2', 'PWD': '/home/unitree', 'ROS_MASTER_URI': 'http://localhost:11311', 'SSH_AGENT_LAUNCHER': 'gnome-keyring', 'ROS_VERSION': '1', 'TEXTDOMAIN': 'im-config', 'LC_NAME': 'zh_CN.UTF-8', 'XDG_MENU_PREFIX': 'gnome-', 'LC_TIME': 'zh_CN.UTF-8', 'GNOME_TERMINAL_SCREEN': '/org/gnome/Terminal/screen/215daf8f_d432_415d_9cf5_208d7024672b'}]
[roslaunch][INFO] 2020-09-10 20:41:58,761: process[rosout-1]: args[[u'/opt/ros/melodic/lib/rosout/rosout', u'__name:=rosout']]
[roslaunch][INFO] 2020-09-10 20:41:58,761: ... created process [rosout-1]
[roslaunch.pmon][INFO] 2020-09-10 20:41:58,762: ProcessMonitor.register[rosout-1]
[roslaunch.pmon][INFO] 2020-09-10 20:41:58,763: ProcessMonitor.register[rosout-1] complete
[roslaunch][INFO] 2020-09-10 20:41:58,763: ... registered process [rosout-1]
[roslaunch][INFO] 2020-09-10 20:41:58,763: process[rosout-1]: starting os process
[roslaunch][INFO] 2020-09-10 20:41:58,764: process[rosout-1]: start w/ args [[u'/opt/ros/melodic/lib/rosout/rosout', u'__name:=rosout', u'__log:=/home/unitree/.ros/log/020da738-f363-11ea-a8f4-48b02d15d5f5/rosout-1.log']]
[roslaunch][INFO] 2020-09-10 20:41:58,764: process[rosout-1]: cwd will be [/home/unitree/.ros]
[roslaunch][INFO] 2020-09-10 20:41:58,777: process[rosout-1]: started with pid [8166]
[roslaunch][INFO] 2020-09-10 20:41:58,779: ... successfully launched [rosout-1]
[roslaunch][INFO] 2020-09-10 20:41:58,780: load_parameters starting ...
[roslaunch][INFO] 2020-09-10 20:41:58,897: ... load_parameters complete
[roslaunch][INFO] 2020-09-10 20:41:58,898: launch_nodes: launching local nodes ...
[roslaunch][INFO] 2020-09-10 20:41:58,899: ... preparing to launch node of type [slamware_ros_sdk/slamware_ros_sdk_server_node]
[roslaunch][INFO] 2020-09-10 20:41:58,899: create_node_process: package[slamware_ros_sdk] type[slamware_ros_sdk_server_node] machine[Machine(name[] env_loader[None] address[localhost] ssh_port[22] user[None] assignable[True] timeout[10.0])] master_uri[http://localhost:11311]
[roslaunch][INFO] 2020-09-10 20:41:58,900: process[slamware_ros_sdk_server_node-2]: env[{'LC_NUMERIC': 'zh_CN.UTF-8', 'ROS_DISTRO': 'melodic', 'GNOME_SESSION_XDG_SESSION_PATH': '', 'QT4_IM_MODULE': 'xim', 'COLORTERM': 'truecolor', 'XDG_CURRENT_DESKTOP': 'Unity:Unity7:ubuntu', 'XDG_SESSION_TYPE': 'x11', 'ROSLISP_PACKAGE_DIRECTORIES': '/home/unitree/catkin_ws/devel/share/common-lisp', 'QT_IM_MODULE': 'ibus', 'LOGNAME': 'unitree', 'USER': 'unitree', 'PATH': '/opt/ros/melodic/bin:/usr/local/sbin:/usr/local/bin:/usr/sbin:/usr/bin:/sbin:/bin:/usr/games:/usr/local/games:/snap/bin', 'LC_PAPER': 'zh_CN.UTF-8', 'HOME': '/home/unitree', 'CMAKE_PREFIX_PATH': '/home/unitree/catkin_ws/devel:/opt/ros/melodic', 'ROS_LOG_FILENAME': '/home/unitree/.ros/log/020da738-f363-11ea-a8f4-48b02d15d5f5/roslaunch-nx-8062.log', 'LANG': 'en_US.UTF-8', 'MANAGERPID': '6909', 'SHELL': '/bin/bash', 'XAUTHORITY': '/run/user/1000/gdm/Xauthority', 'JOURNAL_STREAM': '8:42375', 'SESSION_MANAGER': 'local/nx:@/tmp/.ICE-unix/7196,unix/nx:/tmp/.ICE-unix/7196', 'LC_MEASUREMENT': 'zh_CN.UTF-8', 'CLUTTER_IM_MODULE': 'xim', 'DISPLAY': ':0', 'GTK_CSD': '0', 'GNOME_DESKTOP_SESSION_ID': 'this-is-deprecated', 'QT_ACCESSIBILITY': '1', 'WINDOWPATH': '1', 'DESKTOP_AUTOSTART_ID': '10d1fe6c7ed9be918715997416648162900000071960002', 'XMODIFIERS': '@im=ibus', 'ROS_ETC_DIR': '/opt/ros/melodic/etc/ros', 'GPG_AGENT_INFO': '/run/user/1000/gnupg/S.gpg-agent:0:1', 'ROS_PYTHON_VERSION': '2', 'INVOCATION_ID': '2c945fe11bf04c2d89f3ff3ea1be0c51', 'USERNAME': 'unitree', 'XDG_SESSION_DESKTOP': 'unity', 'XDG_RUNTIME_DIR': '/run/user/1000', 'SUDO_ASKPASS': '/home/unitree/RobotSLAMSystem/slam_planner/PASSWD', 'LC_IDENTIFICATION': 'zh_CN.UTF-8', 'LC_ADDRESS': 'zh_CN.UTF-8', 'PYTHONPATH': '/home/unitree/catkin_ws/devel/lib/python2.7/dist-packages:/opt/ros/melodic/lib/python2.7/dist-packages', 'SSH_AUTH_SOCK': '/run/user/1000/keyring/ssh', 'TERM': 'xterm-256color', 'ROS_ROOT': '/opt/ros/melodic/share/ros', 'GDMSESSION': 'unity', 'IM_CONFIG_PHASE': '2', 'TEXTDOMAINDIR': '/usr/share/locale/', 'DESKTOP_SESSION': 'unity', 'XDG_DATA_DIRS': '/usr/share/unity:/usr/local/share/:/usr/share/:/var/lib/snapd/desktop', 'PKG_CONFIG_PATH': '/home/unitree/catkin_ws/devel/lib/pkgconfig:/opt/ros/melodic/lib/pkgconfig', 'ROS_PACKAGE_PATH': '/home/unitree/catkin_ws/src:/opt/ros/melodic/share', 'DBUS_SESSION_BUS_ADDRESS': 'unix:path=/run/user/1000/bus', '_': '/opt/ros/melodic/bin/roslaunch', 'GTK_MODULES': 'gail:atk-bridge:unity-gtk-module', 'LD_PRELOAD': 'libgtk3-nocsd.so.0', 'GTK_IM_MODULE': 'ibus', 'LD_LIBRARY_PATH': '/home/unitree/catkin_ws/devel/lib:/opt/ros/melodic/lib', 'XDG_CONFIG_DIRS': '/etc/xdg/xdg-unity:/etc/xdg', 'GNOME_TERMINAL_SERVICE': ':1.92', 'VTE_VERSION': '5202', 'LC_TELEPHONE': 'zh_CN.UTF-8', 'LC_MONETARY': 'zh_CN.UTF-8', 'SHLVL': '2', 'PWD': '/home/unitree', 'ROS_MASTER_URI': 'http://localhost:11311', 'SSH_AGENT_LAUNCHER': 'gnome-keyring', 'ROS_VERSION': '1', 'TEXTDOMAIN': 'im-config', 'LC_NAME': 'zh_CN.UTF-8', 'XDG_MENU_PREFIX': 'gnome-', 'LC_TIME': 'zh_CN.UTF-8', 'GNOME_TERMINAL_SCREEN': '/org/gnome/Terminal/screen/215daf8f_d432_415d_9cf5_208d7024672b'}]
[roslaunch][INFO] 2020-09-10 20:41:59,036: process[slamware_ros_sdk_server_node-2]: args[[u'/home/unitree/catkin_ws/devel/lib/slamware_ros_sdk/slamware_ros_sdk_server_node', u'/cmd_vel:=/cmd_vel', u'/move_base_simple/goal:=/move_base_simple/goal', u'/slamware_ros_sdk_server_node/scan:=scan', u'/slamware_ros_sdk_server_node/odom:=odom', u'/slamware_ros_sdk_server_node/map:=map', u'map_metadata:=map_metadata', u'global_plan_path:=global_plan_path', u'__name:=slamware_ros_sdk_server_node']]
[roslaunch][INFO] 2020-09-10 20:41:59,100: ... created process [slamware_ros_sdk_server_node-2]
[roslaunch.pmon][INFO] 2020-09-10 20:41:59,100: ProcessMonitor.register[slamware_ros_sdk_server_node-2]
[roslaunch.pmon][INFO] 2020-09-10 20:41:59,101: ProcessMonitor.register[slamware_ros_sdk_server_node-2] complete
[roslaunch][INFO] 2020-09-10 20:41:59,101: ... registered process [slamware_ros_sdk_server_node-2]
[roslaunch][INFO] 2020-09-10 20:41:59,101: process[slamware_ros_sdk_server_node-2]: starting os process
[roslaunch][INFO] 2020-09-10 20:41:59,102: process[slamware_ros_sdk_server_node-2]: start w/ args [[u'/home/unitree/catkin_ws/devel/lib/slamware_ros_sdk/slamware_ros_sdk_server_node', u'/cmd_vel:=/cmd_vel', u'/move_base_simple/goal:=/move_base_simple/goal', u'/slamware_ros_sdk_server_node/scan:=scan', u'/slamware_ros_sdk_server_node/odom:=odom', u'/slamware_ros_sdk_server_node/map:=map', u'map_metadata:=map_metadata', u'global_plan_path:=global_plan_path', u'__name:=slamware_ros_sdk_server_node', u'__log:=/home/unitree/.ros/log/020da738-f363-11ea-a8f4-48b02d15d5f5/slamware_ros_sdk_server_node-2.log']]
[roslaunch][INFO] 2020-09-10 20:41:59,102: process[slamware_ros_sdk_server_node-2]: cwd will be [/home/unitree/.ros]
[roslaunch][INFO] 2020-09-10 20:41:59,166: process[slamware_ros_sdk_server_node-2]: started with pid [8180]
[roslaunch][INFO] 2020-09-10 20:41:59,167: ... successfully launched [slamware_ros_sdk_server_node-2]
[roslaunch][INFO] 2020-09-10 20:41:59,167: ... preparing to launch node of type [tf/static_transform_publisher]
[roslaunch][INFO] 2020-09-10 20:41:59,168: create_node_process: package[tf] type[static_transform_publisher] machine[Machine(name[] env_loader[None] address[localhost] ssh_port[22] user[None] assignable[True] timeout[10.0])] master_uri[http://localhost:11311]
[roslaunch][INFO] 2020-09-10 20:41:59,169: process[map2odom-3]: env[{'LC_NUMERIC': 'zh_CN.UTF-8', 'ROS_DISTRO': 'melodic', 'GNOME_SESSION_XDG_SESSION_PATH': '', 'QT4_IM_MODULE': 'xim', 'COLORTERM': 'truecolor', 'XDG_CURRENT_DESKTOP': 'Unity:Unity7:ubuntu', 'XDG_SESSION_TYPE': 'x11', 'ROSLISP_PACKAGE_DIRECTORIES': '/home/unitree/catkin_ws/devel/share/common-lisp', 'QT_IM_MODULE': 'ibus', 'LOGNAME': 'unitree', 'USER': 'unitree', 'PATH': '/opt/ros/melodic/bin:/usr/local/sbin:/usr/local/bin:/usr/sbin:/usr/bin:/sbin:/bin:/usr/games:/usr/local/games:/snap/bin', 'LC_PAPER': 'zh_CN.UTF-8', 'HOME': '/home/unitree', 'CMAKE_PREFIX_PATH': '/home/unitree/catkin_ws/devel:/opt/ros/melodic', 'ROS_LOG_FILENAME': '/home/unitree/.ros/log/020da738-f363-11ea-a8f4-48b02d15d5f5/roslaunch-nx-8062.log', 'LANG': 'en_US.UTF-8', 'MANAGERPID': '6909', 'SHELL': '/bin/bash', 'XAUTHORITY': '/run/user/1000/gdm/Xauthority', 'JOURNAL_STREAM': '8:42375', 'SESSION_MANAGER': 'local/nx:@/tmp/.ICE-unix/7196,unix/nx:/tmp/.ICE-unix/7196', 'LC_MEASUREMENT': 'zh_CN.UTF-8', 'CLUTTER_IM_MODULE': 'xim', 'DISPLAY': ':0', 'GTK_CSD': '0', 'GNOME_DESKTOP_SESSION_ID': 'this-is-deprecated', 'QT_ACCESSIBILITY': '1', 'WINDOWPATH': '1', 'DESKTOP_AUTOSTART_ID': '10d1fe6c7ed9be918715997416648162900000071960002', 'XMODIFIERS': '@im=ibus', 'ROS_ETC_DIR': '/opt/ros/melodic/etc/ros', 'GPG_AGENT_INFO': '/run/user/1000/gnupg/S.gpg-agent:0:1', 'ROS_PYTHON_VERSION': '2', 'INVOCATION_ID': '2c945fe11bf04c2d89f3ff3ea1be0c51', 'USERNAME': 'unitree', 'XDG_SESSION_DESKTOP': 'unity', 'XDG_RUNTIME_DIR': '/run/user/1000', 'SUDO_ASKPASS': '/home/unitree/RobotSLAMSystem/slam_planner/PASSWD', 'LC_IDENTIFICATION': 'zh_CN.UTF-8', 'LC_ADDRESS': 'zh_CN.UTF-8', 'PYTHONPATH': '/home/unitree/catkin_ws/devel/lib/python2.7/dist-packages:/opt/ros/melodic/lib/python2.7/dist-packages', 'SSH_AUTH_SOCK': '/run/user/1000/keyring/ssh', 'TERM': 'xterm-256color', 'ROS_ROOT': '/opt/ros/melodic/share/ros', 'GDMSESSION': 'unity', 'IM_CONFIG_PHASE': '2', 'TEXTDOMAINDIR': '/usr/share/locale/', 'DESKTOP_SESSION': 'unity', 'XDG_DATA_DIRS': '/usr/share/unity:/usr/local/share/:/usr/share/:/var/lib/snapd/desktop', 'PKG_CONFIG_PATH': '/home/unitree/catkin_ws/devel/lib/pkgconfig:/opt/ros/melodic/lib/pkgconfig', 'ROS_PACKAGE_PATH': '/home/unitree/catkin_ws/src:/opt/ros/melodic/share', 'DBUS_SESSION_BUS_ADDRESS': 'unix:path=/run/user/1000/bus', '_': '/opt/ros/melodic/bin/roslaunch', 'GTK_MODULES': 'gail:atk-bridge:unity-gtk-module', 'LD_PRELOAD': 'libgtk3-nocsd.so.0', 'GTK_IM_MODULE': 'ibus', 'LD_LIBRARY_PATH': '/home/unitree/catkin_ws/devel/lib:/opt/ros/melodic/lib', 'XDG_CONFIG_DIRS': '/etc/xdg/xdg-unity:/etc/xdg', 'GNOME_TERMINAL_SERVICE': ':1.92', 'VTE_VERSION': '5202', 'LC_TELEPHONE': 'zh_CN.UTF-8', 'LC_MONETARY': 'zh_CN.UTF-8', 'SHLVL': '2', 'PWD': '/home/unitree', 'ROS_MASTER_URI': 'http://localhost:11311', 'SSH_AGENT_LAUNCHER': 'gnome-keyring', 'ROS_VERSION': '1', 'TEXTDOMAIN': 'im-config', 'LC_NAME': 'zh_CN.UTF-8', 'XDG_MENU_PREFIX': 'gnome-', 'LC_TIME': 'zh_CN.UTF-8', 'GNOME_TERMINAL_SCREEN': '/org/gnome/Terminal/screen/215daf8f_d432_415d_9cf5_208d7024672b'}]
[roslaunch][INFO] 2020-09-10 20:41:59,233: process[map2odom-3]: args[[u'/opt/ros/melodic/lib/tf/static_transform_publisher', '0', '0', '0', '0', '0', '0', '1', '/map', '/odom', '100', u'__name:=map2odom']]
[roslaunch][INFO] 2020-09-10 20:41:59,234: ... created process [map2odom-3]
[roslaunch.pmon][INFO] 2020-09-10 20:41:59,234: ProcessMonitor.register[map2odom-3]
[roslaunch.pmon][INFO] 2020-09-10 20:41:59,235: ProcessMonitor.register[map2odom-3] complete
[roslaunch][INFO] 2020-09-10 20:41:59,235: ... registered process [map2odom-3]
[roslaunch][INFO] 2020-09-10 20:41:59,235: process[map2odom-3]: starting os process
[roslaunch][INFO] 2020-09-10 20:41:59,388: process[map2odom-3]: start w/ args [[u'/opt/ros/melodic/lib/tf/static_transform_publisher', '0', '0', '0', '0', '0', '0', '1', '/map', '/odom', '100', u'__name:=map2odom', u'__log:=/home/unitree/.ros/log/020da738-f363-11ea-a8f4-48b02d15d5f5/map2odom-3.log']]
[roslaunch][INFO] 2020-09-10 20:41:59,389: process[map2odom-3]: cwd will be [/home/unitree/.ros]
[roslaunch][INFO] 2020-09-10 20:41:59,407: process[map2odom-3]: started with pid [8186]
[roslaunch][INFO] 2020-09-10 20:41:59,408: ... successfully launched [map2odom-3]
[roslaunch][INFO] 2020-09-10 20:41:59,408: ... preparing to launch node of type [tf/static_transform_publisher]
[roslaunch][INFO] 2020-09-10 20:41:59,409: create_node_process: package[tf] type[static_transform_publisher] machine[Machine(name[] env_loader[None] address[localhost] ssh_port[22] user[None] assignable[True] timeout[10.0])] master_uri[http://localhost:11311]
[roslaunch][INFO] 2020-09-10 20:41:59,410: process[base2laser-4]: env[{'LC_NUMERIC': 'zh_CN.UTF-8', 'ROS_DISTRO': 'melodic', 'GNOME_SESSION_XDG_SESSION_PATH': '', 'QT4_IM_MODULE': 'xim', 'COLORTERM': 'truecolor', 'XDG_CURRENT_DESKTOP': 'Unity:Unity7:ubuntu', 'XDG_SESSION_TYPE': 'x11', 'ROSLISP_PACKAGE_DIRECTORIES': '/home/unitree/catkin_ws/devel/share/common-lisp', 'QT_IM_MODULE': 'ibus', 'LOGNAME': 'unitree', 'USER': 'unitree', 'PATH': '/opt/ros/melodic/bin:/usr/local/sbin:/usr/local/bin:/usr/sbin:/usr/bin:/sbin:/bin:/usr/games:/usr/local/games:/snap/bin', 'LC_PAPER': 'zh_CN.UTF-8', 'HOME': '/home/unitree', 'CMAKE_PREFIX_PATH': '/home/unitree/catkin_ws/devel:/opt/ros/melodic', 'ROS_LOG_FILENAME': '/home/unitree/.ros/log/020da738-f363-11ea-a8f4-48b02d15d5f5/roslaunch-nx-8062.log', 'LANG': 'en_US.UTF-8', 'MANAGERPID': '6909', 'SHELL': '/bin/bash', 'XAUTHORITY': '/run/user/1000/gdm/Xauthority', 'JOURNAL_STREAM': '8:42375', 'SESSION_MANAGER': 'local/nx:@/tmp/.ICE-unix/7196,unix/nx:/tmp/.ICE-unix/7196', 'LC_MEASUREMENT': 'zh_CN.UTF-8', 'CLUTTER_IM_MODULE': 'xim', 'DISPLAY': ':0', 'GTK_CSD': '0', 'GNOME_DESKTOP_SESSION_ID': 'this-is-deprecated', 'QT_ACCESSIBILITY': '1', 'WINDOWPATH': '1', 'DESKTOP_AUTOSTART_ID': '10d1fe6c7ed9be918715997416648162900000071960002', 'XMODIFIERS': '@im=ibus', 'ROS_ETC_DIR': '/opt/ros/melodic/etc/ros', 'GPG_AGENT_INFO': '/run/user/1000/gnupg/S.gpg-agent:0:1', 'ROS_PYTHON_VERSION': '2', 'INVOCATION_ID': '2c945fe11bf04c2d89f3ff3ea1be0c51', 'USERNAME': 'unitree', 'XDG_SESSION_DESKTOP': 'unity', 'XDG_RUNTIME_DIR': '/run/user/1000', 'SUDO_ASKPASS': '/home/unitree/RobotSLAMSystem/slam_planner/PASSWD', 'LC_IDENTIFICATION': 'zh_CN.UTF-8', 'LC_ADDRESS': 'zh_CN.UTF-8', 'PYTHONPATH': '/home/unitree/catkin_ws/devel/lib/python2.7/dist-packages:/opt/ros/melodic/lib/python2.7/dist-packages', 'SSH_AUTH_SOCK': '/run/user/1000/keyring/ssh', 'TERM': 'xterm-256color', 'ROS_ROOT': '/opt/ros/melodic/share/ros', 'GDMSESSION': 'unity', 'IM_CONFIG_PHASE': '2', 'TEXTDOMAINDIR': '/usr/share/locale/', 'DESKTOP_SESSION': 'unity', 'XDG_DATA_DIRS': '/usr/share/unity:/usr/local/share/:/usr/share/:/var/lib/snapd/desktop', 'PKG_CONFIG_PATH': '/home/unitree/catkin_ws/devel/lib/pkgconfig:/opt/ros/melodic/lib/pkgconfig', 'ROS_PACKAGE_PATH': '/home/unitree/catkin_ws/src:/opt/ros/melodic/share', 'DBUS_SESSION_BUS_ADDRESS': 'unix:path=/run/user/1000/bus', '_': '/opt/ros/melodic/bin/roslaunch', 'GTK_MODULES': 'gail:atk-bridge:unity-gtk-module', 'LD_PRELOAD': 'libgtk3-nocsd.so.0', 'GTK_IM_MODULE': 'ibus', 'LD_LIBRARY_PATH': '/home/unitree/catkin_ws/devel/lib:/opt/ros/melodic/lib', 'XDG_CONFIG_DIRS': '/etc/xdg/xdg-unity:/etc/xdg', 'GNOME_TERMINAL_SERVICE': ':1.92', 'VTE_VERSION': '5202', 'LC_TELEPHONE': 'zh_CN.UTF-8', 'LC_MONETARY': 'zh_CN.UTF-8', 'SHLVL': '2', 'PWD': '/home/unitree', 'ROS_MASTER_URI': 'http://localhost:11311', 'SSH_AGENT_LAUNCHER': 'gnome-keyring', 'ROS_VERSION': '1', 'TEXTDOMAIN': 'im-config', 'LC_NAME': 'zh_CN.UTF-8', 'XDG_MENU_PREFIX': 'gnome-', 'LC_TIME': 'zh_CN.UTF-8', 'GNOME_TERMINAL_SCREEN': '/org/gnome/Terminal/screen/215daf8f_d432_415d_9cf5_208d7024672b'}]
[roslaunch][INFO] 2020-09-10 20:41:59,414: process[base2laser-4]: args[[u'/opt/ros/melodic/lib/tf/static_transform_publisher', '0', '0', '0', '0', '0', '0', '1', '/base_link', '/laser', '100', u'__name:=base2laser']]
[roslaunch][INFO] 2020-09-10 20:41:59,415: ... created process [base2laser-4]
[roslaunch.pmon][INFO] 2020-09-10 20:41:59,415: ProcessMonitor.register[base2laser-4]
[roslaunch.pmon][INFO] 2020-09-10 20:41:59,416: ProcessMonitor.register[base2laser-4] complete
[roslaunch][INFO] 2020-09-10 20:41:59,416: ... registered process [base2laser-4]
[roslaunch][INFO] 2020-09-10 20:41:59,416: process[base2laser-4]: starting os process
[roslaunch][INFO] 2020-09-10 20:41:59,417: process[base2laser-4]: start w/ args [[u'/opt/ros/melodic/lib/tf/static_transform_publisher', '0', '0', '0', '0', '0', '0', '1', '/base_link', '/laser', '100', u'__name:=base2laser', u'__log:=/home/unitree/.ros/log/020da738-f363-11ea-a8f4-48b02d15d5f5/base2laser-4.log']]
[roslaunch][INFO] 2020-09-10 20:41:59,417: process[base2laser-4]: cwd will be [/home/unitree/.ros]
[roslaunch][INFO] 2020-09-10 20:41:59,429: process[base2laser-4]: started with pid [8188]
[roslaunch][INFO] 2020-09-10 20:41:59,431: ... successfully launched [base2laser-4]
[roslaunch][INFO] 2020-09-10 20:41:59,432: ... preparing to launch node of type [tf/static_transform_publisher]
[roslaunch][INFO] 2020-09-10 20:41:59,432: create_node_process: package[tf] type[static_transform_publisher] machine[Machine(name[] env_loader[None] address[localhost] ssh_port[22] user[None] assignable[True] timeout[10.0])] master_uri[http://localhost:11311]
[roslaunch][INFO] 2020-09-10 20:41:59,433: process[laser2foot-5]: env[{'LC_NUMERIC': 'zh_CN.UTF-8', 'ROS_DISTRO': 'melodic', 'GNOME_SESSION_XDG_SESSION_PATH': '', 'QT4_IM_MODULE': 'xim', 'COLORTERM': 'truecolor', 'XDG_CURRENT_DESKTOP': 'Unity:Unity7:ubuntu', 'XDG_SESSION_TYPE': 'x11', 'ROSLISP_PACKAGE_DIRECTORIES': '/home/unitree/catkin_ws/devel/share/common-lisp', 'QT_IM_MODULE': 'ibus', 'LOGNAME': 'unitree', 'USER': 'unitree', 'PATH': '/opt/ros/melodic/bin:/usr/local/sbin:/usr/local/bin:/usr/sbin:/usr/bin:/sbin:/bin:/usr/games:/usr/local/games:/snap/bin', 'LC_PAPER': 'zh_CN.UTF-8', 'HOME': '/home/unitree', 'CMAKE_PREFIX_PATH': '/home/unitree/catkin_ws/devel:/opt/ros/melodic', 'ROS_LOG_FILENAME': '/home/unitree/.ros/log/020da738-f363-11ea-a8f4-48b02d15d5f5/roslaunch-nx-8062.log', 'LANG': 'en_US.UTF-8', 'MANAGERPID': '6909', 'SHELL': '/bin/bash', 'XAUTHORITY': '/run/user/1000/gdm/Xauthority', 'JOURNAL_STREAM': '8:42375', 'SESSION_MANAGER': 'local/nx:@/tmp/.ICE-unix/7196,unix/nx:/tmp/.ICE-unix/7196', 'LC_MEASUREMENT': 'zh_CN.UTF-8', 'CLUTTER_IM_MODULE': 'xim', 'DISPLAY': ':0', 'GTK_CSD': '0', 'GNOME_DESKTOP_SESSION_ID': 'this-is-deprecated', 'QT_ACCESSIBILITY': '1', 'WINDOWPATH': '1', 'DESKTOP_AUTOSTART_ID': '10d1fe6c7ed9be918715997416648162900000071960002', 'XMODIFIERS': '@im=ibus', 'ROS_ETC_DIR': '/opt/ros/melodic/etc/ros', 'GPG_AGENT_INFO': '/run/user/1000/gnupg/S.gpg-agent:0:1', 'ROS_PYTHON_VERSION': '2', 'INVOCATION_ID': '2c945fe11bf04c2d89f3ff3ea1be0c51', 'USERNAME': 'unitree', 'XDG_SESSION_DESKTOP': 'unity', 'XDG_RUNTIME_DIR': '/run/user/1000', 'SUDO_ASKPASS': '/home/unitree/RobotSLAMSystem/slam_planner/PASSWD', 'LC_IDENTIFICATION': 'zh_CN.UTF-8', 'LC_ADDRESS': 'zh_CN.UTF-8', 'PYTHONPATH': '/home/unitree/catkin_ws/devel/lib/python2.7/dist-packages:/opt/ros/melodic/lib/python2.7/dist-packages', 'SSH_AUTH_SOCK': '/run/user/1000/keyring/ssh', 'TERM': 'xterm-256color', 'ROS_ROOT': '/opt/ros/melodic/share/ros', 'GDMSESSION': 'unity', 'IM_CONFIG_PHASE': '2', 'TEXTDOMAINDIR': '/usr/share/locale/', 'DESKTOP_SESSION': 'unity', 'XDG_DATA_DIRS': '/usr/share/unity:/usr/local/share/:/usr/share/:/var/lib/snapd/desktop', 'PKG_CONFIG_PATH': '/home/unitree/catkin_ws/devel/lib/pkgconfig:/opt/ros/melodic/lib/pkgconfig', 'ROS_PACKAGE_PATH': '/home/unitree/catkin_ws/src:/opt/ros/melodic/share', 'DBUS_SESSION_BUS_ADDRESS': 'unix:path=/run/user/1000/bus', '_': '/opt/ros/melodic/bin/roslaunch', 'GTK_MODULES': 'gail:atk-bridge:unity-gtk-module', 'LD_PRELOAD': 'libgtk3-nocsd.so.0', 'GTK_IM_MODULE': 'ibus', 'LD_LIBRARY_PATH': '/home/unitree/catkin_ws/devel/lib:/opt/ros/melodic/lib', 'XDG_CONFIG_DIRS': '/etc/xdg/xdg-unity:/etc/xdg', 'GNOME_TERMINAL_SERVICE': ':1.92', 'VTE_VERSION': '5202', 'LC_TELEPHONE': 'zh_CN.UTF-8', 'LC_MONETARY': 'zh_CN.UTF-8', 'SHLVL': '2', 'PWD': '/home/unitree', 'ROS_MASTER_URI': 'http://localhost:11311', 'SSH_AGENT_LAUNCHER': 'gnome-keyring', 'ROS_VERSION': '1', 'TEXTDOMAIN': 'im-config', 'LC_NAME': 'zh_CN.UTF-8', 'XDG_MENU_PREFIX': 'gnome-', 'LC_TIME': 'zh_CN.UTF-8', 'GNOME_TERMINAL_SCREEN': '/org/gnome/Terminal/screen/215daf8f_d432_415d_9cf5_208d7024672b'}]
[roslaunch][INFO] 2020-09-10 20:41:59,439: process[laser2foot-5]: args[[u'/opt/ros/melodic/lib/tf/static_transform_publisher', '0', '0', '0', '0', '0', '0', '1', '/laser', '/base_footprint', '100', u'__name:=laser2foot']]
[roslaunch][INFO] 2020-09-10 20:41:59,439: ... created process [laser2foot-5]
[roslaunch.pmon][INFO] 2020-09-10 20:41:59,440: ProcessMonitor.register[laser2foot-5]
[roslaunch.pmon][INFO] 2020-09-10 20:41:59,440: ProcessMonitor.register[laser2foot-5] complete
[roslaunch][INFO] 2020-09-10 20:41:59,440: ... registered process [laser2foot-5]
[roslaunch][INFO] 2020-09-10 20:41:59,441: process[laser2foot-5]: starting os process
[roslaunch][INFO] 2020-09-10 20:41:59,441: process[laser2foot-5]: start w/ args [[u'/opt/ros/melodic/lib/tf/static_transform_publisher', '0', '0', '0', '0', '0', '0', '1', '/laser', '/base_footprint', '100', u'__name:=laser2foot', u'__log:=/home/unitree/.ros/log/020da738-f363-11ea-a8f4-48b02d15d5f5/laser2foot-5.log']]
[roslaunch][INFO] 2020-09-10 20:41:59,442: process[laser2foot-5]: cwd will be [/home/unitree/.ros]
[roslaunch][INFO] 2020-09-10 20:41:59,455: process[laser2foot-5]: started with pid [8194]
[roslaunch][INFO] 2020-09-10 20:41:59,456: ... successfully launched [laser2foot-5]
[roslaunch][INFO] 2020-09-10 20:41:59,457: ... preparing to launch node of type [slam_planner/slam_planner_node]
[roslaunch][INFO] 2020-09-10 20:41:59,458: create_node_process: package[slam_planner] type[slam_planner_node] machine[Machine(name[] env_loader[None] address[localhost] ssh_port[22] user[None] assignable[True] timeout[10.0])] master_uri[http://localhost:11311]
[roslaunch][INFO] 2020-09-10 20:41:59,459: process[slam_planner_node-6]: env[{'LC_NUMERIC': 'zh_CN.UTF-8', 'ROS_DISTRO': 'melodic', 'GNOME_SESSION_XDG_SESSION_PATH': '', 'QT4_IM_MODULE': 'xim', 'COLORTERM': 'truecolor', 'XDG_CURRENT_DESKTOP': 'Unity:Unity7:ubuntu', 'XDG_SESSION_TYPE': 'x11', 'ROSLISP_PACKAGE_DIRECTORIES': '/home/unitree/catkin_ws/devel/share/common-lisp', 'QT_IM_MODULE': 'ibus', 'LOGNAME': 'unitree', 'USER': 'unitree', 'PATH': '/opt/ros/melodic/bin:/usr/local/sbin:/usr/local/bin:/usr/sbin:/usr/bin:/sbin:/bin:/usr/games:/usr/local/games:/snap/bin', 'LC_PAPER': 'zh_CN.UTF-8', 'HOME': '/home/unitree', 'CMAKE_PREFIX_PATH': '/home/unitree/catkin_ws/devel:/opt/ros/melodic', 'ROS_LOG_FILENAME': '/home/unitree/.ros/log/020da738-f363-11ea-a8f4-48b02d15d5f5/roslaunch-nx-8062.log', 'LANG': 'en_US.UTF-8', 'MANAGERPID': '6909', 'SHELL': '/bin/bash', 'XAUTHORITY': '/run/user/1000/gdm/Xauthority', 'JOURNAL_STREAM': '8:42375', 'SESSION_MANAGER': 'local/nx:@/tmp/.ICE-unix/7196,unix/nx:/tmp/.ICE-unix/7196', 'LC_MEASUREMENT': 'zh_CN.UTF-8', 'CLUTTER_IM_MODULE': 'xim', 'DISPLAY': ':0', 'GTK_CSD': '0', 'GNOME_DESKTOP_SESSION_ID': 'this-is-deprecated', 'QT_ACCESSIBILITY': '1', 'WINDOWPATH': '1', 'DESKTOP_AUTOSTART_ID': '10d1fe6c7ed9be918715997416648162900000071960002', 'XMODIFIERS': '@im=ibus', 'ROS_ETC_DIR': '/opt/ros/melodic/etc/ros', 'GPG_AGENT_INFO': '/run/user/1000/gnupg/S.gpg-agent:0:1', 'ROS_PYTHON_VERSION': '2', 'INVOCATION_ID': '2c945fe11bf04c2d89f3ff3ea1be0c51', 'USERNAME': 'unitree', 'XDG_SESSION_DESKTOP': 'unity', 'XDG_RUNTIME_DIR': '/run/user/1000', 'SUDO_ASKPASS': '/home/unitree/RobotSLAMSystem/slam_planner/PASSWD', 'LC_IDENTIFICATION': 'zh_CN.UTF-8', 'LC_ADDRESS': 'zh_CN.UTF-8', 'PYTHONPATH': '/home/unitree/catkin_ws/devel/lib/python2.7/dist-packages:/opt/ros/melodic/lib/python2.7/dist-packages', 'SSH_AUTH_SOCK': '/run/user/1000/keyring/ssh', 'TERM': 'xterm-256color', 'ROS_ROOT': '/opt/ros/melodic/share/ros', 'GDMSESSION': 'unity', 'IM_CONFIG_PHASE': '2', 'TEXTDOMAINDIR': '/usr/share/locale/', 'DESKTOP_SESSION': 'unity', 'XDG_DATA_DIRS': '/usr/share/unity:/usr/local/share/:/usr/share/:/var/lib/snapd/desktop', 'PKG_CONFIG_PATH': '/home/unitree/catkin_ws/devel/lib/pkgconfig:/opt/ros/melodic/lib/pkgconfig', 'ROS_PACKAGE_PATH': '/home/unitree/catkin_ws/src:/opt/ros/melodic/share', 'DBUS_SESSION_BUS_ADDRESS': 'unix:path=/run/user/1000/bus', '_': '/opt/ros/melodic/bin/roslaunch', 'GTK_MODULES': 'gail:atk-bridge:unity-gtk-module', 'LD_PRELOAD': 'libgtk3-nocsd.so.0', 'GTK_IM_MODULE': 'ibus', 'LD_LIBRARY_PATH': '/home/unitree/catkin_ws/devel/lib:/opt/ros/melodic/lib', 'XDG_CONFIG_DIRS': '/etc/xdg/xdg-unity:/etc/xdg', 'GNOME_TERMINAL_SERVICE': ':1.92', 'VTE_VERSION': '5202', 'LC_TELEPHONE': 'zh_CN.UTF-8', 'LC_MONETARY': 'zh_CN.UTF-8', 'SHLVL': '2', 'PWD': '/home/unitree', 'ROS_MASTER_URI': 'http://localhost:11311', 'SSH_AGENT_LAUNCHER': 'gnome-keyring', 'ROS_VERSION': '1', 'TEXTDOMAIN': 'im-config', 'LC_NAME': 'zh_CN.UTF-8', 'XDG_MENU_PREFIX': 'gnome-', 'LC_TIME': 'zh_CN.UTF-8', 'GNOME_TERMINAL_SCREEN': '/org/gnome/Terminal/screen/215daf8f_d432_415d_9cf5_208d7024672b'}]
[roslaunch][INFO] 2020-09-10 20:41:59,478: process[slam_planner_node-6]: args[[u'/home/unitree/catkin_ws/devel/lib/slam_planner/slam_planner_node', u'__name:=slam_planner_node']]
[roslaunch][INFO] 2020-09-10 20:41:59,482: ... created process [slam_planner_node-6]
[roslaunch.pmon][INFO] 2020-09-10 20:41:59,483: ProcessMonitor.register[slam_planner_node-6]
[roslaunch.pmon][INFO] 2020-09-10 20:41:59,484: ProcessMonitor.register[slam_planner_node-6] complete
[roslaunch][INFO] 2020-09-10 20:41:59,484: ... registered process [slam_planner_node-6]
[roslaunch][INFO] 2020-09-10 20:41:59,484: process[slam_planner_node-6]: starting os process
[roslaunch][INFO] 2020-09-10 20:41:59,485: process[slam_planner_node-6]: start w/ args [[u'/home/unitree/catkin_ws/devel/lib/slam_planner/slam_planner_node', u'__name:=slam_planner_node', u'__log:=/home/unitree/.ros/log/020da738-f363-11ea-a8f4-48b02d15d5f5/slam_planner_node-6.log']]
[roslaunch][INFO] 2020-09-10 20:41:59,485: process[slam_planner_node-6]: cwd will be [/home/unitree/.ros]
[roslaunch][INFO] 2020-09-10 20:41:59,502: process[slam_planner_node-6]: started with pid [8208]
[roslaunch][INFO] 2020-09-10 20:41:59,503: ... successfully launched [slam_planner_node-6]
[roslaunch][INFO] 2020-09-10 20:41:59,503: ... preparing to launch node of type [slam_planner/base_controller_node]
[roslaunch][INFO] 2020-09-10 20:41:59,504: create_node_process: package[slam_planner] type[base_controller_node] machine[Machine(name[] env_loader[None] address[localhost] ssh_port[22] user[None] assignable[True] timeout[10.0])] master_uri[http://localhost:11311]
[roslaunch][INFO] 2020-09-10 20:41:59,505: process[base_controller_node-7]: env[{'LC_NUMERIC': 'zh_CN.UTF-8', 'ROS_DISTRO': 'melodic', 'GNOME_SESSION_XDG_SESSION_PATH': '', 'QT4_IM_MODULE': 'xim', 'COLORTERM': 'truecolor', 'XDG_CURRENT_DESKTOP': 'Unity:Unity7:ubuntu', 'XDG_SESSION_TYPE': 'x11', 'ROSLISP_PACKAGE_DIRECTORIES': '/home/unitree/catkin_ws/devel/share/common-lisp', 'QT_IM_MODULE': 'ibus', 'LOGNAME': 'unitree', 'USER': 'unitree', 'PATH': '/opt/ros/melodic/bin:/usr/local/sbin:/usr/local/bin:/usr/sbin:/usr/bin:/sbin:/bin:/usr/games:/usr/local/games:/snap/bin', 'LC_PAPER': 'zh_CN.UTF-8', 'HOME': '/home/unitree', 'CMAKE_PREFIX_PATH': '/home/unitree/catkin_ws/devel:/opt/ros/melodic', 'ROS_LOG_FILENAME': '/home/unitree/.ros/log/020da738-f363-11ea-a8f4-48b02d15d5f5/roslaunch-nx-8062.log', 'LANG': 'en_US.UTF-8', 'MANAGERPID': '6909', 'SHELL': '/bin/bash', 'XAUTHORITY': '/run/user/1000/gdm/Xauthority', 'JOURNAL_STREAM': '8:42375', 'SESSION_MANAGER': 'local/nx:@/tmp/.ICE-unix/7196,unix/nx:/tmp/.ICE-unix/7196', 'LC_MEASUREMENT': 'zh_CN.UTF-8', 'CLUTTER_IM_MODULE': 'xim', 'DISPLAY': ':0', 'GTK_CSD': '0', 'GNOME_DESKTOP_SESSION_ID': 'this-is-deprecated', 'QT_ACCESSIBILITY': '1', 'WINDOWPATH': '1', 'DESKTOP_AUTOSTART_ID': '10d1fe6c7ed9be918715997416648162900000071960002', 'XMODIFIERS': '@im=ibus', 'ROS_ETC_DIR': '/opt/ros/melodic/etc/ros', 'GPG_AGENT_INFO': '/run/user/1000/gnupg/S.gpg-agent:0:1', 'ROS_PYTHON_VERSION': '2', 'INVOCATION_ID': '2c945fe11bf04c2d89f3ff3ea1be0c51', 'USERNAME': 'unitree', 'XDG_SESSION_DESKTOP': 'unity', 'XDG_RUNTIME_DIR': '/run/user/1000', 'SUDO_ASKPASS': '/home/unitree/RobotSLAMSystem/slam_planner/PASSWD', 'LC_IDENTIFICATION': 'zh_CN.UTF-8', 'LC_ADDRESS': 'zh_CN.UTF-8', 'PYTHONPATH': '/home/unitree/catkin_ws/devel/lib/python2.7/dist-packages:/opt/ros/melodic/lib/python2.7/dist-packages', 'SSH_AUTH_SOCK': '/run/user/1000/keyring/ssh', 'TERM': 'xterm-256color', 'ROS_ROOT': '/opt/ros/melodic/share/ros', 'GDMSESSION': 'unity', 'IM_CONFIG_PHASE': '2', 'TEXTDOMAINDIR': '/usr/share/locale/', 'DESKTOP_SESSION': 'unity', 'XDG_DATA_DIRS': '/usr/share/unity:/usr/local/share/:/usr/share/:/var/lib/snapd/desktop', 'PKG_CONFIG_PATH': '/home/unitree/catkin_ws/devel/lib/pkgconfig:/opt/ros/melodic/lib/pkgconfig', 'ROS_PACKAGE_PATH': '/home/unitree/catkin_ws/src:/opt/ros/melodic/share', 'DBUS_SESSION_BUS_ADDRESS': 'unix:path=/run/user/1000/bus', '_': '/opt/ros/melodic/bin/roslaunch', 'GTK_MODULES': 'gail:atk-bridge:unity-gtk-module', 'LD_PRELOAD': 'libgtk3-nocsd.so.0', 'GTK_IM_MODULE': 'ibus', 'LD_LIBRARY_PATH': '/home/unitree/catkin_ws/devel/lib:/opt/ros/melodic/lib', 'XDG_CONFIG_DIRS': '/etc/xdg/xdg-unity:/etc/xdg', 'GNOME_TERMINAL_SERVICE': ':1.92', 'VTE_VERSION': '5202', 'LC_TELEPHONE': 'zh_CN.UTF-8', 'LC_MONETARY': 'zh_CN.UTF-8', 'SHLVL': '2', 'PWD': '/home/unitree', 'ROS_MASTER_URI': 'http://localhost:11311', 'SSH_AGENT_LAUNCHER': 'gnome-keyring', 'ROS_VERSION': '1', 'TEXTDOMAIN': 'im-config', 'LC_NAME': 'zh_CN.UTF-8', 'XDG_MENU_PREFIX': 'gnome-', 'LC_TIME': 'zh_CN.UTF-8', 'GNOME_TERMINAL_SCREEN': '/org/gnome/Terminal/screen/215daf8f_d432_415d_9cf5_208d7024672b'}]
[roslaunch][INFO] 2020-09-10 20:41:59,510: process[base_controller_node-7]: args[[u'/home/unitree/catkin_ws/devel/lib/slam_planner/base_controller_node', u'__name:=base_controller_node']]
[roslaunch][INFO] 2020-09-10 20:41:59,511: ... created process [base_controller_node-7]
[roslaunch.pmon][INFO] 2020-09-10 20:41:59,511: ProcessMonitor.register[base_controller_node-7]
[roslaunch.pmon][INFO] 2020-09-10 20:41:59,511: ProcessMonitor.register[base_controller_node-7] complete
[roslaunch][INFO] 2020-09-10 20:41:59,512: ... registered process [base_controller_node-7]
[roslaunch][INFO] 2020-09-10 20:41:59,512: process[base_controller_node-7]: starting os process
[roslaunch][INFO] 2020-09-10 20:41:59,513: process[base_controller_node-7]: start w/ args [[u'/home/unitree/catkin_ws/devel/lib/slam_planner/base_controller_node', u'__name:=base_controller_node', u'__log:=/home/unitree/.ros/log/020da738-f363-11ea-a8f4-48b02d15d5f5/base_controller_node-7.log']]
[roslaunch][INFO] 2020-09-10 20:41:59,513: process[base_controller_node-7]: cwd will be [/home/unitree/.ros]
[roslaunch][INFO] 2020-09-10 20:41:59,554: process[base_controller_node-7]: started with pid [8211]
[roslaunch][INFO] 2020-09-10 20:41:59,555: ... successfully launched [base_controller_node-7]
[roslaunch][INFO] 2020-09-10 20:41:59,556: ... launch_nodes complete
[roslaunch.pmon][INFO] 2020-09-10 20:41:59,556: registrations completed <ProcessMonitor(ProcessMonitor-1, started daemon 548108661232)>
[roslaunch.parent][INFO] 2020-09-10 20:41:59,557: ... roslaunch parent running, waiting for process exit
[roslaunch][INFO] 2020-09-10 20:41:59,557: spin
[roslaunch.pmon][INFO] 2020-09-10 20:50:37,847: ProcessMonitor.shutdown <ProcessMonitor(ProcessMonitor-1, started daemon 548108661232)>
[roslaunch.pmon][INFO] 2020-09-10 20:50:37,924: ProcessMonitor._post_run <ProcessMonitor(ProcessMonitor-1, started daemon 548108661232)>
[roslaunch.pmon][INFO] 2020-09-10 20:50:37,925: ProcessMonitor._post_run <ProcessMonitor(ProcessMonitor-1, started daemon 548108661232)>: remaining procs are [<roslaunch.nodeprocess.LocalProcess object at 0x7f9df6be10>, <roslaunch.nodeprocess.LocalProcess object at 0x7f9dd4f290>, <roslaunch.nodeprocess.LocalProcess object at 0x7f9df6bf10>, <roslaunch.nodeprocess.LocalProcess object at 0x7f9dd4fc10>, <roslaunch.nodeprocess.LocalProcess object at 0x7f9dd79690>, <roslaunch.nodeprocess.LocalProcess object at 0x7f9dd795d0>, <roslaunch.nodeprocess.LocalProcess object at 0x7f9dd797d0>, <roslaunch.nodeprocess.LocalProcess object at 0x7f9dd79150>]
[roslaunch.pmon][INFO] 2020-09-10 20:50:37,927: ProcessMonitor exit: killing base_controller_node-7
[roslaunch][INFO] 2020-09-10 20:50:37,927: [base_controller_node-7] killing on exit
[roslaunch][INFO] 2020-09-10 20:50:37,928: process[base_controller_node-7]: killing os process with pid[8211] pgid[8211]
[roslaunch][INFO] 2020-09-10 20:50:37,929: [base_controller_node-7] sending SIGINT to pgid [8211]
[roslaunch][INFO] 2020-09-10 20:50:37,929: [base_controller_node-7] sent SIGINT to pgid [8211]
[roslaunch.pmon][INFO] 2020-09-10 20:50:37,931: ProcessMonitor exit: killing slam_planner_node-6
[roslaunch][INFO] 2020-09-10 20:50:37,932: [slam_planner_node-6] killing on exit
[roslaunch][INFO] 2020-09-10 20:50:37,932: process[slam_planner_node-6]: killing os process with pid[8208] pgid[8208]
[roslaunch][INFO] 2020-09-10 20:50:37,932: [slam_planner_node-6] sending SIGINT to pgid [8208]
[roslaunch][INFO] 2020-09-10 20:50:37,932: [slam_planner_node-6] sent SIGINT to pgid [8208]
[roslaunch.pmon][INFO] 2020-09-10 20:50:37,933: ProcessMonitor exit: killing laser2foot-5
[roslaunch][INFO] 2020-09-10 20:50:37,934: [laser2foot-5] killing on exit
[roslaunch][INFO] 2020-09-10 20:50:37,935: process[laser2foot-5]: killing os process with pid[8194] pgid[8194]
[roslaunch][INFO] 2020-09-10 20:50:37,935: [laser2foot-5] sending SIGINT to pgid [8194]
[roslaunch][INFO] 2020-09-10 20:50:37,935: [laser2foot-5] sent SIGINT to pgid [8194]
[roslaunch.pmon][INFO] 2020-09-10 20:50:37,937: ProcessMonitor exit: killing base2laser-4
[roslaunch][INFO] 2020-09-10 20:50:37,938: [base2laser-4] killing on exit
[roslaunch][INFO] 2020-09-10 20:50:37,938: process[base2laser-4]: killing os process with pid[8188] pgid[8188]
[roslaunch][INFO] 2020-09-10 20:50:37,938: [base2laser-4] sending SIGINT to pgid [8188]
[roslaunch][INFO] 2020-09-10 20:50:37,940: [base2laser-4] sent SIGINT to pgid [8188]
[roslaunch.pmon][INFO] 2020-09-10 20:50:37,941: ProcessMonitor exit: killing map2odom-3
[roslaunch][INFO] 2020-09-10 20:50:37,941: [map2odom-3] killing on exit
[roslaunch][INFO] 2020-09-10 20:50:37,942: process[map2odom-3]: killing os process with pid[8186] pgid[8186]
[roslaunch.pmon][INFO] 2020-09-10 20:50:37,943: ProcessMonitor exit: killing slamware_ros_sdk_server_node-2
[roslaunch][INFO] 2020-09-10 20:50:37,943: [map2odom-3] sending SIGINT to pgid [8186]
[roslaunch][INFO] 2020-09-10 20:50:37,944: [slamware_ros_sdk_server_node-2] killing on exit
[roslaunch][INFO] 2020-09-10 20:50:37,944: [map2odom-3] sent SIGINT to pgid [8186]
[roslaunch][INFO] 2020-09-10 20:50:37,945: process[slamware_ros_sdk_server_node-2]: killing os process with pid[8180] pgid[8180]
[roslaunch][INFO] 2020-09-10 20:50:37,946: [slamware_ros_sdk_server_node-2] sending SIGINT to pgid [8180]
[roslaunch][INFO] 2020-09-10 20:50:37,946: [slamware_ros_sdk_server_node-2] sent SIGINT to pgid [8180]
[roslaunch][INFO] 2020-09-10 20:50:38,136: process[laser2foot-5]: SIGINT killed with return value 0
[roslaunch][INFO] 2020-09-10 20:50:38,231: process[base_controller_node-7]: SIGINT killed with return value 0
[roslaunch][INFO] 2020-09-10 20:50:38,246: process[map2odom-3]: SIGINT killed with return value 0
[roslaunch][INFO] 2020-09-10 20:50:38,342: process[base2laser-4]: SIGINT killed with return value 0
[roslaunch][INFO] 2020-09-10 20:50:38,449: process[slamware_ros_sdk_server_node-2]: SIGINT killed with return value 0
[roslaunch][INFO] 2020-09-10 20:50:38,536: process[slam_planner_node-6]: SIGINT killed with return value 0
[roslaunch.pmon][INFO] 2020-09-10 20:50:38,537: ProcessMonitor exit: killing rosout-1
[roslaunch][INFO] 2020-09-10 20:50:38,537: [rosout-1] killing on exit
[roslaunch][INFO] 2020-09-10 20:50:38,538: process[rosout-1]: killing os process with pid[8166] pgid[8166]
[roslaunch][INFO] 2020-09-10 20:50:38,538: [rosout-1] sending SIGINT to pgid [8166]
[roslaunch][INFO] 2020-09-10 20:50:38,538: [rosout-1] sent SIGINT to pgid [8166]
[roslaunch][INFO] 2020-09-10 20:50:38,739: process[rosout-1]: SIGINT killed with return value 0
[roslaunch.pmon][INFO] 2020-09-10 20:50:38,740: ProcessMonitor exit: killing master
[roslaunch][INFO] 2020-09-10 20:50:38,740: [master] killing on exit
[roslaunch][INFO] 2020-09-10 20:50:38,741: process[master]: killing os process with pid[8100] pgid[8100]
[roslaunch][INFO] 2020-09-10 20:50:38,741: [master] sending SIGINT to pgid [8100]
[roslaunch][INFO] 2020-09-10 20:50:38,741: [master] sent SIGINT to pgid [8100]
[roslaunch][INFO] 2020-09-10 20:50:38,942: process[master]: SIGINT killed with return value 0
[roslaunch.pmon][INFO] 2020-09-10 20:50:38,943: ProcessMonitor exit: cleaning up data structures and signals
[roslaunch.pmon][INFO] 2020-09-10 20:50:38,943: ProcessMonitor exit: pmon has shutdown
[roslaunch][INFO] 2020-09-10 20:50:38,966: process monitor is done spinning, initiating full shutdown
[roslaunch][INFO] 2020-09-10 20:50:38,966: runner.stop()
[roslaunch][INFO] 2020-09-10 20:50:38,967: shutting down processing monitor...
[roslaunch][INFO] 2020-09-10 20:50:38,967: shutting down processing monitor <ProcessMonitor(ProcessMonitor-1, stopped daemon 548108661232)>
[roslaunch.pmon][INFO] 2020-09-10 20:50:38,967: ProcessMonitor.shutdown <ProcessMonitor(ProcessMonitor-1, stopped daemon 548108661232)>
[roslaunch][INFO] 2020-09-10 20:50:38,967: ... shutting down processing monitor complete
[roslaunch][INFO] 2020-09-10 20:50:38,968: done
[roslaunch.pmon][INFO] 2020-09-10 20:50:38,968: ProcessMonitor.shutdown <ProcessMonitor(ProcessMonitor-1, stopped daemon 548108661232)>
[rospy.core][INFO] 2020-09-10 20:50:38,969: signal_shutdown [atexit]
