

1730194365.782490980  Node Startup
1730194711.509300351 INFO /lcm_ros_bridge [/home/unitree/catkin_ws/src/unitree_ros_to_real/unitree_legged_real/src/bridge/lcm_ros_bridge.cpp:44(run)] [topics: /rosout, /unitree_legged_msgs/HighState] LCM-ROS bridge running...
1730194711.870163983 DEBUG /lcm_ros_bridge [/tmp/binarydeb/ros-melodic-roscpp-1.14.9/src/libros/transport/transport_tcp.cpp:645(TransportTCPPtr ros::TransportTCP::accept)] [topics: /rosout, /unitree_legged_msgs/HighState] Accepted connection on socket [7], new socket [22]
1730194711.871228018 DEBUG /lcm_ros_bridge [/tmp/binarydeb/ros-melodic-roscpp-1.14.9/src/libros/transport/transport_tcp.cpp:142(TransportTCP::initializeSocket)] [topics: /rosout, /unitree_legged_msgs/HighState] Adding tcp socket [22] to pollset
1730194711.871568500 DEBUG /lcm_ros_bridge [/tmp/binarydeb/ros-melodic-roscpp-1.14.9/src/libros/connection_manager.cpp:188(ConnectionManager::tcprosAcceptConnection)] [topics: /rosout, /unitree_legged_msgs/HighState] TCPROS received a connection from [192.168.123.10:32884]
1730194711.872002613 DEBUG /lcm_ros_bridge [/tmp/binarydeb/ros-melodic-roscpp-1.14.9/src/libros/connection_manager.cpp:203(ConnectionManager::onConnectionHeaderReceived)] [topics: /rosout, /unitree_legged_msgs/HighState] Connection: Creating TransportSubscriberLink for topic [/rosout] connected to [callerid=[/rosout] address=[TCPROS connection on port 51111 to [192.168.123.10:32884 on socket 22]]]
1730194781.650712720 DEBUG /lcm_ros_bridge [/tmp/binarydeb/ros-melodic-roscpp-1.14.9/src/libros/topic_manager.cpp:561(TopicManager::pubUpdate)] [topics: /rosout, /unitree_legged_msgs/HighState] Received update for topic [/unitree_legged_msgs/HighCmd] (1 publishers)
1730194781.650850929 DEBUG /lcm_ros_bridge [/tmp/binarydeb/ros-melodic-roscpp-1.14.9/src/libros/subscription.cpp:244(Subscription::pubUpdate)] [topics: /rosout, /unitree_legged_msgs/HighState] Publisher update for [/unitree_legged_msgs/HighCmd]: http://nx:37103/,  already have these connections: 
1730194781.672704159 DEBUG /lcm_ros_bridge [/tmp/binarydeb/ros-melodic-roscpp-1.14.9/src/libros/subscription.cpp:421(Subscription::negotiateConnection)] [topics: /rosout, /unitree_legged_msgs/HighState] Began asynchronous xmlrpc connection to [nx:37103]
1730194781.776188595 DEBUG /lcm_ros_bridge [/tmp/binarydeb/ros-melodic-roscpp-1.14.9/src/libros/subscription.cpp:509(Subscription::pendingConnectionDone)] [topics: /rosout, /unitree_legged_msgs/HighState] Connecting via tcpros to topic [/unitree_legged_msgs/HighCmd] at host [nx:50027]
1730194781.793777554 DEBUG /lcm_ros_bridge [/tmp/binarydeb/ros-melodic-roscpp-1.14.9/src/libros/transport/transport_tcp.cpp:326(TransportTCP::connect)] [topics: /rosout, /unitree_legged_msgs/HighState] Resolved publisher host [nx] to [192.168.123.10] for socket [24]
1730194781.794339284 DEBUG /lcm_ros_bridge [/tmp/binarydeb/ros-melodic-roscpp-1.14.9/src/libros/transport/transport_tcp.cpp:142(TransportTCP::initializeSocket)] [topics: /rosout, /unitree_legged_msgs/HighState] Adding tcp socket [24] to pollset
1730194781.794608501 DEBUG /lcm_ros_bridge [/tmp/binarydeb/ros-melodic-roscpp-1.14.9/src/libros/transport/transport_tcp.cpp:365(TransportTCP::connect)] [topics: /rosout, /unitree_legged_msgs/HighState] Async connect() in progress to [nx:50027] on socket [24]
1730194781.797981025 DEBUG /lcm_ros_bridge [/tmp/binarydeb/ros-melodic-roscpp-1.14.9/src/libros/subscription.cpp:525(Subscription::pendingConnectionDone)] [topics: /rosout, /unitree_legged_msgs/HighState] Connected to publisher of topic [/unitree_legged_msgs/HighCmd] at [nx:50027]
1730195225.992771115 INFO /lcm_ros_bridge [/home/unitree/catkin_ws/src/unitree_ros_to_real/unitree_legged_real/src/bridge/lcm_ros_bridge.cpp:44(run)] [topics: /rosout, /unitree_legged_msgs/HighState] LCM-ROS bridge running...
1730195242.082841857 DEBUG /lcm_ros_bridge [/tmp/binarydeb/ros-melodic-roscpp-1.14.9/src/libros/transport/transport_tcp.cpp:645(TransportTCPPtr ros::TransportTCP::accept)] [topics: /rosout, /unitree_legged_msgs/HighState] Accepted connection on socket [7], new socket [22]
1730195242.083468483 DEBUG /lcm_ros_bridge [/tmp/binarydeb/ros-melodic-roscpp-1.14.9/src/libros/transport/transport_tcp.cpp:142(TransportTCP::initializeSocket)] [topics: /rosout, /unitree_legged_msgs/HighState] Adding tcp socket [22] to pollset
1730195242.083774244 DEBUG /lcm_ros_bridge [/tmp/binarydeb/ros-melodic-roscpp-1.14.9/src/libros/connection_manager.cpp:188(ConnectionManager::tcprosAcceptConnection)] [topics: /rosout, /unitree_legged_msgs/HighState] TCPROS received a connection from [192.168.123.10:53974]
1730195242.084407014 DEBUG /lcm_ros_bridge [/tmp/binarydeb/ros-melodic-roscpp-1.14.9/src/libros/connection_manager.cpp:203(ConnectionManager::onConnectionHeaderReceived)] [topics: /rosout, /unitree_legged_msgs/HighState] Connection: Creating TransportSubscriberLink for topic [/rosout] connected to [callerid=[/rosout] address=[TCPROS connection on port 37803 to [192.168.123.10:53974 on socket 22]]]
1730195261.862634361 DEBUG /lcm_ros_bridge [/tmp/binarydeb/ros-melodic-roscpp-1.14.9/src/libros/topic_manager.cpp:561(TopicManager::pubUpdate)] [topics: /rosout, /unitree_legged_msgs/HighState] Received update for topic [/unitree_legged_msgs/HighCmd] (1 publishers)
1730195261.863184251 DEBUG /lcm_ros_bridge [/tmp/binarydeb/ros-melodic-roscpp-1.14.9/src/libros/subscription.cpp:244(Subscription::pubUpdate)] [topics: /rosout, /unitree_legged_msgs/HighState] Publisher update for [/unitree_legged_msgs/HighCmd]: http://nx:45531/,  already have these connections: 
1730195269.872090773 DEBUG /lcm_ros_bridge [/tmp/binarydeb/ros-melodic-roscpp-1.14.9/src/libros/subscription.cpp:421(Subscription::negotiateConnection)] [topics: /rosout, /unitree_legged_msgs/HighState] Began asynchronous xmlrpc connection to [nx:45531]
1730195269.978209778 DEBUG /lcm_ros_bridge [/tmp/binarydeb/ros-melodic-roscpp-1.14.9/src/libros/subscription.cpp:509(Subscription::pendingConnectionDone)] [topics: /rosout, /unitree_legged_msgs/HighState] Connecting via tcpros to topic [/unitree_legged_msgs/HighCmd] at host [nx:41301]
1730195277.994301989 DEBUG /lcm_ros_bridge [/tmp/binarydeb/ros-melodic-roscpp-1.14.9/src/libros/transport/transport_tcp.cpp:326(TransportTCP::connect)] [topics: /rosout, /unitree_legged_msgs/HighState] Resolved publisher host [nx] to [192.168.123.10] for socket [24]
1730195277.996393004 DEBUG /lcm_ros_bridge [/tmp/binarydeb/ros-melodic-roscpp-1.14.9/src/libros/transport/transport_tcp.cpp:142(TransportTCP::initializeSocket)] [topics: /rosout, /unitree_legged_msgs/HighState] Adding tcp socket [24] to pollset
1730195277.997138063 DEBUG /lcm_ros_bridge [/tmp/binarydeb/ros-melodic-roscpp-1.14.9/src/libros/transport/transport_tcp.cpp:365(TransportTCP::connect)] [topics: /rosout, /unitree_legged_msgs/HighState] Async connect() in progress to [nx:41301] on socket [24]
1730195277.997456048 DEBUG /lcm_ros_bridge [/tmp/binarydeb/ros-melodic-roscpp-1.14.9/src/libros/subscription.cpp:525(Subscription::pendingConnectionDone)] [topics: /rosout, /unitree_legged_msgs/HighState] Connected to publisher of topic [/unitree_legged_msgs/HighCmd] at [nx:41301]
1730195301.578357787 DEBUG /lcm_ros_bridge [/tmp/binarydeb/ros-melodic-roscpp-1.14.9/src/libros/transport/transport_tcp.cpp:515(TransportTCP::read)] [topics: /rosout, /unitree_legged_msgs/HighState] Socket [24] received 0/4 bytes, closing
1730195301.578811485 DEBUG /lcm_ros_bridge [/tmp/binarydeb/ros-melodic-roscpp-1.14.9/src/libros/transport/transport_tcp.cpp:464(TransportTCP::close)] [topics: /rosout, /unitree_legged_msgs/HighState] TCP socket [24] closed
1730195301.578930941 DEBUG /lcm_ros_bridge [/tmp/binarydeb/ros-melodic-roscpp-1.14.9/src/libros/connection.cpp:327(Connection::drop)] [topics: /rosout, /unitree_legged_msgs/HighState] Connection::drop(0)
1730195301.579074718 DEBUG /lcm_ros_bridge [/tmp/binarydeb/ros-melodic-roscpp-1.14.9/src/libros/transport_publisher_link.cpp:272(TransportPublisherLink::onConnectionDropped)] [topics: /rosout, /unitree_legged_msgs/HighState] Connection to publisher [TCPROS connection on port 42026 to [nx:41301 on socket 24]] to topic [/unitree_legged_msgs/HighCmd] dropped
1730195301.579753824 DEBUG /lcm_ros_bridge [/tmp/binarydeb/ros-melodic-roscpp-1.14.9/src/libros/transport/transport_tcp.cpp:715(TransportTCP::socketUpdate)] [topics: /rosout, /unitree_legged_msgs/HighState] getsockopt failed on socket [-1]
1730195301.580509347 DEBUG /lcm_ros_bridge [/tmp/binarydeb/ros-melodic-roscpp-1.14.9/src/libros/transport/transport_tcp.cpp:722(TransportTCP::socketUpdate)] [topics: /rosout, /unitree_legged_msgs/HighState] Socket -1 closed with (ERR|HUP|NVAL) events 8193: Unknown error -1
1730195301.681467405 DEBUG /lcm_ros_bridge [/tmp/binarydeb/ros-melodic-roscpp-1.14.9/src/libros/transport_publisher_link.cpp:230(TransportPublisherLink::onRetryTimer)] [topics: /rosout, /unitree_legged_msgs/HighState] Retrying connection to [nx:41301] for topic [/unitree_legged_msgs/HighCmd]
1730195301.691331921 DEBUG 1730195463.864658696 INFO /lcm_ros_bridge [/home/unitree/catkin_ws/src/unitree_ros_to_real/unitree_legged_real/src/bridge/lcm_ros_bridge.cpp:44(run)] [topics: /rosout, /unitree_legged_msgs/HighState] LCM-ROS bridge running...
1730195480.064749609 DEBUG /lcm_ros_bridge [/tmp/binarydeb/ros-melodic-roscpp-1.14.9/src/libros/transport/transport_tcp.cpp:645(TransportTCPPtr ros::TransportTCP::accept)] [topics: /rosout, /unitree_legged_msgs/HighState] Accepted connection on socket [7], new socket [22]
1730195480.066545136 DEBUG /lcm_ros_bridge [/tmp/binarydeb/ros-melodic-roscpp-1.14.9/src/libros/transport/transport_tcp.cpp:142(TransportTCP::initializeSocket)] [topics: /rosout, /unitree_legged_msgs/HighState] Adding tcp socket [22] to pollset
1730195480.066891633 DEBUG /lcm_ros_bridge [/tmp/binarydeb/ros-melodic-roscpp-1.14.9/src/libros/connection_manager.cpp:188(ConnectionManager::tcprosAcceptConnection)] [topics: /rosout, /unitree_legged_msgs/HighState] TCPROS received a connection from [192.168.123.10:57394]
1730195480.067939829 DEBUG /lcm_ros_bridge [/tmp/binarydeb/ros-melodic-roscpp-1.14.9/src/libros/connection_manager.cpp:203(ConnectionManager::onConnectionHeaderReceived)] [topics: /rosout, /unitree_legged_msgs/HighState] Connection: Creating TransportSubscriberLink for topic [/rosout] connected to [callerid=[/rosout] address=[TCPROS connection on port 41007 to [192.168.123.10:57394 on socket 22]]]
1730195497.535989088 DEBUG /lcm_ros_bridge [/tmp/binarydeb/ros-melodic-roscpp-1.14.9/src/libros/topic_manager.cpp:561(TopicManager::pubUpdate)] [topics: /rosout, /unitree_legged_msgs/HighState] Received update for topic [/unitree_legged_msgs/HighCmd] (1 publishers)
1730195497.536696994 DEBUG /lcm_ros_bridge [/tmp/binarydeb/ros-melodic-roscpp-1.14.9/src/libros/subscription.cpp:244(Subscription::pubUpdate)] [topics: /rosout, /unitree_legged_msgs/HighState] Publisher update for [/unitree_legged_msgs/HighCmd]: http://nx:39937/,  already have these connections: 
1730195500.265507690 DEBUG 