[rosmaster.main][INFO] 2024-10-29 22:16:58,815: initialization complete, waiting for shutdown
[rosmaster.main][INFO] 2024-10-29 22:16:58,816: Starting ROS Master Node
[xmlrpc][INFO] 2024-10-29 22:16:58,819: XML-RPC server binding to 0.0.0.0:11311
[xmlrpc][INFO] 2024-10-29 22:16:58,820: Started XML-RPC server [http://nx:11311/]
[rosmaster.master][INFO] 2024-10-29 22:16:58,821: Master initialized: port[11311], uri[http://nx:11311/]
[xmlrpc][INFO] 2024-10-29 22:16:58,821: xml rpc node: starting XML-RPC server
[rosmaster.master][INFO] 2024-10-29 22:16:58,980: +PARAM [/run_id] by /roslaunch
[rosmaster.master][INFO] 2024-10-29 22:16:58,985: +PARAM [/roslaunch/uris/host_nx__40469] by /roslaunch
[rosmaster.master][INFO] 2024-10-29 22:16:59,231: +PARAM [/rosversion] by /roslaunch
[rosmaster.master][INFO] 2024-10-29 22:16:59,232: +PARAM [/rosdistro] by /roslaunch
[rosmaster.master][INFO] 2024-10-29 22:16:59,243: +SERVICE [/rosout/get_loggers] /rosout http://nx:38521/
[rosmaster.master][INFO] 2024-10-29 22:16:59,245: +SERVICE [/rosout/set_logger_level] /rosout http://nx:38521/
[rosmaster.master][INFO] 2024-10-29 22:16:59,248: +PUB [/rosout_agg] /rosout http://nx:38521/
[rosmaster.master][INFO] 2024-10-29 22:16:59,255: +SUB [/rosout] /rosout http://nx:38521/
[rosmaster.master][INFO] 2024-10-29 22:17:14,729: +PUB [/rosout] /lcm_ros_bridge http://nx:42495/
[rosmaster.master][INFO] 2024-10-29 22:17:14,731: +SERVICE [/lcm_ros_bridge/get_loggers] /lcm_ros_bridge http://nx:42495/
[rosmaster.master][INFO] 2024-10-29 22:17:14,733: +SERVICE [/lcm_ros_bridge/set_logger_level] /lcm_ros_bridge http://nx:42495/
[rosmaster.master][INFO] 2024-10-29 22:17:14,736: +PUB [/unitree_legged_msgs/HighState] /lcm_ros_bridge http://nx:42495/
[rosmaster.master][INFO] 2024-10-29 22:17:14,742: +SUB [/unitree_legged_msgs/HighCmd] /lcm_ros_bridge http://nx:42495/
[rosmaster.master][INFO] 2024-10-29 22:17:14,756: publisherUpdate[/rosout] -> http://nx:38521/ ['http://nx:42495/']
[rosmaster.master][INFO] 2024-10-29 22:17:14,800: publisherUpdate[/rosout] -> http://nx:38521/ ['http://nx:42495/']: sec=0.04, result=[1, '', 0]
[rosmaster.master][INFO] 2024-10-29 22:18:00,012: +PUB [/rosout] /walk_ros_mode http://nx:42313/
[rosmaster.master][INFO] 2024-10-29 22:18:00,015: +SERVICE [/walk_ros_mode/get_loggers] /walk_ros_mode http://nx:42313/
[rosmaster.master][INFO] 2024-10-29 22:18:00,017: +SERVICE [/walk_ros_mode/set_logger_level] /walk_ros_mode http://nx:42313/
[rosmaster.master][INFO] 2024-10-29 22:18:00,021: +PUB [/unitree_legged_msgs/HighCmd] /walk_ros_mode http://nx:42313/
[rosmaster.master][INFO] 2024-10-29 22:18:00,083: publisherUpdate[/rosout] -> http://nx:38521/ ['http://nx:42495/', 'http://nx:42313/']
[rosmaster.master][INFO] 2024-10-29 22:18:00,085: publisherUpdate[/unitree_legged_msgs/HighCmd] -> http://nx:42495/ ['http://nx:42313/']
[rosmaster.master][INFO] 2024-10-29 22:18:00,122: publisherUpdate[/rosout] -> http://nx:38521/ ['http://nx:42495/', 'http://nx:42313/']: sec=0.04, result=[1, '', 0]
[rosmaster.master][INFO] 2024-10-29 22:18:00,125: publisherUpdate[/unitree_legged_msgs/HighCmd] -> http://nx:42495/ ['http://nx:42313/']: sec=0.04, result=[1, '', 0]
[rosmaster.master][INFO] 2024-10-29 22:18:11,574: -PUB [/rosout] /walk_ros_mode http://nx:42313/
[rosmaster.master][INFO] 2024-10-29 22:18:11,582: -PUB [/unitree_legged_msgs/HighCmd] /walk_ros_mode http://nx:42313/
[rosmaster.master][INFO] 2024-10-29 22:18:11,584: -SERVICE [/walk_ros_mode/get_loggers] /walk_ros_mode rosrpc://nx:58747
[rosmaster.master][INFO] 2024-10-29 22:18:11,586: -SERVICE [/walk_ros_mode/set_logger_level] /walk_ros_mode rosrpc://nx:58747
[rosmaster.master][INFO] 2024-10-29 22:18:11,660: publisherUpdate[/rosout] -> http://nx:38521/ ['http://nx:42495/']
[rosmaster.master][INFO] 2024-10-29 22:18:11,668: publisherUpdate[/rosout] -> http://nx:38521/ ['http://nx:42495/']: sec=0.01, result=[1, '', 0]
[rosmaster.master][INFO] 2024-10-29 22:18:11,669: publisherUpdate[/unitree_legged_msgs/HighCmd] -> http://nx:42495/ []
[rosmaster.master][INFO] 2024-10-29 22:18:11,692: publisherUpdate[/unitree_legged_msgs/HighCmd] -> http://nx:42495/ []: sec=0.02, result=[1, '', 0]
[rosmaster.master][INFO] 2024-10-29 22:21:49,056: +PUB [/rosout] /lcm_ros_bridge http://nx:35555/
[rosmaster.master][INFO] 2024-10-29 22:21:49,061: +SERVICE [/lcm_ros_bridge/get_loggers] /lcm_ros_bridge http://nx:35555/
[rosmaster.master][INFO] 2024-10-29 22:21:49,064: +SERVICE [/lcm_ros_bridge/set_logger_level] /lcm_ros_bridge http://nx:35555/
[rosmaster.master][INFO] 2024-10-29 22:21:49,068: +PUB [/unitree_legged_msgs/HighState] /lcm_ros_bridge http://nx:35555/
[rosmaster.master][INFO] 2024-10-29 22:21:49,079: +SUB [/unitree_legged_msgs/HighCmd] /lcm_ros_bridge http://nx:35555/
[rosmaster.master][INFO] 2024-10-29 22:21:49,093: publisherUpdate[/rosout] -> http://nx:38521/ ['http://nx:35555/']
[rosmaster.master][INFO] 2024-10-29 22:21:49,113: publisherUpdate[/rosout] -> http://nx:38521/ ['http://nx:35555/']: sec=0.02, result=[1, '', 0]
[rosmaster.master][INFO] 2024-10-29 22:21:58,883: +PUB [/rosout] /walk_ros_mode http://nx:38451/
[rosmaster.master][INFO] 2024-10-29 22:21:58,885: +SERVICE [/walk_ros_mode/get_loggers] /walk_ros_mode http://nx:38451/
[rosmaster.master][INFO] 2024-10-29 22:21:58,888: +SERVICE [/walk_ros_mode/set_logger_level] /walk_ros_mode http://nx:38451/
[rosmaster.master][INFO] 2024-10-29 22:21:58,895: +PUB [/unitree_legged_msgs/HighCmd] /walk_ros_mode http://nx:38451/
[rosmaster.master][INFO] 2024-10-29 22:21:58,944: publisherUpdate[/rosout] -> http://nx:38521/ ['http://nx:35555/', 'http://nx:38451/']
[rosmaster.master][INFO] 2024-10-29 22:21:58,969: publisherUpdate[/rosout] -> http://nx:38521/ ['http://nx:35555/', 'http://nx:38451/']: sec=0.02, result=[1, '', 0]
[rosmaster.master][INFO] 2024-10-29 22:21:58,970: publisherUpdate[/unitree_legged_msgs/HighCmd] -> http://nx:35555/ ['http://nx:38451/']
[rosmaster.master][INFO] 2024-10-29 22:21:59,010: publisherUpdate[/unitree_legged_msgs/HighCmd] -> http://nx:35555/ ['http://nx:38451/']: sec=0.04, result=[1, '', 0]
[rosmaster.master][INFO] 2024-10-29 22:22:05,352: -PUB [/rosout] /walk_ros_mode http://nx:38451/
[rosmaster.master][INFO] 2024-10-29 22:22:05,359: -PUB [/unitree_legged_msgs/HighCmd] /walk_ros_mode http://nx:38451/
[rosmaster.master][INFO] 2024-10-29 22:22:05,361: -SERVICE [/walk_ros_mode/get_loggers] /walk_ros_mode rosrpc://nx:42431
[rosmaster.master][INFO] 2024-10-29 22:22:05,362: -SERVICE [/walk_ros_mode/set_logger_level] /walk_ros_mode rosrpc://nx:42431
[rosmaster.master][INFO] 2024-10-29 22:22:05,407: publisherUpdate[/rosout] -> http://nx:38521/ ['http://nx:35555/']
[rosmaster.master][INFO] 2024-10-29 22:22:05,409: publisherUpdate[/unitree_legged_msgs/HighCmd] -> http://nx:35555/ []
[rosmaster.master][INFO] 2024-10-29 22:22:05,436: publisherUpdate[/unitree_legged_msgs/HighCmd] -> http://nx:35555/ []: sec=0.02, result=[1, '', 0]
[rosmaster.master][INFO] 2024-10-29 22:22:05,439: publisherUpdate[/rosout] -> http://nx:38521/ ['http://nx:35555/']: sec=0.03, result=[1, '', 0]
[rosmaster.master][INFO] 2024-10-29 22:25:35,008: +PUB [/rosout] /lcm_ros_bridge http://nx:45837/
[rosmaster.master][INFO] 2024-10-29 22:25:35,012: +SERVICE [/lcm_ros_bridge/get_loggers] /lcm_ros_bridge http://nx:45837/
[rosmaster.master][INFO] 2024-10-29 22:25:35,016: +SERVICE [/lcm_ros_bridge/set_logger_level] /lcm_ros_bridge http://nx:45837/
[rosmaster.master][INFO] 2024-10-29 22:25:35,021: +PUB [/unitree_legged_msgs/HighState] /lcm_ros_bridge http://nx:45837/
[rosmaster.master][INFO] 2024-10-29 22:25:35,031: +SUB [/unitree_legged_msgs/HighCmd] /lcm_ros_bridge http://nx:45837/
[rosmaster.master][INFO] 2024-10-29 22:25:35,066: publisherUpdate[/rosout] -> http://nx:38521/ ['http://nx:45837/']
[rosmaster.master][INFO] 2024-10-29 22:25:35,088: publisherUpdate[/rosout] -> http://nx:38521/ ['http://nx:45837/']: sec=0.02, result=[1, '', 0]
[rosmaster.master][INFO] 2024-10-29 22:25:42,152: +PUB [/rosout] /walk_ros_mode http://nx:37267/
[rosmaster.master][INFO] 2024-10-29 22:25:42,154: +SERVICE [/walk_ros_mode/get_loggers] /walk_ros_mode http://nx:37267/
[rosmaster.master][INFO] 2024-10-29 22:25:42,155: +SERVICE [/walk_ros_mode/set_logger_level] /walk_ros_mode http://nx:37267/
[rosmaster.master][INFO] 2024-10-29 22:25:42,158: +PUB [/unitree_legged_msgs/HighCmd] /walk_ros_mode http://nx:37267/
[rosmaster.master][INFO] 2024-10-29 22:25:42,182: publisherUpdate[/rosout] -> http://nx:38521/ ['http://nx:45837/', 'http://nx:37267/']
[rosmaster.master][INFO] 2024-10-29 22:25:42,204: publisherUpdate[/unitree_legged_msgs/HighCmd] -> http://nx:45837/ ['http://nx:37267/']
[rosmaster.master][INFO] 2024-10-29 22:25:42,210: publisherUpdate[/rosout] -> http://nx:38521/ ['http://nx:45837/', 'http://nx:37267/']: sec=0.03, result=[1, '', 0]
[rosmaster.master][INFO] 2024-10-29 22:25:42,250: publisherUpdate[/unitree_legged_msgs/HighCmd] -> http://nx:45837/ ['http://nx:37267/']: sec=0.05, result=[1, '', 0]
[rosmaster.master][INFO] 2024-10-29 22:25:49,194: -PUB [/rosout] /lcm_ros_bridge http://nx:45837/
[rosmaster.master][INFO] 2024-10-29 22:25:49,201: -PUB [/unitree_legged_msgs/HighState] /lcm_ros_bridge http://nx:45837/
[rosmaster.master][INFO] 2024-10-29 22:25:49,203: -SUB [/unitree_legged_msgs/HighCmd] /lcm_ros_bridge http://nx:45837/
[rosmaster.master][INFO] 2024-10-29 22:25:49,205: -SERVICE [/lcm_ros_bridge/get_loggers] /lcm_ros_bridge rosrpc://nx:54293
[rosmaster.master][INFO] 2024-10-29 22:25:49,207: -SERVICE [/lcm_ros_bridge/set_logger_level] /lcm_ros_bridge rosrpc://nx:54293
[rosmaster.master][INFO] 2024-10-29 22:25:49,241: publisherUpdate[/rosout] -> http://nx:38521/ ['http://nx:37267/']
[rosmaster.master][INFO] 2024-10-29 22:25:49,248: publisherUpdate[/rosout] -> http://nx:38521/ ['http://nx:37267/']: sec=0.01, result=[1, '', 0]
[rosmaster.master][INFO] 2024-10-29 22:25:50,996: -PUB [/rosout] /walk_ros_mode http://nx:37267/
[rosmaster.master][INFO] 2024-10-29 22:25:51,003: -PUB [/unitree_legged_msgs/HighCmd] /walk_ros_mode http://nx:37267/
[rosmaster.master][INFO] 2024-10-29 22:25:51,005: -SERVICE [/walk_ros_mode/get_loggers] /walk_ros_mode rosrpc://nx:47121
[rosmaster.master][INFO] 2024-10-29 22:25:51,007: -SERVICE [/walk_ros_mode/set_logger_level] /walk_ros_mode rosrpc://nx:47121
[rosmaster.master][INFO] 2024-10-29 22:25:51,048: publisherUpdate[/rosout] -> http://nx:38521/ []
[rosmaster.master][INFO] 2024-10-29 22:25:51,055: publisherUpdate[/rosout] -> http://nx:38521/ []: sec=0.01, result=[1, '', 0]
[rosmaster.master][INFO] 2024-10-29 22:29:23,411: -PUB [/rosout_agg] /rosout http://nx:38521/
[rosmaster.master][INFO] 2024-10-29 22:29:23,413: -SUB [/rosout] /rosout http://nx:38521/
[rosmaster.master][INFO] 2024-10-29 22:29:23,415: -SERVICE [/rosout/get_loggers] /rosout rosrpc://nx:54385
[rosmaster.master][INFO] 2024-10-29 22:29:23,417: -SERVICE [/rosout/set_logger_level] /rosout rosrpc://nx:54385
[rosmaster.main][INFO] 2024-10-29 22:29:23,527: keyboard interrupt, will exit
[rosmaster.main][INFO] 2024-10-29 22:29:23,529: stopping master...
[rospy.core][INFO] 2024-10-29 22:29:23,531: signal_shutdown [atexit]
