[roslaunch][INFO] 2024-10-16 20:15:08,699: Checking log directory for disk usage. This may take a while.
Press Ctrl-C to interrupt
[roslaunch][INFO] 2024-10-16 20:15:08,723: Done checking log file disk usage. Usage is <1GB.
[roslaunch][INFO] 2024-10-16 20:15:08,724: roslaunch starting with args ['/opt/ros/melodic/bin/roslaunch', 'slam_planner', 'slam_planner_online.launch']
[roslaunch][INFO] 2024-10-16 20:15:08,725: roslaunch env is {'LC_NUMERIC': 'zh_CN.UTF-8', 'ROS_DISTRO': 'melodic', 'QT4_IM_MODULE': 'xim', 'WINDOWPATH': '1', 'XDG_CURRENT_DESKTOP': 'Unity:Unity7:ubuntu', 'XDG_SESSION_TYPE': 'x11', 'ROSLISP_PACKAGE_DIRECTORIES': '/home/unitree/catkin_ws/devel/share/common-lisp', 'QT_IM_MODULE': 'ibus', 'LOGNAME': 'unitree', 'USER': 'unitree', 'PATH': '/opt/ros/melodic/bin:/usr/local/sbin:/usr/local/bin:/usr/sbin:/usr/bin:/sbin:/bin:/usr/games:/usr/local/games:/snap/bin', 'LC_PAPER': 'zh_CN.UTF-8', 'HOME': '/home/unitree', 'CMAKE_PREFIX_PATH': '/home/unitree/catkin_ws/devel:/opt/ros/melodic', 'DISPLAY': ':0', 'XDG_RUNTIME_DIR': '/run/user/1000', 'LANG': 'en_US.UTF-8', 'MANAGERPID': '7009', 'SHELL': '/bin/bash', 'ROS_LOG_FILENAME': '/home/unitree/.ros/log/48e02aea-8bb8-11ef-84d3-48b02d15d5f5/roslaunch-nx-8209.log', 'XAUTHORITY': '/run/user/1000/gdm/Xauthority', 'JOURNAL_STREAM': '8:45078', 'SESSION_MANAGER': 'local/nx:@/tmp/.ICE-unix/7310,unix/nx:/tmp/.ICE-unix/7310', 'LC_MEASUREMENT': 'zh_CN.UTF-8', 'QT_ACCESSIBILITY': '1', 'LD_LIBRARY_PATH': '/home/unitree/catkin_ws/devel/lib:/opt/ros/melodic/lib', 'GTK_CSD': '0', 'GNOME_DESKTOP_SESSION_ID': 'this-is-deprecated', 'CLUTTER_IM_MODULE': 'xim', 'TEXTDOMAIN': 'im-config', 'DESKTOP_AUTOSTART_ID': '1076aa30f5fb5a78b117290808572496900000073100002', 'XMODIFIERS': '@im=ibus', 'ROS_MASTER_URI': 'http://localhost:11311', 'GPG_AGENT_INFO': '/run/user/1000/gnupg/S.gpg-agent:0:1', 'ROS_PYTHON_VERSION': '2', 'INVOCATION_ID': 'b0530630645141a59f268a57829dec2d', 'USERNAME': 'unitree', 'XDG_SESSION_DESKTOP': 'unity', 'SHLVL': '2', 'ROS_VERSION': '1', 'SUDO_ASKPASS': '/home/unitree/RobotSLAMSystem/slam_planner/PASSWD', 'GTK_IM_MODULE': 'ibus', 'LC_ADDRESS': 'zh_CN.UTF-8', 'PYTHONPATH': '/home/unitree/catkin_ws/devel/lib/python2.7/dist-packages:/opt/ros/melodic/lib/python2.7/dist-packages', 'SSH_AUTH_SOCK': '/run/user/1000/keyring/ssh', 'TERM': 'xterm-256color', 'ROS_ROOT': '/opt/ros/melodic/share/ros', 'GDMSESSION': 'unity', 'IM_CONFIG_PHASE': '2', 'LC_TIME': 'zh_CN.UTF-8', 'TEXTDOMAINDIR': '/usr/share/locale/', 'XDG_DATA_DIRS': '/usr/share/unity:/usr/local/share/:/usr/share/:/var/lib/snapd/desktop', 'PKG_CONFIG_PATH': '/home/unitree/catkin_ws/devel/lib/pkgconfig:/opt/ros/melodic/lib/pkgconfig', 'ROS_PACKAGE_PATH': '/home/unitree/catkin_ws/src:/opt/ros/melodic/share', 'DBUS_SESSION_BUS_ADDRESS': 'unix:path=/run/user/1000/bus', '_': '/opt/ros/melodic/bin/roslaunch', 'GNOME_TERMINAL_SERVICE': ':1.92', 'LD_PRELOAD': 'libgtk3-nocsd.so.0', 'LC_IDENTIFICATION': 'zh_CN.UTF-8', 'DESKTOP_SESSION': 'unity', 'XDG_CONFIG_DIRS': '/etc/xdg/xdg-unity:/etc/xdg', 'GTK_MODULES': 'gail:atk-bridge:unity-gtk-module', 'VTE_VERSION': '5202', 'LC_TELEPHONE': 'zh_CN.UTF-8', 'LC_MONETARY': 'zh_CN.UTF-8', 'PWD': '/home/unitree', 'ROS_ETC_DIR': '/opt/ros/melodic/etc/ros', 'SSH_AGENT_LAUNCHER': 'gnome-keyring', 'COLORTERM': 'truecolor', 'LC_NAME': 'zh_CN.UTF-8', 'XDG_MENU_PREFIX': 'gnome-', 'GNOME_SESSION_XDG_SESSION_PATH': '', 'GNOME_TERMINAL_SCREEN': '/org/gnome/Terminal/screen/cb1d6b4e_be94_4da9_90a0_726a2a9c3a31'}
[roslaunch][INFO] 2024-10-16 20:15:08,725: starting in server mode
[roslaunch.parent][INFO] 2024-10-16 20:15:08,726: starting roslaunch parent run
[roslaunch][INFO] 2024-10-16 20:15:08,727: loading roscore config file /opt/ros/melodic/etc/ros/roscore.xml
[roslaunch][INFO] 2024-10-16 20:15:10,773: Added core node of type [rosout/rosout] in namespace [/]
[roslaunch.config][INFO] 2024-10-16 20:15:10,774: loading config file /home/unitree/catkin_ws/src/slamrplidar/slamplanner/launch/slam_planner_online.launch
[roslaunch][INFO] 2024-10-16 20:15:10,889: Added node of type [slamware_ros_sdk/slamware_ros_sdk_server_node] in namespace [/]
[roslaunch][INFO] 2024-10-16 20:15:10,910: Added node of type [tf/static_transform_publisher] in namespace [/]
[roslaunch][INFO] 2024-10-16 20:15:10,911: Added node of type [tf/static_transform_publisher] in namespace [/]
[roslaunch][INFO] 2024-10-16 20:15:10,913: Added node of type [tf/static_transform_publisher] in namespace [/]
[roslaunch][INFO] 2024-10-16 20:15:11,000: Added node of type [slam_planner/slam_planner_node] in namespace [/]
[roslaunch][INFO] 2024-10-16 20:15:11,001: Added node of type [slam_planner/base_controller_node] in namespace [/]
[roslaunch][INFO] 2024-10-16 20:15:11,002: ... selected machine [] for node of type [slamware_ros_sdk/slamware_ros_sdk_server_node]
[roslaunch][INFO] 2024-10-16 20:15:11,002: ... selected machine [] for node of type [tf/static_transform_publisher]
[roslaunch][INFO] 2024-10-16 20:15:11,002: ... selected machine [] for node of type [tf/static_transform_publisher]
[roslaunch][INFO] 2024-10-16 20:15:11,003: ... selected machine [] for node of type [tf/static_transform_publisher]
[roslaunch][INFO] 2024-10-16 20:15:11,003: ... selected machine [] for node of type [slam_planner/slam_planner_node]
[roslaunch][INFO] 2024-10-16 20:15:11,003: ... selected machine [] for node of type [slam_planner/base_controller_node]
[roslaunch.pmon][INFO] 2024-10-16 20:15:11,009: start_process_monitor: creating ProcessMonitor
[roslaunch.pmon][INFO] 2024-10-16 20:15:11,010: created process monitor <ProcessMonitor(ProcessMonitor-1, initial daemon)>
[roslaunch.pmon][INFO] 2024-10-16 20:15:11,011: start_process_monitor: ProcessMonitor started
[roslaunch.parent][INFO] 2024-10-16 20:15:11,012: starting parent XML-RPC server
[roslaunch.server][INFO] 2024-10-16 20:15:11,012: starting roslaunch XML-RPC server
[roslaunch.server][INFO] 2024-10-16 20:15:11,013: waiting for roslaunch XML-RPC server to initialize
[xmlrpc][INFO] 2024-10-16 20:15:11,014: XML-RPC server binding to 0.0.0.0:0
[xmlrpc][INFO] 2024-10-16 20:15:11,015: Started XML-RPC server [http://nx:33815/]
[xmlrpc][INFO] 2024-10-16 20:15:11,016: xml rpc node: starting XML-RPC server
[roslaunch][INFO] 2024-10-16 20:15:11,032: started roslaunch server http://nx:33815/
[roslaunch.parent][INFO] 2024-10-16 20:15:11,033: ... parent XML-RPC server started
[roslaunch][INFO] 2024-10-16 20:15:11,037: master.is_running[http://localhost:11311]
[roslaunch][INFO] 2024-10-16 20:15:11,039: auto-starting new master
[roslaunch][INFO] 2024-10-16 20:15:11,039: create_master_process: rosmaster, /opt/ros/melodic/share/ros, 11311, 3, None, False
[roslaunch][INFO] 2024-10-16 20:15:11,040: process[master]: launching with args [['rosmaster', '--core', '-p', '11311', '-w', '3']]
[roslaunch.pmon][INFO] 2024-10-16 20:15:11,040: ProcessMonitor.register[master]
[roslaunch.pmon][INFO] 2024-10-16 20:15:11,040: ProcessMonitor.register[master] complete
[roslaunch][INFO] 2024-10-16 20:15:11,040: process[master]: starting os process
[roslaunch][INFO] 2024-10-16 20:15:11,041: process[master]: start w/ args [['rosmaster', '--core', '-p', '11311', '-w', '3', '__log:=/home/unitree/.ros/log/48e02aea-8bb8-11ef-84d3-48b02d15d5f5/master.log']]
[roslaunch][INFO] 2024-10-16 20:15:11,041: process[master]: cwd will be [/home/unitree/.ros]
[roslaunch][INFO] 2024-10-16 20:15:11,054: process[master]: started with pid [8246]
[roslaunch][INFO] 2024-10-16 20:15:11,056: master.is_running[http://localhost:11311]
[roslaunch][INFO] 2024-10-16 20:15:11,158: master.is_running[http://localhost:11311]
[roslaunch][INFO] 2024-10-16 20:15:11,260: master.is_running[http://localhost:11311]
[roslaunch][INFO] 2024-10-16 20:15:11,362: master.is_running[http://localhost:11311]
[roslaunch][INFO] 2024-10-16 20:15:11,464: master.is_running[http://localhost:11311]
[roslaunch][INFO] 2024-10-16 20:15:11,565: master.is_running[http://localhost:11311]
[roslaunch][INFO] 2024-10-16 20:15:11,668: master.is_running[http://localhost:11311]
[roslaunch][INFO] 2024-10-16 20:15:11,770: master.is_running[http://localhost:11311]
[roslaunch][INFO] 2024-10-16 20:15:11,872: master.is_running[http://localhost:11311]
[roslaunch][INFO] 2024-10-16 20:15:11,878: master.is_running[http://localhost:11311]
[roslaunch][INFO] 2024-10-16 20:15:11,882: ROS_MASTER_URI=http://localhost:11311
[roslaunch][INFO] 2024-10-16 20:15:11,886: setting /run_id to 48e02aea-8bb8-11ef-84d3-48b02d15d5f5
[roslaunch][INFO] 2024-10-16 20:15:11,890: setting /roslaunch/uris/host_nx__33815' to http://nx:33815/
[roslaunch][INFO] 2024-10-16 20:15:11,897: ... preparing to launch node of type [rosout/rosout]
[roslaunch][INFO] 2024-10-16 20:15:11,898: create_node_process: package[rosout] type[rosout] machine[Machine(name[] env_loader[None] address[localhost] ssh_port[22] user[None] assignable[True] timeout[10.0])] master_uri[http://localhost:11311]
[roslaunch][INFO] 2024-10-16 20:15:11,898: process[rosout-1]: env[{'LC_NUMERIC': 'zh_CN.UTF-8', 'ROS_DISTRO': 'melodic', 'GNOME_SESSION_XDG_SESSION_PATH': '', 'QT4_IM_MODULE': 'xim', 'COLORTERM': 'truecolor', 'XDG_CURRENT_DESKTOP': 'Unity:Unity7:ubuntu', 'XDG_SESSION_TYPE': 'x11', 'ROSLISP_PACKAGE_DIRECTORIES': '/home/unitree/catkin_ws/devel/share/common-lisp', 'QT_IM_MODULE': 'ibus', 'LOGNAME': 'unitree', 'USER': 'unitree', 'PATH': '/opt/ros/melodic/bin:/usr/local/sbin:/usr/local/bin:/usr/sbin:/usr/bin:/sbin:/bin:/usr/games:/usr/local/games:/snap/bin', 'LC_PAPER': 'zh_CN.UTF-8', 'HOME': '/home/unitree', 'CMAKE_PREFIX_PATH': '/home/unitree/catkin_ws/devel:/opt/ros/melodic', 'ROS_LOG_FILENAME': '/home/unitree/.ros/log/48e02aea-8bb8-11ef-84d3-48b02d15d5f5/roslaunch-nx-8209.log', 'LANG': 'en_US.UTF-8', 'MANAGERPID': '7009', 'SHELL': '/bin/bash', 'XAUTHORITY': '/run/user/1000/gdm/Xauthority', 'JOURNAL_STREAM': '8:45078', 'SESSION_MANAGER': 'local/nx:@/tmp/.ICE-unix/7310,unix/nx:/tmp/.ICE-unix/7310', 'LC_MEASUREMENT': 'zh_CN.UTF-8', 'CLUTTER_IM_MODULE': 'xim', 'DISPLAY': ':0', 'GTK_CSD': '0', 'GNOME_DESKTOP_SESSION_ID': 'this-is-deprecated', 'QT_ACCESSIBILITY': '1', 'WINDOWPATH': '1', 'DESKTOP_AUTOSTART_ID': '1076aa30f5fb5a78b117290808572496900000073100002', 'XMODIFIERS': '@im=ibus', 'ROS_ETC_DIR': '/opt/ros/melodic/etc/ros', 'GPG_AGENT_INFO': '/run/user/1000/gnupg/S.gpg-agent:0:1', 'ROS_PYTHON_VERSION': '2', 'INVOCATION_ID': 'b0530630645141a59f268a57829dec2d', 'USERNAME': 'unitree', 'XDG_SESSION_DESKTOP': 'unity', 'XDG_RUNTIME_DIR': '/run/user/1000', 'SUDO_ASKPASS': '/home/unitree/RobotSLAMSystem/slam_planner/PASSWD', 'LC_IDENTIFICATION': 'zh_CN.UTF-8', 'LC_ADDRESS': 'zh_CN.UTF-8', 'PYTHONPATH': '/home/unitree/catkin_ws/devel/lib/python2.7/dist-packages:/opt/ros/melodic/lib/python2.7/dist-packages', 'SSH_AUTH_SOCK': '/run/user/1000/keyring/ssh', 'TERM': 'xterm-256color', 'ROS_ROOT': '/opt/ros/melodic/share/ros', 'GDMSESSION': 'unity', 'IM_CONFIG_PHASE': '2', 'TEXTDOMAINDIR': '/usr/share/locale/', 'DESKTOP_SESSION': 'unity', 'XDG_DATA_DIRS': '/usr/share/unity:/usr/local/share/:/usr/share/:/var/lib/snapd/desktop', 'PKG_CONFIG_PATH': '/home/unitree/catkin_ws/devel/lib/pkgconfig:/opt/ros/melodic/lib/pkgconfig', 'ROS_PACKAGE_PATH': '/home/unitree/catkin_ws/src:/opt/ros/melodic/share', 'DBUS_SESSION_BUS_ADDRESS': 'unix:path=/run/user/1000/bus', '_': '/opt/ros/melodic/bin/roslaunch', 'GTK_MODULES': 'gail:atk-bridge:unity-gtk-module', 'LD_PRELOAD': 'libgtk3-nocsd.so.0', 'GTK_IM_MODULE': 'ibus', 'LD_LIBRARY_PATH': '/home/unitree/catkin_ws/devel/lib:/opt/ros/melodic/lib', 'XDG_CONFIG_DIRS': '/etc/xdg/xdg-unity:/etc/xdg', 'GNOME_TERMINAL_SERVICE': ':1.92', 'VTE_VERSION': '5202', 'LC_TELEPHONE': 'zh_CN.UTF-8', 'LC_MONETARY': 'zh_CN.UTF-8', 'SHLVL': '2', 'PWD': '/home/unitree', 'ROS_MASTER_URI': 'http://localhost:11311', 'SSH_AGENT_LAUNCHER': 'gnome-keyring', 'ROS_VERSION': '1', 'TEXTDOMAIN': 'im-config', 'LC_NAME': 'zh_CN.UTF-8', 'XDG_MENU_PREFIX': 'gnome-', 'LC_TIME': 'zh_CN.UTF-8', 'GNOME_TERMINAL_SCREEN': '/org/gnome/Terminal/screen/cb1d6b4e_be94_4da9_90a0_726a2a9c3a31'}]
[roslaunch][INFO] 2024-10-16 20:15:12,022: process[rosout-1]: args[[u'/opt/ros/melodic/lib/rosout/rosout', u'__name:=rosout']]
[roslaunch][INFO] 2024-10-16 20:15:12,023: ... created process [rosout-1]
[roslaunch.pmon][INFO] 2024-10-16 20:15:12,024: ProcessMonitor.register[rosout-1]
[roslaunch.pmon][INFO] 2024-10-16 20:15:12,024: ProcessMonitor.register[rosout-1] complete
[roslaunch][INFO] 2024-10-16 20:15:12,024: ... registered process [rosout-1]
[roslaunch][INFO] 2024-10-16 20:15:12,025: process[rosout-1]: starting os process
[roslaunch][INFO] 2024-10-16 20:15:12,025: process[rosout-1]: start w/ args [[u'/opt/ros/melodic/lib/rosout/rosout', u'__name:=rosout', u'__log:=/home/unitree/.ros/log/48e02aea-8bb8-11ef-84d3-48b02d15d5f5/rosout-1.log']]
[roslaunch][INFO] 2024-10-16 20:15:12,026: process[rosout-1]: cwd will be [/home/unitree/.ros]
[roslaunch][INFO] 2024-10-16 20:15:12,040: process[rosout-1]: started with pid [8311]
[roslaunch][INFO] 2024-10-16 20:15:12,041: ... successfully launched [rosout-1]
[roslaunch][INFO] 2024-10-16 20:15:12,042: load_parameters starting ...
[roslaunch][INFO] 2024-10-16 20:15:12,154: ... load_parameters complete
[roslaunch][INFO] 2024-10-16 20:15:12,155: launch_nodes: launching local nodes ...
[roslaunch][INFO] 2024-10-16 20:15:12,156: ... preparing to launch node of type [slamware_ros_sdk/slamware_ros_sdk_server_node]
[roslaunch][INFO] 2024-10-16 20:15:12,156: create_node_process: package[slamware_ros_sdk] type[slamware_ros_sdk_server_node] machine[Machine(name[] env_loader[None] address[localhost] ssh_port[22] user[None] assignable[True] timeout[10.0])] master_uri[http://localhost:11311]
[roslaunch][INFO] 2024-10-16 20:15:12,157: process[slamware_ros_sdk_server_node-2]: env[{'LC_NUMERIC': 'zh_CN.UTF-8', 'ROS_DISTRO': 'melodic', 'GNOME_SESSION_XDG_SESSION_PATH': '', 'QT4_IM_MODULE': 'xim', 'COLORTERM': 'truecolor', 'XDG_CURRENT_DESKTOP': 'Unity:Unity7:ubuntu', 'XDG_SESSION_TYPE': 'x11', 'ROSLISP_PACKAGE_DIRECTORIES': '/home/unitree/catkin_ws/devel/share/common-lisp', 'QT_IM_MODULE': 'ibus', 'LOGNAME': 'unitree', 'USER': 'unitree', 'PATH': '/opt/ros/melodic/bin:/usr/local/sbin:/usr/local/bin:/usr/sbin:/usr/bin:/sbin:/bin:/usr/games:/usr/local/games:/snap/bin', 'LC_PAPER': 'zh_CN.UTF-8', 'HOME': '/home/unitree', 'CMAKE_PREFIX_PATH': '/home/unitree/catkin_ws/devel:/opt/ros/melodic', 'ROS_LOG_FILENAME': '/home/unitree/.ros/log/48e02aea-8bb8-11ef-84d3-48b02d15d5f5/roslaunch-nx-8209.log', 'LANG': 'en_US.UTF-8', 'MANAGERPID': '7009', 'SHELL': '/bin/bash', 'XAUTHORITY': '/run/user/1000/gdm/Xauthority', 'JOURNAL_STREAM': '8:45078', 'SESSION_MANAGER': 'local/nx:@/tmp/.ICE-unix/7310,unix/nx:/tmp/.ICE-unix/7310', 'LC_MEASUREMENT': 'zh_CN.UTF-8', 'CLUTTER_IM_MODULE': 'xim', 'DISPLAY': ':0', 'GTK_CSD': '0', 'GNOME_DESKTOP_SESSION_ID': 'this-is-deprecated', 'QT_ACCESSIBILITY': '1', 'WINDOWPATH': '1', 'DESKTOP_AUTOSTART_ID': '1076aa30f5fb5a78b117290808572496900000073100002', 'XMODIFIERS': '@im=ibus', 'ROS_ETC_DIR': '/opt/ros/melodic/etc/ros', 'GPG_AGENT_INFO': '/run/user/1000/gnupg/S.gpg-agent:0:1', 'ROS_PYTHON_VERSION': '2', 'INVOCATION_ID': 'b0530630645141a59f268a57829dec2d', 'USERNAME': 'unitree', 'XDG_SESSION_DESKTOP': 'unity', 'XDG_RUNTIME_DIR': '/run/user/1000', 'SUDO_ASKPASS': '/home/unitree/RobotSLAMSystem/slam_planner/PASSWD', 'LC_IDENTIFICATION': 'zh_CN.UTF-8', 'LC_ADDRESS': 'zh_CN.UTF-8', 'PYTHONPATH': '/home/unitree/catkin_ws/devel/lib/python2.7/dist-packages:/opt/ros/melodic/lib/python2.7/dist-packages', 'SSH_AUTH_SOCK': '/run/user/1000/keyring/ssh', 'TERM': 'xterm-256color', 'ROS_ROOT': '/opt/ros/melodic/share/ros', 'GDMSESSION': 'unity', 'IM_CONFIG_PHASE': '2', 'TEXTDOMAINDIR': '/usr/share/locale/', 'DESKTOP_SESSION': 'unity', 'XDG_DATA_DIRS': '/usr/share/unity:/usr/local/share/:/usr/share/:/var/lib/snapd/desktop', 'PKG_CONFIG_PATH': '/home/unitree/catkin_ws/devel/lib/pkgconfig:/opt/ros/melodic/lib/pkgconfig', 'ROS_PACKAGE_PATH': '/home/unitree/catkin_ws/src:/opt/ros/melodic/share', 'DBUS_SESSION_BUS_ADDRESS': 'unix:path=/run/user/1000/bus', '_': '/opt/ros/melodic/bin/roslaunch', 'GTK_MODULES': 'gail:atk-bridge:unity-gtk-module', 'LD_PRELOAD': 'libgtk3-nocsd.so.0', 'GTK_IM_MODULE': 'ibus', 'LD_LIBRARY_PATH': '/home/unitree/catkin_ws/devel/lib:/opt/ros/melodic/lib', 'XDG_CONFIG_DIRS': '/etc/xdg/xdg-unity:/etc/xdg', 'GNOME_TERMINAL_SERVICE': ':1.92', 'VTE_VERSION': '5202', 'LC_TELEPHONE': 'zh_CN.UTF-8', 'LC_MONETARY': 'zh_CN.UTF-8', 'SHLVL': '2', 'PWD': '/home/unitree', 'ROS_MASTER_URI': 'http://localhost:11311', 'SSH_AGENT_LAUNCHER': 'gnome-keyring', 'ROS_VERSION': '1', 'TEXTDOMAIN': 'im-config', 'LC_NAME': 'zh_CN.UTF-8', 'XDG_MENU_PREFIX': 'gnome-', 'LC_TIME': 'zh_CN.UTF-8', 'GNOME_TERMINAL_SCREEN': '/org/gnome/Terminal/screen/cb1d6b4e_be94_4da9_90a0_726a2a9c3a31'}]
[roslaunch][INFO] 2024-10-16 20:15:12,243: process[slamware_ros_sdk_server_node-2]: args[[u'/home/unitree/catkin_ws/devel/lib/slamware_ros_sdk/slamware_ros_sdk_server_node', u'/cmd_vel:=/cmd_vel', u'/move_base_simple/goal:=/move_base_simple/goal', u'/slamware_ros_sdk_server_node/scan:=scan', u'/slamware_ros_sdk_server_node/odom:=odom', u'/slamware_ros_sdk_server_node/map:=map', u'map_metadata:=map_metadata', u'global_plan_path:=global_plan_path', u'__name:=slamware_ros_sdk_server_node']]
[roslaunch][INFO] 2024-10-16 20:15:12,244: ... created process [slamware_ros_sdk_server_node-2]
[roslaunch.pmon][INFO] 2024-10-16 20:15:12,244: ProcessMonitor.register[slamware_ros_sdk_server_node-2]
[roslaunch.pmon][INFO] 2024-10-16 20:15:12,245: ProcessMonitor.register[slamware_ros_sdk_server_node-2] complete
[roslaunch][INFO] 2024-10-16 20:15:12,245: ... registered process [slamware_ros_sdk_server_node-2]
[roslaunch][INFO] 2024-10-16 20:15:12,245: process[slamware_ros_sdk_server_node-2]: starting os process
[roslaunch][INFO] 2024-10-16 20:15:12,246: process[slamware_ros_sdk_server_node-2]: start w/ args [[u'/home/unitree/catkin_ws/devel/lib/slamware_ros_sdk/slamware_ros_sdk_server_node', u'/cmd_vel:=/cmd_vel', u'/move_base_simple/goal:=/move_base_simple/goal', u'/slamware_ros_sdk_server_node/scan:=scan', u'/slamware_ros_sdk_server_node/odom:=odom', u'/slamware_ros_sdk_server_node/map:=map', u'map_metadata:=map_metadata', u'global_plan_path:=global_plan_path', u'__name:=slamware_ros_sdk_server_node', u'__log:=/home/unitree/.ros/log/48e02aea-8bb8-11ef-84d3-48b02d15d5f5/slamware_ros_sdk_server_node-2.log']]
[roslaunch][INFO] 2024-10-16 20:15:12,246: process[slamware_ros_sdk_server_node-2]: cwd will be [/home/unitree/.ros]
[roslaunch][INFO] 2024-10-16 20:15:12,313: process[slamware_ros_sdk_server_node-2]: started with pid [8326]
[roslaunch][INFO] 2024-10-16 20:15:12,314: ... successfully launched [slamware_ros_sdk_server_node-2]
[roslaunch][INFO] 2024-10-16 20:15:12,315: ... preparing to launch node of type [tf/static_transform_publisher]
[roslaunch][INFO] 2024-10-16 20:15:12,316: create_node_process: package[tf] type[static_transform_publisher] machine[Machine(name[] env_loader[None] address[localhost] ssh_port[22] user[None] assignable[True] timeout[10.0])] master_uri[http://localhost:11311]
[roslaunch][INFO] 2024-10-16 20:15:12,317: process[map2odom-3]: env[{'LC_NUMERIC': 'zh_CN.UTF-8', 'ROS_DISTRO': 'melodic', 'GNOME_SESSION_XDG_SESSION_PATH': '', 'QT4_IM_MODULE': 'xim', 'COLORTERM': 'truecolor', 'XDG_CURRENT_DESKTOP': 'Unity:Unity7:ubuntu', 'XDG_SESSION_TYPE': 'x11', 'ROSLISP_PACKAGE_DIRECTORIES': '/home/unitree/catkin_ws/devel/share/common-lisp', 'QT_IM_MODULE': 'ibus', 'LOGNAME': 'unitree', 'USER': 'unitree', 'PATH': '/opt/ros/melodic/bin:/usr/local/sbin:/usr/local/bin:/usr/sbin:/usr/bin:/sbin:/bin:/usr/games:/usr/local/games:/snap/bin', 'LC_PAPER': 'zh_CN.UTF-8', 'HOME': '/home/unitree', 'CMAKE_PREFIX_PATH': '/home/unitree/catkin_ws/devel:/opt/ros/melodic', 'ROS_LOG_FILENAME': '/home/unitree/.ros/log/48e02aea-8bb8-11ef-84d3-48b02d15d5f5/roslaunch-nx-8209.log', 'LANG': 'en_US.UTF-8', 'MANAGERPID': '7009', 'SHELL': '/bin/bash', 'XAUTHORITY': '/run/user/1000/gdm/Xauthority', 'JOURNAL_STREAM': '8:45078', 'SESSION_MANAGER': 'local/nx:@/tmp/.ICE-unix/7310,unix/nx:/tmp/.ICE-unix/7310', 'LC_MEASUREMENT': 'zh_CN.UTF-8', 'CLUTTER_IM_MODULE': 'xim', 'DISPLAY': ':0', 'GTK_CSD': '0', 'GNOME_DESKTOP_SESSION_ID': 'this-is-deprecated', 'QT_ACCESSIBILITY': '1', 'WINDOWPATH': '1', 'DESKTOP_AUTOSTART_ID': '1076aa30f5fb5a78b117290808572496900000073100002', 'XMODIFIERS': '@im=ibus', 'ROS_ETC_DIR': '/opt/ros/melodic/etc/ros', 'GPG_AGENT_INFO': '/run/user/1000/gnupg/S.gpg-agent:0:1', 'ROS_PYTHON_VERSION': '2', 'INVOCATION_ID': 'b0530630645141a59f268a57829dec2d', 'USERNAME': 'unitree', 'XDG_SESSION_DESKTOP': 'unity', 'XDG_RUNTIME_DIR': '/run/user/1000', 'SUDO_ASKPASS': '/home/unitree/RobotSLAMSystem/slam_planner/PASSWD', 'LC_IDENTIFICATION': 'zh_CN.UTF-8', 'LC_ADDRESS': 'zh_CN.UTF-8', 'PYTHONPATH': '/home/unitree/catkin_ws/devel/lib/python2.7/dist-packages:/opt/ros/melodic/lib/python2.7/dist-packages', 'SSH_AUTH_SOCK': '/run/user/1000/keyring/ssh', 'TERM': 'xterm-256color', 'ROS_ROOT': '/opt/ros/melodic/share/ros', 'GDMSESSION': 'unity', 'IM_CONFIG_PHASE': '2', 'TEXTDOMAINDIR': '/usr/share/locale/', 'DESKTOP_SESSION': 'unity', 'XDG_DATA_DIRS': '/usr/share/unity:/usr/local/share/:/usr/share/:/var/lib/snapd/desktop', 'PKG_CONFIG_PATH': '/home/unitree/catkin_ws/devel/lib/pkgconfig:/opt/ros/melodic/lib/pkgconfig', 'ROS_PACKAGE_PATH': '/home/unitree/catkin_ws/src:/opt/ros/melodic/share', 'DBUS_SESSION_BUS_ADDRESS': 'unix:path=/run/user/1000/bus', '_': '/opt/ros/melodic/bin/roslaunch', 'GTK_MODULES': 'gail:atk-bridge:unity-gtk-module', 'LD_PRELOAD': 'libgtk3-nocsd.so.0', 'GTK_IM_MODULE': 'ibus', 'LD_LIBRARY_PATH': '/home/unitree/catkin_ws/devel/lib:/opt/ros/melodic/lib', 'XDG_CONFIG_DIRS': '/etc/xdg/xdg-unity:/etc/xdg', 'GNOME_TERMINAL_SERVICE': ':1.92', 'VTE_VERSION': '5202', 'LC_TELEPHONE': 'zh_CN.UTF-8', 'LC_MONETARY': 'zh_CN.UTF-8', 'SHLVL': '2', 'PWD': '/home/unitree', 'ROS_MASTER_URI': 'http://localhost:11311', 'SSH_AGENT_LAUNCHER': 'gnome-keyring', 'ROS_VERSION': '1', 'TEXTDOMAIN': 'im-config', 'LC_NAME': 'zh_CN.UTF-8', 'XDG_MENU_PREFIX': 'gnome-', 'LC_TIME': 'zh_CN.UTF-8', 'GNOME_TERMINAL_SCREEN': '/org/gnome/Terminal/screen/cb1d6b4e_be94_4da9_90a0_726a2a9c3a31'}]
[roslaunch][INFO] 2024-10-16 20:15:12,384: process[map2odom-3]: args[[u'/opt/ros/melodic/lib/tf/static_transform_publisher', '0', '0', '0', '0', '0', '0', '1', '/map', '/odom', '100', u'__name:=map2odom']]
[roslaunch][INFO] 2024-10-16 20:15:12,385: ... created process [map2odom-3]
[roslaunch.pmon][INFO] 2024-10-16 20:15:12,385: ProcessMonitor.register[map2odom-3]
[roslaunch.pmon][INFO] 2024-10-16 20:15:12,386: ProcessMonitor.register[map2odom-3] complete
[roslaunch][INFO] 2024-10-16 20:15:12,386: ... registered process [map2odom-3]
[roslaunch][INFO] 2024-10-16 20:15:12,387: process[map2odom-3]: starting os process
[roslaunch][INFO] 2024-10-16 20:15:12,388: process[map2odom-3]: start w/ args [[u'/opt/ros/melodic/lib/tf/static_transform_publisher', '0', '0', '0', '0', '0', '0', '1', '/map', '/odom', '100', u'__name:=map2odom', u'__log:=/home/unitree/.ros/log/48e02aea-8bb8-11ef-84d3-48b02d15d5f5/map2odom-3.log']]
[roslaunch][INFO] 2024-10-16 20:15:12,388: process[map2odom-3]: cwd will be [/home/unitree/.ros]
[roslaunch][INFO] 2024-10-16 20:15:12,522: process[map2odom-3]: started with pid [8327]
[roslaunch][INFO] 2024-10-16 20:15:12,524: ... successfully launched [map2odom-3]
[roslaunch][INFO] 2024-10-16 20:15:12,525: ... preparing to launch node of type [tf/static_transform_publisher]
[roslaunch][INFO] 2024-10-16 20:15:12,526: create_node_process: package[tf] type[static_transform_publisher] machine[Machine(name[] env_loader[None] address[localhost] ssh_port[22] user[None] assignable[True] timeout[10.0])] master_uri[http://localhost:11311]
[roslaunch][INFO] 2024-10-16 20:15:12,526: process[base2laser-4]: env[{'LC_NUMERIC': 'zh_CN.UTF-8', 'ROS_DISTRO': 'melodic', 'GNOME_SESSION_XDG_SESSION_PATH': '', 'QT4_IM_MODULE': 'xim', 'COLORTERM': 'truecolor', 'XDG_CURRENT_DESKTOP': 'Unity:Unity7:ubuntu', 'XDG_SESSION_TYPE': 'x11', 'ROSLISP_PACKAGE_DIRECTORIES': '/home/unitree/catkin_ws/devel/share/common-lisp', 'QT_IM_MODULE': 'ibus', 'LOGNAME': 'unitree', 'USER': 'unitree', 'PATH': '/opt/ros/melodic/bin:/usr/local/sbin:/usr/local/bin:/usr/sbin:/usr/bin:/sbin:/bin:/usr/games:/usr/local/games:/snap/bin', 'LC_PAPER': 'zh_CN.UTF-8', 'HOME': '/home/unitree', 'CMAKE_PREFIX_PATH': '/home/unitree/catkin_ws/devel:/opt/ros/melodic', 'ROS_LOG_FILENAME': '/home/unitree/.ros/log/48e02aea-8bb8-11ef-84d3-48b02d15d5f5/roslaunch-nx-8209.log', 'LANG': 'en_US.UTF-8', 'MANAGERPID': '7009', 'SHELL': '/bin/bash', 'XAUTHORITY': '/run/user/1000/gdm/Xauthority', 'JOURNAL_STREAM': '8:45078', 'SESSION_MANAGER': 'local/nx:@/tmp/.ICE-unix/7310,unix/nx:/tmp/.ICE-unix/7310', 'LC_MEASUREMENT': 'zh_CN.UTF-8', 'CLUTTER_IM_MODULE': 'xim', 'DISPLAY': ':0', 'GTK_CSD': '0', 'GNOME_DESKTOP_SESSION_ID': 'this-is-deprecated', 'QT_ACCESSIBILITY': '1', 'WINDOWPATH': '1', 'DESKTOP_AUTOSTART_ID': '1076aa30f5fb5a78b117290808572496900000073100002', 'XMODIFIERS': '@im=ibus', 'ROS_ETC_DIR': '/opt/ros/melodic/etc/ros', 'GPG_AGENT_INFO': '/run/user/1000/gnupg/S.gpg-agent:0:1', 'ROS_PYTHON_VERSION': '2', 'INVOCATION_ID': 'b0530630645141a59f268a57829dec2d', 'USERNAME': 'unitree', 'XDG_SESSION_DESKTOP': 'unity', 'XDG_RUNTIME_DIR': '/run/user/1000', 'SUDO_ASKPASS': '/home/unitree/RobotSLAMSystem/slam_planner/PASSWD', 'LC_IDENTIFICATION': 'zh_CN.UTF-8', 'LC_ADDRESS': 'zh_CN.UTF-8', 'PYTHONPATH': '/home/unitree/catkin_ws/devel/lib/python2.7/dist-packages:/opt/ros/melodic/lib/python2.7/dist-packages', 'SSH_AUTH_SOCK': '/run/user/1000/keyring/ssh', 'TERM': 'xterm-256color', 'ROS_ROOT': '/opt/ros/melodic/share/ros', 'GDMSESSION': 'unity', 'IM_CONFIG_PHASE': '2', 'TEXTDOMAINDIR': '/usr/share/locale/', 'DESKTOP_SESSION': 'unity', 'XDG_DATA_DIRS': '/usr/share/unity:/usr/local/share/:/usr/share/:/var/lib/snapd/desktop', 'PKG_CONFIG_PATH': '/home/unitree/catkin_ws/devel/lib/pkgconfig:/opt/ros/melodic/lib/pkgconfig', 'ROS_PACKAGE_PATH': '/home/unitree/catkin_ws/src:/opt/ros/melodic/share', 'DBUS_SESSION_BUS_ADDRESS': 'unix:path=/run/user/1000/bus', '_': '/opt/ros/melodic/bin/roslaunch', 'GTK_MODULES': 'gail:atk-bridge:unity-gtk-module', 'LD_PRELOAD': 'libgtk3-nocsd.so.0', 'GTK_IM_MODULE': 'ibus', 'LD_LIBRARY_PATH': '/home/unitree/catkin_ws/devel/lib:/opt/ros/melodic/lib', 'XDG_CONFIG_DIRS': '/etc/xdg/xdg-unity:/etc/xdg', 'GNOME_TERMINAL_SERVICE': ':1.92', 'VTE_VERSION': '5202', 'LC_TELEPHONE': 'zh_CN.UTF-8', 'LC_MONETARY': 'zh_CN.UTF-8', 'SHLVL': '2', 'PWD': '/home/unitree', 'ROS_MASTER_URI': 'http://localhost:11311', 'SSH_AGENT_LAUNCHER': 'gnome-keyring', 'ROS_VERSION': '1', 'TEXTDOMAIN': 'im-config', 'LC_NAME': 'zh_CN.UTF-8', 'XDG_MENU_PREFIX': 'gnome-', 'LC_TIME': 'zh_CN.UTF-8', 'GNOME_TERMINAL_SCREEN': '/org/gnome/Terminal/screen/cb1d6b4e_be94_4da9_90a0_726a2a9c3a31'}]
[roslaunch][INFO] 2024-10-16 20:15:12,531: process[base2laser-4]: args[[u'/opt/ros/melodic/lib/tf/static_transform_publisher', '0', '0', '0', '0', '0', '0', '1', '/base_link', '/laser', '100', u'__name:=base2laser']]
[roslaunch][INFO] 2024-10-16 20:15:12,532: ... created process [base2laser-4]
[roslaunch.pmon][INFO] 2024-10-16 20:15:12,532: ProcessMonitor.register[base2laser-4]
[roslaunch.pmon][INFO] 2024-10-16 20:15:12,533: ProcessMonitor.register[base2laser-4] complete
[roslaunch][INFO] 2024-10-16 20:15:12,533: ... registered process [base2laser-4]
[roslaunch][INFO] 2024-10-16 20:15:12,534: process[base2laser-4]: starting os process
[roslaunch][INFO] 2024-10-16 20:15:12,535: process[base2laser-4]: start w/ args [[u'/opt/ros/melodic/lib/tf/static_transform_publisher', '0', '0', '0', '0', '0', '0', '1', '/base_link', '/laser', '100', u'__name:=base2laser', u'__log:=/home/unitree/.ros/log/48e02aea-8bb8-11ef-84d3-48b02d15d5f5/base2laser-4.log']]
[roslaunch][INFO] 2024-10-16 20:15:12,535: process[base2laser-4]: cwd will be [/home/unitree/.ros]
[roslaunch][INFO] 2024-10-16 20:15:12,547: process[base2laser-4]: started with pid [8328]
[roslaunch][INFO] 2024-10-16 20:15:12,548: ... successfully launched [base2laser-4]
[roslaunch][INFO] 2024-10-16 20:15:12,549: ... preparing to launch node of type [tf/static_transform_publisher]
[roslaunch][INFO] 2024-10-16 20:15:12,549: create_node_process: package[tf] type[static_transform_publisher] machine[Machine(name[] env_loader[None] address[localhost] ssh_port[22] user[None] assignable[True] timeout[10.0])] master_uri[http://localhost:11311]
[roslaunch][INFO] 2024-10-16 20:15:12,550: process[laser2foot-5]: env[{'LC_NUMERIC': 'zh_CN.UTF-8', 'ROS_DISTRO': 'melodic', 'GNOME_SESSION_XDG_SESSION_PATH': '', 'QT4_IM_MODULE': 'xim', 'COLORTERM': 'truecolor', 'XDG_CURRENT_DESKTOP': 'Unity:Unity7:ubuntu', 'XDG_SESSION_TYPE': 'x11', 'ROSLISP_PACKAGE_DIRECTORIES': '/home/unitree/catkin_ws/devel/share/common-lisp', 'QT_IM_MODULE': 'ibus', 'LOGNAME': 'unitree', 'USER': 'unitree', 'PATH': '/opt/ros/melodic/bin:/usr/local/sbin:/usr/local/bin:/usr/sbin:/usr/bin:/sbin:/bin:/usr/games:/usr/local/games:/snap/bin', 'LC_PAPER': 'zh_CN.UTF-8', 'HOME': '/home/unitree', 'CMAKE_PREFIX_PATH': '/home/unitree/catkin_ws/devel:/opt/ros/melodic', 'ROS_LOG_FILENAME': '/home/unitree/.ros/log/48e02aea-8bb8-11ef-84d3-48b02d15d5f5/roslaunch-nx-8209.log', 'LANG': 'en_US.UTF-8', 'MANAGERPID': '7009', 'SHELL': '/bin/bash', 'XAUTHORITY': '/run/user/1000/gdm/Xauthority', 'JOURNAL_STREAM': '8:45078', 'SESSION_MANAGER': 'local/nx:@/tmp/.ICE-unix/7310,unix/nx:/tmp/.ICE-unix/7310', 'LC_MEASUREMENT': 'zh_CN.UTF-8', 'CLUTTER_IM_MODULE': 'xim', 'DISPLAY': ':0', 'GTK_CSD': '0', 'GNOME_DESKTOP_SESSION_ID': 'this-is-deprecated', 'QT_ACCESSIBILITY': '1', 'WINDOWPATH': '1', 'DESKTOP_AUTOSTART_ID': '1076aa30f5fb5a78b117290808572496900000073100002', 'XMODIFIERS': '@im=ibus', 'ROS_ETC_DIR': '/opt/ros/melodic/etc/ros', 'GPG_AGENT_INFO': '/run/user/1000/gnupg/S.gpg-agent:0:1', 'ROS_PYTHON_VERSION': '2', 'INVOCATION_ID': 'b0530630645141a59f268a57829dec2d', 'USERNAME': 'unitree', 'XDG_SESSION_DESKTOP': 'unity', 'XDG_RUNTIME_DIR': '/run/user/1000', 'SUDO_ASKPASS': '/home/unitree/RobotSLAMSystem/slam_planner/PASSWD', 'LC_IDENTIFICATION': 'zh_CN.UTF-8', 'LC_ADDRESS': 'zh_CN.UTF-8', 'PYTHONPATH': '/home/unitree/catkin_ws/devel/lib/python2.7/dist-packages:/opt/ros/melodic/lib/python2.7/dist-packages', 'SSH_AUTH_SOCK': '/run/user/1000/keyring/ssh', 'TERM': 'xterm-256color', 'ROS_ROOT': '/opt/ros/melodic/share/ros', 'GDMSESSION': 'unity', 'IM_CONFIG_PHASE': '2', 'TEXTDOMAINDIR': '/usr/share/locale/', 'DESKTOP_SESSION': 'unity', 'XDG_DATA_DIRS': '/usr/share/unity:/usr/local/share/:/usr/share/:/var/lib/snapd/desktop', 'PKG_CONFIG_PATH': '/home/unitree/catkin_ws/devel/lib/pkgconfig:/opt/ros/melodic/lib/pkgconfig', 'ROS_PACKAGE_PATH': '/home/unitree/catkin_ws/src:/opt/ros/melodic/share', 'DBUS_SESSION_BUS_ADDRESS': 'unix:path=/run/user/1000/bus', '_': '/opt/ros/melodic/bin/roslaunch', 'GTK_MODULES': 'gail:atk-bridge:unity-gtk-module', 'LD_PRELOAD': 'libgtk3-nocsd.so.0', 'GTK_IM_MODULE': 'ibus', 'LD_LIBRARY_PATH': '/home/unitree/catkin_ws/devel/lib:/opt/ros/melodic/lib', 'XDG_CONFIG_DIRS': '/etc/xdg/xdg-unity:/etc/xdg', 'GNOME_TERMINAL_SERVICE': ':1.92', 'VTE_VERSION': '5202', 'LC_TELEPHONE': 'zh_CN.UTF-8', 'LC_MONETARY': 'zh_CN.UTF-8', 'SHLVL': '2', 'PWD': '/home/unitree', 'ROS_MASTER_URI': 'http://localhost:11311', 'SSH_AGENT_LAUNCHER': 'gnome-keyring', 'ROS_VERSION': '1', 'TEXTDOMAIN': 'im-config', 'LC_NAME': 'zh_CN.UTF-8', 'XDG_MENU_PREFIX': 'gnome-', 'LC_TIME': 'zh_CN.UTF-8', 'GNOME_TERMINAL_SCREEN': '/org/gnome/Terminal/screen/cb1d6b4e_be94_4da9_90a0_726a2a9c3a31'}]
[roslaunch][INFO] 2024-10-16 20:15:12,555: process[laser2foot-5]: args[[u'/opt/ros/melodic/lib/tf/static_transform_publisher', '0', '0', '0', '0', '0', '0', '1', '/laser', '/base_footprint', '100', u'__name:=laser2foot']]
[roslaunch][INFO] 2024-10-16 20:15:12,555: ... created process [laser2foot-5]
[roslaunch.pmon][INFO] 2024-10-16 20:15:12,556: ProcessMonitor.register[laser2foot-5]
[roslaunch.pmon][INFO] 2024-10-16 20:15:12,556: ProcessMonitor.register[laser2foot-5] complete
[roslaunch][INFO] 2024-10-16 20:15:12,557: ... registered process [laser2foot-5]
[roslaunch][INFO] 2024-10-16 20:15:12,557: process[laser2foot-5]: starting os process
[roslaunch][INFO] 2024-10-16 20:15:12,558: process[laser2foot-5]: start w/ args [[u'/opt/ros/melodic/lib/tf/static_transform_publisher', '0', '0', '0', '0', '0', '0', '1', '/laser', '/base_footprint', '100', u'__name:=laser2foot', u'__log:=/home/unitree/.ros/log/48e02aea-8bb8-11ef-84d3-48b02d15d5f5/laser2foot-5.log']]
[roslaunch][INFO] 2024-10-16 20:15:12,558: process[laser2foot-5]: cwd will be [/home/unitree/.ros]
[roslaunch][INFO] 2024-10-16 20:15:12,569: process[laser2foot-5]: started with pid [8329]
[roslaunch][INFO] 2024-10-16 20:15:12,571: ... successfully launched [laser2foot-5]
[roslaunch][INFO] 2024-10-16 20:15:12,571: ... preparing to launch node of type [slam_planner/slam_planner_node]
[roslaunch][INFO] 2024-10-16 20:15:12,572: create_node_process: package[slam_planner] type[slam_planner_node] machine[Machine(name[] env_loader[None] address[localhost] ssh_port[22] user[None] assignable[True] timeout[10.0])] master_uri[http://localhost:11311]
[roslaunch][INFO] 2024-10-16 20:15:12,573: process[slam_planner_node-6]: env[{'LC_NUMERIC': 'zh_CN.UTF-8', 'ROS_DISTRO': 'melodic', 'GNOME_SESSION_XDG_SESSION_PATH': '', 'QT4_IM_MODULE': 'xim', 'COLORTERM': 'truecolor', 'XDG_CURRENT_DESKTOP': 'Unity:Unity7:ubuntu', 'XDG_SESSION_TYPE': 'x11', 'ROSLISP_PACKAGE_DIRECTORIES': '/home/unitree/catkin_ws/devel/share/common-lisp', 'QT_IM_MODULE': 'ibus', 'LOGNAME': 'unitree', 'USER': 'unitree', 'PATH': '/opt/ros/melodic/bin:/usr/local/sbin:/usr/local/bin:/usr/sbin:/usr/bin:/sbin:/bin:/usr/games:/usr/local/games:/snap/bin', 'LC_PAPER': 'zh_CN.UTF-8', 'HOME': '/home/unitree', 'CMAKE_PREFIX_PATH': '/home/unitree/catkin_ws/devel:/opt/ros/melodic', 'ROS_LOG_FILENAME': '/home/unitree/.ros/log/48e02aea-8bb8-11ef-84d3-48b02d15d5f5/roslaunch-nx-8209.log', 'LANG': 'en_US.UTF-8', 'MANAGERPID': '7009', 'SHELL': '/bin/bash', 'XAUTHORITY': '/run/user/1000/gdm/Xauthority', 'JOURNAL_STREAM': '8:45078', 'SESSION_MANAGER': 'local/nx:@/tmp/.ICE-unix/7310,unix/nx:/tmp/.ICE-unix/7310', 'LC_MEASUREMENT': 'zh_CN.UTF-8', 'CLUTTER_IM_MODULE': 'xim', 'DISPLAY': ':0', 'GTK_CSD': '0', 'GNOME_DESKTOP_SESSION_ID': 'this-is-deprecated', 'QT_ACCESSIBILITY': '1', 'WINDOWPATH': '1', 'DESKTOP_AUTOSTART_ID': '1076aa30f5fb5a78b117290808572496900000073100002', 'XMODIFIERS': '@im=ibus', 'ROS_ETC_DIR': '/opt/ros/melodic/etc/ros', 'GPG_AGENT_INFO': '/run/user/1000/gnupg/S.gpg-agent:0:1', 'ROS_PYTHON_VERSION': '2', 'INVOCATION_ID': 'b0530630645141a59f268a57829dec2d', 'USERNAME': 'unitree', 'XDG_SESSION_DESKTOP': 'unity', 'XDG_RUNTIME_DIR': '/run/user/1000', 'SUDO_ASKPASS': '/home/unitree/RobotSLAMSystem/slam_planner/PASSWD', 'LC_IDENTIFICATION': 'zh_CN.UTF-8', 'LC_ADDRESS': 'zh_CN.UTF-8', 'PYTHONPATH': '/home/unitree/catkin_ws/devel/lib/python2.7/dist-packages:/opt/ros/melodic/lib/python2.7/dist-packages', 'SSH_AUTH_SOCK': '/run/user/1000/keyring/ssh', 'TERM': 'xterm-256color', 'ROS_ROOT': '/opt/ros/melodic/share/ros', 'GDMSESSION': 'unity', 'IM_CONFIG_PHASE': '2', 'TEXTDOMAINDIR': '/usr/share/locale/', 'DESKTOP_SESSION': 'unity', 'XDG_DATA_DIRS': '/usr/share/unity:/usr/local/share/:/usr/share/:/var/lib/snapd/desktop', 'PKG_CONFIG_PATH': '/home/unitree/catkin_ws/devel/lib/pkgconfig:/opt/ros/melodic/lib/pkgconfig', 'ROS_PACKAGE_PATH': '/home/unitree/catkin_ws/src:/opt/ros/melodic/share', 'DBUS_SESSION_BUS_ADDRESS': 'unix:path=/run/user/1000/bus', '_': '/opt/ros/melodic/bin/roslaunch', 'GTK_MODULES': 'gail:atk-bridge:unity-gtk-module', 'LD_PRELOAD': 'libgtk3-nocsd.so.0', 'GTK_IM_MODULE': 'ibus', 'LD_LIBRARY_PATH': '/home/unitree/catkin_ws/devel/lib:/opt/ros/melodic/lib', 'XDG_CONFIG_DIRS': '/etc/xdg/xdg-unity:/etc/xdg', 'GNOME_TERMINAL_SERVICE': ':1.92', 'VTE_VERSION': '5202', 'LC_TELEPHONE': 'zh_CN.UTF-8', 'LC_MONETARY': 'zh_CN.UTF-8', 'SHLVL': '2', 'PWD': '/home/unitree', 'ROS_MASTER_URI': 'http://localhost:11311', 'SSH_AGENT_LAUNCHER': 'gnome-keyring', 'ROS_VERSION': '1', 'TEXTDOMAIN': 'im-config', 'LC_NAME': 'zh_CN.UTF-8', 'XDG_MENU_PREFIX': 'gnome-', 'LC_TIME': 'zh_CN.UTF-8', 'GNOME_TERMINAL_SCREEN': '/org/gnome/Terminal/screen/cb1d6b4e_be94_4da9_90a0_726a2a9c3a31'}]
[roslaunch][INFO] 2024-10-16 20:15:12,579: process[slam_planner_node-6]: args[[u'/home/unitree/catkin_ws/devel/lib/slam_planner/slam_planner_node', u'__name:=slam_planner_node']]
[roslaunch][INFO] 2024-10-16 20:15:12,580: ... created process [slam_planner_node-6]
[roslaunch.pmon][INFO] 2024-10-16 20:15:12,580: ProcessMonitor.register[slam_planner_node-6]
[roslaunch.pmon][INFO] 2024-10-16 20:15:12,580: ProcessMonitor.register[slam_planner_node-6] complete
[roslaunch][INFO] 2024-10-16 20:15:12,581: ... registered process [slam_planner_node-6]
[roslaunch][INFO] 2024-10-16 20:15:12,581: process[slam_planner_node-6]: starting os process
[roslaunch][INFO] 2024-10-16 20:15:12,582: process[slam_planner_node-6]: start w/ args [[u'/home/unitree/catkin_ws/devel/lib/slam_planner/slam_planner_node', u'__name:=slam_planner_node', u'__log:=/home/unitree/.ros/log/48e02aea-8bb8-11ef-84d3-48b02d15d5f5/slam_planner_node-6.log']]
[roslaunch][INFO] 2024-10-16 20:15:12,582: process[slam_planner_node-6]: cwd will be [/home/unitree/.ros]
[roslaunch][INFO] 2024-10-16 20:15:12,662: process[slam_planner_node-6]: started with pid [8330]
[roslaunch][INFO] 2024-10-16 20:15:12,664: ... successfully launched [slam_planner_node-6]
[roslaunch][INFO] 2024-10-16 20:15:12,665: ... preparing to launch node of type [slam_planner/base_controller_node]
[roslaunch][INFO] 2024-10-16 20:15:12,665: create_node_process: package[slam_planner] type[base_controller_node] machine[Machine(name[] env_loader[None] address[localhost] ssh_port[22] user[None] assignable[True] timeout[10.0])] master_uri[http://localhost:11311]
[roslaunch][INFO] 2024-10-16 20:15:12,666: process[base_controller_node-7]: env[{'LC_NUMERIC': 'zh_CN.UTF-8', 'ROS_DISTRO': 'melodic', 'GNOME_SESSION_XDG_SESSION_PATH': '', 'QT4_IM_MODULE': 'xim', 'COLORTERM': 'truecolor', 'XDG_CURRENT_DESKTOP': 'Unity:Unity7:ubuntu', 'XDG_SESSION_TYPE': 'x11', 'ROSLISP_PACKAGE_DIRECTORIES': '/home/unitree/catkin_ws/devel/share/common-lisp', 'QT_IM_MODULE': 'ibus', 'LOGNAME': 'unitree', 'USER': 'unitree', 'PATH': '/opt/ros/melodic/bin:/usr/local/sbin:/usr/local/bin:/usr/sbin:/usr/bin:/sbin:/bin:/usr/games:/usr/local/games:/snap/bin', 'LC_PAPER': 'zh_CN.UTF-8', 'HOME': '/home/unitree', 'CMAKE_PREFIX_PATH': '/home/unitree/catkin_ws/devel:/opt/ros/melodic', 'ROS_LOG_FILENAME': '/home/unitree/.ros/log/48e02aea-8bb8-11ef-84d3-48b02d15d5f5/roslaunch-nx-8209.log', 'LANG': 'en_US.UTF-8', 'MANAGERPID': '7009', 'SHELL': '/bin/bash', 'XAUTHORITY': '/run/user/1000/gdm/Xauthority', 'JOURNAL_STREAM': '8:45078', 'SESSION_MANAGER': 'local/nx:@/tmp/.ICE-unix/7310,unix/nx:/tmp/.ICE-unix/7310', 'LC_MEASUREMENT': 'zh_CN.UTF-8', 'CLUTTER_IM_MODULE': 'xim', 'DISPLAY': ':0', 'GTK_CSD': '0', 'GNOME_DESKTOP_SESSION_ID': 'this-is-deprecated', 'QT_ACCESSIBILITY': '1', 'WINDOWPATH': '1', 'DESKTOP_AUTOSTART_ID': '1076aa30f5fb5a78b117290808572496900000073100002', 'XMODIFIERS': '@im=ibus', 'ROS_ETC_DIR': '/opt/ros/melodic/etc/ros', 'GPG_AGENT_INFO': '/run/user/1000/gnupg/S.gpg-agent:0:1', 'ROS_PYTHON_VERSION': '2', 'INVOCATION_ID': 'b0530630645141a59f268a57829dec2d', 'USERNAME': 'unitree', 'XDG_SESSION_DESKTOP': 'unity', 'XDG_RUNTIME_DIR': '/run/user/1000', 'SUDO_ASKPASS': '/home/unitree/RobotSLAMSystem/slam_planner/PASSWD', 'LC_IDENTIFICATION': 'zh_CN.UTF-8', 'LC_ADDRESS': 'zh_CN.UTF-8', 'PYTHONPATH': '/home/unitree/catkin_ws/devel/lib/python2.7/dist-packages:/opt/ros/melodic/lib/python2.7/dist-packages', 'SSH_AUTH_SOCK': '/run/user/1000/keyring/ssh', 'TERM': 'xterm-256color', 'ROS_ROOT': '/opt/ros/melodic/share/ros', 'GDMSESSION': 'unity', 'IM_CONFIG_PHASE': '2', 'TEXTDOMAINDIR': '/usr/share/locale/', 'DESKTOP_SESSION': 'unity', 'XDG_DATA_DIRS': '/usr/share/unity:/usr/local/share/:/usr/share/:/var/lib/snapd/desktop', 'PKG_CONFIG_PATH': '/home/unitree/catkin_ws/devel/lib/pkgconfig:/opt/ros/melodic/lib/pkgconfig', 'ROS_PACKAGE_PATH': '/home/unitree/catkin_ws/src:/opt/ros/melodic/share', 'DBUS_SESSION_BUS_ADDRESS': 'unix:path=/run/user/1000/bus', '_': '/opt/ros/melodic/bin/roslaunch', 'GTK_MODULES': 'gail:atk-bridge:unity-gtk-module', 'LD_PRELOAD': 'libgtk3-nocsd.so.0', 'GTK_IM_MODULE': 'ibus', 'LD_LIBRARY_PATH': '/home/unitree/catkin_ws/devel/lib:/opt/ros/melodic/lib', 'XDG_CONFIG_DIRS': '/etc/xdg/xdg-unity:/etc/xdg', 'GNOME_TERMINAL_SERVICE': ':1.92', 'VTE_VERSION': '5202', 'LC_TELEPHONE': 'zh_CN.UTF-8', 'LC_MONETARY': 'zh_CN.UTF-8', 'SHLVL': '2', 'PWD': '/home/unitree', 'ROS_MASTER_URI': 'http://localhost:11311', 'SSH_AGENT_LAUNCHER': 'gnome-keyring', 'ROS_VERSION': '1', 'TEXTDOMAIN': 'im-config', 'LC_NAME': 'zh_CN.UTF-8', 'XDG_MENU_PREFIX': 'gnome-', 'LC_TIME': 'zh_CN.UTF-8', 'GNOME_TERMINAL_SCREEN': '/org/gnome/Terminal/screen/cb1d6b4e_be94_4da9_90a0_726a2a9c3a31'}]
[roslaunch][INFO] 2024-10-16 20:15:12,672: process[base_controller_node-7]: args[[u'/home/unitree/catkin_ws/devel/lib/slam_planner/base_controller_node', u'__name:=base_controller_node']]
[roslaunch][INFO] 2024-10-16 20:15:12,672: ... created process [base_controller_node-7]
[roslaunch.pmon][INFO] 2024-10-16 20:15:12,673: ProcessMonitor.register[base_controller_node-7]
[roslaunch.pmon][INFO] 2024-10-16 20:15:12,673: ProcessMonitor.register[base_controller_node-7] complete
[roslaunch][INFO] 2024-10-16 20:15:12,673: ... registered process [base_controller_node-7]
[roslaunch][INFO] 2024-10-16 20:15:12,674: process[base_controller_node-7]: starting os process
[roslaunch][INFO] 2024-10-16 20:15:12,674: process[base_controller_node-7]: start w/ args [[u'/home/unitree/catkin_ws/devel/lib/slam_planner/base_controller_node', u'__name:=base_controller_node', u'__log:=/home/unitree/.ros/log/48e02aea-8bb8-11ef-84d3-48b02d15d5f5/base_controller_node-7.log']]
[roslaunch][INFO] 2024-10-16 20:15:12,675: process[base_controller_node-7]: cwd will be [/home/unitree/.ros]
[roslaunch][INFO] 2024-10-16 20:15:12,746: process[base_controller_node-7]: started with pid [8355]
[roslaunch][INFO] 2024-10-16 20:15:12,748: ... successfully launched [base_controller_node-7]
[roslaunch][INFO] 2024-10-16 20:15:12,748: ... launch_nodes complete
[roslaunch.pmon][INFO] 2024-10-16 20:15:12,749: registrations completed <ProcessMonitor(ProcessMonitor-1, started daemon 547824071152)>
[roslaunch.parent][INFO] 2024-10-16 20:15:12,749: ... roslaunch parent running, waiting for process exit
[roslaunch][INFO] 2024-10-16 20:15:12,750: spin
